explain analyze SELECT n.id,
    n.primary_name,
    date_part('year', NOW())::int - n.birth_year AS age,
    count(*) AS roles
FROM name n
JOIN titlePrincipals tp ON tp.name_id = n.id
JOIN titlePrincipalsCharacters tpc ON tpc.title_id = tp.title_id
    AND tpc.name_id = tp.name_id
JOIN category c ON c.id = tp.category_id
JOIN title t ON t.id = tp.title_id
WHERE t.start_year >= date_part('year', NOW())::int - 10
    AND c.name = 'actress'
    AND n.death_year IS NULL
    AND t.title_type IN (
        'movie', 'tvSeries', 'tvMiniSeries', 'tvMovie'
    )
GROUP BY n.id
ORDER BY roles DESC
LIMIT 100;
                                                                                                        QUERY PLAN                                                                                                         
---------------------------------------------------------------------------------------------------------------------------------------------------------------------------------------------------------------------------
 Limit  (cost=1212695.31..1212695.35 rows=13 width=36) (actual time=39314.958..39402.725 rows=100 loops=1)
   ->  Sort  (cost=1212695.31..1212695.35 rows=13 width=36) (actual time=38860.911..38948.670 rows=100 loops=1)
         Sort Key: (count(*)) DESC
         Sort Method: top-N heapsort  Memory: 38kB
         ->  Finalize GroupAggregate  (cost=1212693.52..1212695.07 rows=13 width=36) (actual time=38582.315..38910.768 rows=183837 loops=1)
               Group Key: n.id
               ->  Gather Merge  (cost=1212693.52..1212694.76 rows=10 width=36) (actual time=38582.286..38811.695 rows=250542 loops=1)
                     Workers Planned: 2
                     Workers Launched: 2
                     ->  Partial GroupAggregate  (cost=1211693.50..1211693.58 rows=5 width=36) (actual time=38559.864..38630.915 rows=83514 loops=3)
                           Group Key: n.id
                           ->  Sort  (cost=1211693.50..1211693.51 rows=5 width=28) (actual time=38559.818..38593.483 rows=132116 loops=3)
                                 Sort Key: n.id
                                 Sort Method: external merge  Disk: 4704kB
                                 Worker 0:  Sort Method: external merge  Disk: 4864kB
                                 Worker 1:  Sort Method: external merge  Disk: 4744kB
                                 ->  Nested Loop  (cost=234356.66..1211693.44 rows=5 width=28) (actual time=12145.759..38390.644 rows=132116 loops=3)
                                       ->  Nested Loop  (cost=234356.10..1211682.18 rows=5 width=20) (actual time=12143.692..24275.316 rows=132656 loops=3)
                                             ->  Parallel Hash Join  (cost=234355.53..1044899.95 rows=90361 width=30) (actual time=12141.984..12689.475 rows=149480 loops=3)
                                                   Hash Cond: ((tp.title_id)::text = (t.id)::text)
                                                   ->  Hash Join  (cost=1.16..781764.71 rows=1941667 width=20) (actual time=0.820..7952.771 rows=3185892 loops=3)
                                                         Hash Cond: (tp.category_id = c.id)
                                                         ->  Parallel Seq Scan on titleprincipals tp  (cost=0.00..699000.00 rows=23300000 width=24) (actual time=0.705..6207.757 rows=18639969 loops=3)
                                                         ->  Hash  (cost=1.15..1.15 rows=1 width=4) (actual time=0.052..0.054 rows=1 loops=3)
                                                               Buckets: 1024  Batches: 1  Memory Usage: 9kB
                                                               ->  Seq Scan on category c  (cost=0.00..1.15 rows=1 width=4) (actual time=0.046..0.047 rows=1 loops=3)
                                                                     Filter: ((name)::text = 'actress'::text)
                                                                     Rows Removed by Filter: 11
                                                   ->  Parallel Hash  (cost=231045.56..231045.56 rows=190305 width=10) (actual time=3340.453..3340.453 rows=117416 loops=3)
                                                         Buckets: 131072  Batches: 8  Memory Usage: 3136kB
                                                         ->  Parallel Seq Scan on title t  (cost=0.00..231045.56 rows=190305 width=10) (actual time=250.611..3306.440 rows=117416 loops=3)
                                                               Filter: (((title_type)::text = ANY ('{movie,tvSeries,tvMiniSeries,tvMovie}'::text[])) AND (start_year >= ((date_part('year'::text, now()))::integer - 10)))
                                                               Rows Removed by Filter: 3156125
                                             ->  Index Only Scan using titleprincipalscharacters_pkey on titleprincipalscharacters tpc  (cost=0.56..1.84 rows=1 width=20) (actual time=0.077..0.077 rows=1 loops=448441)
                                                   Index Cond: ((title_id = (tp.title_id)::text) AND (name_id = (tp.name_id)::text))
                                                   Heap Fetches: 0
                                       ->  Index Scan using name_pkey on name n  (cost=0.56..2.25 rows=1 width=28) (actual time=0.106..0.106 rows=1 loops=397968)
                                             Index Cond: ((id)::text = (tp.name_id)::text)
                                             Filter: (death_year IS NULL)
                                             Rows Removed by Filter: 0
 Planning Time: 23.022 ms
 JIT:
   Functions: 115
   Options: Inlining true, Optimization true, Expressions true, Deforming true
   Timing: Generation 6.325 ms, Inlining 244.963 ms, Optimization 487.277 ms, Emission 363.254 ms, Total 1101.819 ms
 Execution Time: 39830.821 ms
(46 rows)

