explain analyze SELECT n.id,
    n.primary_name,
    date_part('year', NOW())::int - n.birth_year AS age,
    count(*) AS roles
FROM name n
JOIN titlePrincipals tp ON tp.name_id = n.id
JOIN titlePrincipalsCharacters tpc ON tpc.title_id = tp.title_id
    AND tpc.name_id = tp.name_id
JOIN category c ON c.id = tp.category_id
JOIN title t ON t.id = tp.title_id
LEFT JOIN titleEpisode te ON te.title_id = tp.title_id
WHERE t.start_year >= date_part('year', NOW())::int - 10
    AND c.name = 'actress'
    AND n.death_year IS NULL
    AND t.title_type IN (
        'movie', 'tvSeries', 'tvMiniSeries', 'tvMovie'
    )
    AND te.title_id IS NULL
GROUP BY n.id
ORDER BY roles DESC
LIMIT 100;
                                                                                               QUERY PLAN                                                                                               
--------------------------------------------------------------------------------------------------------------------------------------------------------------------------------------------------------
 Limit  (cost=971369.18..971369.18 rows=1 width=36) (actual time=203954.271..204118.045 rows=100 loops=1)
   ->  Sort  (cost=971369.18..971369.18 rows=1 width=36) (actual time=203449.718..203613.484 rows=100 loops=1)
         Sort Key: (count(*)) DESC
         Sort Method: top-N heapsort  Memory: 38kB
         ->  GroupAggregate  (cost=971369.14..971369.17 rows=1 width=36) (actual time=203169.202..203576.634 rows=183837 loops=1)
               Group Key: n.id
               ->  Sort  (cost=971369.14..971369.14 rows=1 width=28) (actual time=203169.143..203463.182 rows=396348 loops=1)
                     Sort Key: n.id
                     Sort Method: external merge  Disk: 14328kB
                     ->  Nested Loop  (cost=139536.64..971369.13 rows=1 width=28) (actual time=14255.564..202693.919 rows=396348 loops=1)
                           ->  Nested Loop  (cost=139536.07..971367.15 rows=1 width=58) (actual time=14254.163..144650.371 rows=446348 loops=1)
                                 ->  Nested Loop  (cost=139535.64..971364.73 rows=1 width=48) (actual time=12071.286..90357.399 rows=2342630 loops=1)
                                       ->  Gather  (cost=139535.08..971362.14 rows=1 width=20) (actual time=12057.954..12794.751 rows=2627555 loops=1)
                                             Workers Planned: 2
                                             Workers Launched: 2
                                             ->  Parallel Hash Anti Join  (cost=138535.08..970362.04 rows=1 width=20) (actual time=12045.938..13172.446 rows=875852 loops=3)
                                                   Hash Cond: ((tp.title_id)::text = (te.title_id)::text)
                                                   ->  Hash Join  (cost=1.16..781764.71 rows=1941667 width=20) (actual time=0.952..8457.642 rows=3185892 loops=3)
                                                         Hash Cond: (tp.category_id = c.id)
                                                         ->  Parallel Seq Scan on titleprincipals tp  (cost=0.00..699000.00 rows=23300000 width=24) (actual time=0.806..6496.793 rows=18639969 loops=3)
                                                         ->  Hash  (cost=1.15..1.15 rows=1 width=4) (actual time=0.058..0.060 rows=1 loops=3)
                                                               Buckets: 1024  Batches: 1  Memory Usage: 9kB
                                                               ->  Seq Scan on category c  (cost=0.00..1.15 rows=1 width=4) (actual time=0.051..0.052 rows=1 loops=3)
                                                                     Filter: ((name)::text = 'actress'::text)
                                                                     Rows Removed by Filter: 11
                                                   ->  Parallel Hash  (cost=84516.63..84516.63 rows=3107463 width=10) (actual time=2410.540..2410.541 rows=2485475 loops=3)
                                                         Buckets: 131072  Batches: 128  Memory Usage: 3808kB
                                                         ->  Parallel Seq Scan on titleepisode te  (cost=0.00..84516.63 rows=3107463 width=10) (actual time=133.940..1812.634 rows=2485475 loops=3)
                                       ->  Index Scan using name_pkey on name n  (cost=0.56..2.59 rows=1 width=28) (actual time=0.029..0.029 rows=1 loops=2627555)
                                             Index Cond: ((id)::text = (tp.name_id)::text)
                                             Filter: (death_year IS NULL)
                                             Rows Removed by Filter: 0
                                 ->  Index Scan using title_pkey on title t  (cost=0.43..2.42 rows=1 width=10) (actual time=0.023..0.023 rows=0 loops=2342630)
                                       Index Cond: ((id)::text = (tp.title_id)::text)
                                       Filter: (((title_type)::text = ANY ('{movie,tvSeries,tvMiniSeries,tvMovie}'::text[])) AND (start_year >= ((date_part('year'::text, now()))::integer - 10)))
                                       Rows Removed by Filter: 1
                           ->  Index Only Scan using titleprincipalscharacters_pkey on titleprincipalscharacters tpc  (cost=0.56..1.96 rows=1 width=20) (actual time=0.129..0.129 rows=1 loops=446348)
                                 Index Cond: ((title_id = (tp.title_id)::text) AND (name_id = (tp.name_id)::text))
                                 Heap Fetches: 0
 Planning Time: 26.697 ms
 JIT:
   Functions: 80
   Options: Inlining true, Optimization true, Expressions true, Deforming true
   Timing: Generation 5.258 ms, Inlining 262.363 ms, Optimization 364.099 ms, Emission 278.663 ms, Total 910.383 ms
 Execution Time: 204537.622 ms
(45 rows)

