explain analyze SELECT n.id,
    n.primary_name,
    date_part('year', NOW())::int - n.birth_year AS age,
    count(*) AS roles
FROM name n
JOIN titlePrincipals tp ON tp.name_id = n.id
JOIN titlePrincipalsCharacters tpc ON tpc.title_id = tp.title_id
    AND tpc.name_id = tp.name_id
JOIN category c ON c.id = tp.category_id
JOIN title t ON t.id = tp.title_id
LEFT JOIN titleEpisode te ON te.title_id = tp.title_id
WHERE t.start_year >= date_part('year', NOW())::int - 10
    AND c.name = 'actress'
    AND n.death_year IS NULL
    AND t.title_type IN (
        'movie', 'tvSeries', 'tvMiniSeries', 'tvMovie'
    )
    AND te.title_id IS NULL
GROUP BY n.id
ORDER BY roles DESC
LIMIT 100;
                                                                                               QUERY PLAN                                                                                               
--------------------------------------------------------------------------------------------------------------------------------------------------------------------------------------------------------
 Limit  (cost=971351.75..971351.76 rows=1 width=36) (actual time=182793.349..182946.174 rows=100 loops=1)
   ->  Sort  (cost=971351.75..971351.76 rows=1 width=36) (actual time=182310.101..182462.918 rows=100 loops=1)
         Sort Key: (count(*)) DESC
         Sort Method: top-N heapsort  Memory: 38kB
         ->  GroupAggregate  (cost=971351.71..971351.74 rows=1 width=36) (actual time=182048.888..182429.330 rows=183837 loops=1)
               Group Key: n.id
               ->  Sort  (cost=971351.71..971351.72 rows=1 width=28) (actual time=182048.844..182319.739 rows=396348 loops=1)
                     Sort Key: n.id
                     Sort Method: external merge  Disk: 14320kB
                     ->  Nested Loop  (cost=139522.21..971351.70 rows=1 width=28) (actual time=13362.710..181745.776 rows=396348 loops=1)
                           ->  Nested Loop  (cost=139521.65..971349.73 rows=1 width=58) (actual time=13361.607..128227.972 rows=446348 loops=1)
                                 ->  Nested Loop  (cost=139521.21..971347.31 rows=1 width=48) (actual time=11247.087..79056.414 rows=2342630 loops=1)
                                       ->  Gather  (cost=139520.65..971344.72 rows=1 width=20) (actual time=11236.304..11773.954 rows=2627555 loops=1)
                                             Workers Planned: 2
                                             Workers Launched: 2
                                             ->  Parallel Hash Anti Join  (cost=138520.65..970344.62 rows=1 width=20) (actual time=11212.809..12099.886 rows=875852 loops=3)
                                                   Hash Cond: ((tp.title_id)::text = (te.title_id)::text)
                                                   ->  Hash Join  (cost=1.16..781764.71 rows=1941667 width=20) (actual time=0.881..7975.674 rows=3185892 loops=3)
                                                         Hash Cond: (tp.category_id = c.id)
                                                         ->  Parallel Seq Scan on titleprincipals tp  (cost=0.00..699000.00 rows=23300000 width=24) (actual time=0.756..6126.109 rows=18639969 loops=3)
                                                         ->  Hash  (cost=1.15..1.15 rows=1 width=4) (actual time=0.050..0.053 rows=1 loops=3)
                                                               Buckets: 1024  Batches: 1  Memory Usage: 9kB
                                                               ->  Seq Scan on category c  (cost=0.00..1.15 rows=1 width=4) (actual time=0.044..0.046 rows=1 loops=3)
                                                                     Filter: ((name)::text = 'actress'::text)
                                                                     Rows Removed by Filter: 11
                                                   ->  Parallel Hash  (cost=84511.55..84511.55 rows=3106955 width=10) (actual time=2234.774..2234.775 rows=2485475 loops=3)
                                                         Buckets: 131072  Batches: 128  Memory Usage: 3840kB
                                                         ->  Parallel Seq Scan on titleepisode te  (cost=0.00..84511.55 rows=3106955 width=10) (actual time=123.655..1691.028 rows=2485475 loops=3)
                                       ->  Index Scan using name_pkey on name n  (cost=0.56..2.59 rows=1 width=28) (actual time=0.025..0.025 rows=1 loops=2627555)
                                             Index Cond: ((id)::text = (tp.name_id)::text)
                                             Filter: (death_year IS NULL)
                                             Rows Removed by Filter: 0
                                 ->  Index Scan using title_pkey on title t  (cost=0.43..2.42 rows=1 width=10) (actual time=0.021..0.021 rows=0 loops=2342630)
                                       Index Cond: ((id)::text = (tp.title_id)::text)
                                       Filter: (((title_type)::text = ANY ('{movie,tvSeries,tvMiniSeries,tvMovie}'::text[])) AND (start_year >= ((date_part('year'::text, now()))::integer - 10)))
                                       Rows Removed by Filter: 1
                           ->  Index Only Scan using titleprincipalscharacters_pkey on titleprincipalscharacters tpc  (cost=0.56..1.96 rows=1 width=20) (actual time=0.119..0.119 rows=1 loops=446348)
                                 Index Cond: ((title_id = (tp.title_id)::text) AND (name_id = (tp.name_id)::text))
                                 Heap Fetches: 0
 Planning Time: 25.331 ms
 JIT:
   Functions: 80
   Options: Inlining true, Optimization true, Expressions true, Deforming true
   Timing: Generation 4.749 ms, Inlining 243.519 ms, Optimization 345.352 ms, Emission 264.512 ms, Total 858.132 ms
 Execution Time: 183348.197 ms
(45 rows)

