explain analyze SELECT n.id,
    n.primary_name,
    date_part('year', NOW())::int - n.birth_year AS age,
    count(*) AS roles
FROM name n
JOIN titlePrincipals tp ON tp.name_id = n.id
JOIN titlePrincipalsCharacters tpc ON tpc.title_id = tp.title_id
    AND tpc.name_id = tp.name_id
JOIN category c ON c.id = tp.category_id
JOIN title t ON t.id = tp.title_id
LEFT JOIN titleEpisode te ON te.title_id = tp.title_id
WHERE t.start_year >= date_part('year', NOW())::int - 10
    AND c.name = 'actress'
    AND n.death_year IS NULL
    AND t.title_type IN (
        'movie', 'tvSeries', 'tvMiniSeries', 'tvMovie'
    )
    AND te.title_id IS NULL
GROUP BY n.id
ORDER BY roles DESC
LIMIT 100;
                                                                                               QUERY PLAN                                                                                               
--------------------------------------------------------------------------------------------------------------------------------------------------------------------------------------------------------
 Limit  (cost=971342.78..971342.78 rows=1 width=36) (actual time=180932.709..181072.050 rows=100 loops=1)
   ->  Sort  (cost=971342.78..971342.78 rows=1 width=36) (actual time=180496.251..180635.585 rows=100 loops=1)
         Sort Key: (count(*)) DESC
         Sort Method: top-N heapsort  Memory: 38kB
         ->  GroupAggregate  (cost=971342.74..971342.77 rows=1 width=36) (actual time=180239.687..180601.715 rows=183837 loops=1)
               Group Key: n.id
               ->  Sort  (cost=971342.74..971342.74 rows=1 width=28) (actual time=180239.646..180492.923 rows=396348 loops=1)
                     Sort Key: n.id
                     Sort Method: external merge  Disk: 14328kB
                     ->  Nested Loop  (cost=139510.87..971342.73 rows=1 width=28) (actual time=13137.751..179927.571 rows=396348 loops=1)
                           ->  Nested Loop  (cost=139510.30..971339.97 rows=1 width=58) (actual time=13136.421..126155.493 rows=446348 loops=1)
                                 ->  Nested Loop  (cost=139509.87..971335.75 rows=1 width=48) (actual time=11103.012..77698.970 rows=2342630 loops=1)
                                       ->  Gather  (cost=139509.31..971331.37 rows=1 width=20) (actual time=11078.917..11578.297 rows=2627555 loops=1)
                                             Workers Planned: 2
                                             Workers Launched: 2
                                             ->  Parallel Hash Anti Join  (cost=138509.31..970331.27 rows=1 width=20) (actual time=11066.856..11948.403 rows=875852 loops=3)
                                                   Hash Cond: ((tp.title_id)::text = (te.title_id)::text)
                                                   ->  Hash Join  (cost=1.16..781764.71 rows=1941667 width=20) (actual time=0.938..7889.969 rows=3185892 loops=3)
                                                         Hash Cond: (tp.category_id = c.id)
                                                         ->  Parallel Seq Scan on titleprincipals tp  (cost=0.00..699000.00 rows=23300000 width=24) (actual time=0.817..6115.936 rows=18639969 loops=3)
                                                         ->  Hash  (cost=1.15..1.15 rows=1 width=4) (actual time=0.048..0.050 rows=1 loops=3)
                                                               Buckets: 1024  Batches: 1  Memory Usage: 9kB
                                                               ->  Seq Scan on category c  (cost=0.00..1.15 rows=1 width=4) (actual time=0.042..0.043 rows=1 loops=3)
                                                                     Filter: ((name)::text = 'actress'::text)
                                                                     Rows Removed by Filter: 11
                                                   ->  Parallel Hash  (cost=84507.40..84507.40 rows=3106540 width=10) (actual time=2223.167..2223.168 rows=2485475 loops=3)
                                                         Buckets: 131072  Batches: 128  Memory Usage: 3808kB
                                                         ->  Parallel Seq Scan on titleepisode te  (cost=0.00..84507.40 rows=3106540 width=10) (actual time=110.845..1702.938 rows=2485475 loops=3)
                                       ->  Index Scan using name_pkey on name n  (cost=0.56..4.37 rows=1 width=28) (actual time=0.025..0.025 rows=1 loops=2627555)
                                             Index Cond: ((id)::text = (tp.name_id)::text)
                                             Filter: (death_year IS NULL)
                                             Rows Removed by Filter: 0
                                 ->  Index Scan using title_pkey on title t  (cost=0.43..4.22 rows=1 width=10) (actual time=0.020..0.020 rows=0 loops=2342630)
                                       Index Cond: ((id)::text = (tp.title_id)::text)
                                       Filter: (((title_type)::text = ANY ('{movie,tvSeries,tvMiniSeries,tvMovie}'::text[])) AND (start_year >= ((date_part('year'::text, now()))::integer - 10)))
                                       Rows Removed by Filter: 1
                           ->  Index Only Scan using titleprincipalscharacters_pkey on titleprincipalscharacters tpc  (cost=0.56..2.74 rows=1 width=20) (actual time=0.120..0.120 rows=1 loops=446348)
                                 Index Cond: ((title_id = (tp.title_id)::text) AND (name_id = (tp.name_id)::text))
                                 Heap Fetches: 0
 Planning Time: 24.350 ms
 JIT:
   Functions: 80
   Options: Inlining true, Optimization true, Expressions true, Deforming true
   Timing: Generation 4.657 ms, Inlining 220.504 ms, Optimization 305.190 ms, Emission 242.854 ms, Total 773.206 ms
 Execution Time: 181471.475 ms
(45 rows)

