explain analyze SELECT n.id,
    n.primary_name,
    date_part('year', NOW())::int - n.birth_year AS age,
    count(*) AS roles
FROM name n
JOIN titlePrincipals tp ON tp.name_id = n.id
JOIN titlePrincipalsCharacters tpc ON tpc.title_id = tp.title_id
    AND tpc.name_id = tp.name_id
JOIN category c ON c.id = tp.category_id
JOIN title t ON t.id = tp.title_id
WHERE t.start_year >= date_part('year', NOW())::int - 10
    AND c.name = 'actress'
    AND n.death_year IS NULL
    AND t.title_type IN (
        'movie', 'tvSeries', 'tvMiniSeries', 'tvMovie'
    )
GROUP BY n.id
ORDER BY roles DESC
LIMIT 100;
                                                                                                        QUERY PLAN                                                                                                         
---------------------------------------------------------------------------------------------------------------------------------------------------------------------------------------------------------------------------
 Limit  (cost=1284551.69..1284551.73 rows=15 width=36) (actual time=40761.965..40852.194 rows=100 loops=1)
   ->  Sort  (cost=1284551.69..1284551.73 rows=15 width=36) (actual time=40279.795..40370.016 rows=100 loops=1)
         Sort Key: (count(*)) DESC
         Sort Method: top-N heapsort  Memory: 38kB
         ->  Finalize GroupAggregate  (cost=1284549.55..1284551.40 rows=15 width=36) (actual time=40024.224..40331.590 rows=183837 loops=1)
               Group Key: n.id
               ->  Gather Merge  (cost=1284549.55..1284551.04 rows=12 width=36) (actual time=40024.196..40241.340 rows=250574 loops=1)
                     Workers Planned: 2
                     Workers Launched: 2
                     ->  Partial GroupAggregate  (cost=1283549.52..1283549.63 rows=6 width=36) (actual time=40000.814..40067.456 rows=83525 loops=3)
                           Group Key: n.id
                           ->  Sort  (cost=1283549.52..1283549.54 rows=6 width=28) (actual time=40000.768..40032.088 rows=132116 loops=3)
                                 Sort Key: n.id
                                 Sort Method: external merge  Disk: 4704kB
                                 Worker 0:  Sort Method: external merge  Disk: 4784kB
                                 Worker 1:  Sort Method: external merge  Disk: 4832kB
                                 ->  Nested Loop  (cost=234366.69..1283549.44 rows=6 width=28) (actual time=12272.485..39821.993 rows=132116 loops=3)
                                       ->  Nested Loop  (cost=234366.13..1283524.62 rows=6 width=20) (actual time=12270.533..24934.232 rows=132656 loops=3)
                                             ->  Parallel Hash Join  (cost=234365.57..1044901.99 rows=89585 width=30) (actual time=12269.097..12857.824 rows=149480 loops=3)
                                                   Hash Cond: ((tp.title_id)::text = (t.id)::text)
                                                   ->  Hash Join  (cost=1.16..781764.71 rows=1941667 width=20) (actual time=0.605..8110.021 rows=3185892 loops=3)
                                                         Hash Cond: (tp.category_id = c.id)
                                                         ->  Parallel Seq Scan on titleprincipals tp  (cost=0.00..699000.00 rows=23300000 width=24) (actual time=0.482..6239.487 rows=18639969 loops=3)
                                                         ->  Hash  (cost=1.15..1.15 rows=1 width=4) (actual time=0.056..0.058 rows=1 loops=3)
                                                               Buckets: 1024  Batches: 1  Memory Usage: 9kB
                                                               ->  Seq Scan on category c  (cost=0.00..1.15 rows=1 width=4) (actual time=0.050..0.051 rows=1 loops=3)
                                                                     Filter: ((name)::text = 'actress'::text)
                                                                     Rows Removed by Filter: 11
                                                   ->  Parallel Hash  (cost=231083.24..231083.24 rows=188733 width=10) (actual time=3258.817..3258.818 rows=117416 loops=3)
                                                         Buckets: 131072  Batches: 8  Memory Usage: 3104kB
                                                         ->  Parallel Seq Scan on title t  (cost=0.00..231083.24 rows=188733 width=10) (actual time=259.794..3222.889 rows=117416 loops=3)
                                                               Filter: (((title_type)::text = ANY ('{movie,tvSeries,tvMiniSeries,tvMovie}'::text[])) AND (start_year >= ((date_part('year'::text, now()))::integer - 10)))
                                                               Rows Removed by Filter: 3156125
                                             ->  Index Only Scan using titleprincipalscharacters_pkey on titleprincipalscharacters tpc  (cost=0.56..2.65 rows=1 width=20) (actual time=0.080..0.080 rows=1 loops=448441)
                                                   Index Cond: ((title_id = (tp.title_id)::text) AND (name_id = (tp.name_id)::text))
                                                   Heap Fetches: 0
                                       ->  Index Scan using name_pkey on name n  (cost=0.56..4.14 rows=1 width=28) (actual time=0.112..0.112 rows=1 loops=397968)
                                             Index Cond: ((id)::text = (tp.name_id)::text)
                                             Filter: (death_year IS NULL)
                                             Rows Removed by Filter: 0
 Planning Time: 19.941 ms
 JIT:
   Functions: 115
   Options: Inlining true, Optimization true, Expressions true, Deforming true
   Timing: Generation 6.625 ms, Inlining 266.323 ms, Optimization 519.399 ms, Emission 395.246 ms, Total 1187.593 ms
 Execution Time: 41259.466 ms
(46 rows)

