explain analyze SELECT n.id,
    n.primary_name,
    date_part('year', NOW())::int - n.birth_year AS age,
    count(*) AS roles
FROM name n
JOIN titlePrincipals tp ON tp.name_id = n.id
JOIN titlePrincipalsCharacters tpc ON tpc.title_id = tp.title_id
    AND tpc.name_id = tp.name_id
JOIN category c ON c.id = tp.category_id
JOIN title t ON t.id = tp.title_id
WHERE t.start_year >= date_part('year', NOW())::int - 10
    AND c.name = 'actress'
    AND n.death_year IS NULL
    AND t.title_type IN (
        'movie', 'tvSeries', 'tvMiniSeries', 'tvMovie'
    )
GROUP BY n.id
ORDER BY roles DESC
LIMIT 100;
                                                                                                        QUERY PLAN                                                                                                         
---------------------------------------------------------------------------------------------------------------------------------------------------------------------------------------------------------------------------
 Limit  (cost=1296866.86..1296866.90 rows=14 width=36) (actual time=38720.300..38802.520 rows=100 loops=1)
   ->  Sort  (cost=1296866.86..1296866.90 rows=14 width=36) (actual time=38273.634..38355.848 rows=100 loops=1)
         Sort Key: (count(*)) DESC
         Sort Method: top-N heapsort  Memory: 38kB
         ->  Finalize GroupAggregate  (cost=1296864.76..1296866.59 rows=14 width=36) (actual time=38038.245..38322.460 rows=183837 loops=1)
               Group Key: n.id
               ->  Gather Merge  (cost=1296864.76..1296866.25 rows=12 width=36) (actual time=38038.218..38239.900 rows=250638 loops=1)
                     Workers Planned: 2
                     Workers Launched: 2
                     ->  Partial GroupAggregate  (cost=1295864.74..1295864.85 rows=6 width=36) (actual time=38018.346..38079.727 rows=83546 loops=3)
                           Group Key: n.id
                           ->  Sort  (cost=1295864.74..1295864.76 rows=6 width=28) (actual time=38018.297..38047.000 rows=132116 loops=3)
                                 Sort Key: n.id
                                 Sort Method: external merge  Disk: 4744kB
                                 Worker 0:  Sort Method: external merge  Disk: 4864kB
                                 Worker 1:  Sort Method: external merge  Disk: 4712kB
                                 ->  Nested Loop  (cost=234533.97..1295864.66 rows=6 width=28) (actual time=12053.802..37862.713 rows=132116 loops=3)
                                       ->  Nested Loop  (cost=234533.41..1295839.84 rows=6 width=20) (actual time=12051.828..24010.786 rows=132656 loops=3)
                                             ->  Parallel Hash Join  (cost=234532.85..1045116.27 rows=94128 width=30) (actual time=12050.225..12570.192 rows=149480 loops=3)
                                                   Hash Cond: ((tp.title_id)::text = (t.id)::text)
                                                   ->  Hash Join  (cost=1.16..781764.71 rows=1941667 width=20) (actual time=0.548..7908.813 rows=3185892 loops=3)
                                                         Hash Cond: (tp.category_id = c.id)
                                                         ->  Parallel Seq Scan on titleprincipals tp  (cost=0.00..699000.00 rows=23300000 width=24) (actual time=0.432..6068.400 rows=18639969 loops=3)
                                                         ->  Hash  (cost=1.15..1.15 rows=1 width=4) (actual time=0.056..0.057 rows=1 loops=3)
                                                               Buckets: 1024  Batches: 1  Memory Usage: 9kB
                                                               ->  Seq Scan on category c  (cost=0.00..1.15 rows=1 width=4) (actual time=0.045..0.046 rows=1 loops=3)
                                                                     Filter: ((name)::text = 'actress'::text)
                                                                     Rows Removed by Filter: 11
                                                   ->  Parallel Hash  (cost=231083.88..231083.88 rows=198305 width=10) (actual time=3277.736..3277.737 rows=117416 loops=3)
                                                         Buckets: 131072  Batches: 8  Memory Usage: 3136kB
                                                         ->  Parallel Seq Scan on title t  (cost=0.00..231083.88 rows=198305 width=10) (actual time=253.954..3240.730 rows=117416 loops=3)
                                                               Filter: (((title_type)::text = ANY ('{movie,tvSeries,tvMiniSeries,tvMovie}'::text[])) AND (start_year >= ((date_part('year'::text, now()))::integer - 10)))
                                                               Rows Removed by Filter: 3156125
                                             ->  Index Only Scan using titleprincipalscharacters_pkey on titleprincipalscharacters tpc  (cost=0.56..2.65 rows=1 width=20) (actual time=0.076..0.076 rows=1 loops=448441)
                                                   Index Cond: ((title_id = (tp.title_id)::text) AND (name_id = (tp.name_id)::text))
                                                   Heap Fetches: 0
                                       ->  Index Scan using name_pkey on name n  (cost=0.56..4.14 rows=1 width=28) (actual time=0.104..0.104 rows=1 loops=397968)
                                             Index Cond: ((id)::text = (tp.name_id)::text)
                                             Filter: (death_year IS NULL)
                                             Rows Removed by Filter: 0
 Planning Time: 20.772 ms
 JIT:
   Functions: 115
   Options: Inlining true, Optimization true, Expressions true, Deforming true
   Timing: Generation 6.466 ms, Inlining 244.534 ms, Optimization 484.938 ms, Emission 386.168 ms, Total 1122.107 ms
 Execution Time: 39191.915 ms
(46 rows)

