explain analyze SELECT n.id,
    n.primary_name,
    date_part('year', NOW())::int - n.birth_year AS age,
    count(*) AS roles
FROM name n
JOIN titlePrincipals tp ON tp.name_id = n.id
JOIN titlePrincipalsCharacters tpc ON tpc.title_id = tp.title_id
    AND tpc.name_id = tp.name_id
JOIN category c ON c.id = tp.category_id
JOIN title t ON t.id = tp.title_id
WHERE t.start_year >= date_part('year', NOW())::int - 10
    AND c.name = 'actress'
    AND n.death_year IS NULL
    AND t.title_type IN (
        'movie', 'tvSeries', 'tvMiniSeries', 'tvMovie'
    )
GROUP BY n.id
ORDER BY roles DESC
LIMIT 100;
                                                                                                        QUERY PLAN                                                                                                         
---------------------------------------------------------------------------------------------------------------------------------------------------------------------------------------------------------------------------
 Limit  (cost=1284364.25..1284364.28 rows=12 width=36) (actual time=41894.639..42033.932 rows=100 loops=1)
   ->  Sort  (cost=1284364.25..1284364.28 rows=12 width=36) (actual time=41412.101..41551.386 rows=100 loops=1)
         Sort Key: (count(*)) DESC
         Sort Method: top-N heapsort  Memory: 38kB
         ->  Finalize GroupAggregate  (cost=1284362.50..1284364.03 rows=12 width=36) (actual time=41136.556..41513.243 rows=183837 loops=1)
               Group Key: n.id
               ->  Gather Merge  (cost=1284362.50..1284363.74 rows=10 width=36) (actual time=41136.525..41413.223 rows=250620 loops=1)
                     Workers Planned: 2
                     Workers Launched: 2
                     ->  Partial GroupAggregate  (cost=1283362.48..1283362.57 rows=5 width=36) (actual time=41110.451..41179.753 rows=83540 loops=3)
                           Group Key: n.id
                           ->  Sort  (cost=1283362.48..1283362.49 rows=5 width=28) (actual time=41110.405..41143.159 rows=132116 loops=3)
                                 Sort Key: n.id
                                 Sort Method: external merge  Disk: 4744kB
                                 Worker 0:  Sort Method: external merge  Disk: 4704kB
                                 Worker 1:  Sort Method: external merge  Disk: 4880kB
                                 ->  Nested Loop  (cost=234434.19..1283362.42 rows=5 width=28) (actual time=12333.439..40917.960 rows=132116 loops=3)
                                       ->  Nested Loop  (cost=234433.63..1283341.73 rows=5 width=20) (actual time=12332.050..25731.877 rows=132656 loops=3)
                                             ->  Parallel Hash Join  (cost=234433.07..1044969.49 rows=89491 width=30) (actual time=12329.667..12936.286 rows=149480 loops=3)
                                                   Hash Cond: ((tp.title_id)::text = (t.id)::text)
                                                   ->  Hash Join  (cost=1.16..781764.71 rows=1941667 width=20) (actual time=0.578..8067.429 rows=3185892 loops=3)
                                                         Hash Cond: (tp.category_id = c.id)
                                                         ->  Parallel Seq Scan on titleprincipals tp  (cost=0.00..699000.00 rows=23300000 width=24) (actual time=0.443..6180.233 rows=18639969 loops=3)
                                                         ->  Hash  (cost=1.15..1.15 rows=1 width=4) (actual time=0.065..0.067 rows=1 loops=3)
                                                               Buckets: 1024  Batches: 1  Memory Usage: 9kB
                                                               ->  Seq Scan on category c  (cost=0.00..1.15 rows=1 width=4) (actual time=0.057..0.059 rows=1 loops=3)
                                                                     Filter: ((name)::text = 'actress'::text)
                                                                     Rows Removed by Filter: 11
                                                   ->  Parallel Hash  (cost=231151.77..231151.77 rows=188651 width=10) (actual time=3334.525..3334.526 rows=117416 loops=3)
                                                         Buckets: 131072  Batches: 8  Memory Usage: 3136kB
                                                         ->  Parallel Seq Scan on title t  (cost=0.00..231151.77 rows=188651 width=10) (actual time=263.667..3293.129 rows=117416 loops=3)
                                                               Filter: (((title_type)::text = ANY ('{movie,tvSeries,tvMiniSeries,tvMovie}'::text[])) AND (start_year >= ((date_part('year'::text, now()))::integer - 10)))
                                                               Rows Removed by Filter: 3156125
                                             ->  Index Only Scan using titleprincipalscharacters_pkey on titleprincipalscharacters tpc  (cost=0.56..2.65 rows=1 width=20) (actual time=0.085..0.085 rows=1 loops=448441)
                                                   Index Cond: ((title_id = (tp.title_id)::text) AND (name_id = (tp.name_id)::text))
                                                   Heap Fetches: 0
                                       ->  Index Scan using name_pkey on name n  (cost=0.56..4.14 rows=1 width=28) (actual time=0.114..0.114 rows=1 loops=397968)
                                             Index Cond: ((id)::text = (tp.name_id)::text)
                                             Filter: (death_year IS NULL)
                                             Rows Removed by Filter: 0
 Planning Time: 20.958 ms
 JIT:
   Functions: 115
   Options: Inlining true, Optimization true, Expressions true, Deforming true
   Timing: Generation 7.052 ms, Inlining 270.638 ms, Optimization 519.922 ms, Emission 396.353 ms, Total 1193.965 ms
 Execution Time: 42439.511 ms
(46 rows)

