explain analyze SELECT n.id,
    n.primary_name,
    date_part('year', NOW())::int - n.birth_year AS age,
    count(*) AS roles
FROM name n
JOIN titlePrincipals tp ON tp.name_id = n.id
JOIN titlePrincipalsCharacters tpc ON tpc.title_id = tp.title_id
    AND tpc.name_id = tp.name_id
JOIN category c ON c.id = tp.category_id
JOIN title t ON t.id = tp.title_id
WHERE t.start_year >= date_part('year', NOW())::int - 10
    AND c.name = 'actress'
    AND n.death_year IS NULL
    AND t.title_type IN (
        'movie', 'tvSeries', 'tvMiniSeries', 'tvMovie'
    )
GROUP BY n.id
ORDER BY roles DESC
LIMIT 100;
                                                                                                        QUERY PLAN                                                                                                         
---------------------------------------------------------------------------------------------------------------------------------------------------------------------------------------------------------------------------
 Limit  (cost=1283072.14..1283072.17 rows=12 width=36) (actual time=40076.265..40166.969 rows=100 loops=1)
   ->  Sort  (cost=1283072.14..1283072.17 rows=12 width=36) (actual time=39600.665..39691.361 rows=100 loops=1)
         Sort Key: (count(*)) DESC
         Sort Method: top-N heapsort  Memory: 38kB
         ->  Finalize GroupAggregate  (cost=1283070.39..1283071.92 rows=12 width=36) (actual time=39342.180..39654.820 rows=183837 loops=1)
               Group Key: n.id
               ->  Gather Merge  (cost=1283070.39..1283071.63 rows=10 width=36) (actual time=39342.154..39562.048 rows=250433 loops=1)
                     Workers Planned: 2
                     Workers Launched: 2
                     ->  Partial GroupAggregate  (cost=1282070.37..1282070.46 rows=5 width=36) (actual time=39322.004..39391.058 rows=83478 loops=3)
                           Group Key: n.id
                           ->  Sort  (cost=1282070.37..1282070.38 rows=5 width=28) (actual time=39321.956..39354.536 rows=132116 loops=3)
                                 Sort Key: n.id
                                 Sort Method: external merge  Disk: 4848kB
                                 Worker 0:  Sort Method: external merge  Disk: 4744kB
                                 Worker 1:  Sort Method: external merge  Disk: 4720kB
                                 ->  Nested Loop  (cost=234446.94..1282070.31 rows=5 width=28) (actual time=12266.736..39145.477 rows=132116 loops=3)
                                       ->  Nested Loop  (cost=234446.38..1282049.62 rows=5 width=20) (actual time=12264.530..24842.808 rows=132656 loops=3)
                                             ->  Parallel Hash Join  (cost=234445.81..1044977.24 rows=89003 width=30) (actual time=12263.069..12838.570 rows=149480 loops=3)
                                                   Hash Cond: ((tp.title_id)::text = (t.id)::text)
                                                   ->  Hash Join  (cost=1.16..781764.71 rows=1941667 width=20) (actual time=0.793..8055.687 rows=3185892 loops=3)
                                                         Hash Cond: (tp.category_id = c.id)
                                                         ->  Parallel Seq Scan on titleprincipals tp  (cost=0.00..699000.00 rows=23300000 width=24) (actual time=0.665..6212.580 rows=18639969 loops=3)
                                                         ->  Hash  (cost=1.15..1.15 rows=1 width=4) (actual time=0.060..0.061 rows=1 loops=3)
                                                               Buckets: 1024  Batches: 1  Memory Usage: 9kB
                                                               ->  Seq Scan on category c  (cost=0.00..1.15 rows=1 width=4) (actual time=0.048..0.049 rows=1 loops=3)
                                                                     Filter: ((name)::text = 'actress'::text)
                                                                     Rows Removed by Filter: 11
                                                   ->  Parallel Hash  (cost=231181.75..231181.75 rows=187672 width=10) (actual time=3320.454..3320.456 rows=117416 loops=3)
                                                         Buckets: 131072  Batches: 8  Memory Usage: 3136kB
                                                         ->  Parallel Seq Scan on title t  (cost=0.00..231181.75 rows=187672 width=10) (actual time=260.272..3284.295 rows=117416 loops=3)
                                                               Filter: (((title_type)::text = ANY ('{movie,tvSeries,tvMiniSeries,tvMovie}'::text[])) AND (start_year >= ((date_part('year'::text, now()))::integer - 10)))
                                                               Rows Removed by Filter: 3156125
                                             ->  Index Only Scan using titleprincipalscharacters_pkey on titleprincipalscharacters tpc  (cost=0.56..2.65 rows=1 width=20) (actual time=0.080..0.080 rows=1 loops=448441)
                                                   Index Cond: ((title_id = (tp.title_id)::text) AND (name_id = (tp.name_id)::text))
                                                   Heap Fetches: 0
                                       ->  Index Scan using n_id_idx on name n  (cost=0.56..4.14 rows=1 width=28) (actual time=0.107..0.107 rows=1 loops=397968)
                                             Index Cond: ((id)::text = (tp.name_id)::text)
                                             Filter: (death_year IS NULL)
                                             Rows Removed by Filter: 0
 Planning Time: 21.429 ms
 JIT:
   Functions: 115
   Options: Inlining true, Optimization true, Expressions true, Deforming true
   Timing: Generation 6.865 ms, Inlining 270.610 ms, Optimization 516.409 ms, Emission 393.640 ms, Total 1187.524 ms
 Execution Time: 40568.063 ms
(46 rows)

