explain analyze SELECT n.id,
    n.primary_name,
    date_part('year', NOW())::int - n.birth_year AS age,
    count(*) AS roles
FROM name n
JOIN titlePrincipals tp ON tp.name_id = n.id
JOIN titlePrincipalsCharacters tpc ON tpc.title_id = tp.title_id
    AND tpc.name_id = tp.name_id
JOIN category c ON c.id = tp.category_id
JOIN title t ON t.id = tp.title_id
WHERE t.start_year >= date_part('year', NOW())::int - 10
    AND c.name = 'actress'
    AND n.death_year IS NULL
    AND t.title_type IN (
        'movie', 'tvSeries', 'tvMiniSeries', 'tvMovie'
    )
GROUP BY n.id
ORDER BY roles DESC
LIMIT 100;
                                                                                                        QUERY PLAN                                                                                                         
---------------------------------------------------------------------------------------------------------------------------------------------------------------------------------------------------------------------------
 Limit  (cost=1286296.84..1286296.87 rows=13 width=36) (actual time=39765.647..39857.308 rows=100 loops=1)
   ->  Sort  (cost=1286296.84..1286296.87 rows=13 width=36) (actual time=39279.454..39371.108 rows=100 loops=1)
         Sort Key: (count(*)) DESC
         Sort Method: top-N heapsort  Memory: 38kB
         ->  Finalize GroupAggregate  (cost=1286295.05..1286296.60 rows=13 width=36) (actual time=39013.615..39333.673 rows=183837 loops=1)
               Group Key: n.id
               ->  Gather Merge  (cost=1286295.05..1286296.29 rows=10 width=36) (actual time=39013.583..39234.217 rows=250394 loops=1)
                     Workers Planned: 2
                     Workers Launched: 2
                     ->  Partial GroupAggregate  (cost=1285295.02..1285295.11 rows=5 width=36) (actual time=38991.888..39059.705 rows=83465 loops=3)
                           Group Key: n.id
                           ->  Sort  (cost=1285295.02..1285295.03 rows=5 width=28) (actual time=38991.835..39023.598 rows=132116 loops=3)
                                 Sort Key: n.id
                                 Sort Method: external merge  Disk: 4720kB
                                 Worker 0:  Sort Method: external merge  Disk: 4840kB
                                 Worker 1:  Sort Method: external merge  Disk: 4752kB
                                 ->  Nested Loop  (cost=234435.11..1285294.96 rows=5 width=28) (actual time=12211.578..38814.690 rows=132116 loops=3)
                                       ->  Nested Loop  (cost=234434.55..1285270.14 rows=6 width=20) (actual time=12203.479..24501.341 rows=132656 loops=3)
                                             ->  Parallel Hash Join  (cost=234433.98..1044977.41 rows=90212 width=30) (actual time=12202.046..12781.294 rows=149480 loops=3)
                                                   Hash Cond: ((tp.title_id)::text = (t.id)::text)
                                                   ->  Hash Join  (cost=1.16..781764.71 rows=1941667 width=20) (actual time=0.818..8034.540 rows=3185892 loops=3)
                                                         Hash Cond: (tp.category_id = c.id)
                                                         ->  Parallel Seq Scan on titleprincipals tp  (cost=0.00..699000.00 rows=23300000 width=24) (actual time=0.690..6147.083 rows=18639969 loops=3)
                                                         ->  Hash  (cost=1.15..1.15 rows=1 width=4) (actual time=0.060..0.061 rows=1 loops=3)
                                                               Buckets: 1024  Batches: 1  Memory Usage: 9kB
                                                               ->  Seq Scan on category c  (cost=0.00..1.15 rows=1 width=4) (actual time=0.053..0.054 rows=1 loops=3)
                                                                     Filter: ((name)::text = 'actress'::text)
                                                                     Rows Removed by Filter: 11
                                                   ->  Parallel Hash  (cost=231127.22..231127.22 rows=190128 width=10) (actual time=3261.090..3261.091 rows=117416 loops=3)
                                                         Buckets: 131072  Batches: 8  Memory Usage: 3136kB
                                                         ->  Parallel Seq Scan on title t  (cost=0.00..231127.22 rows=190128 width=10) (actual time=260.692..3223.583 rows=117416 loops=3)
                                                               Filter: (((title_type)::text = ANY ('{movie,tvSeries,tvMiniSeries,tvMovie}'::text[])) AND (start_year >= ((date_part('year'::text, now()))::integer - 10)))
                                                               Rows Removed by Filter: 3156125
                                             ->  Index Only Scan using titleprincipalscharacters_pkey on titleprincipalscharacters tpc  (cost=0.56..2.65 rows=1 width=20) (actual time=0.078..0.078 rows=1 loops=448441)
                                                   Index Cond: ((title_id = (tp.title_id)::text) AND (name_id = (tp.name_id)::text))
                                                   Heap Fetches: 0
                                       ->  Index Scan using n_id_idx on name n  (cost=0.56..4.14 rows=1 width=28) (actual time=0.107..0.107 rows=1 loops=397968)
                                             Index Cond: ((id)::text = (tp.name_id)::text)
                                             Filter: (death_year IS NULL)
                                             Rows Removed by Filter: 0
 Planning Time: 30.762 ms
 JIT:
   Functions: 115
   Options: Inlining true, Optimization true, Expressions true, Deforming true
   Timing: Generation 7.112 ms, Inlining 271.670 ms, Optimization 521.095 ms, Emission 401.675 ms, Total 1201.552 ms
 Execution Time: 40266.482 ms
(46 rows)

