explain analyze SELECT n.id,
    n.primary_name,
    date_part('year', NOW())::int - n.birth_year AS age,
    count(*) AS roles
FROM name n
JOIN titlePrincipals tp ON tp.name_id = n.id
JOIN titlePrincipalsCharacters tpc ON tpc.title_id = tp.title_id
    AND tpc.name_id = tp.name_id
JOIN category c ON c.id = tp.category_id
JOIN title t ON t.id = tp.title_id
WHERE t.start_year >= date_part('year', NOW())::int - 10
    AND c.name = 'actress'
    AND n.death_year IS NULL
    AND t.title_type IN (
        'movie', 'tvSeries', 'tvMiniSeries', 'tvMovie'
    )
GROUP BY n.id
ORDER BY roles DESC
LIMIT 100;
                                                                                                     QUERY PLAN                                                                                                      
---------------------------------------------------------------------------------------------------------------------------------------------------------------------------------------------------------------------
 Limit  (cost=1284315.23..1284315.26 rows=11 width=36) (actual time=39413.924..39507.173 rows=100 loops=1)
   ->  Sort  (cost=1284315.23..1284315.26 rows=11 width=36) (actual time=38940.265..39033.506 rows=100 loops=1)
         Sort Key: (count(*)) DESC
         Sort Method: top-N heapsort  Memory: 38kB
         ->  GroupAggregate  (cost=1284314.74..1284315.04 rows=11 width=36) (actual time=38651.313..38995.718 rows=183837 loops=1)
               Group Key: n.id
               ->  Sort  (cost=1284314.74..1284314.77 rows=11 width=28) (actual time=38651.238..38874.496 rows=396348 loops=1)
                     Sort Key: n.id
                     Sort Method: external merge  Disk: 14320kB
                     ->  Gather  (cost=235377.92..1284314.55 rows=11 width=28) (actual time=12205.232..38242.143 rows=396348 loops=1)
                           Workers Planned: 2
                           Workers Launched: 2
                           ->  Nested Loop  (cost=234377.92..1283313.45 rows=5 width=28) (actual time=12181.611..38368.497 rows=132116 loops=3)
                                 ->  Nested Loop  (cost=234377.92..1283295.68 rows=5 width=20) (actual time=12180.061..24813.996 rows=132656 loops=3)
                                       ->  Parallel Hash Join  (cost=234377.36..1044912.78 rows=89495 width=30) (actual time=12178.670..12789.220 rows=149480 loops=3)
                                             Hash Cond: ((tp.title_id)::text = (t.id)::text)
                                             ->  Hash Join  (cost=1.16..781764.71 rows=1941667 width=20) (actual time=0.881..8054.506 rows=3185892 loops=3)
                                                   Hash Cond: (tp.category_id = c.id)
                                                   ->  Parallel Seq Scan on titleprincipals tp  (cost=0.00..699000.00 rows=23300000 width=24) (actual time=0.744..6135.988 rows=18639969 loops=3)
                                                   ->  Hash  (cost=1.15..1.15 rows=1 width=4) (actual time=0.058..0.059 rows=1 loops=3)
                                                         Buckets: 1024  Batches: 1  Memory Usage: 9kB
                                                         ->  Seq Scan on category c  (cost=0.00..1.15 rows=1 width=4) (actual time=0.051..0.052 rows=1 loops=3)
                                                               Filter: ((name)::text = 'actress'::text)
                                                               Rows Removed by Filter: 11
                                             ->  Parallel Hash  (cost=231098.09..231098.09 rows=188568 width=10) (actual time=3203.132..3203.132 rows=117416 loops=3)
                                                   Buckets: 131072  Batches: 8  Memory Usage: 3136kB
                                                   ->  Parallel Seq Scan on title t  (cost=0.00..231098.09 rows=188568 width=10) (actual time=233.121..3162.986 rows=117416 loops=3)
                                                         Filter: (((title_type)::text = ANY ('{movie,tvSeries,tvMiniSeries,tvMovie}'::text[])) AND (start_year >= ((date_part('year'::text, now()))::integer - 10)))
                                                         Rows Removed by Filter: 3156125
                                       ->  Index Only Scan using titleprincipalscharacters_pkey on titleprincipalscharacters tpc  (cost=0.56..2.65 rows=1 width=20) (actual time=0.080..0.080 rows=1 loops=448441)
                                             Index Cond: ((title_id = (tp.title_id)::text) AND (name_id = (tp.name_id)::text))
                                             Heap Fetches: 0
                                 ->  Index Scan using name_hash_idx on name n  (cost=0.00..3.55 rows=1 width=28) (actual time=0.102..0.102 rows=1 loops=397968)
                                       Index Cond: ((id)::text = (tp.name_id)::text)
                                       Rows Removed by Index Recheck: 0
                                       Filter: (death_year IS NULL)
                                       Rows Removed by Filter: 0
 Planning Time: 22.438 ms
 JIT:
   Functions: 104
   Options: Inlining true, Optimization true, Expressions true, Deforming true
   Timing: Generation 6.431 ms, Inlining 270.718 ms, Optimization 471.689 ms, Emission 358.772 ms, Total 1107.611 ms
 Execution Time: 39919.022 ms
(43 rows)

