explain analyze SELECT n.id,
    n.primary_name,
    date_part('year', NOW())::int - n.birth_year AS age,
    count(*) AS roles
FROM name n
JOIN titlePrincipals tp ON tp.name_id = n.id
JOIN titlePrincipalsCharacters tpc ON tpc.title_id = tp.title_id
    AND tpc.name_id = tp.name_id
JOIN category c ON c.id = tp.category_id
JOIN title t ON t.id = tp.title_id
LEFT JOIN titleEpisode te ON te.title_id = tp.title_id
WHERE t.start_year >= date_part('year', NOW())::int - 10
    AND c.name = 'actress'
    AND n.death_year IS NULL
    AND t.title_type IN (
        'movie', 'tvSeries', 'tvMiniSeries', 'tvMovie'
    )
    AND te.title_id IS NULL
GROUP BY n.id
ORDER BY roles DESC
LIMIT 100;
                                                                                               QUERY PLAN                                                                                               
--------------------------------------------------------------------------------------------------------------------------------------------------------------------------------------------------------
 Limit  (cost=971356.07..971356.07 rows=1 width=36) (actual time=178711.043..178847.281 rows=100 loops=1)
   ->  Sort  (cost=971356.07..971356.07 rows=1 width=36) (actual time=178265.246..178401.476 rows=100 loops=1)
         Sort Key: (count(*)) DESC
         Sort Method: top-N heapsort  Memory: 38kB
         ->  GroupAggregate  (cost=971356.03..971356.06 rows=1 width=36) (actual time=178018.375..178368.375 rows=183837 loops=1)
               Group Key: n.id
               ->  Sort  (cost=971356.03..971356.03 rows=1 width=28) (actual time=178018.328..178266.086 rows=396348 loops=1)
                     Sort Key: n.id
                     Sort Method: external merge  Disk: 14328kB
                     ->  Nested Loop  (cost=139527.96..971356.02 rows=1 width=28) (actual time=12965.857..177705.198 rows=396348 loops=1)
                           ->  Nested Loop  (cost=139527.40..971354.78 rows=1 width=58) (actual time=12964.618..124753.836 rows=446348 loops=1)
                                 ->  Nested Loop  (cost=139526.96..971353.18 rows=1 width=48) (actual time=11021.611..77200.590 rows=2342630 loops=1)
                                       ->  Gather  (cost=139526.40..971351.46 rows=1 width=20) (actual time=11001.602..11501.488 rows=2627555 loops=1)
                                             Workers Planned: 2
                                             Workers Launched: 2
                                             ->  Parallel Hash Anti Join  (cost=138526.40..970351.36 rows=1 width=20) (actual time=10979.491..11868.785 rows=875852 loops=3)
                                                   Hash Cond: ((tp.title_id)::text = (te.title_id)::text)
                                                   ->  Hash Join  (cost=1.16..781764.71 rows=1941667 width=20) (actual time=0.665..7862.531 rows=3185892 loops=3)
                                                         Hash Cond: (tp.category_id = c.id)
                                                         ->  Parallel Seq Scan on titleprincipals tp  (cost=0.00..699000.00 rows=23300000 width=24) (actual time=0.539..6009.141 rows=18639969 loops=3)
                                                         ->  Hash  (cost=1.15..1.15 rows=1 width=4) (actual time=0.054..0.056 rows=1 loops=3)
                                                               Buckets: 1024  Batches: 1  Memory Usage: 9kB
                                                               ->  Seq Scan on category c  (cost=0.00..1.15 rows=1 width=4) (actual time=0.043..0.044 rows=1 loops=3)
                                                                     Filter: ((name)::text = 'actress'::text)
                                                                     Rows Removed by Filter: 11
                                                   ->  Parallel Hash  (cost=84513.66..84513.66 rows=3107166 width=10) (actual time=2114.813..2114.814 rows=2485475 loops=3)
                                                         Buckets: 131072  Batches: 128  Memory Usage: 3808kB
                                                         ->  Parallel Seq Scan on titleepisode te  (cost=0.00..84513.66 rows=3107166 width=10) (actual time=118.676..1591.228 rows=2485475 loops=3)
                                       ->  Index Scan using name_pkey on name n  (cost=0.56..1.72 rows=1 width=28) (actual time=0.025..0.025 rows=1 loops=2627555)
                                             Index Cond: ((id)::text = (tp.name_id)::text)
                                             Filter: (death_year IS NULL)
                                             Rows Removed by Filter: 0
                                 ->  Index Scan using title_pkey on title t  (cost=0.43..1.60 rows=1 width=10) (actual time=0.020..0.020 rows=0 loops=2342630)
                                       Index Cond: ((id)::text = (tp.title_id)::text)
                                       Filter: (((title_type)::text = ANY ('{movie,tvSeries,tvMiniSeries,tvMovie}'::text[])) AND (start_year >= ((date_part('year'::text, now()))::integer - 10)))
                                       Rows Removed by Filter: 1
                           ->  Index Only Scan using titleprincipalscharacters_pkey on titleprincipalscharacters tpc  (cost=0.56..1.23 rows=1 width=20) (actual time=0.118..0.118 rows=1 loops=446348)
                                 Index Cond: ((title_id = (tp.title_id)::text) AND (name_id = (tp.name_id)::text))
                                 Heap Fetches: 0
 Planning Time: 24.951 ms
 JIT:
   Functions: 80
   Options: Inlining true, Optimization true, Expressions true, Deforming true
   Timing: Generation 4.795 ms, Inlining 229.853 ms, Optimization 320.603 ms, Emission 251.573 ms, Total 806.823 ms
 Execution Time: 179242.165 ms
(45 rows)

