explain analyze SELECT n.id,
    n.primary_name,
    date_part('year', NOW())::int - n.birth_year AS age,
    count(*) AS roles
FROM name n
JOIN titlePrincipals tp ON tp.name_id = n.id
JOIN titlePrincipalsCharacters tpc ON tpc.title_id = tp.title_id
    AND tpc.name_id = tp.name_id
JOIN category c ON c.id = tp.category_id
JOIN title t ON t.id = tp.title_id
WHERE t.start_year >= date_part('year', NOW())::int - 10
    AND c.name = 'actress'
    AND n.death_year IS NULL
    AND t.title_type IN (
        'movie', 'tvSeries', 'tvMiniSeries', 'tvMovie'
    )
GROUP BY n.id
ORDER BY roles DESC
LIMIT 100;
                                                                                                     QUERY PLAN                                                                                                      
---------------------------------------------------------------------------------------------------------------------------------------------------------------------------------------------------------------------
 Limit  (cost=1156851.78..1156851.80 rows=11 width=36) (actual time=39741.068..39823.868 rows=100 loops=1)
   ->  Sort  (cost=1156851.78..1156851.80 rows=11 width=36) (actual time=39292.462..39375.253 rows=100 loops=1)
         Sort Key: (count(*)) DESC
         Sort Method: top-N heapsort  Memory: 38kB
         ->  GroupAggregate  (cost=1156851.28..1156851.59 rows=11 width=36) (actual time=39004.174..39338.778 rows=183837 loops=1)
               Group Key: n.id
               ->  Sort  (cost=1156851.28..1156851.31 rows=11 width=28) (actual time=39004.119..39221.317 rows=396348 loops=1)
                     Sort Key: n.id
                     Sort Method: external merge  Disk: 14312kB
                     ->  Gather  (cost=235486.41..1156851.09 rows=11 width=28) (actual time=12255.772..38646.872 rows=396348 loops=1)
                           Workers Planned: 2
                           Workers Launched: 2
                           ->  Nested Loop  (cost=234486.41..1155849.99 rows=5 width=28) (actual time=12231.256..38757.679 rows=132116 loops=3)
                                 ->  Nested Loop  (cost=234485.85..1155841.77 rows=5 width=20) (actual time=12229.492..24555.010 rows=132656 loops=3)
                                       ->  Parallel Hash Join  (cost=234485.28..1045039.71 rows=91282 width=30) (actual time=12228.234..12795.247 rows=149480 loops=3)
                                             Hash Cond: ((tp.title_id)::text = (t.id)::text)
                                             ->  Hash Join  (cost=1.16..781764.71 rows=1941667 width=20) (actual time=0.931..8146.589 rows=3185892 loops=3)
                                                   Hash Cond: (tp.category_id = c.id)
                                                   ->  Parallel Seq Scan on titleprincipals tp  (cost=0.00..699000.00 rows=23300000 width=24) (actual time=0.803..6250.847 rows=18639969 loops=3)
                                                   ->  Hash  (cost=1.15..1.15 rows=1 width=4) (actual time=0.059..0.060 rows=1 loops=3)
                                                         Buckets: 1024  Batches: 1  Memory Usage: 9kB
                                                         ->  Seq Scan on category c  (cost=0.00..1.15 rows=1 width=4) (actual time=0.048..0.049 rows=1 loops=3)
                                                               Filter: ((name)::text = 'actress'::text)
                                                               Rows Removed by Filter: 11
                                             ->  Parallel Hash  (cost=231139.05..231139.05 rows=192406 width=10) (actual time=3168.017..3168.018 rows=117416 loops=3)
                                                   Buckets: 131072  Batches: 8  Memory Usage: 3136kB
                                                   ->  Parallel Seq Scan on title t  (cost=0.00..231139.05 rows=192406 width=10) (actual time=242.908..3132.543 rows=117416 loops=3)
                                                         Filter: (((title_type)::text = ANY ('{movie,tvSeries,tvMiniSeries,tvMovie}'::text[])) AND (start_year >= ((date_part('year'::text, now()))::integer - 10)))
                                                         Rows Removed by Filter: 3156125
                                       ->  Index Only Scan using titleprincipalscharacters_pkey on titleprincipalscharacters tpc  (cost=0.56..1.20 rows=1 width=20) (actual time=0.078..0.078 rows=1 loops=448441)
                                             Index Cond: ((title_id = (tp.title_id)::text) AND (name_id = (tp.name_id)::text))
                                             Heap Fetches: 0
                                 ->  Index Scan using name_pkey on name n  (cost=0.56..1.65 rows=1 width=28) (actual time=0.107..0.107 rows=1 loops=397968)
                                       Index Cond: ((id)::text = (tp.name_id)::text)
                                       Filter: (death_year IS NULL)
                                       Rows Removed by Filter: 0
 Planning Time: 23.071 ms
 JIT:
   Functions: 104
   Options: Inlining true, Optimization true, Expressions true, Deforming true
   Timing: Generation 6.190 ms, Inlining 266.224 ms, Optimization 457.606 ms, Emission 347.753 ms, Total 1077.774 ms
 Execution Time: 40234.634 ms
(42 rows)

