explain analyze SELECT n.id,
    n.primary_name,
    date_part('year', NOW())::int - n.birth_year AS age,
    count(*) AS roles
FROM name n
JOIN titlePrincipals tp ON tp.name_id = n.id
JOIN titlePrincipalsCharacters tpc ON tpc.title_id = tp.title_id
    AND tpc.name_id = tp.name_id
JOIN category c ON c.id = tp.category_id
JOIN title t ON t.id = tp.title_id
LEFT JOIN titleEpisode te ON te.title_id = tp.title_id
WHERE t.start_year >= date_part('year', NOW())::int - 10
    AND c.name = 'actress'
    AND n.death_year IS NULL
    AND t.title_type IN (
        'movie', 'tvSeries', 'tvMiniSeries', 'tvMovie'
    )
    AND te.title_id IS NULL
GROUP BY n.id
ORDER BY roles DESC
LIMIT 100;
                                                                                               QUERY PLAN                                                                                               
--------------------------------------------------------------------------------------------------------------------------------------------------------------------------------------------------------
 Limit  (cost=971343.56..971343.56 rows=1 width=36) (actual time=188168.365..188317.554 rows=100 loops=1)
   ->  Sort  (cost=971343.56..971343.56 rows=1 width=36) (actual time=187705.252..187854.434 rows=100 loops=1)
         Sort Key: (count(*)) DESC
         Sort Method: top-N heapsort  Memory: 38kB
         ->  GroupAggregate  (cost=971343.52..971343.55 rows=1 width=36) (actual time=187431.588..187819.235 rows=183837 loops=1)
               Group Key: n.id
               ->  Sort  (cost=971343.52..971343.52 rows=1 width=28) (actual time=187431.537..187709.827 rows=396348 loops=1)
                     Sort Key: n.id
                     Sort Method: external merge  Disk: 14320kB
                     ->  Nested Loop  (cost=139517.45..971343.51 rows=1 width=28) (actual time=13325.254..187048.862 rows=396348 loops=1)
                           ->  Nested Loop  (cost=139516.88..971342.26 rows=1 width=58) (actual time=13323.801..131743.224 rows=446348 loops=1)
                                 ->  Nested Loop  (cost=139516.45..971340.67 rows=1 width=48) (actual time=11278.863..81786.597 rows=2342630 loops=1)
                                       ->  Gather  (cost=139515.89..971338.95 rows=1 width=20) (actual time=11272.614..11863.455 rows=2627555 loops=1)
                                             Workers Planned: 2
                                             Workers Launched: 2
                                             ->  Parallel Hash Anti Join  (cost=138515.89..970338.85 rows=1 width=20) (actual time=11248.871..12273.877 rows=875852 loops=3)
                                                   Hash Cond: ((tp.title_id)::text = (te.title_id)::text)
                                                   ->  Hash Join  (cost=1.16..781764.71 rows=1941667 width=20) (actual time=0.953..7948.991 rows=3185892 loops=3)
                                                         Hash Cond: (tp.category_id = c.id)
                                                         ->  Parallel Seq Scan on titleprincipals tp  (cost=0.00..699000.00 rows=23300000 width=24) (actual time=0.809..6067.915 rows=18639969 loops=3)
                                                         ->  Hash  (cost=1.15..1.15 rows=1 width=4) (actual time=0.056..0.058 rows=1 loops=3)
                                                               Buckets: 1024  Batches: 1  Memory Usage: 9kB
                                                               ->  Seq Scan on category c  (cost=0.00..1.15 rows=1 width=4) (actual time=0.049..0.050 rows=1 loops=3)
                                                                     Filter: ((name)::text = 'actress'::text)
                                                                     Rows Removed by Filter: 11
                                                   ->  Parallel Hash  (cost=84509.88..84509.88 rows=3106788 width=10) (actual time=2265.643..2265.644 rows=2485475 loops=3)
                                                         Buckets: 131072  Batches: 128  Memory Usage: 3840kB
                                                         ->  Parallel Seq Scan on titleepisode te  (cost=0.00..84509.88 rows=3106788 width=10) (actual time=128.790..1707.433 rows=2485475 loops=3)
                                       ->  Index Scan using name_pkey on name n  (cost=0.56..1.72 rows=1 width=28) (actual time=0.026..0.026 rows=1 loops=2627555)
                                             Index Cond: ((id)::text = (tp.name_id)::text)
                                             Filter: (death_year IS NULL)
                                             Rows Removed by Filter: 0
                                 ->  Index Scan using title_pkey on title t  (cost=0.43..1.60 rows=1 width=10) (actual time=0.021..0.021 rows=0 loops=2342630)
                                       Index Cond: ((id)::text = (tp.title_id)::text)
                                       Filter: (((title_type)::text = ANY ('{movie,tvSeries,tvMiniSeries,tvMovie}'::text[])) AND (start_year >= ((date_part('year'::text, now()))::integer - 10)))
                                       Rows Removed by Filter: 1
                           ->  Index Only Scan using titleprincipalscharacters_pkey on titleprincipalscharacters tpc  (cost=0.56..1.23 rows=1 width=20) (actual time=0.123..0.123 rows=1 loops=446348)
                                 Index Cond: ((title_id = (tp.title_id)::text) AND (name_id = (tp.name_id)::text))
                                 Heap Fetches: 0
 Planning Time: 24.771 ms
 JIT:
   Functions: 80
   Options: Inlining true, Optimization true, Expressions true, Deforming true
   Timing: Generation 4.889 ms, Inlining 245.417 ms, Optimization 338.123 ms, Emission 265.671 ms, Total 854.100 ms
 Execution Time: 188709.900 ms
(45 rows)

