explain analyze SELECT n.id,
    n.primary_name,
    date_part('year', NOW())::int - n.birth_year AS age,
    count(*) AS roles
FROM name n
JOIN titlePrincipals tp ON tp.name_id = n.id
JOIN titlePrincipalsCharacters tpc ON tpc.title_id = tp.title_id
    AND tpc.name_id = tp.name_id
JOIN category c ON c.id = tp.category_id
JOIN title t ON t.id = tp.title_id
WHERE t.start_year >= date_part('year', NOW())::int - 10
    AND c.name = 'actress'
    AND n.death_year IS NULL
    AND t.title_type IN (
        'movie', 'tvSeries', 'tvMiniSeries', 'tvMovie'
    )
GROUP BY n.id
ORDER BY roles DESC
LIMIT 100;
                                                                                                        QUERY PLAN                                                                                                         
---------------------------------------------------------------------------------------------------------------------------------------------------------------------------------------------------------------------------
 Limit  (cost=1153036.32..1153036.35 rows=10 width=36) (actual time=40166.762..40257.020 rows=100 loops=1)
   ->  Sort  (cost=1153036.32..1153036.35 rows=10 width=36) (actual time=39686.324..39776.574 rows=100 loops=1)
         Sort Key: (count(*)) DESC
         Sort Method: top-N heapsort  Memory: 38kB
         ->  Finalize GroupAggregate  (cost=1153034.92..1153036.16 rows=10 width=36) (actual time=39403.124..39737.960 rows=183837 loops=1)
               Group Key: n.id
               ->  Gather Merge  (cost=1153034.92..1153035.92 rows=8 width=36) (actual time=39403.101..39635.256 rows=250451 loops=1)
                     Workers Planned: 2
                     Workers Launched: 2
                     ->  Partial GroupAggregate  (cost=1152034.90..1152034.97 rows=4 width=36) (actual time=39381.410..39451.781 rows=83484 loops=3)
                           Group Key: n.id
                           ->  Sort  (cost=1152034.90..1152034.91 rows=4 width=28) (actual time=39381.358..39414.546 rows=132116 loops=3)
                                 Sort Key: n.id
                                 Sort Method: external merge  Disk: 4864kB
                                 Worker 0:  Sort Method: external merge  Disk: 4704kB
                                 Worker 1:  Sort Method: external merge  Disk: 4752kB
                                 ->  Nested Loop  (cost=234318.31..1152034.86 rows=4 width=28) (actual time=12076.600..39210.891 rows=132116 loops=3)
                                       ->  Nested Loop  (cost=234317.75..1152026.63 rows=5 width=20) (actual time=12074.681..24743.294 rows=132656 loops=3)
                                             ->  Parallel Hash Join  (cost=234317.19..1044840.61 rows=88303 width=30) (actual time=12071.834..12625.628 rows=149480 loops=3)
                                                   Hash Cond: ((tp.title_id)::text = (t.id)::text)
                                                   ->  Hash Join  (cost=1.16..781764.71 rows=1941667 width=20) (actual time=0.824..7953.121 rows=3185892 loops=3)
                                                         Hash Cond: (tp.category_id = c.id)
                                                         ->  Parallel Seq Scan on titleprincipals tp  (cost=0.00..699000.00 rows=23300000 width=24) (actual time=0.707..6135.414 rows=18639969 loops=3)
                                                         ->  Hash  (cost=1.15..1.15 rows=1 width=4) (actual time=0.054..0.055 rows=1 loops=3)
                                                               Buckets: 1024  Batches: 1  Memory Usage: 9kB
                                                               ->  Seq Scan on category c  (cost=0.00..1.15 rows=1 width=4) (actual time=0.048..0.049 rows=1 loops=3)
                                                                     Filter: ((name)::text = 'actress'::text)
                                                                     Rows Removed by Filter: 11
                                                   ->  Parallel Hash  (cost=231081.65..231081.65 rows=186030 width=10) (actual time=3254.454..3254.455 rows=117416 loops=3)
                                                         Buckets: 131072  Batches: 8  Memory Usage: 3104kB
                                                         ->  Parallel Seq Scan on title t  (cost=0.00..231081.65 rows=186030 width=10) (actual time=255.124..3220.967 rows=117416 loops=3)
                                                               Filter: (((title_type)::text = ANY ('{movie,tvSeries,tvMiniSeries,tvMovie}'::text[])) AND (start_year >= ((date_part('year'::text, now()))::integer - 10)))
                                                               Rows Removed by Filter: 3156125
                                             ->  Index Only Scan using titleprincipalscharacters_pkey on titleprincipalscharacters tpc  (cost=0.56..1.20 rows=1 width=20) (actual time=0.080..0.081 rows=1 loops=448441)
                                                   Index Cond: ((title_id = (tp.title_id)::text) AND (name_id = (tp.name_id)::text))
                                                   Heap Fetches: 0
                                       ->  Index Scan using name_pkey on name n  (cost=0.56..1.65 rows=1 width=28) (actual time=0.109..0.109 rows=1 loops=397968)
                                             Index Cond: ((id)::text = (tp.name_id)::text)
                                             Filter: (death_year IS NULL)
                                             Rows Removed by Filter: 0
 Planning Time: 20.822 ms
 JIT:
   Functions: 115
   Options: Inlining true, Optimization true, Expressions true, Deforming true
   Timing: Generation 6.775 ms, Inlining 257.429 ms, Optimization 496.808 ms, Emission 391.226 ms, Total 1152.238 ms
 Execution Time: 40661.107 ms
(46 rows)

