explain analyze SELECT n.id,
    n.primary_name,
    date_part('year', NOW())::int - n.birth_year AS age,
    count(*) AS roles
FROM name n
JOIN titlePrincipals tp ON tp.name_id = n.id
JOIN titlePrincipalsCharacters tpc ON tpc.title_id = tp.title_id
    AND tpc.name_id = tp.name_id
JOIN category c ON c.id = tp.category_id
JOIN title t ON t.id = tp.title_id
WHERE t.start_year >= date_part('year', NOW())::int - 10
    AND c.name = 'actress'
    AND n.death_year IS NULL
    AND t.title_type IN (
        'movie', 'tvSeries', 'tvMiniSeries', 'tvMovie'
    )
GROUP BY n.id
ORDER BY roles DESC
LIMIT 100;
                                                                                                        QUERY PLAN                                                                                                         
---------------------------------------------------------------------------------------------------------------------------------------------------------------------------------------------------------------------------
 Limit  (cost=1281361.76..1281361.79 rows=13 width=36) (actual time=41896.761..42040.638 rows=100 loops=1)
   ->  Sort  (cost=1281361.76..1281361.79 rows=13 width=36) (actual time=41385.865..41529.734 rows=100 loops=1)
         Sort Key: (count(*)) DESC
         Sort Method: top-N heapsort  Memory: 38kB
         ->  Finalize GroupAggregate  (cost=1281359.96..1281361.52 rows=13 width=36) (actual time=41116.073..41491.140 rows=183837 loops=1)
               Group Key: n.id
               ->  Gather Merge  (cost=1281359.96..1281361.21 rows=10 width=36) (actual time=41116.047..41396.409 rows=250460 loops=1)
                     Workers Planned: 2
                     Workers Launched: 2
                     ->  Partial GroupAggregate  (cost=1280359.94..1280360.03 rows=5 width=36) (actual time=41092.968..41163.999 rows=83487 loops=3)
                           Group Key: n.id
                           ->  Sort  (cost=1280359.94..1280359.95 rows=5 width=28) (actual time=41092.911..41126.108 rows=132116 loops=3)
                                 Sort Key: n.id
                                 Sort Method: external merge  Disk: 4776kB
                                 Worker 0:  Sort Method: external merge  Disk: 4816kB
                                 Worker 1:  Sort Method: external merge  Disk: 4728kB
                                 ->  Nested Loop  (cost=234389.64..1280359.88 rows=5 width=28) (actual time=12902.359..40898.721 rows=132116 loops=3)
                                       ->  Nested Loop  (cost=234389.08..1280339.20 rows=5 width=20) (actual time=12899.643..26051.795 rows=132656 loops=3)
                                             ->  Parallel Hash Join  (cost=234388.52..1044912.94 rows=88385 width=30) (actual time=12898.086..13499.786 rows=149480 loops=3)
                                                   Hash Cond: ((tp.title_id)::text = (t.id)::text)
                                                   ->  Hash Join  (cost=1.16..781764.71 rows=1941667 width=20) (actual time=0.892..8549.059 rows=3185892 loops=3)
                                                         Hash Cond: (tp.category_id = c.id)
                                                         ->  Parallel Seq Scan on titleprincipals tp  (cost=0.00..699000.00 rows=23300000 width=24) (actual time=0.760..6571.173 rows=18639969 loops=3)
                                                         ->  Hash  (cost=1.15..1.15 rows=1 width=4) (actual time=0.065..0.068 rows=1 loops=3)
                                                               Buckets: 1024  Batches: 1  Memory Usage: 9kB
                                                               ->  Seq Scan on category c  (cost=0.00..1.15 rows=1 width=4) (actual time=0.053..0.054 rows=1 loops=3)
                                                                     Filter: ((name)::text = 'actress'::text)
                                                                     Rows Removed by Filter: 11
                                                   ->  Parallel Hash  (cost=231148.42..231148.42 rows=186315 width=10) (actual time=3415.123..3415.124 rows=117416 loops=3)
                                                         Buckets: 131072  Batches: 8  Memory Usage: 3136kB
                                                         ->  Parallel Seq Scan on title t  (cost=0.00..231148.42 rows=186315 width=10) (actual time=272.370..3376.697 rows=117416 loops=3)
                                                               Filter: (((title_type)::text = ANY ('{movie,tvSeries,tvMiniSeries,tvMovie}'::text[])) AND (start_year >= ((date_part('year'::text, now()))::integer - 10)))
                                                               Rows Removed by Filter: 3156125
                                             ->  Index Only Scan using titleprincipalscharacters_pkey on titleprincipalscharacters tpc  (cost=0.56..2.65 rows=1 width=20) (actual time=0.083..0.083 rows=1 loops=448441)
                                                   Index Cond: ((title_id = (tp.title_id)::text) AND (name_id = (tp.name_id)::text))
                                                   Heap Fetches: 0
                                       ->  Index Scan using name_pkey on name n  (cost=0.56..4.14 rows=1 width=28) (actual time=0.111..0.111 rows=1 loops=397968)
                                             Index Cond: ((id)::text = (tp.name_id)::text)
                                             Filter: (death_year IS NULL)
                                             Rows Removed by Filter: 0
 Planning Time: 21.516 ms
 JIT:
   Functions: 115
   Options: Inlining true, Optimization true, Expressions true, Deforming true
   Timing: Generation 7.295 ms, Inlining 284.816 ms, Optimization 551.423 ms, Emission 430.950 ms, Total 1274.484 ms
 Execution Time: 42482.635 ms
(46 rows)

