explain analyze SELECT n.id,
    n.primary_name,
    date_part('year', NOW())::int - n.birth_year AS age,
    count(*) AS roles
FROM name n
JOIN titlePrincipals tp ON tp.name_id = n.id
JOIN titlePrincipalsCharacters tpc ON tpc.title_id = tp.title_id
    AND tpc.name_id = tp.name_id
JOIN category c ON c.id = tp.category_id
JOIN title t ON t.id = tp.title_id
LEFT JOIN titleEpisode te ON te.title_id = tp.title_id
WHERE t.start_year >= date_part('year', NOW())::int - 10
    AND c.name = 'actress'
    AND n.death_year IS NULL
    AND t.title_type IN (
        'movie', 'tvSeries', 'tvMiniSeries', 'tvMovie'
    )
    AND te.title_id IS NULL
GROUP BY n.id
ORDER BY roles DESC
LIMIT 100;
                                                                                               QUERY PLAN                                                                                               
--------------------------------------------------------------------------------------------------------------------------------------------------------------------------------------------------------
 Limit  (cost=971356.41..971356.41 rows=1 width=36) (actual time=170697.296..170853.463 rows=100 loops=1)
   ->  Sort  (cost=971356.41..971356.41 rows=1 width=36) (actual time=170228.161..170384.321 rows=100 loops=1)
         Sort Key: (count(*)) DESC
         Sort Method: top-N heapsort  Memory: 38kB
         ->  GroupAggregate  (cost=971356.37..971356.40 rows=1 width=36) (actual time=169953.403..170348.430 rows=183837 loops=1)
               Group Key: n.id
               ->  Sort  (cost=971356.37..971356.37 rows=1 width=28) (actual time=169953.351..170234.691 rows=396348 loops=1)
                     Sort Key: n.id
                     Sort Method: external merge  Disk: 14320kB
                     ->  Nested Loop  (cost=139522.50..971356.36 rows=1 width=28) (actual time=13206.794..169619.470 rows=396348 loops=1)
                           ->  Nested Loop  (cost=139521.94..971353.60 rows=1 width=58) (actual time=13205.536..115898.964 rows=446348 loops=1)
                                 ->  Nested Loop  (cost=139521.50..971349.38 rows=1 width=48) (actual time=11536.164..70249.951 rows=2342630 loops=1)
                                       ->  Gather  (cost=139520.94..971345.01 rows=1 width=20) (actual time=11522.440..12077.604 rows=2627555 loops=1)
                                             Workers Planned: 2
                                             Workers Launched: 2
                                             ->  Parallel Hash Anti Join  (cost=138520.94..970344.91 rows=1 width=20) (actual time=11498.128..12506.570 rows=875852 loops=3)
                                                   Hash Cond: ((tp.title_id)::text = (te.title_id)::text)
                                                   ->  Hash Join  (cost=1.16..781764.71 rows=1941667 width=20) (actual time=0.906..8070.978 rows=3185892 loops=3)
                                                         Hash Cond: (tp.category_id = c.id)
                                                         ->  Parallel Seq Scan on titleprincipals tp  (cost=0.00..699000.00 rows=23300000 width=24) (actual time=0.753..6014.084 rows=18639969 loops=3)
                                                         ->  Hash  (cost=1.15..1.15 rows=1 width=4) (actual time=0.061..0.065 rows=1 loops=3)
                                                               Buckets: 1024  Batches: 1  Memory Usage: 9kB
                                                               ->  Seq Scan on category c  (cost=0.00..1.15 rows=1 width=4) (actual time=0.055..0.057 rows=1 loops=3)
                                                                     Filter: ((name)::text = 'actress'::text)
                                                                     Rows Removed by Filter: 11
                                                   ->  Parallel Hash  (cost=84511.68..84511.68 rows=3106968 width=10) (actual time=2391.717..2391.717 rows=2485475 loops=3)
                                                         Buckets: 131072  Batches: 128  Memory Usage: 3808kB
                                                         ->  Parallel Seq Scan on titleepisode te  (cost=0.00..84511.68 rows=3106968 width=10) (actual time=125.347..1817.029 rows=2485475 loops=3)
                                       ->  Index Scan using name_pkey on name n  (cost=0.56..4.37 rows=1 width=28) (actual time=0.022..0.022 rows=1 loops=2627555)
                                             Index Cond: ((id)::text = (tp.name_id)::text)
                                             Filter: (death_year IS NULL)
                                             Rows Removed by Filter: 0
                                 ->  Index Scan using title_pkey on title t  (cost=0.43..4.22 rows=1 width=10) (actual time=0.019..0.019 rows=0 loops=2342630)
                                       Index Cond: ((id)::text = (tp.title_id)::text)
                                       Filter: (((title_type)::text = ANY ('{movie,tvSeries,tvMiniSeries,tvMovie}'::text[])) AND (start_year >= ((date_part('year'::text, now()))::integer - 10)))
                                       Rows Removed by Filter: 1
                           ->  Index Only Scan using titleprincipalscharacters_pkey on titleprincipalscharacters tpc  (cost=0.56..2.74 rows=1 width=20) (actual time=0.120..0.120 rows=1 loops=446348)
                                 Index Cond: ((title_id = (tp.title_id)::text) AND (name_id = (tp.name_id)::text))
                                 Heap Fetches: 0
 Planning Time: 25.637 ms
 JIT:
   Functions: 80
   Options: Inlining true, Optimization true, Expressions true, Deforming true
   Timing: Generation 5.043 ms, Inlining 239.627 ms, Optimization 340.627 ms, Emission 264.515 ms, Total 849.812 ms
 Execution Time: 171237.708 ms
(45 rows)

