explain analyze SELECT n.id,
    n.primary_name,
    date_part('year', NOW())::int - n.birth_year AS age,
    count(*) AS roles
FROM name n
JOIN titlePrincipals tp ON tp.name_id = n.id
JOIN titlePrincipalsCharacters tpc ON tpc.title_id = tp.title_id
    AND tpc.name_id = tp.name_id
JOIN category c ON c.id = tp.category_id
JOIN title t ON t.id = tp.title_id
WHERE t.start_year >= date_part('year', NOW())::int - 10
    AND c.name = 'actress'
    AND n.death_year IS NULL
    AND t.title_type IN (
        'movie', 'tvSeries', 'tvMiniSeries', 'tvMovie'
    )
GROUP BY n.id
ORDER BY roles DESC
LIMIT 100;
                                                                                                     QUERY PLAN                                                                                                      
---------------------------------------------------------------------------------------------------------------------------------------------------------------------------------------------------------------------
 Limit  (cost=1289140.88..1289140.91 rows=11 width=36) (actual time=43713.249..43808.721 rows=100 loops=1)
   ->  Sort  (cost=1289140.88..1289140.91 rows=11 width=36) (actual time=43217.793..43313.256 rows=100 loops=1)
         Sort Key: (count(*)) DESC
         Sort Method: top-N heapsort  Memory: 38kB
         ->  GroupAggregate  (cost=1289140.39..1289140.69 rows=11 width=36) (actual time=42925.889..43274.920 rows=183837 loops=1)
               Group Key: n.id
               ->  Sort  (cost=1289140.39..1289140.42 rows=11 width=28) (actual time=42925.824..43154.468 rows=396348 loops=1)
                     Sort Key: n.id
                     Sort Method: external merge  Disk: 14304kB
                     ->  Gather  (cost=235440.93..1289140.20 rows=11 width=28) (actual time=13183.780..42540.276 rows=396348 loops=1)
                           Workers Planned: 2
                           Workers Launched: 2
                           ->  Nested Loop  (cost=234440.93..1288139.10 rows=5 width=28) (actual time=13156.124..42655.931 rows=132116 loops=3)
                                 ->  Nested Loop  (cost=234440.37..1288118.41 rows=5 width=20) (actual time=13153.874..26965.629 rows=132656 loops=3)
                                       ->  Parallel Hash Join  (cost=234439.80..1044994.22 rows=91275 width=30) (actual time=13151.933..13770.582 rows=149480 loops=3)
                                             Hash Cond: ((tp.title_id)::text = (t.id)::text)
                                             ->  Hash Join  (cost=1.16..781764.71 rows=1941667 width=20) (actual time=1.012..8714.387 rows=3185892 loops=3)
                                                   Hash Cond: (tp.category_id = c.id)
                                                   ->  Parallel Seq Scan on titleprincipals tp  (cost=0.00..699000.00 rows=23300000 width=24) (actual time=0.870..6725.360 rows=18639969 loops=3)
                                                   ->  Hash  (cost=1.15..1.15 rows=1 width=4) (actual time=0.066..0.067 rows=1 loops=3)
                                                         Buckets: 1024  Batches: 1  Memory Usage: 9kB
                                                         ->  Seq Scan on category c  (cost=0.00..1.15 rows=1 width=4) (actual time=0.058..0.059 rows=1 loops=3)
                                                               Filter: ((name)::text = 'actress'::text)
                                                               Rows Removed by Filter: 11
                                             ->  Parallel Hash  (cost=231094.70..231094.70 rows=192315 width=10) (actual time=3497.963..3497.964 rows=117416 loops=3)
                                                   Buckets: 131072  Batches: 8  Memory Usage: 3136kB
                                                   ->  Parallel Seq Scan on title t  (cost=0.00..231094.70 rows=192315 width=10) (actual time=266.448..3460.431 rows=117416 loops=3)
                                                         Filter: (((title_type)::text = ANY ('{movie,tvSeries,tvMiniSeries,tvMovie}'::text[])) AND (start_year >= ((date_part('year'::text, now()))::integer - 10)))
                                                         Rows Removed by Filter: 3156125
                                       ->  Index Only Scan using titleprincipalscharacters_pkey on titleprincipalscharacters tpc  (cost=0.56..2.65 rows=1 width=20) (actual time=0.087..0.088 rows=1 loops=448441)
                                             Index Cond: ((title_id = (tp.title_id)::text) AND (name_id = (tp.name_id)::text))
                                             Heap Fetches: 0
                                 ->  Index Scan using name_pkey on name n  (cost=0.56..4.14 rows=1 width=28) (actual time=0.118..0.118 rows=1 loops=397968)
                                       Index Cond: ((id)::text = (tp.name_id)::text)
                                       Filter: (death_year IS NULL)
                                       Rows Removed by Filter: 0
 Planning Time: 24.390 ms
 JIT:
   Functions: 104
   Options: Inlining true, Optimization true, Expressions true, Deforming true
   Timing: Generation 6.724 ms, Inlining 285.003 ms, Optimization 494.234 ms, Emission 377.657 ms, Total 1163.617 ms
 Execution Time: 44231.851 ms
(42 rows)

