explain analyze SELECT *
FROM (
    SELECT t.id,
        left(t.primary_title, 30),
        ((start_year / 10) * 10)::int AS decade,
        avg(uh.rating) AS rating,
        rank() over (
            PARTITION by ((start_year / 10) * 10) :: int
            ORDER BY avg(uh.rating) DESC, t.id
        ) AS rank
    FROM title t
    JOIN userHistory uh ON uh.title_id = t.id
    JOIN titleGenre TG ON tg.title_id = t.id AND tg.genre_id = 8
    WHERE t.title_type = 'movie'
        AND ((start_year / 10) * 10)::int >= 1980
        AND t.id IN (
            SELECT title_id
            FROM titleAkas
            WHERE region IN (
                'US', 'GB', 'ES', 'DE', 'FR', 'PT'
            )
        )
    GROUP BY t.id
    HAVING count(uh.rating) >= 3
    ORDER BY decade, rating DESC
) t_
WHERE rank <= 10;
                                                                                                 QUERY PLAN                                                                                                 
------------------------------------------------------------------------------------------------------------------------------------------------------------------------------------------------------------
 Subquery Scan on t_  (cost=362769.54..362988.97 rows=1721 width=86) (actual time=8550.895..8568.084 rows=50 loops=1)
   Filter: (t_.rank <= 10)
   Rows Removed by Filter: 1953
   ->  WindowAgg  (cost=362769.54..362924.43 rows=5163 width=86) (actual time=8550.890..8567.971 rows=2003 loops=1)
         ->  Sort  (cost=362769.54..362782.45 rows=5163 width=66) (actual time=8550.837..8566.379 rows=2003 loops=1)
               Sort Key: (((t.start_year / 10) * 10)), (avg(uh.rating)) DESC, t.id
               Sort Method: quicksort  Memory: 228kB
               ->  Finalize GroupAggregate  (cost=360477.47..362451.14 rows=5163 width=66) (actual time=8477.938..8562.571 rows=2003 loops=1)
                     Group Key: t.id
                     Filter: (count(uh.rating) >= 3)
                     Rows Removed by Filter: 40986
                     ->  Gather Merge  (cost=360477.47..362096.21 rows=12906 width=74) (actual time=8477.893..8525.293 rows=53843 loops=1)
                           Workers Planned: 2
                           Workers Launched: 2
                           ->  Partial GroupAggregate  (cost=359477.45..359606.51 rows=6453 width=74) (actual time=8457.865..8472.529 rows=17948 loops=3)
                                 Group Key: t.id
                                 ->  Sort  (cost=359477.45..359493.58 rows=6453 width=38) (actual time=8457.808..8460.866 rows=20226 loops=3)
                                       Sort Key: t.id
                                       Sort Method: quicksort  Memory: 2416kB
                                       Worker 0:  Sort Method: quicksort  Memory: 2401kB
                                       Worker 1:  Sort Method: quicksort  Memory: 2413kB
                                       ->  Parallel Hash Join  (cost=269617.57..359069.11 rows=6453 width=38) (actual time=6572.061..8431.564 rows=20226 loops=3)
                                             Hash Cond: ((uh.title_id)::text = (t.id)::text)
                                             ->  Parallel Seq Scan on userhistory uh  (cost=0.00..80070.05 rows=2500805 width=14) (actual time=0.158..1376.339 rows=2000631 loops=3)
                                             ->  Parallel Hash  (cost=269600.49..269600.49 rows=1366 width=54) (actual time=6571.630..6571.635 rows=27522 loops=3)
                                                   Buckets: 131072 (originally 4096)  Batches: 1 (originally 1)  Memory Usage: 9056kB
                                                   ->  Nested Loop  (cost=1.12..269600.49 rows=1366 width=54) (actual time=72.171..6433.261 rows=27522 loops=3)
                                                         Join Filter: ((t.id)::text = (tg.title_id)::text)
                                                         ->  Nested Loop Semi Join  (cost=0.56..261929.40 rows=4882 width=44) (actual time=56.289..5054.655 rows=78788 loops=3)
                                                               ->  Parallel Seq Scan on title t  (cost=0.00..200397.12 rows=90668 width=34) (actual time=55.253..1870.401 rows=129726 loops=3)
                                                                     Filter: (((title_type)::text = 'movie'::text) AND (((start_year / 10) * 10) >= 1980))
                                                                     Rows Removed by Filter: 3143815
                                                               ->  Index Only Scan using akas_id_region_idx on titleakas  (cost=0.56..4.42 rows=36 width=10) (actual time=0.024..0.024 rows=1 loops=389178)
                                                                     Index Cond: (title_id = (t.id)::text)
                                                                     Filter: ((region)::text = ANY ('{US,GB,ES,DE,FR,PT}'::text[]))
                                                                     Rows Removed by Filter: 1
                                                                     Heap Fetches: 0
                                                         ->  Index Only Scan using titlegenre_pkey on titlegenre tg  (cost=0.56..1.56 rows=1 width=10) (actual time=0.017..0.017 rows=0 loops=236365)
                                                               Index Cond: ((title_id = (titleakas.title_id)::text) AND (genre_id = 8))
                                                               Heap Fetches: 0
 Planning Time: 17.366 ms
 JIT:
   Functions: 84
   Options: Inlining false, Optimization false, Expressions true, Deforming true
   Timing: Generation 6.643 ms, Inlining 0.000 ms, Optimization 5.568 ms, Emission 154.034 ms, Total 166.245 ms
 Execution Time: 8957.544 ms
(46 rows)

