explain analyze SELECT *
FROM (
    SELECT t.id,
        left(t.primary_title, 30),
        ((start_year / 10) * 10)::int AS decade,
        avg(uh.rating) AS rating,
        rank() over (
            PARTITION by ((start_year / 10) * 10) :: int
            ORDER BY avg(uh.rating) DESC, t.id
        ) AS rank
    FROM title t
    JOIN userHistory uh ON uh.title_id = t.id
    WHERE t.title_type = 'movie'
        AND ((start_year / 10) * 10)::int >= 1980
        AND t.id IN (
            SELECT title_id
            FROM titleGenre tg
            JOIN genre g ON g.id = tg.genre_id
            WHERE g.name IN (
                'Drama'
            )
        )
        AND t.id IN (
            SELECT title_id
            FROM titleAkas
            WHERE region IN (
                'US', 'GB', 'ES', 'DE', 'FR', 'PT'
            )
        )
    GROUP BY t.id
    HAVING count(uh.rating) >= 3
    ORDER BY decade, rating DESC
) t_
WHERE rank <= 10;
                                                                                                 QUERY PLAN                                                                                                 
------------------------------------------------------------------------------------------------------------------------------------------------------------------------------------------------------------
 Subquery Scan on t_  (cost=362949.66..362965.43 rows=124 width=86) (actual time=9295.908..9313.405 rows=50 loops=1)
   Filter: (t_.rank <= 10)
   Rows Removed by Filter: 1953
   ->  WindowAgg  (cost=362949.66..362960.79 rows=371 width=86) (actual time=9295.903..9313.282 rows=2003 loops=1)
         ->  Sort  (cost=362949.66..362950.59 rows=371 width=66) (actual time=9295.849..9311.425 rows=2003 loops=1)
               Sort Key: (((t.start_year / 10) * 10)), (avg(uh.rating)) DESC, t.id
               Sort Method: quicksort  Memory: 228kB
               ->  Finalize GroupAggregate  (cost=362791.91..362933.83 rows=371 width=66) (actual time=9214.317..9307.174 rows=2003 loops=1)
                     Group Key: t.id
                     Filter: (count(uh.rating) >= 3)
                     Rows Removed by Filter: 40986
                     ->  Gather Merge  (cost=362791.91..362908.31 rows=928 width=74) (actual time=9214.261..9265.908 rows=53808 loops=1)
                           Workers Planned: 2
                           Workers Launched: 2
                           ->  Partial GroupAggregate  (cost=361791.89..361801.17 rows=464 width=74) (actual time=9189.948..9207.794 rows=17936 loops=3)
                                 Group Key: t.id
                                 ->  Sort  (cost=361791.89..361793.05 rows=464 width=38) (actual time=9189.897..9193.150 rows=20226 loops=3)
                                       Sort Key: t.id
                                       Sort Method: quicksort  Memory: 2400kB
                                       Worker 0:  Sort Method: quicksort  Memory: 2412kB
                                       Worker 1:  Sort Method: quicksort  Memory: 2418kB
                                       ->  Parallel Hash Join  (cost=272323.06..361771.34 rows=464 width=38) (actual time=7190.128..9155.991 rows=20226 loops=3)
                                             Hash Cond: ((uh.title_id)::text = (t.id)::text)
                                             ->  Parallel Seq Scan on userhistory uh  (cost=0.00..80069.69 rows=2500769 width=14) (actual time=0.027..1430.863 rows=2000631 loops=3)
                                             ->  Parallel Hash  (cost=272319.61..272319.61 rows=276 width=54) (actual time=7189.780..7189.785 rows=27522 loops=3)
                                                   Buckets: 131072 (originally 1024)  Batches: 1 (originally 1)  Memory Usage: 9080kB
                                                   ->  Nested Loop Semi Join  (cost=1.26..272319.61 rows=276 width=54) (actual time=70.921..7050.641 rows=27522 loops=3)
                                                         Join Filter: ((t.id)::text = (tg.title_id)::text)
                                                         ->  Nested Loop Semi Join  (cost=0.56..261024.98 rows=4997 width=44) (actual time=58.400..5420.101 rows=78788 loops=3)
                                                               ->  Parallel Seq Scan on title t  (cost=0.00..200376.33 rows=88692 width=34) (actual time=55.492..2059.872 rows=129726 loops=3)
                                                                     Filter: (((title_type)::text = 'movie'::text) AND (((start_year / 10) * 10) >= 1980))
                                                                     Rows Removed by Filter: 3143815
                                                               ->  Index Only Scan using akas_id_region_idx on titleakas  (cost=0.56..4.37 rows=34 width=10) (actual time=0.025..0.025 rows=1 loops=389178)
                                                                     Index Cond: (title_id = (t.id)::text)
                                                                     Filter: ((region)::text = ANY ('{US,GB,ES,DE,FR,PT}'::text[]))
                                                                     Rows Removed by Filter: 1
                                                                     Heap Fetches: 0
                                                         ->  Nested Loop  (cost=0.70..2.25 rows=1 width=10) (actual time=0.020..0.020 rows=0 loops=236365)
                                                               ->  Index Only Scan using titlegenre_pkey on titlegenre tg  (cost=0.56..1.60 rows=4 width=14) (actual time=0.018..0.018 rows=1 loops=236365)
                                                                     Index Cond: (title_id = (titleakas.title_id)::text)
                                                                     Heap Fetches: 0
                                                               ->  Index Scan using genre_pkey on genre g  (cost=0.14..0.16 rows=1 width=4) (actual time=0.001..0.001 rows=0 loops=327381)
                                                                     Index Cond: (id = tg.genre_id)
                                                                     Filter: ((name)::text = 'Drama'::text)
                                                                     Rows Removed by Filter: 1
 Planning Time: 22.023 ms
 JIT:
   Functions: 102
   Options: Inlining false, Optimization false, Expressions true, Deforming true
   Timing: Generation 7.384 ms, Inlining 0.000 ms, Optimization 5.648 ms, Emission 154.777 ms, Total 167.810 ms
 Execution Time: 9687.079 ms
(51 rows)

