explain analyze SELECT *
FROM (
    SELECT t.id,
        left(t.primary_title, 30),
        ((start_year / 10) * 10)::int AS decade,
        avg(uh.rating) AS rating,
        rank() over (
            PARTITION by ((start_year / 10) * 10) :: int
            ORDER BY avg(uh.rating) DESC, t.id
        ) AS rank
    FROM title t
    JOIN userHistory uh ON uh.title_id = t.id
    JOIN titleGenre TG ON tg.title_id = t.id AND tg.genre_id = 8
    WHERE t.title_type = 'movie'
        AND ((start_year / 10) * 10)::int >= 1980
        AND t.id IN (
            SELECT title_id
            FROM titleAkas
            WHERE region IN (
                'US', 'GB', 'ES', 'DE', 'FR', 'PT'
            )
        )
    GROUP BY t.id
    HAVING count(uh.rating) >= 3
    ORDER BY decade, rating DESC
) t_
WHERE rank <= 10;
                                                                                                 QUERY PLAN                                                                                                 
------------------------------------------------------------------------------------------------------------------------------------------------------------------------------------------------------------
 Subquery Scan on t_  (cost=363809.65..363997.38 rows=1472 width=86) (actual time=8632.845..8651.043 rows=50 loops=1)
   Filter: (t_.rank <= 10)
   Rows Removed by Filter: 1953
   ->  WindowAgg  (cost=363809.65..363942.16 rows=4417 width=86) (actual time=8632.841..8650.920 rows=2003 loops=1)
         ->  Sort  (cost=363809.65..363820.70 rows=4417 width=66) (actual time=8632.793..8649.341 rows=2003 loops=1)
               Sort Key: (((t.start_year / 10) * 10)), (avg(uh.rating)) DESC, t.id
               Sort Method: quicksort  Memory: 228kB
               ->  Finalize GroupAggregate  (cost=361853.34..363542.23 rows=4417 width=66) (actual time=8566.100..8645.507 rows=2003 loops=1)
                     Group Key: t.id
                     Filter: (count(uh.rating) >= 3)
                     Rows Removed by Filter: 40986
                     ->  Gather Merge  (cost=361853.34..363238.54 rows=11044 width=74) (actual time=8566.060..8611.863 rows=53962 loops=1)
                           Workers Planned: 2
                           Workers Launched: 2
                           ->  Partial GroupAggregate  (cost=360853.32..360963.76 rows=5522 width=74) (actual time=8546.779..8561.243 rows=17987 loops=3)
                                 Group Key: t.id
                                 ->  Sort  (cost=360853.32..360867.13 rows=5522 width=38) (actual time=8546.730..8549.946 rows=20226 loops=3)
                                       Sort Key: t.id
                                       Sort Method: quicksort  Memory: 2378kB
                                       Worker 0:  Sort Method: quicksort  Memory: 2421kB
                                       Worker 1:  Sort Method: quicksort  Memory: 2431kB
                                       ->  Parallel Hash Join  (cost=271058.36..360510.10 rows=5522 width=38) (actual time=6647.259..8520.440 rows=20226 loops=3)
                                             Hash Cond: ((uh.title_id)::text = (t.id)::text)
                                             ->  Parallel Seq Scan on userhistory uh  (cost=0.00..80070.06 rows=2500806 width=14) (actual time=0.030..1369.182 rows=2000631 loops=3)
                                             ->  Parallel Hash  (cost=271040.37..271040.37 rows=1439 width=54) (actual time=6646.929..6646.934 rows=27522 loops=3)
                                                   Buckets: 131072 (originally 4096)  Batches: 1 (originally 1)  Memory Usage: 9024kB
                                                   ->  Nested Loop  (cost=1.12..271040.37 rows=1439 width=54) (actual time=69.266..6562.301 rows=27522 loops=3)
                                                         Join Filter: ((t.id)::text = (tg.title_id)::text)
                                                         ->  Nested Loop Semi Join  (cost=0.56..263032.21 rows=5128 width=44) (actual time=52.649..5126.759 rows=78788 loops=3)
                                                               ->  Parallel Seq Scan on title t  (cost=0.00..200460.13 rows=91648 width=34) (actual time=51.484..1875.898 rows=129726 loops=3)
                                                                     Filter: (((title_type)::text = 'movie'::text) AND (((start_year / 10) * 10) >= 1980))
                                                                     Rows Removed by Filter: 3143815
                                                               ->  Index Only Scan using akas_id_region_idx on titleakas  (cost=0.56..4.33 rows=34 width=10) (actual time=0.025..0.025 rows=1 loops=389178)
                                                                     Index Cond: (title_id = (t.id)::text)
                                                                     Filter: ((region)::text = ANY ('{US,GB,ES,DE,FR,PT}'::text[]))
                                                                     Rows Removed by Filter: 1
                                                                     Heap Fetches: 0
                                                         ->  Index Only Scan using titlegenre_pkey on titlegenre tg  (cost=0.56..1.55 rows=1 width=10) (actual time=0.018..0.018 rows=0 loops=236365)
                                                               Index Cond: ((title_id = (titleakas.title_id)::text) AND (genre_id = 8))
                                                               Heap Fetches: 0
 Planning Time: 14.427 ms
 JIT:
   Functions: 84
   Options: Inlining false, Optimization false, Expressions true, Deforming true
   Timing: Generation 6.339 ms, Inlining 0.000 ms, Optimization 5.378 ms, Emission 143.115 ms, Total 154.832 ms
 Execution Time: 9023.499 ms
(46 rows)

