explain analyze SELECT n.id,
    n.primary_name,
    date_part('year', NOW())::int - n.birth_year AS age,
    count(*) AS roles
FROM name n
JOIN titlePrincipals tp ON tp.name_id = n.id
JOIN titlePrincipalsCharacters tpc ON tpc.title_id = tp.title_id
    AND tpc.name_id = tp.name_id
JOIN category c ON c.id = tp.category_id
JOIN title t ON t.id = tp.title_id
WHERE t.start_year >= date_part('year', NOW())::int - 10
    AND c.name = 'actress'
    AND n.death_year IS NULL
    AND t.title_type IN (
        'movie', 'tvSeries', 'tvMiniSeries', 'tvMovie'
    )
GROUP BY n.id
ORDER BY roles DESC
LIMIT 100;
                                                                                                        QUERY PLAN                                                                                                         
---------------------------------------------------------------------------------------------------------------------------------------------------------------------------------------------------------------------------
 Limit  (cost=1280728.48..1280728.51 rows=10 width=36) (actual time=36700.134..36785.861 rows=100 loops=1)
   ->  Sort  (cost=1280728.48..1280728.51 rows=10 width=36) (actual time=36188.535..36274.254 rows=100 loops=1)
         Sort Key: (count(*)) DESC
         Sort Method: top-N heapsort  Memory: 38kB
         ->  Finalize GroupAggregate  (cost=1280727.09..1280728.32 rows=10 width=36) (actual time=35894.905..36231.830 rows=183837 loops=1)
               Group Key: n.id
               ->  Gather Merge  (cost=1280727.09..1280728.08 rows=8 width=36) (actual time=35894.874..36127.824 rows=250465 loops=1)
                     Workers Planned: 2
                     Workers Launched: 2
                     ->  Partial GroupAggregate  (cost=1279727.06..1279727.13 rows=4 width=36) (actual time=35872.492..35950.569 rows=83488 loops=3)
                           Group Key: n.id
                           ->  Sort  (cost=1279727.06..1279727.07 rows=4 width=28) (actual time=35872.446..35908.210 rows=132116 loops=3)
                                 Sort Key: n.id
                                 Sort Method: external merge  Disk: 4832kB
                                 Worker 0:  Sort Method: external merge  Disk: 4728kB
                                 Worker 1:  Sort Method: external merge  Disk: 4760kB
                                 ->  Nested Loop  (cost=234362.24..1279727.02 rows=4 width=28) (actual time=11742.102..35650.888 rows=132116 loops=3)
                                       ->  Nested Loop  (cost=234361.68..1279710.47 rows=4 width=20) (actual time=11740.258..23682.093 rows=132656 loops=3)
                                             ->  Parallel Hash Join  (cost=234361.12..1044883.54 rows=88160 width=30) (actual time=11738.075..12413.331 rows=149480 loops=3)
                                                   Hash Cond: ((tp.title_id)::text = (t.id)::text)
                                                   ->  Hash Join  (cost=1.16..781764.71 rows=1941667 width=20) (actual time=0.552..8041.176 rows=3185892 loops=3)
                                                         Hash Cond: (tp.category_id = c.id)
                                                         ->  Parallel Seq Scan on titleprincipals tp  (cost=0.00..699000.00 rows=23300000 width=24) (actual time=0.426..6042.466 rows=18639969 loops=3)
                                                         ->  Hash  (cost=1.15..1.15 rows=1 width=4) (actual time=0.058..0.059 rows=1 loops=3)
                                                               Buckets: 1024  Batches: 1  Memory Usage: 9kB
                                                               ->  Seq Scan on category c  (cost=0.00..1.15 rows=1 width=4) (actual time=0.051..0.052 rows=1 loops=3)
                                                                     Filter: ((name)::text = 'actress'::text)
                                                                     Rows Removed by Filter: 11
                                                   ->  Parallel Hash  (cost=231129.35..231129.35 rows=185808 width=10) (actual time=2784.760..2784.761 rows=117416 loops=3)
                                                         Buckets: 131072  Batches: 8  Memory Usage: 3136kB
                                                         ->  Parallel Seq Scan on title t  (cost=0.00..231129.35 rows=185808 width=10) (actual time=258.127..2738.336 rows=117416 loops=3)
                                                               Filter: (((title_type)::text = ANY ('{movie,tvSeries,tvMiniSeries,tvMovie}'::text[])) AND (start_year >= ((date_part('year'::text, now()))::integer - 10)))
                                                               Rows Removed by Filter: 3156125
                                             ->  Index Only Scan using titleprincipalscharacters_pkey on titleprincipalscharacters tpc  (cost=0.56..2.65 rows=1 width=20) (actual time=0.074..0.075 rows=1 loops=448441)
                                                   Index Cond: ((title_id = (tp.title_id)::text) AND (name_id = (tp.name_id)::text))
                                                   Heap Fetches: 0
                                       ->  Index Scan using name_pkey on name n  (cost=0.56..4.14 rows=1 width=28) (actual time=0.089..0.089 rows=1 loops=397968)
                                             Index Cond: ((id)::text = (tp.name_id)::text)
                                             Filter: (death_year IS NULL)
                                             Rows Removed by Filter: 0
 Planning Time: 20.445 ms
 JIT:
   Functions: 115
   Options: Inlining true, Optimization true, Expressions true, Deforming true
   Timing: Generation 6.970 ms, Inlining 286.959 ms, Optimization 564.337 ms, Emission 425.016 ms, Total 1283.282 ms
 Execution Time: 37146.889 ms
(46 rows)

