explain analyze SELECT t.id, t.primary_title, tg.genres, te.season_number, count(*) AS views
FROM title t
JOIN titleEpisode te ON te.parent_title_id = t.id
JOIN userHistory uh ON uh.title_id = te.title_id
JOIN users u ON u.id = uh.user_id
JOIN (
    SELECT tg.title_id, array_agg(g.name) AS genres
    FROM titleGenre tg
    JOIN genre g ON g.id = tg.genre_id
    GROUP BY tg.title_id
) tg ON tg.title_id = t.id
WHERE t.title_type = 'tvSeries'
    AND uh.last_seen BETWEEN NOW() - INTERVAL '30 days' AND NOW()
    AND te.season_number IS NOT NULL
    AND u.country_code NOT IN ('US', 'GB')
GROUP BY t.id, t.primary_title, tg.genres, te.season_number
ORDER BY count(*) DESC, t.id
LIMIT 100;
                                                                                                   QUERY PLAN                                                                                                    
-----------------------------------------------------------------------------------------------------------------------------------------------------------------------------------------------------------------
 Limit  (cost=1151181.76..1151182.01 rows=100 width=74) (actual time=21956.474..21956.643 rows=100 loops=1)
   ->  Sort  (cost=1151181.76..1151196.51 rows=5902 width=74) (actual time=21415.608..21415.769 rows=100 loops=1)
         Sort Key: (count(*)) DESC, t.id
         Sort Method: top-N heapsort  Memory: 41kB
         ->  GroupAggregate  (cost=119331.80..1150956.19 rows=5902 width=74) (actual time=6179.861..21413.264 rows=5809 loops=1)
               Group Key: t.id, (array_agg(g.name)), te.season_number
               ->  Nested Loop  (cost=119331.80..1150838.15 rows=5902 width=66) (actual time=6179.381..21408.179 rows=7128 loops=1)
                     ->  Gather Merge  (cost=119331.50..1144183.47 rows=5902 width=70) (actual time=6178.669..21265.699 rows=7193 loops=1)
                           Workers Planned: 2
                           Workers Launched: 2
                           ->  Incremental Sort  (cost=118331.48..1142502.21 rows=2459 width=70) (actual time=6155.519..20907.594 rows=2398 loops=3)
                                 Sort Key: t.id, (array_agg(g.name)), te.season_number
                                 Presorted Key: t.id
                                 Full-sort Groups: 76  Sort Method: quicksort  Average Memory: 29kB  Peak Memory: 29kB
                                 Worker 0:  Full-sort Groups: 74  Sort Method: quicksort  Average Memory: 29kB  Peak Memory: 29kB
                                 Worker 1:  Full-sort Groups: 75  Sort Method: quicksort  Average Memory: 29kB  Peak Memory: 29kB
                                 ->  Merge Join  (cost=117914.84..1142391.55 rows=2459 width=70) (actual time=6128.535..20903.109 rows=2398 loops=3)
                                       Merge Cond: ((te.parent_title_id)::text = (tg.title_id)::text)
                                       ->  Sort  (cost=117914.14..117914.17 rows=15 width=48) (actual time=6058.855..6060.984 rows=2483 loops=3)
                                             Sort Key: t.id
                                             Sort Method: quicksort  Memory: 351kB
                                             Worker 0:  Sort Method: quicksort  Memory: 343kB
                                             Worker 1:  Sort Method: quicksort  Memory: 347kB
                                             ->  Nested Loop  (cost=0.87..117913.84 rows=15 width=48) (actual time=245.363..6051.398 rows=2483 loops=3)
                                                   ->  Nested Loop  (cost=0.43..117576.48 rows=602 width=18) (actual time=243.667..4411.051 rows=2592 loops=3)
                                                         ->  Parallel Seq Scan on userhistory uh  (cost=0.00..111329.98 rows=756 width=14) (actual time=242.394..2251.035 rows=3611 loops=3)
                                                               Filter: ((last_seen <= now()) AND (last_seen >= (now() - '30 days'::interval)))
                                                               Rows Removed by Filter: 1997020
                                                         ->  Index Scan using titleepisode_pkey on titleepisode te  (cost=0.43..8.26 rows=1 width=24) (actual time=0.595..0.595 rows=1 loops=10832)
                                                               Index Cond: ((title_id)::text = (uh.title_id)::text)
                                                               Filter: (season_number IS NOT NULL)
                                                               Rows Removed by Filter: 0
                                                   ->  Index Scan using title_pkey on title t  (cost=0.43..0.56 rows=1 width=30) (actual time=0.629..0.629 rows=1 loops=7777)
                                                         Index Cond: ((id)::text = (te.parent_title_id)::text)
                                                         Filter: ((title_type)::text = 'tvSeries'::text)
                                                         Rows Removed by Filter: 0
                                       ->  GroupAggregate  (cost=0.71..967460.89 rows=4559349 width=42) (actual time=1.267..13845.599 rows=9375093 loops=3)
                                             Group Key: tg.title_id
                                             ->  Nested Loop  (cost=0.71..834474.73 rows=15198860 width=17) (actual time=1.235..7313.786 rows=15193863 loops=3)
                                                   ->  Index Only Scan using titlegenre_pkey on titlegenre tg  (cost=0.56..462079.46 rows=15198860 width=14) (actual time=1.142..2250.207 rows=15193863 loops=3)
                                                         Heap Fetches: 0
                                                   ->  Memoize  (cost=0.15..0.17 rows=1 width=11) (actual time=0.000..0.000 rows=1 loops=45581588)
                                                         Cache Key: tg.genre_id
                                                         Cache Mode: logical
                                                         Hits: 15197777  Misses: 28  Evictions: 0  Overflows: 0  Memory Usage: 4kB
                                                         Worker 0:  Hits: 15186028  Misses: 28  Evictions: 0  Overflows: 0  Memory Usage: 4kB
                                                         Worker 1:  Hits: 15197699  Misses: 28  Evictions: 0  Overflows: 0  Memory Usage: 4kB
                                                         ->  Index Scan using genre_pkey on genre g  (cost=0.14..0.16 rows=1 width=11) (actual time=0.004..0.004 rows=1 loops=84)
                                                               Index Cond: (id = tg.genre_id)
                     ->  Memoize  (cost=0.30..3.65 rows=1 width=4) (actual time=0.019..0.019 rows=1 loops=7193)
                           Cache Key: uh.user_id
                           Cache Mode: logical
                           Hits: 238  Misses: 6955  Evictions: 0  Overflows: 0  Memory Usage: 705kB
                           ->  Index Scan using users_pkey on users u  (cost=0.29..3.64 rows=1 width=4) (actual time=0.019..0.019 rows=1 loops=6955)
                                 Index Cond: (id = uh.user_id)
                                 Filter: ((country_code)::text <> ALL ('{US,GB}'::text[]))
                                 Rows Removed by Filter: 0
 Planning Time: 17.242 ms
 JIT:
   Functions: 120
   Options: Inlining true, Optimization true, Expressions true, Deforming true
   Timing: Generation 7.254 ms, Inlining 292.347 ms, Optimization 563.925 ms, Emission 410.794 ms, Total 1274.321 ms
 Execution Time: 22376.549 ms
(63 rows)

