explain analyze SELECT t.id, t.primary_title, tg.genres, te.season_number, count(*) AS views
FROM title t
JOIN titleEpisode te ON te.parent_title_id = t.id
JOIN userHistory uh ON uh.title_id = te.title_id
JOIN users u ON u.id = uh.user_id
JOIN (
    SELECT tg.title_id, array_agg(g.name) AS genres
    FROM titleGenre tg
    JOIN genre g ON g.id = tg.genre_id
    GROUP BY tg.title_id
) tg ON tg.title_id = t.id
WHERE t.title_type = 'tvSeries'
    AND uh.last_seen BETWEEN NOW() - INTERVAL '30 days' AND NOW()
    AND te.season_number IS NOT NULL
    AND u.country_code NOT IN ('US', 'GB')
GROUP BY t.id, t.primary_title, tg.genres, te.season_number
ORDER BY count(*) DESC, t.id
LIMIT 100;
                                                                                                   QUERY PLAN                                                                                                    
-----------------------------------------------------------------------------------------------------------------------------------------------------------------------------------------------------------------
 Limit  (cost=1173329.90..1173330.15 rows=100 width=74) (actual time=21782.712..21782.849 rows=100 loops=1)
   ->  Sort  (cost=1173329.90..1173386.38 rows=22595 width=74) (actual time=21238.199..21238.329 rows=100 loops=1)
         Sort Key: (count(*)) DESC, t.id
         Sort Method: top-N heapsort  Memory: 41kB
         ->  GroupAggregate  (cost=135896.73..1172466.33 rows=22595 width=74) (actual time=6254.211..21235.711 rows=5809 loops=1)
               Group Key: t.id, (array_agg(g.name)), te.season_number
               ->  Nested Loop  (cost=135896.73..1172014.43 rows=22595 width=66) (actual time=6253.683..21230.660 rows=7128 loops=1)
                     ->  Gather Merge  (cost=135896.43..1161097.32 rows=22756 width=70) (actual time=6252.906..21078.254 rows=7193 loops=1)
                           Workers Planned: 2
                           Workers Launched: 2
                           ->  Incremental Sort  (cost=134896.41..1157470.69 rows=9482 width=70) (actual time=6226.419..20675.037 rows=2398 loops=3)
                                 Sort Key: t.id, (array_agg(g.name)), te.season_number
                                 Presorted Key: t.id
                                 Full-sort Groups: 77  Sort Method: quicksort  Average Memory: 29kB  Peak Memory: 29kB
                                 Worker 0:  Full-sort Groups: 74  Sort Method: quicksort  Average Memory: 29kB  Peak Memory: 29kB
                                 Worker 1:  Full-sort Groups: 74  Sort Method: quicksort  Average Memory: 29kB  Peak Memory: 29kB
                                 ->  Merge Join  (cost=134788.59..1157044.00 rows=9482 width=70) (actual time=6202.684..20670.508 rows=2398 loops=3)
                                       Merge Cond: ((te.parent_title_id)::text = (tg.title_id)::text)
                                       ->  Sort  (cost=134787.88..134788.03 rows=59 width=48) (actual time=6129.501..6131.631 rows=2483 loops=3)
                                             Sort Key: t.id
                                             Sort Method: quicksort  Memory: 355kB
                                             Worker 0:  Sort Method: quicksort  Memory: 341kB
                                             Worker 1:  Sort Method: quicksort  Memory: 345kB
                                             ->  Nested Loop  (cost=0.87..134786.15 rows=59 width=48) (actual time=245.393..6121.854 rows=2483 loops=3)
                                                   ->  Nested Loop  (cost=0.43..133516.49 rows=2265 width=18) (actual time=243.911..4448.260 rows=2592 loops=3)
                                                         ->  Parallel Seq Scan on userhistory uh  (cost=0.00..111330.94 rows=2850 width=14) (actual time=242.504..2251.544 rows=3610 loops=3)
                                                               Filter: ((last_seen <= now()) AND (last_seen >= (now() - '30 days'::interval)))
                                                               Rows Removed by Filter: 1997020
                                                         ->  Index Scan using titleepisode_pkey on titleepisode te  (cost=0.43..7.78 rows=1 width=24) (actual time=0.605..0.605 rows=1 loops=10831)
                                                               Index Cond: ((title_id)::text = (uh.title_id)::text)
                                                               Filter: (season_number IS NOT NULL)
                                                               Rows Removed by Filter: 0
                                                   ->  Index Scan using title_pkey on title t  (cost=0.43..0.56 rows=1 width=30) (actual time=0.642..0.642 rows=1 loops=7777)
                                                         Index Cond: ((id)::text = (te.parent_title_id)::text)
                                                         Filter: ((title_type)::text = 'tvSeries'::text)
                                                         Rows Removed by Filter: 0
                                       ->  GroupAggregate  (cost=0.71..966305.89 rows=4468431 width=42) (actual time=1.874..13551.798 rows=9377274 loops=3)
                                             Group Key: tg.title_id
                                             ->  Nested Loop  (cost=0.71..834458.28 rows=15198444 width=17) (actual time=1.844..7233.314 rows=15197355 loops=3)
                                                   ->  Index Only Scan using titlegenre_pkey on titlegenre tg  (cost=0.56..462073.22 rows=15198444 width=14) (actual time=1.757..2514.247 rows=15197355 loops=3)
                                                         Heap Fetches: 0
                                                   ->  Memoize  (cost=0.15..0.17 rows=1 width=11) (actual time=0.000..0.000 rows=1 loops=45592064)
                                                         Cache Key: tg.genre_id
                                                         Cache Mode: logical
                                                         Hits: 15196504  Misses: 28  Evictions: 0  Overflows: 0  Memory Usage: 4kB
                                                         Worker 0:  Hits: 15197699  Misses: 28  Evictions: 0  Overflows: 0  Memory Usage: 4kB
                                                         Worker 1:  Hits: 15197777  Misses: 28  Evictions: 0  Overflows: 0  Memory Usage: 4kB
                                                         ->  Index Scan using genre_pkey on genre g  (cost=0.14..0.16 rows=1 width=11) (actual time=0.004..0.004 rows=1 loops=84)
                                                               Index Cond: (id = tg.genre_id)
                     ->  Memoize  (cost=0.30..1.61 rows=1 width=4) (actual time=0.021..0.021 rows=1 loops=7193)
                           Cache Key: uh.user_id
                           Cache Mode: logical
                           Hits: 238  Misses: 6955  Evictions: 0  Overflows: 0  Memory Usage: 705kB
                           ->  Index Scan using users_pkey on users u  (cost=0.29..1.60 rows=1 width=4) (actual time=0.020..0.020 rows=1 loops=6955)
                                 Index Cond: (id = uh.user_id)
                                 Filter: ((country_code)::text <> ALL ('{US,GB}'::text[]))
                                 Rows Removed by Filter: 0
 Planning Time: 17.484 ms
 JIT:
   Functions: 120
   Options: Inlining true, Optimization true, Expressions true, Deforming true
   Timing: Generation 7.179 ms, Inlining 293.098 ms, Optimization 562.244 ms, Emission 416.218 ms, Total 1278.740 ms
 Execution Time: 22235.015 ms
(63 rows)

