explain analyze SELECT n.id,
    n.primary_name,
    date_part('year', NOW())::int - n.birth_year AS age,
    count(*) AS roles
FROM name n
JOIN titlePrincipals tp ON tp.name_id = n.id
JOIN titlePrincipalsCharacters tpc ON tpc.title_id = tp.title_id
    AND tpc.name_id = tp.name_id
JOIN category c ON c.id = tp.category_id
JOIN title t ON t.id = tp.title_id
WHERE t.start_year >= date_part('year', NOW())::int - 10
    AND c.name = 'actress'
    AND n.death_year IS NULL
    AND t.title_type IN (
        'movie', 'tvSeries', 'tvMiniSeries', 'tvMovie'
    )
GROUP BY n.id
ORDER BY roles DESC
LIMIT 100;
                                                                                                        QUERY PLAN                                                                                                         
---------------------------------------------------------------------------------------------------------------------------------------------------------------------------------------------------------------------------
 Limit  (cost=1210848.71..1210848.76 rows=17 width=36) (actual time=35561.010..35645.113 rows=100 loops=1)
   ->  Sort  (cost=1210848.71..1210848.76 rows=17 width=36) (actual time=35053.344..35137.438 rows=100 loops=1)
         Sort Key: (count(*)) DESC
         Sort Method: top-N heapsort  Memory: 38kB
         ->  Finalize GroupAggregate  (cost=1210846.22..1210848.37 rows=17 width=36) (actual time=34764.592..35095.895 rows=183837 loops=1)
               Group Key: n.id
               ->  Gather Merge  (cost=1210846.22..1210847.96 rows=14 width=36) (actual time=34764.568..34995.566 rows=250726 loops=1)
                     Workers Planned: 2
                     Workers Launched: 2
                     ->  Partial GroupAggregate  (cost=1209846.19..1209846.32 rows=7 width=36) (actual time=34738.608..34830.187 rows=83575 loops=3)
                           Group Key: n.id
                           ->  Sort  (cost=1209846.19..1209846.21 rows=7 width=28) (actual time=34738.552..34781.662 rows=132116 loops=3)
                                 Sort Key: n.id
                                 Sort Method: external merge  Disk: 4880kB
                                 Worker 0:  Sort Method: external merge  Disk: 4712kB
                                 Worker 1:  Sort Method: external merge  Disk: 4728kB
                                 ->  Nested Loop  (cost=234400.74..1209846.10 rows=7 width=28) (actual time=11516.798..34523.308 rows=132116 loops=3)
                                       ->  Nested Loop  (cost=234400.18..1209828.08 rows=8 width=20) (actual time=11514.893..23048.398 rows=132656 loops=3)
                                             ->  Parallel Hash Join  (cost=234399.62..1044934.04 rows=89338 width=30) (actual time=11513.107..12135.797 rows=149480 loops=3)
                                                   Hash Cond: ((tp.title_id)::text = (t.id)::text)
                                                   ->  Hash Join  (cost=1.16..781764.71 rows=1941667 width=20) (actual time=0.563..7855.228 rows=3185892 loops=3)
                                                         Hash Cond: (tp.category_id = c.id)
                                                         ->  Parallel Seq Scan on titleprincipals tp  (cost=0.00..699000.00 rows=23300000 width=24) (actual time=0.430..5862.581 rows=18639969 loops=3)
                                                         ->  Hash  (cost=1.15..1.15 rows=1 width=4) (actual time=0.064..0.066 rows=1 loops=3)
                                                               Buckets: 1024  Batches: 1  Memory Usage: 9kB
                                                               ->  Seq Scan on category c  (cost=0.00..1.15 rows=1 width=4) (actual time=0.048..0.049 rows=1 loops=3)
                                                                     Filter: ((name)::text = 'actress'::text)
                                                                     Rows Removed by Filter: 11
                                                   ->  Parallel Hash  (cost=231124.91..231124.91 rows=188284 width=10) (actual time=2786.168..2786.170 rows=117416 loops=3)
                                                         Buckets: 131072  Batches: 8  Memory Usage: 3136kB
                                                         ->  Parallel Seq Scan on title t  (cost=0.00..231124.91 rows=188284 width=10) (actual time=260.502..2745.135 rows=117416 loops=3)
                                                               Filter: (((title_type)::text = ANY ('{movie,tvSeries,tvMiniSeries,tvMovie}'::text[])) AND (start_year >= ((date_part('year'::text, now()))::integer - 10)))
                                                               Rows Removed by Filter: 3156125
                                             ->  Index Only Scan using titleprincipalscharacters_pkey on titleprincipalscharacters tpc  (cost=0.56..1.84 rows=1 width=20) (actual time=0.072..0.072 rows=1 loops=448441)
                                                   Index Cond: ((title_id = (tp.title_id)::text) AND (name_id = (tp.name_id)::text))
                                                   Heap Fetches: 0
                                       ->  Index Scan using name_pkey on name n  (cost=0.56..2.25 rows=1 width=28) (actual time=0.086..0.086 rows=1 loops=397968)
                                             Index Cond: ((id)::text = (tp.name_id)::text)
                                             Filter: (death_year IS NULL)
                                             Rows Removed by Filter: 0
 Planning Time: 18.890 ms
 JIT:
   Functions: 115
   Options: Inlining true, Optimization true, Expressions true, Deforming true
   Timing: Generation 6.948 ms, Inlining 288.004 ms, Optimization 554.387 ms, Emission 418.222 ms, Total 1267.561 ms
 Execution Time: 36024.438 ms
(46 rows)

