explain analyze SELECT n.id,
    n.primary_name,
    date_part('year', NOW())::int - n.birth_year AS age,
    count(*) AS roles
FROM name n
JOIN titlePrincipals tp ON tp.name_id = n.id
JOIN titlePrincipalsCharacters tpc ON tpc.title_id = tp.title_id
    AND tpc.name_id = tp.name_id
JOIN category c ON c.id = tp.category_id
JOIN title t ON t.id = tp.title_id
WHERE t.start_year >= date_part('year', NOW())::int - 10
    AND c.name = 'actress'
    AND n.death_year IS NULL
    AND t.title_type IN (
        'movie', 'tvSeries', 'tvMiniSeries', 'tvMovie'
    )
GROUP BY n.id
ORDER BY roles DESC
LIMIT 100;
                                                                                                        QUERY PLAN                                                                                                         
---------------------------------------------------------------------------------------------------------------------------------------------------------------------------------------------------------------------------
 Limit  (cost=1210057.00..1210057.02 rows=10 width=36) (actual time=34990.430..35063.010 rows=100 loops=1)
   ->  Sort  (cost=1210057.00..1210057.02 rows=10 width=36) (actual time=34480.105..34552.677 rows=100 loops=1)
         Sort Key: (count(*)) DESC
         Sort Method: top-N heapsort  Memory: 38kB
         ->  Finalize GroupAggregate  (cost=1210055.60..1210056.83 rows=10 width=36) (actual time=34208.129..34512.794 rows=183837 loops=1)
               Group Key: n.id
               ->  Gather Merge  (cost=1210055.60..1210056.59 rows=8 width=36) (actual time=34208.087..34417.571 rows=250540 loops=1)
                     Workers Planned: 2
                     Workers Launched: 2
                     ->  Partial GroupAggregate  (cost=1209055.58..1209055.65 rows=4 width=36) (actual time=34184.633..34259.046 rows=83513 loops=3)
                           Group Key: n.id
                           ->  Sort  (cost=1209055.58..1209055.59 rows=4 width=28) (actual time=34184.581..34220.088 rows=132116 loops=3)
                                 Sort Key: n.id
                                 Sort Method: external merge  Disk: 4792kB
                                 Worker 0:  Sort Method: external merge  Disk: 4752kB
                                 Worker 1:  Sort Method: external merge  Disk: 4776kB
                                 ->  Nested Loop  (cost=234378.09..1209055.54 rows=4 width=28) (actual time=11426.033..33989.036 rows=132116 loops=3)
                                       ->  Nested Loop  (cost=234377.53..1209046.53 rows=4 width=20) (actual time=11424.331..22890.049 rows=132656 loops=3)
                                             ->  Parallel Hash Join  (cost=234376.97..1044907.39 rows=88929 width=30) (actual time=11422.989..12058.629 rows=149480 loops=3)
                                                   Hash Cond: ((tp.title_id)::text = (t.id)::text)
                                                   ->  Hash Join  (cost=1.16..781764.71 rows=1941667 width=20) (actual time=0.760..7732.073 rows=3185892 loops=3)
                                                         Hash Cond: (tp.category_id = c.id)
                                                         ->  Parallel Seq Scan on titleprincipals tp  (cost=0.00..699000.00 rows=23300000 width=24) (actual time=0.623..5762.258 rows=18639969 loops=3)
                                                         ->  Hash  (cost=1.15..1.15 rows=1 width=4) (actual time=0.064..0.065 rows=1 loops=3)
                                                               Buckets: 1024  Batches: 1  Memory Usage: 9kB
                                                               ->  Seq Scan on category c  (cost=0.00..1.15 rows=1 width=4) (actual time=0.056..0.057 rows=1 loops=3)
                                                                     Filter: ((name)::text = 'actress'::text)
                                                                     Rows Removed by Filter: 11
                                                   ->  Parallel Hash  (cost=231117.21..231117.21 rows=187408 width=10) (actual time=2824.807..2824.808 rows=117416 loops=3)
                                                         Buckets: 131072  Batches: 8  Memory Usage: 3136kB
                                                         ->  Parallel Seq Scan on title t  (cost=0.00..231117.21 rows=187408 width=10) (actual time=249.042..2780.923 rows=117416 loops=3)
                                                               Filter: (((title_type)::text = ANY ('{movie,tvSeries,tvMiniSeries,tvMovie}'::text[])) AND (start_year >= ((date_part('year'::text, now()))::integer - 10)))
                                                               Rows Removed by Filter: 3156125
                                             ->  Index Only Scan using titleprincipalscharacters_pkey on titleprincipalscharacters tpc  (cost=0.56..1.84 rows=1 width=20) (actual time=0.072..0.072 rows=1 loops=448441)
                                                   Index Cond: ((title_id = (tp.title_id)::text) AND (name_id = (tp.name_id)::text))
                                                   Heap Fetches: 0
                                       ->  Index Scan using name_pkey on name n  (cost=0.56..2.25 rows=1 width=28) (actual time=0.083..0.083 rows=1 loops=397968)
                                             Index Cond: ((id)::text = (tp.name_id)::text)
                                             Filter: (death_year IS NULL)
                                             Rows Removed by Filter: 0
 Planning Time: 21.723 ms
 JIT:
   Functions: 115
   Options: Inlining true, Optimization true, Expressions true, Deforming true
   Timing: Generation 6.859 ms, Inlining 271.809 ms, Optimization 546.062 ms, Emission 420.475 ms, Total 1245.205 ms
 Execution Time: 35430.567 ms
(46 rows)

