explain analyze SELECT t.id, t.primary_title, tg.genres, te.season_number, count(*) AS views
FROM title t
JOIN titleEpisode te ON te.parent_title_id = t.id
JOIN title t2 ON t2.id = te.title_id
JOIN userHistory uh ON uh.title_id = t2.id
JOIN users u ON u.id = uh.user_id
JOIN (
    SELECT tg.title_id, array_agg(g.name) AS genres
    FROM titleGenre tg
    JOIN genre g ON g.id = tg.genre_id
    GROUP BY tg.title_id
) tg ON tg.title_id = t.id
WHERE t.title_type = 'tvSeries'
    AND uh.last_seen BETWEEN NOW() - INTERVAL '30 days' AND NOW()
    AND te.season_number IS NOT NULL
    AND u.country_code NOT IN ('US', 'GB')
GROUP BY t.id, t.primary_title, tg.genres, te.season_number
ORDER BY count(*) DESC, t.id
LIMIT 100;
                                                                                                   QUERY PLAN                                                                                                    
-----------------------------------------------------------------------------------------------------------------------------------------------------------------------------------------------------------------
 Limit  (cost=1150522.85..1150523.10 rows=100 width=74) (actual time=21423.628..21423.774 rows=100 loops=1)
   ->  Sort  (cost=1150522.85..1150540.38 rows=7011 width=74) (actual time=20891.211..20891.350 rows=100 loops=1)
         Sort Key: (count(*)) DESC, t.id
         Sort Method: top-N heapsort  Memory: 41kB
         ->  GroupAggregate  (cost=118793.29..1150254.89 rows=7011 width=74) (actual time=6212.705..20888.953 rows=5783 loops=1)
               Group Key: t.id, (array_agg(g.name)), te.season_number
               ->  Nested Loop  (cost=118793.29..1150114.67 rows=7011 width=66) (actual time=6212.306..20884.383 rows=7091 loops=1)
                     ->  Gather Merge  (cost=118792.98..1141573.06 rows=7011 width=70) (actual time=6211.652..20760.259 rows=7156 loops=1)
                           Workers Planned: 2
                           Workers Launched: 2
                           ->  Incremental Sort  (cost=117792.96..1139763.79 rows=2921 width=70) (actual time=6187.112..20396.423 rows=2385 loops=3)
                                 Sort Key: t.id, (array_agg(g.name)), te.season_number
                                 Presorted Key: t.id
                                 Full-sort Groups: 78  Sort Method: quicksort  Average Memory: 29kB  Peak Memory: 29kB
                                 Worker 0:  Full-sort Groups: 73  Sort Method: quicksort  Average Memory: 29kB  Peak Memory: 29kB
                                 Worker 1:  Full-sort Groups: 73  Sort Method: quicksort  Average Memory: 29kB  Peak Memory: 29kB
                                 ->  Merge Join  (cost=117443.00..1139632.35 rows=2921 width=70) (actual time=6164.724..20392.319 rows=2385 loops=3)
                                       Merge Cond: ((te.parent_title_id)::text = (tg.title_id)::text)
                                       ->  Sort  (cost=117442.30..117442.34 rows=18 width=48) (actual time=6094.878..6096.768 rows=2471 loops=3)
                                             Sort Key: t.id
                                             Sort Method: quicksort  Memory: 357kB
                                             Worker 0:  Sort Method: quicksort  Memory: 340kB
                                             Worker 1:  Sort Method: quicksort  Memory: 340kB
                                             ->  Nested Loop  (cost=1.30..117441.92 rows=18 width=48) (actual time=247.670..6088.344 rows=2471 loops=3)
                                                   ->  Nested Loop  (cost=0.87..117040.69 rows=715 width=18) (actual time=246.755..4884.616 rows=2579 loops=3)
                                                         ->  Nested Loop  (cost=0.43..116464.43 rows=1192 width=24) (actual time=245.670..3165.495 rows=3595 loops=3)
                                                               ->  Parallel Seq Scan on userhistory uh  (cost=0.00..111330.38 rows=1192 width=14) (actual time=244.789..1948.322 rows=3595 loops=3)
                                                                     Filter: ((last_seen <= now()) AND (last_seen >= (now() - '30 days'::interval)))
                                                                     Rows Removed by Filter: 1997036
                                                               ->  Index Only Scan using title_pkey on title t2  (cost=0.43..4.31 rows=1 width=10) (actual time=0.336..0.336 rows=1 loops=10785)
                                                                     Index Cond: (id = (uh.title_id)::text)
                                                                     Heap Fetches: 0
                                                         ->  Index Scan using titleepisode_pkey on titleepisode te  (cost=0.43..0.48 rows=1 width=24) (actual time=0.476..0.476 rows=1 loops=10785)
                                                               Index Cond: ((title_id)::text = (t2.id)::text)
                                                               Filter: (season_number IS NOT NULL)
                                                               Rows Removed by Filter: 0
                                                   ->  Index Scan using title_pkey on title t  (cost=0.43..0.56 rows=1 width=30) (actual time=0.464..0.464 rows=1 loops=7738)
                                                         Index Cond: ((id)::text = (te.parent_title_id)::text)
                                                         Filter: ((title_type)::text = 'tvSeries'::text)
                                                         Rows Removed by Filter: 0
                                       ->  GroupAggregate  (cost=0.71..966305.89 rows=4468431 width=42) (actual time=1.512..13363.903 rows=9373934 loops=3)
                                             Group Key: tg.title_id
                                             ->  Nested Loop  (cost=0.71..834458.28 rows=15198444 width=17) (actual time=1.475..7185.990 rows=15192045 loops=3)
                                                   ->  Index Only Scan using titlegenre_pkey on titlegenre tg  (cost=0.56..462073.22 rows=15198444 width=14) (actual time=1.385..2529.492 rows=15192045 loops=3)
                                                         Heap Fetches: 0
                                                   ->  Memoize  (cost=0.15..0.17 rows=1 width=11) (actual time=0.000..0.000 rows=1 loops=45576135)
                                                         Cache Key: tg.genre_id
                                                         Cache Mode: logical
                                                         Hits: 15180575  Misses: 28  Evictions: 0  Overflows: 0  Memory Usage: 4kB
                                                         Worker 0:  Hits: 15197699  Misses: 28  Evictions: 0  Overflows: 0  Memory Usage: 4kB
                                                         Worker 1:  Hits: 15197777  Misses: 28  Evictions: 0  Overflows: 0  Memory Usage: 4kB
                                                         ->  Index Scan using genre_pkey on genre g  (cost=0.14..0.16 rows=1 width=11) (actual time=0.004..0.004 rows=1 loops=84)
                                                               Index Cond: (id = tg.genre_id)
                     ->  Memoize  (cost=0.30..3.00 rows=1 width=4) (actual time=0.017..0.017 rows=1 loops=7156)
                           Cache Key: uh.user_id
                           Cache Mode: logical
                           Hits: 237  Misses: 6919  Evictions: 0  Overflows: 0  Memory Usage: 701kB
                           ->  Index Scan using users_pkey on users u  (cost=0.29..2.99 rows=1 width=4) (actual time=0.016..0.016 rows=1 loops=6919)
                                 Index Cond: (id = uh.user_id)
                                 Filter: ((country_code)::text <> ALL ('{US,GB}'::text[]))
                                 Rows Removed by Filter: 0
 Planning Time: 15.097 ms
 JIT:
   Functions: 129
   Options: Inlining true, Optimization true, Expressions true, Deforming true
   Timing: Generation 7.246 ms, Inlining 278.101 ms, Optimization 569.735 ms, Emission 418.303 ms, Total 1273.384 ms
 Execution Time: 21792.571 ms
(67 rows)

