explain analyze SELECT t.id, t.primary_title, tg.genres, te.season_number, count(*) AS views
FROM title t
JOIN titleEpisode te ON te.parent_title_id = t.id
JOIN userHistory uh ON uh.title_id = te.title_id
JOIN users u ON u.id = uh.user_id
JOIN (
    SELECT tg.title_id, array_agg(g.name) AS genres
    FROM titleGenre tg
    JOIN genre g ON g.id = tg.genre_id
    GROUP BY tg.title_id
) tg ON tg.title_id = t.id
WHERE t.title_type = 'tvSeries'
    AND uh.last_seen BETWEEN NOW() - INTERVAL '30 days' AND NOW()
    AND te.season_number IS NOT NULL
    AND u.country_code NOT IN ('US', 'GB')
GROUP BY t.id, t.primary_title, tg.genres, te.season_number
ORDER BY count(*) DESC, t.id
LIMIT 100;
                                                                                                   QUERY PLAN                                                                                                    
-----------------------------------------------------------------------------------------------------------------------------------------------------------------------------------------------------------------
 Limit  (cost=1160649.29..1160649.54 rows=100 width=74) (actual time=20411.909..20412.048 rows=100 loops=1)
   ->  Sort  (cost=1160649.29..1160696.62 rows=18931 width=74) (actual time=19896.386..19896.518 rows=100 loops=1)
         Sort Key: (count(*)) DESC, t.id
         Sort Method: top-N heapsort  Memory: 41kB
         ->  GroupAggregate  (cost=135959.76..1159925.76 rows=18931 width=74) (actual time=5139.676..19894.047 rows=5779 loops=1)
               Group Key: t.id, (array_agg(g.name)), te.season_number
               ->  Nested Loop  (cost=135959.76..1159547.14 rows=18931 width=66) (actual time=5139.221..19889.296 rows=7087 loops=1)
                     ->  Gather Merge  (cost=135959.45..1148713.21 rows=19076 width=70) (actual time=5138.483..19759.812 rows=7152 loops=1)
                           Workers Planned: 2
                           Workers Launched: 2
                           ->  Incremental Sort  (cost=134959.43..1145511.34 rows=7948 width=70) (actual time=5116.400..19282.257 rows=2384 loops=3)
                                 Sort Key: t.id, (array_agg(g.name)), te.season_number
                                 Presorted Key: t.id
                                 Full-sort Groups: 78  Sort Method: quicksort  Average Memory: 29kB  Peak Memory: 29kB
                                 Worker 0:  Full-sort Groups: 72  Sort Method: quicksort  Average Memory: 29kB  Peak Memory: 29kB
                                 Worker 1:  Full-sort Groups: 74  Sort Method: quicksort  Average Memory: 29kB  Peak Memory: 29kB
                                 ->  Merge Join  (cost=134832.30..1145153.68 rows=7948 width=70) (actual time=5091.206..19278.197 rows=2384 loops=3)
                                       Merge Cond: ((te.parent_title_id)::text = (tg.title_id)::text)
                                       ->  Sort  (cost=134831.60..134831.73 rows=55 width=48) (actual time=5026.375..5028.180 rows=2470 loops=3)
                                             Sort Key: t.id
                                             Sort Method: quicksort  Memory: 357kB
                                             Worker 0:  Sort Method: quicksort  Memory: 339kB
                                             Worker 1:  Sort Method: quicksort  Memory: 341kB
                                             ->  Nested Loop  (cost=0.87..134830.01 rows=55 width=48) (actual time=237.520..5020.086 rows=2470 loops=3)
                                                   ->  Nested Loop  (cost=0.43..133558.40 rows=2268 width=18) (actual time=236.398..3672.790 rows=2578 loops=3)
                                                         ->  Parallel Seq Scan on userhistory uh  (cost=0.00..111330.31 rows=2856 width=14) (actual time=235.289..1911.313 rows=3594 loops=3)
                                                               Filter: ((last_seen <= now()) AND (last_seen >= (now() - '30 days'::interval)))
                                                               Rows Removed by Filter: 1997037
                                                         ->  Index Scan using titleepisode_pkey on titleepisode te  (cost=0.43..7.78 rows=1 width=24) (actual time=0.487..0.487 rows=1 loops=10781)
                                                               Index Cond: ((title_id)::text = (uh.title_id)::text)
                                                               Filter: (season_number IS NOT NULL)
                                                               Rows Removed by Filter: 0
                                                   ->  Index Scan using title_pkey on title t  (cost=0.43..0.56 rows=1 width=30) (actual time=0.520..0.520 rows=1 loops=7734)
                                                         Index Cond: ((id)::text = (te.parent_title_id)::text)
                                                         Filter: ((title_type)::text = 'tvSeries'::text)
                                                         Rows Removed by Filter: 0
                                       ->  GroupAggregate  (cost=0.71..960355.68 rows=3990932 width=42) (actual time=1.506..13278.326 rows=9372294 loops=3)
                                             Group Key: tg.title_id
                                             ->  Nested Loop  (cost=0.71..834474.73 rows=15198860 width=17) (actual time=1.474..7051.269 rows=15189456 loops=3)
                                                   ->  Index Only Scan using titlegenre_pkey on titlegenre tg  (cost=0.56..462079.46 rows=15198860 width=14) (actual time=1.405..2317.520 rows=15189456 loops=3)
                                                         Heap Fetches: 0
                                                   ->  Memoize  (cost=0.15..0.17 rows=1 width=11) (actual time=0.000..0.000 rows=1 loops=45568368)
                                                         Cache Key: tg.genre_id
                                                         Cache Mode: logical
                                                         Hits: 15186028  Misses: 28  Evictions: 0  Overflows: 0  Memory Usage: 4kB
                                                         Worker 0:  Hits: 15184479  Misses: 28  Evictions: 0  Overflows: 0  Memory Usage: 4kB
                                                         Worker 1:  Hits: 15197777  Misses: 28  Evictions: 0  Overflows: 0  Memory Usage: 4kB
                                                         ->  Index Scan using genre_pkey on genre g  (cost=0.14..0.16 rows=1 width=11) (actual time=0.003..0.003 rows=1 loops=84)
                                                               Index Cond: (id = tg.genre_id)
                     ->  Memoize  (cost=0.30..1.61 rows=1 width=4) (actual time=0.018..0.018 rows=1 loops=7152)
                           Cache Key: uh.user_id
                           Cache Mode: logical
                           Hits: 237  Misses: 6915  Evictions: 0  Overflows: 0  Memory Usage: 701kB
                           ->  Index Scan using users_pkey on users u  (cost=0.29..1.60 rows=1 width=4) (actual time=0.017..0.017 rows=1 loops=6915)
                                 Index Cond: (id = uh.user_id)
                                 Filter: ((country_code)::text <> ALL ('{US,GB}'::text[]))
                                 Rows Removed by Filter: 0
 Planning Time: 14.175 ms
 JIT:
   Functions: 120
   Options: Inlining true, Optimization true, Expressions true, Deforming true
   Timing: Generation 7.043 ms, Inlining 279.306 ms, Optimization 545.372 ms, Emission 396.142 ms, Total 1227.863 ms
 Execution Time: 20756.121 ms
(63 rows)

