explain analyze SELECT t.id, t.primary_title, tg.genres, te.season_number, count(*) AS views
FROM title t
JOIN titleEpisode te ON te.parent_title_id = t.id
JOIN title t2 ON t2.id = te.title_id
JOIN userHistory uh ON uh.title_id = t2.id
JOIN users u ON u.id = uh.user_id
JOIN (
    SELECT tg.title_id, array_agg(g.name) AS genres
    FROM titleGenre tg
    JOIN genre g ON g.id = tg.genre_id
    GROUP BY tg.title_id
) tg ON tg.title_id = t.id
WHERE t.title_type = 'tvSeries'
    AND uh.last_seen BETWEEN NOW() - INTERVAL '30 days' AND NOW()
    AND te.season_number IS NOT NULL
    AND u.country_code NOT IN ('US', 'GB')
GROUP BY t.id, t.primary_title, tg.genres, te.season_number
ORDER BY count(*) DESC, t.id
LIMIT 100;
                                                                                                   QUERY PLAN                                                                                                    
-----------------------------------------------------------------------------------------------------------------------------------------------------------------------------------------------------------------
 Limit  (cost=1158188.26..1158188.51 rows=100 width=74) (actual time=22226.469..22226.612 rows=100 loops=1)
   ->  Sort  (cost=1158188.26..1158228.85 rows=16234 width=74) (actual time=21680.210..21680.346 rows=100 loops=1)
         Sort Key: (count(*)) DESC, t.id
         Sort Method: top-N heapsort  Memory: 41kB
         ->  GroupAggregate  (cost=126504.14..1157567.81 rows=16234 width=74) (actual time=6560.322..21677.777 rows=5783 loops=1)
               Group Key: t.id, (array_agg(g.name)), te.season_number
               ->  Nested Loop  (cost=126504.14..1157243.13 rows=16234 width=66) (actual time=6559.766..21672.895 rows=7091 loops=1)
                     ->  Gather Merge  (cost=126503.84..1146499.64 rows=16387 width=70) (actual time=6558.954..21530.586 rows=7156 loops=1)
                           Workers Planned: 2
                           Workers Launched: 2
                           ->  Incremental Sort  (cost=125503.82..1143608.15 rows=6828 width=70) (actual time=6537.192..21054.770 rows=2385 loops=3)
                                 Sort Key: t.id, (array_agg(g.name)), te.season_number
                                 Presorted Key: t.id
                                 Full-sort Groups: 76  Sort Method: quicksort  Average Memory: 30kB  Peak Memory: 30kB
                                 Worker 0:  Full-sort Groups: 72  Sort Method: quicksort  Average Memory: 30kB  Peak Memory: 30kB
                                 Worker 1:  Full-sort Groups: 75  Sort Method: quicksort  Average Memory: 29kB  Peak Memory: 29kB
                                 ->  Merge Join  (cost=125354.72..1143300.89 rows=6828 width=70) (actual time=6513.720..21050.756 rows=2385 loops=3)
                                       Merge Cond: ((te.parent_title_id)::text = (tg.title_id)::text)
                                       ->  Sort  (cost=125354.01..125354.13 rows=45 width=48) (actual time=6441.617..6443.493 rows=2471 loops=3)
                                             Sort Key: t.id
                                             Sort Method: quicksort  Memory: 352kB
                                             Worker 0:  Sort Method: quicksort  Memory: 335kB
                                             Worker 1:  Sort Method: quicksort  Memory: 350kB
                                             ->  Nested Loop  (cost=1.30..125352.78 rows=45 width=48) (actual time=257.057..6434.649 rows=2471 loops=3)
                                                   ->  Nested Loop  (cost=0.87..124391.67 rows=1715 width=18) (actual time=256.045..5139.286 rows=2579 loops=3)
                                                         ->  Nested Loop  (cost=0.43..123020.51 rows=2836 width=24) (actual time=254.736..3288.995 rows=3595 loops=3)
                                                               ->  Parallel Seq Scan on userhistory uh  (cost=0.00..111328.27 rows=2836 width=14) (actual time=253.729..1991.569 rows=3595 loops=3)
                                                                     Filter: ((last_seen <= now()) AND (last_seen >= (now() - '30 days'::interval)))
                                                                     Rows Removed by Filter: 1997036
                                                               ->  Index Only Scan using title_pkey on title t2  (cost=0.43..4.12 rows=1 width=10) (actual time=0.358..0.358 rows=1 loops=10785)
                                                                     Index Cond: (id = (uh.title_id)::text)
                                                                     Heap Fetches: 0
                                                         ->  Index Scan using titleepisode_pkey on titleepisode te  (cost=0.43..0.48 rows=1 width=24) (actual time=0.512..0.512 rows=1 loops=10785)
                                                               Index Cond: ((title_id)::text = (t2.id)::text)
                                                               Filter: (season_number IS NOT NULL)
                                                               Rows Removed by Filter: 0
                                                   ->  Index Scan using title_pkey on title t  (cost=0.43..0.56 rows=1 width=30) (actual time=0.499..0.499 rows=1 loops=7738)
                                                         Index Cond: ((id)::text = (te.parent_title_id)::text)
                                                         Filter: ((title_type)::text = 'tvSeries'::text)
                                                         Rows Removed by Filter: 0
                                       ->  GroupAggregate  (cost=0.71..964164.12 rows=4297089 width=42) (actual time=1.072..13513.118 rows=9373934 loops=3)
                                             Group Key: tg.title_id
                                             ->  Nested Loop  (cost=0.71..834458.28 rows=15198444 width=17) (actual time=1.034..7196.372 rows=15192045 loops=3)
                                                   ->  Index Only Scan using titlegenre_pkey on titlegenre tg  (cost=0.56..462073.22 rows=15198444 width=14) (actual time=0.959..2394.377 rows=15192045 loops=3)
                                                         Heap Fetches: 0
                                                   ->  Memoize  (cost=0.15..0.17 rows=1 width=11) (actual time=0.000..0.000 rows=1 loops=45576135)
                                                         Cache Key: tg.genre_id
                                                         Cache Mode: logical
                                                         Hits: 15197777  Misses: 28  Evictions: 0  Overflows: 0  Memory Usage: 4kB
                                                         Worker 0:  Hits: 15197699  Misses: 28  Evictions: 0  Overflows: 0  Memory Usage: 4kB
                                                         Worker 1:  Hits: 15180575  Misses: 28  Evictions: 0  Overflows: 0  Memory Usage: 4kB
                                                         ->  Index Scan using genre_pkey on genre g  (cost=0.14..0.16 rows=1 width=11) (actual time=0.004..0.004 rows=1 loops=84)
                                                               Index Cond: (id = tg.genre_id)
                     ->  Memoize  (cost=0.30..1.62 rows=1 width=4) (actual time=0.019..0.019 rows=1 loops=7156)
                           Cache Key: uh.user_id
                           Cache Mode: logical
                           Hits: 237  Misses: 6919  Evictions: 0  Overflows: 0  Memory Usage: 701kB
                           ->  Index Scan using users_pkey on users u  (cost=0.29..1.61 rows=1 width=4) (actual time=0.019..0.019 rows=1 loops=6919)
                                 Index Cond: (id = uh.user_id)
                                 Filter: ((country_code)::text <> ALL ('{US,GB}'::text[]))
                                 Rows Removed by Filter: 0
 Planning Time: 16.160 ms
 JIT:
   Functions: 129
   Options: Inlining true, Optimization true, Expressions true, Deforming true
   Timing: Generation 7.270 ms, Inlining 287.298 ms, Optimization 593.583 ms, Emission 426.832 ms, Total 1314.984 ms
 Execution Time: 22586.991 ms
(67 rows)

