explain analyze SELECT n.id,
    n.primary_name,
    date_part('year', NOW())::int - n.birth_year AS age,
    count(*) AS roles
FROM name n
JOIN titlePrincipals tp ON tp.name_id = n.id
JOIN titlePrincipalsCharacters tpc ON tpc.title_id = tp.title_id
    AND tpc.name_id = tp.name_id
JOIN category c ON c.id = tp.category_id
JOIN title t ON t.id = tp.title_id
LEFT JOIN titleEpisode te ON te.title_id = tp.title_id
WHERE t.start_year >= date_part('year', NOW())::int - 10
    AND c.name = 'actress'
    AND n.death_year IS NULL
    AND t.title_type IN (
        'movie', 'tvSeries', 'tvMiniSeries', 'tvMovie'
    )
    AND te.title_id IS NULL
GROUP BY n.id
ORDER BY roles DESC
LIMIT 100;
                                                                                               QUERY PLAN                                                                                               
--------------------------------------------------------------------------------------------------------------------------------------------------------------------------------------------------------
 Limit  (cost=971329.14..971329.15 rows=1 width=36) (actual time=167372.604..167508.240 rows=100 loops=1)
   ->  Sort  (cost=971329.14..971329.15 rows=1 width=36) (actual time=166882.366..167017.994 rows=100 loops=1)
         Sort Key: (count(*)) DESC
         Sort Method: top-N heapsort  Memory: 38kB
         ->  GroupAggregate  (cost=971329.10..971329.13 rows=1 width=36) (actual time=166581.649..166979.509 rows=183837 loops=1)
               Group Key: n.id
               ->  Sort  (cost=971329.10..971329.11 rows=1 width=28) (actual time=166581.587..166854.316 rows=396348 loops=1)
                     Sort Key: n.id
                     Sort Method: external merge  Disk: 14328kB
                     ->  Nested Loop  (cost=139502.60..971329.09 rows=1 width=28) (actual time=11808.651..166133.061 rows=396348 loops=1)
                           ->  Nested Loop  (cost=139502.04..971327.12 rows=1 width=58) (actual time=11807.570..122490.150 rows=446348 loops=1)
                                 ->  Nested Loop  (cost=139501.60..971324.70 rows=1 width=48) (actual time=10635.796..75163.070 rows=2342630 loops=1)
                                       ->  Gather  (cost=139501.04..971322.11 rows=1 width=20) (actual time=10630.538..11261.214 rows=2627555 loops=1)
                                             Workers Planned: 2
                                             Workers Launched: 2
                                             ->  Parallel Hash Anti Join  (cost=138501.04..970322.01 rows=1 width=20) (actual time=10605.898..11639.652 rows=875852 loops=3)
                                                   Hash Cond: ((tp.title_id)::text = (te.title_id)::text)
                                                   ->  Hash Join  (cost=1.16..781764.71 rows=1941667 width=20) (actual time=1.035..7580.580 rows=3185892 loops=3)
                                                         Hash Cond: (tp.category_id = c.id)
                                                         ->  Parallel Seq Scan on titleprincipals tp  (cost=0.00..699000.00 rows=23300000 width=24) (actual time=0.878..5597.685 rows=18639969 loops=3)
                                                         ->  Hash  (cost=1.15..1.15 rows=1 width=4) (actual time=0.077..0.079 rows=1 loops=3)
                                                               Buckets: 1024  Batches: 1  Memory Usage: 9kB
                                                               ->  Seq Scan on category c  (cost=0.00..1.15 rows=1 width=4) (actual time=0.070..0.071 rows=1 loops=3)
                                                                     Filter: ((name)::text = 'actress'::text)
                                                                     Rows Removed by Filter: 11
                                                   ->  Parallel Hash  (cost=84504.17..84504.17 rows=3106217 width=10) (actual time=1955.649..1955.650 rows=2485475 loops=3)
                                                         Buckets: 131072  Batches: 128  Memory Usage: 3808kB
                                                         ->  Parallel Seq Scan on titleepisode te  (cost=0.00..84504.17 rows=3106217 width=10) (actual time=131.934..1346.676 rows=2485475 loops=3)
                                       ->  Index Scan using name_pkey on name n  (cost=0.56..2.59 rows=1 width=28) (actual time=0.024..0.024 rows=1 loops=2627555)
                                             Index Cond: ((id)::text = (tp.name_id)::text)
                                             Filter: (death_year IS NULL)
                                             Rows Removed by Filter: 0
                                 ->  Index Scan using title_pkey on title t  (cost=0.43..2.42 rows=1 width=10) (actual time=0.020..0.020 rows=0 loops=2342630)
                                       Index Cond: ((id)::text = (tp.title_id)::text)
                                       Filter: (((title_type)::text = ANY ('{movie,tvSeries,tvMiniSeries,tvMovie}'::text[])) AND (start_year >= ((date_part('year'::text, now()))::integer - 10)))
                                       Rows Removed by Filter: 1
                           ->  Index Only Scan using titleprincipalscharacters_pkey on titleprincipalscharacters tpc  (cost=0.56..1.96 rows=1 width=20) (actual time=0.097..0.097 rows=1 loops=446348)
                                 Index Cond: ((title_id = (tp.title_id)::text) AND (name_id = (tp.name_id)::text))
                                 Heap Fetches: 0
 Planning Time: 26.571 ms
 JIT:
   Functions: 80
   Options: Inlining true, Optimization true, Expressions true, Deforming true
   Timing: Generation 4.966 ms, Inlining 252.077 ms, Optimization 355.935 ms, Emission 277.890 ms, Total 890.868 ms
 Execution Time: 167893.112 ms
(45 rows)

