explain analyze SELECT n.id,
    n.primary_name,
    date_part('year', NOW())::int - n.birth_year AS age,
    count(*) AS roles
FROM name n
JOIN titlePrincipals tp ON tp.name_id = n.id
JOIN titlePrincipalsCharacters tpc ON tpc.title_id = tp.title_id
    AND tpc.name_id = tp.name_id
JOIN category c ON c.id = tp.category_id
JOIN title t ON t.id = tp.title_id
LEFT JOIN titleEpisode te ON te.title_id = tp.title_id
WHERE t.start_year >= date_part('year', NOW())::int - 10
    AND c.name = 'actress'
    AND n.death_year IS NULL
    AND t.title_type IN (
        'movie', 'tvSeries', 'tvMiniSeries', 'tvMovie'
    )
    AND te.title_id IS NULL
GROUP BY n.id
ORDER BY roles DESC
LIMIT 100;
                                                                                               QUERY PLAN                                                                                               
--------------------------------------------------------------------------------------------------------------------------------------------------------------------------------------------------------
 Limit  (cost=971350.07..971350.07 rows=1 width=36) (actual time=164704.183..164838.825 rows=100 loops=1)
   ->  Sort  (cost=971350.07..971350.07 rows=1 width=36) (actual time=164219.438..164354.071 rows=100 loops=1)
         Sort Key: (count(*)) DESC
         Sort Method: top-N heapsort  Memory: 38kB
         ->  GroupAggregate  (cost=971350.03..971350.06 rows=1 width=36) (actual time=163926.133..164314.894 rows=183837 loops=1)
               Group Key: n.id
               ->  Sort  (cost=971350.03..971350.03 rows=1 width=28) (actual time=163926.068..164193.207 rows=396348 loops=1)
                     Sort Key: n.id
                     Sort Method: external merge  Disk: 14320kB
                     ->  Nested Loop  (cost=139520.52..971350.02 rows=1 width=28) (actual time=12387.757..163498.282 rows=396348 loops=1)
                           ->  Nested Loop  (cost=139519.96..971348.04 rows=1 width=58) (actual time=12386.698..119720.119 rows=446348 loops=1)
                                 ->  Nested Loop  (cost=139519.53..971345.62 rows=1 width=48) (actual time=10762.864..73403.729 rows=2342630 loops=1)
                                       ->  Gather  (cost=139518.97..971343.03 rows=1 width=20) (actual time=10758.659..11372.998 rows=2627555 loops=1)
                                             Workers Planned: 2
                                             Workers Launched: 2
                                             ->  Parallel Hash Anti Join  (cost=138518.97..970342.93 rows=1 width=20) (actual time=10735.059..11734.242 rows=875852 loops=3)
                                                   Hash Cond: ((tp.title_id)::text = (te.title_id)::text)
                                                   ->  Hash Join  (cost=1.16..781764.71 rows=1941667 width=20) (actual time=0.827..7786.795 rows=3185892 loops=3)
                                                         Hash Cond: (tp.category_id = c.id)
                                                         ->  Parallel Seq Scan on titleprincipals tp  (cost=0.00..699000.00 rows=23300000 width=24) (actual time=0.663..5826.268 rows=18639969 loops=3)
                                                         ->  Hash  (cost=1.15..1.15 rows=1 width=4) (actual time=0.065..0.068 rows=1 loops=3)
                                                               Buckets: 1024  Batches: 1  Memory Usage: 9kB
                                                               ->  Seq Scan on category c  (cost=0.00..1.15 rows=1 width=4) (actual time=0.057..0.059 rows=1 loops=3)
                                                                     Filter: ((name)::text = 'actress'::text)
                                                                     Rows Removed by Filter: 11
                                                   ->  Parallel Hash  (cost=84510.80..84510.80 rows=3106880 width=10) (actual time=1947.849..1947.850 rows=2485475 loops=3)
                                                         Buckets: 131072  Batches: 128  Memory Usage: 3808kB
                                                         ->  Parallel Seq Scan on titleepisode te  (cost=0.00..84510.80 rows=3106880 width=10) (actual time=127.634..1344.682 rows=2485475 loops=3)
                                       ->  Index Scan using name_pkey on name n  (cost=0.56..2.59 rows=1 width=28) (actual time=0.023..0.023 rows=1 loops=2627555)
                                             Index Cond: ((id)::text = (tp.name_id)::text)
                                             Filter: (death_year IS NULL)
                                             Rows Removed by Filter: 0
                                 ->  Index Scan using title_pkey on title t  (cost=0.43..2.42 rows=1 width=10) (actual time=0.019..0.019 rows=0 loops=2342630)
                                       Index Cond: ((id)::text = (tp.title_id)::text)
                                       Filter: (((title_type)::text = ANY ('{movie,tvSeries,tvMiniSeries,tvMovie}'::text[])) AND (start_year >= ((date_part('year'::text, now()))::integer - 10)))
                                       Rows Removed by Filter: 1
                           ->  Index Only Scan using titleprincipalscharacters_pkey on titleprincipalscharacters tpc  (cost=0.56..1.96 rows=1 width=20) (actual time=0.097..0.097 rows=1 loops=446348)
                                 Index Cond: ((title_id = (tp.title_id)::text) AND (name_id = (tp.name_id)::text))
                                 Heap Fetches: 0
 Planning Time: 23.611 ms
 JIT:
   Functions: 80
   Options: Inlining true, Optimization true, Expressions true, Deforming true
   Timing: Generation 5.112 ms, Inlining 253.579 ms, Optimization 347.347 ms, Emission 266.917 ms, Total 872.955 ms
 Execution Time: 165211.756 ms
(45 rows)

