explain analyze SELECT t.id, t.primary_title, tg.genres, te.season_number, count(*) AS views
FROM title t
JOIN titleEpisode te ON te.parent_title_id = t.id
JOIN title t2 ON t2.id = te.title_id
JOIN userHistory uh ON uh.title_id = t2.id
JOIN users u ON u.id = uh.user_id
JOIN (
    SELECT tg.title_id, array_agg(g.name) AS genres
    FROM titleGenre tg
    JOIN genre g ON g.id = tg.genre_id
    GROUP BY tg.title_id
) tg ON tg.title_id = t.id
WHERE t.title_type = 'tvSeries'
    AND uh.last_seen BETWEEN NOW() - INTERVAL '30 days' AND NOW()
    AND te.season_number IS NOT NULL
    AND u.country_code NOT IN ('US', 'GB')
GROUP BY t.id, t.primary_title, tg.genres, te.season_number
ORDER BY count(*) DESC, t.id
LIMIT 100;
                                                                                                   QUERY PLAN                                                                                                    
-----------------------------------------------------------------------------------------------------------------------------------------------------------------------------------------------------------------
 Limit  (cost=1173675.40..1173675.65 rows=100 width=74) (actual time=21730.368..21730.513 rows=100 loops=1)
   ->  Sort  (cost=1173675.40..1173720.18 rows=17913 width=74) (actual time=21177.769..21177.907 rows=100 loops=1)
         Sort Key: (count(*)) DESC, t.id
         Sort Method: top-N heapsort  Memory: 41kB
         ->  GroupAggregate  (cost=126335.99..1172990.78 rows=17913 width=74) (actual time=6300.944..21175.442 rows=5783 loops=1)
               Group Key: t.id, (array_agg(g.name)), te.season_number
               ->  Nested Loop  (cost=126335.99..1172632.52 rows=17913 width=66) (actual time=6300.479..21170.793 rows=7091 loops=1)
                     ->  Gather Merge  (cost=126335.68..1161865.79 rows=18087 width=70) (actual time=6299.731..21039.433 rows=7156 loops=1)
                           Workers Planned: 2
                           Workers Launched: 2
                           ->  Incremental Sort  (cost=125335.66..1158778.08 rows=7536 width=70) (actual time=6276.914..20707.787 rows=2385 loops=3)
                                 Sort Key: t.id, (array_agg(g.name)), te.season_number
                                 Presorted Key: t.id
                                 Full-sort Groups: 76  Sort Method: quicksort  Average Memory: 29kB  Peak Memory: 29kB
                                 Worker 0:  Full-sort Groups: 73  Sort Method: quicksort  Average Memory: 29kB  Peak Memory: 29kB
                                 Worker 1:  Full-sort Groups: 74  Sort Method: quicksort  Average Memory: 29kB  Peak Memory: 29kB
                                 ->  Merge Join  (cost=125198.54..1158438.96 rows=7536 width=70) (actual time=6250.871..20703.864 rows=2385 loops=3)
                                       Merge Cond: ((te.parent_title_id)::text = (tg.title_id)::text)
                                       ->  Sort  (cost=125197.83..125197.94 rows=43 width=48) (actual time=6181.862..6183.758 rows=2471 loops=3)
                                             Sort Key: t.id
                                             Sort Method: quicksort  Memory: 351kB
                                             Worker 0:  Sort Method: quicksort  Memory: 343kB
                                             Worker 1:  Sort Method: quicksort  Memory: 344kB
                                             ->  Nested Loop  (cost=1.30..125196.67 rows=43 width=48) (actual time=246.972..6175.563 rows=2471 loops=3)
                                                   ->  Nested Loop  (cost=0.87..124245.10 rows=1699 width=18) (actual time=246.068..4948.876 rows=2579 loops=3)
                                                         ->  Nested Loop  (cost=0.43..122890.44 rows=2802 width=24) (actual time=244.668..3196.610 rows=3595 loops=3)
                                                               ->  Parallel Seq Scan on userhistory uh  (cost=0.00..111329.37 rows=2802 width=14) (actual time=243.687..1969.569 rows=3595 loops=3)
                                                                     Filter: ((last_seen <= now()) AND (last_seen >= (now() - '30 days'::interval)))
                                                                     Rows Removed by Filter: 1997036
                                                               ->  Index Only Scan using title_pkey on title t2  (cost=0.43..4.13 rows=1 width=10) (actual time=0.339..0.339 rows=1 loops=10785)
                                                                     Index Cond: (id = (uh.title_id)::text)
                                                                     Heap Fetches: 0
                                                         ->  Index Scan using titleepisode_pkey on titleepisode te  (cost=0.43..0.48 rows=1 width=24) (actual time=0.485..0.485 rows=1 loops=10785)
                                                               Index Cond: ((title_id)::text = (t2.id)::text)
                                                               Filter: (season_number IS NOT NULL)
                                                               Rows Removed by Filter: 0
                                                   ->  Index Scan using title_pkey on title t  (cost=0.43..0.56 rows=1 width=30) (actual time=0.473..0.473 rows=1 loops=7738)
                                                         Index Cond: ((id)::text = (te.parent_title_id)::text)
                                                         Filter: ((title_type)::text = 'tvSeries'::text)
                                                         Rows Removed by Filter: 0
                                       ->  GroupAggregate  (cost=0.71..971808.32 rows=4908625 width=42) (actual time=1.504..13408.437 rows=9377274 loops=3)
                                             Group Key: tg.title_id
                                             ->  Nested Loop  (cost=0.71..834458.28 rows=15198444 width=17) (actual time=1.474..7135.049 rows=15197355 loops=3)
                                                   ->  Index Only Scan using titlegenre_pkey on titlegenre tg  (cost=0.56..462073.22 rows=15198444 width=14) (actual time=1.417..2309.677 rows=15197355 loops=3)
                                                         Heap Fetches: 0
                                                   ->  Memoize  (cost=0.15..0.17 rows=1 width=11) (actual time=0.000..0.000 rows=1 loops=45592064)
                                                         Cache Key: tg.genre_id
                                                         Cache Mode: logical
                                                         Hits: 15197699  Misses: 28  Evictions: 0  Overflows: 0  Memory Usage: 4kB
                                                         Worker 0:  Hits: 15196504  Misses: 28  Evictions: 0  Overflows: 0  Memory Usage: 4kB
                                                         Worker 1:  Hits: 15197777  Misses: 28  Evictions: 0  Overflows: 0  Memory Usage: 4kB
                                                         ->  Index Scan using genre_pkey on genre g  (cost=0.14..0.16 rows=1 width=11) (actual time=0.003..0.003 rows=1 loops=84)
                                                               Index Cond: (id = tg.genre_id)
                     ->  Memoize  (cost=0.30..1.63 rows=1 width=4) (actual time=0.018..0.018 rows=1 loops=7156)
                           Cache Key: uh.user_id
                           Cache Mode: logical
                           Hits: 237  Misses: 6919  Evictions: 0  Overflows: 0  Memory Usage: 701kB
                           ->  Index Scan using users_pkey on users u  (cost=0.29..1.62 rows=1 width=4) (actual time=0.017..0.017 rows=1 loops=6919)
                                 Index Cond: (id = uh.user_id)
                                 Filter: ((country_code)::text <> ALL ('{US,GB}'::text[]))
                                 Rows Removed by Filter: 0
 Planning Time: 16.125 ms
 JIT:
   Functions: 129
   Options: Inlining true, Optimization true, Expressions true, Deforming true
   Timing: Generation 7.420 ms, Inlining 285.977 ms, Optimization 572.960 ms, Emission 424.566 ms, Total 1290.923 ms
 Execution Time: 22121.536 ms
(67 rows)

