explain analyze SELECT t.id, t.primary_title, tg.genres, te.season_number, count(*) AS views
FROM title t
JOIN titleEpisode te ON te.parent_title_id = t.id
JOIN userHistory uh ON uh.title_id = te.title_id
JOIN users u ON u.id = uh.user_id
JOIN (
    SELECT tg.title_id, array_agg(g.name) AS genres
    FROM titleGenre tg
    JOIN genre g ON g.id = tg.genre_id
    GROUP BY tg.title_id
) tg ON tg.title_id = t.id
WHERE t.title_type = 'tvSeries'
    AND uh.last_seen BETWEEN NOW() - INTERVAL '30 days' AND NOW()
    AND te.season_number IS NOT NULL
    AND u.country_code NOT IN ('US', 'GB')
GROUP BY t.id, t.primary_title, tg.genres, te.season_number
ORDER BY count(*) DESC, t.id
LIMIT 100;
                                                                                                   QUERY PLAN                                                                                                    
-----------------------------------------------------------------------------------------------------------------------------------------------------------------------------------------------------------------
 Limit  (cost=1134051.95..1134052.20 rows=100 width=74) (actual time=20431.491..20431.633 rows=100 loops=1)
   ->  Sort  (cost=1134051.95..1134070.86 rows=7564 width=74) (actual time=19902.597..19902.732 rows=100 loops=1)
         Sort Key: (count(*)) DESC, t.id
         Sort Method: top-N heapsort  Memory: 41kB
         ->  GroupAggregate  (cost=122970.08..1133762.86 rows=7564 width=74) (actual time=5207.193..19900.248 rows=5778 loops=1)
               Group Key: t.id, (array_agg(g.name)), te.season_number
               ->  Nested Loop  (cost=122970.08..1133611.58 rows=7564 width=66) (actual time=5206.833..19895.637 rows=7086 loops=1)
                     ->  Gather Merge  (cost=122969.78..1125031.85 rows=7564 width=70) (actual time=5206.208..19766.259 rows=7151 loops=1)
                           Workers Planned: 2
                           Workers Launched: 2
                           ->  Incremental Sort  (cost=121969.75..1123158.76 rows=3152 width=70) (actual time=5183.576..19299.570 rows=2384 loops=3)
                                 Sort Key: t.id, (array_agg(g.name)), te.season_number
                                 Presorted Key: t.id
                                 Full-sort Groups: 77  Sort Method: quicksort  Average Memory: 29kB  Peak Memory: 29kB
                                 Worker 0:  Full-sort Groups: 73  Sort Method: quicksort  Average Memory: 30kB  Peak Memory: 30kB
                                 Worker 1:  Full-sort Groups: 74  Sort Method: quicksort  Average Memory: 29kB  Peak Memory: 29kB
                                 ->  Merge Join  (cost=121652.05..1123016.92 rows=3152 width=70) (actual time=5160.057..19295.447 rows=2384 loops=3)
                                       Merge Cond: ((te.parent_title_id)::text = (tg.title_id)::text)
                                       ->  Sort  (cost=121651.34..121651.40 rows=24 width=48) (actual time=5091.734..5093.738 rows=2469 loops=3)
                                             Sort Key: t.id
                                             Sort Method: quicksort  Memory: 354kB
                                             Worker 0:  Sort Method: quicksort  Memory: 340kB
                                             Worker 1:  Sort Method: quicksort  Memory: 343kB
                                             ->  Nested Loop  (cost=0.87..121650.79 rows=24 width=48) (actual time=238.344..5085.491 rows=2469 loops=3)
                                                   ->  Nested Loop  (cost=0.43..121116.97 rows=952 width=18) (actual time=237.316..3722.318 rows=2577 loops=3)
                                                         ->  Parallel Seq Scan on userhistory uh  (cost=0.00..111330.42 rows=1200 width=14) (actual time=236.305..1955.410 rows=3593 loops=3)
                                                               Filter: ((last_seen <= now()) AND (last_seen >= (now() - '30 days'::interval)))
                                                               Rows Removed by Filter: 1997038
                                                         ->  Index Scan using titleepisode_pkey on titleepisode te  (cost=0.43..8.16 rows=1 width=24) (actual time=0.489..0.489 rows=1 loops=10778)
                                                               Index Cond: ((title_id)::text = (uh.title_id)::text)
                                                               Filter: (season_number IS NOT NULL)
                                                               Rows Removed by Filter: 0
                                                   ->  Index Scan using title_pkey on title t  (cost=0.43..0.56 rows=1 width=30) (actual time=0.526..0.526 rows=1 loops=7732)
                                                         Index Cond: ((id)::text = (te.parent_title_id)::text)
                                                         Filter: ((title_type)::text = 'tvSeries'::text)
                                                         Rows Removed by Filter: 0
                                       ->  GroupAggregate  (cost=0.71..955901.59 rows=3634605 width=42) (actual time=1.805..13241.492 rows=9372434 loops=3)
                                             Group Key: tg.title_id
                                             ->  Nested Loop  (cost=0.71..834474.73 rows=15198860 width=17) (actual time=1.776..7063.083 rows=15189637 loops=3)
                                                   ->  Index Only Scan using titlegenre_pkey on titlegenre tg  (cost=0.56..462079.46 rows=15198860 width=14) (actual time=1.676..2451.441 rows=15189637 loops=3)
                                                         Heap Fetches: 0
                                                   ->  Memoize  (cost=0.15..0.17 rows=1 width=11) (actual time=0.000..0.000 rows=1 loops=45568912)
                                                         Cache Key: tg.genre_id
                                                         Cache Mode: logical
                                                         Hits: 15197777  Misses: 28  Evictions: 0  Overflows: 0  Memory Usage: 4kB
                                                         Worker 0:  Hits: 15196504  Misses: 28  Evictions: 0  Overflows: 0  Memory Usage: 4kB
                                                         Worker 1:  Hits: 15174547  Misses: 28  Evictions: 0  Overflows: 0  Memory Usage: 4kB
                                                         ->  Index Scan using genre_pkey on genre g  (cost=0.14..0.16 rows=1 width=11) (actual time=0.004..0.004 rows=1 loops=84)
                                                               Index Cond: (id = tg.genre_id)
                     ->  Memoize  (cost=0.30..2.99 rows=1 width=4) (actual time=0.018..0.018 rows=1 loops=7151)
                           Cache Key: uh.user_id
                           Cache Mode: logical
                           Hits: 237  Misses: 6914  Evictions: 0  Overflows: 0  Memory Usage: 700kB
                           ->  Index Scan using users_pkey on users u  (cost=0.29..2.98 rows=1 width=4) (actual time=0.017..0.017 rows=1 loops=6914)
                                 Index Cond: (id = uh.user_id)
                                 Filter: ((country_code)::text <> ALL ('{US,GB}'::text[]))
                                 Rows Removed by Filter: 0
 Planning Time: 16.161 ms
 JIT:
   Functions: 120
   Options: Inlining true, Optimization true, Expressions true, Deforming true
   Timing: Generation 7.096 ms, Inlining 281.122 ms, Optimization 546.092 ms, Emission 409.546 ms, Total 1243.855 ms
 Execution Time: 20800.661 ms
(63 rows)

