explain analyze SELECT n.id,
    n.primary_name,
    date_part('year', NOW())::int - n.birth_year AS age,
    count(*) AS roles
FROM name n
JOIN titlePrincipals tp ON tp.name_id = n.id
JOIN titlePrincipalsCharacters tpc ON tpc.title_id = tp.title_id
    AND tpc.name_id = tp.name_id
JOIN category c ON c.id = tp.category_id
JOIN title t ON t.id = tp.title_id
WHERE t.start_year >= date_part('year', NOW())::int - 10
    AND c.name = 'actress'
    AND n.death_year IS NULL
    AND t.title_type IN (
        'movie', 'tvSeries', 'tvMiniSeries', 'tvMovie'
    )
GROUP BY n.id
ORDER BY roles DESC
LIMIT 100;
                                                                                                        QUERY PLAN                                                                                                         
---------------------------------------------------------------------------------------------------------------------------------------------------------------------------------------------------------------------------
 Limit  (cost=1285621.27..1285621.30 rows=12 width=36) (actual time=33520.953..33662.712 rows=100 loops=1)
   ->  Sort  (cost=1285621.27..1285621.30 rows=12 width=36) (actual time=33022.834..33164.585 rows=100 loops=1)
         Sort Key: (count(*)) DESC
         Sort Method: top-N heapsort  Memory: 38kB
         ->  Finalize GroupAggregate  (cost=1285619.53..1285621.06 rows=12 width=36) (actual time=32749.172..33122.460 rows=183837 loops=1)
               Group Key: n.id
               ->  Gather Merge  (cost=1285619.53..1285620.77 rows=10 width=36) (actual time=32749.139..33023.216 rows=250632 loops=1)
                     Workers Planned: 2
                     Workers Launched: 2
                     ->  Partial GroupAggregate  (cost=1284619.50..1284619.59 rows=5 width=36) (actual time=32726.392..32798.994 rows=83544 loops=3)
                           Group Key: n.id
                           ->  Sort  (cost=1284619.50..1284619.52 rows=5 width=28) (actual time=32726.345..32759.863 rows=132116 loops=3)
                                 Sort Key: n.id
                                 Sort Method: external merge  Disk: 4736kB
                                 Worker 0:  Sort Method: external merge  Disk: 4824kB
                                 Worker 1:  Sort Method: external merge  Disk: 4768kB
                                 ->  Nested Loop  (cost=234476.92..1284619.45 rows=5 width=28) (actual time=10683.408..32530.160 rows=132116 loops=3)
                                       ->  Nested Loop  (cost=234476.36..1284598.76 rows=5 width=20) (actual time=10681.699..21880.720 rows=132656 loops=3)
                                             ->  Parallel Hash Join  (cost=234475.80..1045017.22 rows=89945 width=30) (actual time=10680.024..11313.248 rows=149480 loops=3)
                                                   Hash Cond: ((tp.title_id)::text = (t.id)::text)
                                                   ->  Hash Join  (cost=1.16..781764.71 rows=1941667 width=20) (actual time=0.840..7140.254 rows=3185892 loops=3)
                                                         Hash Cond: (tp.category_id = c.id)
                                                         ->  Parallel Seq Scan on titleprincipals tp  (cost=0.00..699000.00 rows=23300000 width=24) (actual time=0.697..5145.657 rows=18639969 loops=3)
                                                         ->  Hash  (cost=1.15..1.15 rows=1 width=4) (actual time=0.071..0.072 rows=1 loops=3)
                                                               Buckets: 1024  Batches: 1  Memory Usage: 9kB
                                                               ->  Seq Scan on category c  (cost=0.00..1.15 rows=1 width=4) (actual time=0.062..0.064 rows=1 loops=3)
                                                                     Filter: ((name)::text = 'actress'::text)
                                                                     Rows Removed by Filter: 11
                                                   ->  Parallel Hash  (cost=231177.00..231177.00 rows=189651 width=10) (actual time=2663.623..2663.624 rows=117416 loops=3)
                                                         Buckets: 131072  Batches: 8  Memory Usage: 3136kB
                                                         ->  Parallel Seq Scan on title t  (cost=0.00..231177.00 rows=189651 width=10) (actual time=247.447..2620.392 rows=117416 loops=3)
                                                               Filter: (((title_type)::text = ANY ('{movie,tvSeries,tvMiniSeries,tvMovie}'::text[])) AND (start_year >= ((date_part('year'::text, now()))::integer - 10)))
                                                               Rows Removed by Filter: 3156125
                                             ->  Index Only Scan using titleprincipalscharacters_pkey on titleprincipalscharacters tpc  (cost=0.56..2.65 rows=1 width=20) (actual time=0.070..0.070 rows=1 loops=448441)
                                                   Index Cond: ((title_id = (tp.title_id)::text) AND (name_id = (tp.name_id)::text))
                                                   Heap Fetches: 0
                                       ->  Index Scan using name_pkey on name n  (cost=0.56..4.14 rows=1 width=28) (actual time=0.079..0.079 rows=1 loops=397968)
                                             Index Cond: ((id)::text = (tp.name_id)::text)
                                             Filter: (death_year IS NULL)
                                             Rows Removed by Filter: 0
 Planning Time: 18.859 ms
 JIT:
   Functions: 115
   Options: Inlining true, Optimization true, Expressions true, Deforming true
   Timing: Generation 7.230 ms, Inlining 274.195 ms, Optimization 540.626 ms, Emission 415.440 ms, Total 1237.492 ms
 Execution Time: 34023.083 ms
(46 rows)

