explain analyze SELECT n.id,
    n.primary_name,
    date_part('year', NOW())::int - n.birth_year AS age,
    count(*) AS roles
FROM name n
JOIN titlePrincipals tp ON tp.name_id = n.id
JOIN titlePrincipalsCharacters tpc ON tpc.title_id = tp.title_id
    AND tpc.name_id = tp.name_id
JOIN category c ON c.id = tp.category_id
JOIN title t ON t.id = tp.title_id
LEFT JOIN titleEpisode te ON te.title_id = tp.title_id
WHERE t.start_year >= date_part('year', NOW())::int - 10
    AND c.name = 'actress'
    AND n.death_year IS NULL
    AND t.title_type IN (
        'movie', 'tvSeries', 'tvMiniSeries', 'tvMovie'
    )
    AND te.title_id IS NULL
GROUP BY n.id
ORDER BY roles DESC
LIMIT 100;
                                                                                               QUERY PLAN                                                                                               
--------------------------------------------------------------------------------------------------------------------------------------------------------------------------------------------------------
 Limit  (cost=789536.58..789536.59 rows=1 width=36) (actual time=146040.909..146193.583 rows=100 loops=1)
   ->  Sort  (cost=789536.58..789536.59 rows=1 width=36) (actual time=145554.155..145706.821 rows=100 loops=1)
         Sort Key: (count(*)) DESC
         Sort Method: top-N heapsort  Memory: 38kB
         ->  GroupAggregate  (cost=789536.54..789536.57 rows=1 width=36) (actual time=145264.276..145667.703 rows=183837 loops=1)
               Group Key: n.id
               ->  Sort  (cost=789536.54..789536.55 rows=1 width=28) (actual time=145264.220..145546.486 rows=396348 loops=1)
                     Sort Key: n.id
                     Sort Method: external merge  Disk: 14312kB
                     ->  Nested Loop  (cost=105487.51..789536.53 rows=1 width=28) (actual time=9764.451..144854.089 rows=396348 loops=1)
                           ->  Nested Loop  (cost=105486.95..789533.78 rows=1 width=58) (actual time=9763.422..101511.046 rows=446348 loops=1)
                                 ->  Nested Loop  (cost=105486.51..789529.55 rows=1 width=48) (actual time=8699.084..60075.595 rows=2342630 loops=1)
                                       ->  Gather  (cost=105485.95..789525.18 rows=1 width=20) (actual time=8682.781..9282.047 rows=2627555 loops=1)
                                             Workers Planned: 4
                                             Workers Launched: 4
                                             ->  Parallel Hash Anti Join  (cost=104485.95..788525.08 rows=1 width=20) (actual time=8654.106..9251.819 rows=525511 loops=5)
                                                   Hash Cond: ((tp.title_id)::text = (te.title_id)::text)
                                                   ->  Hash Join  (cost=1.16..655459.29 rows=1165000 width=20) (actual time=0.955..6365.492 rows=1911535 loops=5)
                                                         Hash Cond: (tp.category_id = c.id)
                                                         ->  Parallel Seq Scan on titleprincipals tp  (cost=0.00..605800.00 rows=13980000 width=24) (actual time=0.749..4975.111 rows=11183981 loops=5)
                                                         ->  Hash  (cost=1.15..1.15 rows=1 width=4) (actual time=0.110..0.112 rows=1 loops=5)
                                                               Buckets: 1024  Batches: 1  Memory Usage: 9kB
                                                               ->  Seq Scan on category c  (cost=0.00..1.15 rows=1 width=4) (actual time=0.096..0.097 rows=1 loops=5)
                                                                     Filter: ((name)::text = 'actress'::text)
                                                                     Rows Removed by Filter: 11
                                                   ->  Parallel Hash  (cost=72082.35..72082.35 rows=1864035 width=10) (actual time=1521.092..1521.093 rows=1491285 loops=5)
                                                         Buckets: 131072  Batches: 128  Memory Usage: 3840kB
                                                         ->  Parallel Seq Scan on titleepisode te  (cost=0.00..72082.35 rows=1864035 width=10) (actual time=174.870..1100.428 rows=1491285 loops=5)
                                       ->  Index Scan using name_pkey on name n  (cost=0.56..4.37 rows=1 width=28) (actual time=0.019..0.019 rows=1 loops=2627555)
                                             Index Cond: ((id)::text = (tp.name_id)::text)
                                             Filter: (death_year IS NULL)
                                             Rows Removed by Filter: 0
                                 ->  Index Scan using title_pkey on title t  (cost=0.43..4.22 rows=1 width=10) (actual time=0.017..0.017 rows=0 loops=2342630)
                                       Index Cond: ((id)::text = (tp.title_id)::text)
                                       Filter: (((title_type)::text = ANY ('{movie,tvSeries,tvMiniSeries,tvMovie}'::text[])) AND (start_year >= ((date_part('year'::text, now()))::integer - 10)))
                                       Rows Removed by Filter: 1
                           ->  Index Only Scan using titleprincipalscharacters_pkey on titleprincipalscharacters tpc  (cost=0.56..2.74 rows=1 width=20) (actual time=0.096..0.096 rows=1 loops=446348)
                                 Index Cond: ((title_id = (tp.title_id)::text) AND (name_id = (tp.name_id)::text))
                                 Heap Fetches: 0
 Planning Time: 23.368 ms
 JIT:
   Functions: 118
   Options: Inlining true, Optimization true, Expressions true, Deforming true
   Timing: Generation 7.916 ms, Inlining 452.139 ms, Optimization 528.513 ms, Emission 380.413 ms, Total 1368.982 ms
 Execution Time: 146564.243 ms
(45 rows)

