explain analyze SELECT t.id, t.primary_title, tg.genres, te.season_number, count(*) AS views
FROM title t
JOIN titleEpisode te ON te.parent_title_id = t.id
JOIN title t2 ON t2.id = te.title_id
JOIN userHistory uh ON uh.title_id = t2.id
JOIN users u ON u.id = uh.user_id
JOIN (
    SELECT tg.title_id, array_agg(g.name) AS genres
    FROM titleGenre tg
    JOIN genre g ON g.id = tg.genre_id
    GROUP BY tg.title_id
) tg ON tg.title_id = t.id
WHERE t.title_type = 'tvSeries'
    AND uh.last_seen BETWEEN NOW() - INTERVAL '30 days' AND NOW()
    AND te.season_number IS NOT NULL
    AND u.country_code NOT IN ('US', 'GB')
GROUP BY t.id, t.primary_title, tg.genres, te.season_number
ORDER BY count(*) DESC, t.id
LIMIT 100;
                                                                                                   QUERY PLAN                                                                                                    
-----------------------------------------------------------------------------------------------------------------------------------------------------------------------------------------------------------------
 Limit  (cost=1136911.13..1136911.38 rows=100 width=74) (actual time=23690.721..23690.873 rows=100 loops=1)
   ->  Sort  (cost=1136911.13..1136919.08 rows=3177 width=74) (actual time=23122.994..23123.138 rows=100 loops=1)
         Sort Key: (count(*)) DESC, t.id
         Sort Method: top-N heapsort  Memory: 41kB
         ->  Finalize GroupAggregate  (cost=116020.74..1136789.71 rows=3177 width=74) (actual time=7454.952..23120.847 rows=6301 loops=1)
               Group Key: t.id, (array_agg(g.name)), te.season_number
               ->  Gather Merge  (cost=116020.74..1136731.46 rows=2648 width=74) (actual time=7454.935..23117.067 rows=7052 loops=1)
                     Workers Planned: 2
                     Workers Launched: 2
                     ->  Partial GroupAggregate  (cost=115020.71..1135425.79 rows=1324 width=74) (actual time=7433.542..22263.438 rows=2351 loops=3)
                           Group Key: t.id, (array_agg(g.name)), te.season_number
                           ->  Incremental Sort  (cost=115020.71..1135399.31 rows=1324 width=66) (actual time=7433.504..22261.711 rows=2614 loops=3)
                                 Sort Key: t.id, (array_agg(g.name)), te.season_number
                                 Presorted Key: t.id
                                 Full-sort Groups: 84  Sort Method: quicksort  Average Memory: 29kB  Peak Memory: 29kB
                                 Worker 0:  Full-sort Groups: 80  Sort Method: quicksort  Average Memory: 29kB  Peak Memory: 29kB
                                 Worker 1:  Full-sort Groups: 80  Sort Method: quicksort  Average Memory: 29kB  Peak Memory: 29kB
                                 ->  Merge Join  (cost=114249.49..1135339.73 rows=1324 width=66) (actual time=7411.181..22257.528 rows=2614 loops=3)
                                       Merge Cond: ((te.parent_title_id)::text = (tg.title_id)::text)
                                       ->  Sort  (cost=114248.78..114248.80 rows=8 width=44) (actual time=7343.868..7345.927 rows=2707 loops=3)
                                             Sort Key: t.id
                                             Sort Method: quicksort  Memory: 349kB
                                             Worker 0:  Sort Method: quicksort  Memory: 339kB
                                             Worker 1:  Sort Method: quicksort  Memory: 339kB
                                             ->  Nested Loop  (cost=1.59..114248.66 rows=8 width=44) (actual time=293.473..7337.054 rows=2707 loops=3)
                                                   ->  Nested Loop  (cost=1.30..114215.72 rows=8 width=48) (actual time=293.421..7299.236 rows=2732 loops=3)
                                                         ->  Nested Loop  (cost=0.87..114028.45 rows=334 width=18) (actual time=292.419..5843.205 rows=2852 loops=3)
                                                               ->  Nested Loop  (cost=0.43..113760.62 rows=554 width=24) (actual time=291.016..3724.746 rows=3968 loops=3)
                                                                     ->  Parallel Seq Scan on userhistory uh  (cost=0.00..111330.62 rows=554 width=14) (actual time=289.925..2270.018 rows=3968 loops=3)
                                                                           Filter: ((last_seen <= now()) AND (last_seen >= (now() - '30 days'::interval)))
                                                                           Rows Removed by Filter: 1996663
                                                                     ->  Index Only Scan using title_pkey on title t2  (cost=0.43..4.39 rows=1 width=10) (actual time=0.364..0.364 rows=1 loops=11904)
                                                                           Index Cond: (id = (uh.title_id)::text)
                                                                           Heap Fetches: 0
                                                               ->  Index Scan using titleepisode_pkey on titleepisode te  (cost=0.43..0.48 rows=1 width=24) (actual time=0.531..0.531 rows=1 loops=11904)
                                                                     Index Cond: ((title_id)::text = (t2.id)::text)
                                                                     Filter: (season_number IS NOT NULL)
                                                                     Rows Removed by Filter: 0
                                                         ->  Index Scan using title_pkey on title t  (cost=0.43..0.56 rows=1 width=30) (actual time=0.507..0.507 rows=1 loops=8556)
                                                               Index Cond: ((id)::text = (te.parent_title_id)::text)
                                                               Filter: ((title_type)::text = 'tvSeries'::text)
                                                               Rows Removed by Filter: 0
                                                   ->  Index Scan using users_pkey on users u  (cost=0.29..4.12 rows=1 width=4) (actual time=0.011..0.011 rows=1 loops=8197)
                                                         Index Cond: (id = uh.user_id)
                                                         Filter: ((country_code)::text <> ALL ('{US,GB}'::text[]))
                                                         Rows Removed by Filter: 0
                                       ->  GroupAggregate  (cost=0.71..965773.62 rows=4424367 width=42) (actual time=1.277..13904.423 rows=9377470 loops=3)
                                             Group Key: tg.title_id
                                             ->  Nested Loop  (cost=0.71..834474.73 rows=15198860 width=17) (actual time=1.237..7641.023 rows=15197632 loops=3)
                                                   ->  Index Only Scan using titlegenre_pkey on titlegenre tg  (cost=0.56..462079.46 rows=15198860 width=14) (actual time=1.109..2859.252 rows=15197632 loops=3)
                                                         Heap Fetches: 0
                                                   ->  Memoize  (cost=0.15..0.17 rows=1 width=11) (actual time=0.000..0.000 rows=1 loops=45592895)
                                                         Cache Key: tg.genre_id
                                                         Cache Mode: logical
                                                         Hits: 15197335  Misses: 28  Evictions: 0  Overflows: 0  Memory Usage: 4kB
                                                         Worker 0:  Hits: 15197699  Misses: 28  Evictions: 0  Overflows: 0  Memory Usage: 4kB
                                                         Worker 1:  Hits: 15197777  Misses: 28  Evictions: 0  Overflows: 0  Memory Usage: 4kB
                                                         ->  Index Scan using genre_pkey on genre g  (cost=0.14..0.16 rows=1 width=11) (actual time=0.006..0.006 rows=1 loops=84)
                                                               Index Cond: (id = tg.genre_id)
 Planning Time: 15.485 ms
 JIT:
   Functions: 148
   Options: Inlining true, Optimization true, Expressions true, Deforming true
   Timing: Generation 8.524 ms, Inlining 276.452 ms, Optimization 656.229 ms, Emission 504.498 ms, Total 1445.702 ms
 Execution Time: 24062.131 ms
(65 rows)

