explain analyze SELECT n.id,
    n.primary_name,
    date_part('year', NOW())::int - n.birth_year AS age,
    count(*) AS roles
FROM name n
JOIN titlePrincipals tp ON tp.name_id = n.id
JOIN titlePrincipalsCharacters tpc ON tpc.title_id = tp.title_id
    AND tpc.name_id = tp.name_id
JOIN category c ON c.id = tp.category_id
JOIN title t ON t.id = tp.title_id
WHERE t.start_year >= date_part('year', NOW())::int - 10
    AND c.name = 'actress'
    AND n.death_year IS NULL
    AND t.title_type IN (
        'movie', 'tvSeries', 'tvMiniSeries', 'tvMovie'
    )
GROUP BY n.id
ORDER BY roles DESC
LIMIT 100;
                                                                                                        QUERY PLAN                                                                                                         
---------------------------------------------------------------------------------------------------------------------------------------------------------------------------------------------------------------------------
 Limit  (cost=1286899.19..1286899.22 rows=12 width=36) (actual time=33399.720..33517.287 rows=100 loops=1)
   ->  Sort  (cost=1286899.19..1286899.22 rows=12 width=36) (actual time=32894.417..33011.976 rows=100 loops=1)
         Sort Key: (count(*)) DESC
         Sort Method: top-N heapsort  Memory: 38kB
         ->  Finalize GroupAggregate  (cost=1286897.44..1286898.97 rows=12 width=36) (actual time=32621.998..32972.024 rows=183837 loops=1)
               Group Key: n.id
               ->  Gather Merge  (cost=1286897.44..1286898.68 rows=10 width=36) (actual time=32621.965..32875.295 rows=250675 loops=1)
                     Workers Planned: 2
                     Workers Launched: 2
                     ->  Partial GroupAggregate  (cost=1285897.42..1285897.51 rows=5 width=36) (actual time=32599.690..32673.480 rows=83558 loops=3)
                           Group Key: n.id
                           ->  Sort  (cost=1285897.42..1285897.43 rows=5 width=28) (actual time=32599.636..32634.170 rows=132116 loops=3)
                                 Sort Key: n.id
                                 Sort Method: external merge  Disk: 4792kB
                                 Worker 0:  Sort Method: external merge  Disk: 4816kB
                                 Worker 1:  Sort Method: external merge  Disk: 4712kB
                                 ->  Nested Loop  (cost=234389.71..1285897.36 rows=5 width=28) (actual time=10544.912..32389.991 rows=132116 loops=3)
                                       ->  Nested Loop  (cost=234389.15..1285876.68 rows=5 width=20) (actual time=10543.652..21760.567 rows=132656 loops=3)
                                             ->  Parallel Hash Join  (cost=234388.59..1044934.01 rows=90456 width=30) (actual time=10541.531..11170.289 rows=149480 loops=3)
                                                   Hash Cond: ((tp.title_id)::text = (t.id)::text)
                                                   ->  Hash Join  (cost=1.16..781764.71 rows=1941667 width=20) (actual time=0.684..6922.774 rows=3185892 loops=3)
                                                         Hash Cond: (tp.category_id = c.id)
                                                         ->  Parallel Seq Scan on titleprincipals tp  (cost=0.00..699000.00 rows=23300000 width=24) (actual time=0.546..4960.949 rows=18639969 loops=3)
                                                         ->  Hash  (cost=1.15..1.15 rows=1 width=4) (actual time=0.070..0.071 rows=1 loops=3)
                                                               Buckets: 1024  Batches: 1  Memory Usage: 9kB
                                                               ->  Seq Scan on category c  (cost=0.00..1.15 rows=1 width=4) (actual time=0.058..0.059 rows=1 loops=3)
                                                                     Filter: ((name)::text = 'actress'::text)
                                                                     Rows Removed by Filter: 11
                                                   ->  Parallel Hash  (cost=231074.50..231074.50 rows=190554 width=10) (actual time=2750.691..2750.692 rows=117416 loops=3)
                                                         Buckets: 131072  Batches: 8  Memory Usage: 3168kB
                                                         ->  Parallel Seq Scan on title t  (cost=0.00..231074.50 rows=190554 width=10) (actual time=258.762..2709.701 rows=117416 loops=3)
                                                               Filter: (((title_type)::text = ANY ('{movie,tvSeries,tvMiniSeries,tvMovie}'::text[])) AND (start_year >= ((date_part('year'::text, now()))::integer - 10)))
                                                               Rows Removed by Filter: 3156125
                                             ->  Index Only Scan using titleprincipalscharacters_pkey on titleprincipalscharacters tpc  (cost=0.56..2.65 rows=1 width=20) (actual time=0.070..0.070 rows=1 loops=448441)
                                                   Index Cond: ((title_id = (tp.title_id)::text) AND (name_id = (tp.name_id)::text))
                                                   Heap Fetches: 0
                                       ->  Index Scan using name_pkey on name n  (cost=0.56..4.14 rows=1 width=28) (actual time=0.079..0.079 rows=1 loops=397968)
                                             Index Cond: ((id)::text = (tp.name_id)::text)
                                             Filter: (death_year IS NULL)
                                             Rows Removed by Filter: 0
 Planning Time: 19.579 ms
 JIT:
   Functions: 115
   Options: Inlining true, Optimization true, Expressions true, Deforming true
   Timing: Generation 7.028 ms, Inlining 273.620 ms, Optimization 552.989 ms, Emission 433.359 ms, Total 1266.996 ms
 Execution Time: 33893.513 ms
(46 rows)

