explain analyze SELECT n.id,
    n.primary_name,
    date_part('year', NOW())::int - n.birth_year AS age,
    count(*) AS roles
FROM name n
JOIN titlePrincipals tp ON tp.name_id = n.id
JOIN titlePrincipalsCharacters tpc ON tpc.title_id = tp.title_id
    AND tpc.name_id = tp.name_id
JOIN category c ON c.id = tp.category_id
JOIN title t ON t.id = tp.title_id
WHERE t.start_year >= date_part('year', NOW())::int - 10
    AND c.name = 'actress'
    AND n.death_year IS NULL
    AND t.title_type IN (
        'movie', 'tvSeries', 'tvMiniSeries', 'tvMovie'
    )
GROUP BY n.id
ORDER BY roles DESC
LIMIT 100;
                                                                                                     QUERY PLAN                                                                                                      
---------------------------------------------------------------------------------------------------------------------------------------------------------------------------------------------------------------------
 Limit  (cost=1282144.99..1282145.02 rows=11 width=36) (actual time=33698.515..33779.309 rows=100 loops=1)
   ->  Sort  (cost=1282144.99..1282145.02 rows=11 width=36) (actual time=33240.753..33321.539 rows=100 loops=1)
         Sort Key: (count(*)) DESC
         Sort Method: top-N heapsort  Memory: 38kB
         ->  GroupAggregate  (cost=1282144.50..1282144.80 rows=11 width=36) (actual time=32933.331..33283.347 rows=183837 loops=1)
               Group Key: n.id
               ->  Sort  (cost=1282144.50..1282144.52 rows=11 width=28) (actual time=32933.267..33159.464 rows=396348 loops=1)
                     Sort Key: n.id
                     Sort Method: external merge  Disk: 14304kB
                     ->  Gather  (cost=235421.48..1282144.31 rows=11 width=28) (actual time=10303.933..32498.776 rows=396348 loops=1)
                           Workers Planned: 2
                           Workers Launched: 2
                           ->  Nested Loop  (cost=234421.48..1281143.21 rows=5 width=28) (actual time=10279.428..32642.959 rows=132116 loops=3)
                                 ->  Nested Loop  (cost=234420.92..1281122.52 rows=5 width=20) (actual time=10278.050..21805.643 rows=132656 loops=3)
                                       ->  Parallel Hash Join  (cost=234420.36..1044947.78 rows=88666 width=30) (actual time=10277.144..10912.622 rows=149480 loops=3)
                                             Hash Cond: ((tp.title_id)::text = (t.id)::text)
                                             ->  Hash Join  (cost=1.16..781764.71 rows=1941667 width=20) (actual time=0.616..6848.990 rows=3185892 loops=3)
                                                   Hash Cond: (tp.category_id = c.id)
                                                   ->  Parallel Seq Scan on titleprincipals tp  (cost=0.00..699000.00 rows=23300000 width=24) (actual time=0.493..4933.202 rows=18639969 loops=3)
                                                   ->  Hash  (cost=1.15..1.15 rows=1 width=4) (actual time=0.055..0.056 rows=1 loops=3)
                                                         Buckets: 1024  Batches: 1  Memory Usage: 9kB
                                                         ->  Seq Scan on category c  (cost=0.00..1.15 rows=1 width=4) (actual time=0.049..0.050 rows=1 loops=3)
                                                               Filter: ((name)::text = 'actress'::text)
                                                               Rows Removed by Filter: 11
                                             ->  Parallel Hash  (cost=231169.43..231169.43 rows=186941 width=10) (actual time=2571.352..2571.353 rows=117416 loops=3)
                                                   Buckets: 131072  Batches: 8  Memory Usage: 3136kB
                                                   ->  Parallel Seq Scan on title t  (cost=0.00..231169.43 rows=186941 width=10) (actual time=222.100..2531.709 rows=117416 loops=3)
                                                         Filter: (((title_type)::text = ANY ('{movie,tvSeries,tvMiniSeries,tvMovie}'::text[])) AND (start_year >= ((date_part('year'::text, now()))::integer - 10)))
                                                         Rows Removed by Filter: 3156125
                                       ->  Index Only Scan using titleprincipalscharacters_pkey on titleprincipalscharacters tpc  (cost=0.56..2.65 rows=1 width=20) (actual time=0.072..0.072 rows=1 loops=448441)
                                             Index Cond: ((title_id = (tp.title_id)::text) AND (name_id = (tp.name_id)::text))
                                             Heap Fetches: 0
                                 ->  Index Scan using name_pkey on name n  (cost=0.56..4.14 rows=1 width=28) (actual time=0.081..0.081 rows=1 loops=397968)
                                       Index Cond: ((id)::text = (tp.name_id)::text)
                                       Filter: (death_year IS NULL)
                                       Rows Removed by Filter: 0
 Planning Time: 19.667 ms
 JIT:
   Functions: 104
   Options: Inlining true, Optimization true, Expressions true, Deforming true
   Timing: Generation 6.718 ms, Inlining 284.153 ms, Optimization 474.281 ms, Emission 352.414 ms, Total 1117.565 ms
 Execution Time: 34139.967 ms
(42 rows)

