explain analyze SELECT t.id, t.primary_title, tg.genres, te.season_number, count(*) AS views
FROM title t
JOIN titleEpisode te ON te.parent_title_id = t.id
JOIN userHistory uh ON uh.title_id = te.title_id
JOIN users u ON u.id = uh.user_id
JOIN (
    SELECT tg.title_id, array_agg(g.name) AS genres
    FROM titleGenre tg
    JOIN genre g ON g.id = tg.genre_id
    GROUP BY tg.title_id
) tg ON tg.title_id = t.id
WHERE t.title_type = 'tvSeries'
    AND uh.last_seen BETWEEN NOW() - INTERVAL '30 days' AND NOW()
    AND te.season_number IS NOT NULL
    AND u.country_code NOT IN ('US', 'GB')
GROUP BY t.id, t.primary_title, tg.genres, te.season_number
ORDER BY count(*) DESC, t.id
LIMIT 100;
                                                                                                   QUERY PLAN                                                                                                    
-----------------------------------------------------------------------------------------------------------------------------------------------------------------------------------------------------------------
 Limit  (cost=1112932.29..1112932.54 rows=100 width=74) (actual time=23434.367..23434.527 rows=100 loops=1)
   ->  Sort  (cost=1112932.29..1112952.61 rows=8128 width=74) (actual time=22929.172..22929.324 rows=100 loops=1)
         Sort Key: (count(*)) DESC, t.id
         Sort Method: top-N heapsort  Memory: 41kB
         ->  GroupAggregate  (cost=96486.81..1112621.64 rows=8128 width=74) (actual time=3613.850..22925.949 rows=6318 loops=1)
               Group Key: t.id, (array_agg(g.name)), te.season_number
               ->  Nested Loop  (cost=96486.81..1112459.08 rows=8128 width=66) (actual time=3613.409..22919.841 rows=7868 loops=1)
                     ->  Gather Merge  (cost=96486.51..1103878.03 rows=8128 width=70) (actual time=3612.740..22778.103 rows=7940 loops=1)
                           Workers Planned: 4
                           Workers Launched: 4
                           ->  Incremental Sort  (cost=95486.45..1101909.85 rows=2032 width=70) (actual time=3551.649..20492.934 rows=1588 loops=5)
                                 Sort Key: t.id, (array_agg(g.name)), te.season_number
                                 Presorted Key: t.id
                                 Full-sort Groups: 51  Sort Method: quicksort  Average Memory: 29kB  Peak Memory: 29kB
                                 Worker 0:  Full-sort Groups: 50  Sort Method: quicksort  Average Memory: 29kB  Peak Memory: 29kB
                                 Worker 1:  Full-sort Groups: 49  Sort Method: quicksort  Average Memory: 29kB  Peak Memory: 29kB
                                 Worker 2:  Full-sort Groups: 50  Sort Method: quicksort  Average Memory: 29kB  Peak Memory: 29kB
                                 Worker 3:  Full-sort Groups: 50  Sort Method: quicksort  Average Memory: 29kB  Peak Memory: 29kB
                                 ->  Merge Join  (cost=94990.95..1101818.41 rows=2032 width=70) (actual time=3516.998..20490.046 rows=1588 loops=5)
                                       Merge Cond: ((te.parent_title_id)::text = (tg.title_id)::text)
                                       ->  Sort  (cost=94990.25..94990.28 rows=14 width=48) (actual time=3425.326..3426.570 rows=1645 loops=5)
                                             Sort Key: t.id
                                             Sort Method: quicksort  Memory: 219kB
                                             Worker 0:  Sort Method: quicksort  Memory: 215kB
                                             Worker 1:  Sort Method: quicksort  Memory: 211kB
                                             Worker 2:  Sort Method: quicksort  Memory: 216kB
                                             Worker 3:  Sort Method: quicksort  Memory: 212kB
                                             ->  Nested Loop  (cost=0.87..94989.98 rows=14 width=48) (actual time=293.046..3421.133 rows=1645 loops=5)
                                                   ->  Nested Loop  (cost=0.43..94671.41 rows=568 width=18) (actual time=291.863..2582.009 rows=1717 loops=5)
                                                         ->  Parallel Seq Scan on userhistory uh  (cost=0.00..88822.76 rows=717 width=14) (actual time=290.340..1446.761 rows=2389 loops=5)
                                                               Filter: ((last_seen <= now()) AND (last_seen >= (now() - '30 days'::interval)))
                                                               Rows Removed by Filter: 1197989
                                                         ->  Index Scan using titleepisode_pkey on titleepisode te  (cost=0.43..8.16 rows=1 width=24) (actual time=0.472..0.472 rows=1 loops=11946)
                                                               Index Cond: ((title_id)::text = (uh.title_id)::text)
                                                               Filter: (season_number IS NOT NULL)
                                                               Rows Removed by Filter: 0
                                                   ->  Index Scan using title_pkey on title t  (cost=0.43..0.56 rows=1 width=30) (actual time=0.486..0.486 rows=1 loops=8584)
                                                         Index Cond: ((id)::text = (te.parent_title_id)::text)
                                                         Filter: ((title_type)::text = 'tvSeries'::text)
                                                         Rows Removed by Filter: 0
                                       ->  GroupAggregate  (cost=0.71..958638.67 rows=3853584 width=42) (actual time=1.278..15648.120 rows=9373869 loops=5)
                                             Group Key: tg.title_id
                                             ->  Nested Loop  (cost=0.71..834474.57 rows=15198860 width=17) (actual time=1.242..8037.856 rows=15191938 loops=5)
                                                   ->  Index Only Scan using titlegenre_pkey on titlegenre tg  (cost=0.56..462079.46 rows=15198860 width=14) (actual time=1.157..2405.447 rows=15191938 loops=5)
                                                         Heap Fetches: 0
                                                   ->  Memoize  (cost=0.15..0.17 rows=1 width=11) (actual time=0.000..0.000 rows=1 loops=75959691)
                                                         Cache Key: tg.genre_id
                                                         Cache Mode: logical
                                                         Hits: 15197777  Misses: 28  Evictions: 0  Overflows: 0  Memory Usage: 4kB
                                                         Worker 0:  Hits: 15197335  Misses: 28  Evictions: 0  Overflows: 0  Memory Usage: 4kB
                                                         Worker 1:  Hits: 15184479  Misses: 28  Evictions: 0  Overflows: 0  Memory Usage: 4kB
                                                         Worker 2:  Hits: 15182261  Misses: 28  Evictions: 0  Overflows: 0  Memory Usage: 4kB
                                                         Worker 3:  Hits: 15197699  Misses: 28  Evictions: 0  Overflows: 0  Memory Usage: 4kB
                                                         ->  Index Scan using genre_pkey on genre g  (cost=0.14..0.16 rows=1 width=11) (actual time=0.004..0.004 rows=1 loops=140)
                                                               Index Cond: (id = tg.genre_id)
                     ->  Memoize  (cost=0.30..3.00 rows=1 width=4) (actual time=0.017..0.017 rows=1 loops=7940)
                           Cache Key: uh.user_id
                           Cache Mode: logical
                           Hits: 287  Misses: 7653  Evictions: 0  Overflows: 0  Memory Usage: 775kB
                           ->  Index Scan using users_pkey on users u  (cost=0.29..2.99 rows=1 width=4) (actual time=0.017..0.017 rows=1 loops=7653)
                                 Index Cond: (id = uh.user_id)
                                 Filter: ((country_code)::text <> ALL ('{US,GB}'::text[]))
                                 Rows Removed by Filter: 0
 Planning Time: 13.133 ms
 JIT:
   Functions: 190
   Options: Inlining true, Optimization true, Expressions true, Deforming true
   Timing: Generation 11.125 ms, Inlining 461.025 ms, Optimization 870.863 ms, Emission 621.787 ms, Total 1964.801 ms
 Execution Time: 23773.885 ms
(69 rows)

