explain analyze SELECT n.id,
    n.primary_name,
    date_part('year', NOW())::int - n.birth_year AS age,
    count(*) AS roles
FROM name n
JOIN titlePrincipals tp ON tp.name_id = n.id
JOIN titlePrincipalsCharacters tpc ON tpc.title_id = tp.title_id
    AND tpc.name_id = tp.name_id
JOIN category c ON c.id = tp.category_id
JOIN title t ON t.id = tp.title_id
LEFT JOIN titleEpisode te ON te.title_id = tp.title_id
WHERE t.start_year >= date_part('year', NOW())::int - 10
    AND c.name = 'actress'
    AND n.death_year IS NULL
    AND t.title_type IN (
        'movie', 'tvSeries', 'tvMiniSeries', 'tvMovie'
    )
    AND te.title_id IS NULL
GROUP BY n.id
ORDER BY roles DESC
LIMIT 100;
                                                                                               QUERY PLAN                                                                                               
--------------------------------------------------------------------------------------------------------------------------------------------------------------------------------------------------------
 Limit  (cost=789549.13..789549.13 rows=1 width=36) (actual time=141522.735..141672.599 rows=100 loops=1)
   ->  Sort  (cost=789549.13..789549.13 rows=1 width=36) (actual time=141046.531..141196.388 rows=100 loops=1)
         Sort Key: (count(*)) DESC
         Sort Method: top-N heapsort  Memory: 38kB
         ->  GroupAggregate  (cost=789549.09..789549.12 rows=1 width=36) (actual time=140756.204..141157.581 rows=183837 loops=1)
               Group Key: n.id
               ->  Sort  (cost=789549.09..789549.09 rows=1 width=28) (actual time=140756.123..141037.747 rows=396348 loops=1)
                     Sort Key: n.id
                     Sort Method: external merge  Disk: 14320kB
                     ->  Nested Loop  (cost=105498.06..789549.08 rows=1 width=28) (actual time=9757.472..140304.494 rows=396348 loops=1)
                           ->  Nested Loop  (cost=105497.49..789546.32 rows=1 width=58) (actual time=9756.347..98015.357 rows=446348 loops=1)
                                 ->  Nested Loop  (cost=105497.06..789542.10 rows=1 width=48) (actual time=8741.885..58064.034 rows=2342630 loops=1)
                                       ->  Gather  (cost=105496.50..789537.72 rows=1 width=20) (actual time=8737.297..9339.311 rows=2627555 loops=1)
                                             Workers Planned: 4
                                             Workers Launched: 4
                                             ->  Parallel Hash Anti Join  (cost=104496.50..788537.62 rows=1 width=20) (actual time=8710.198..9305.060 rows=525511 loops=5)
                                                   Hash Cond: ((tp.title_id)::text = (te.title_id)::text)
                                                   ->  Hash Join  (cost=1.16..655459.29 rows=1165000 width=20) (actual time=0.941..6374.151 rows=1911535 loops=5)
                                                         Hash Cond: (tp.category_id = c.id)
                                                         ->  Parallel Seq Scan on titleprincipals tp  (cost=0.00..605800.00 rows=13980000 width=24) (actual time=0.779..4986.298 rows=11183981 loops=5)
                                                         ->  Hash  (cost=1.15..1.15 rows=1 width=4) (actual time=0.070..0.072 rows=1 loops=5)
                                                               Buckets: 1024  Batches: 1  Memory Usage: 9kB
                                                               ->  Seq Scan on category c  (cost=0.00..1.15 rows=1 width=4) (actual time=0.062..0.064 rows=1 loops=5)
                                                                     Filter: ((name)::text = 'actress'::text)
                                                                     Rows Removed by Filter: 11
                                                   ->  Parallel Hash  (cost=72086.15..72086.15 rows=1864415 width=10) (actual time=1581.150..1581.150 rows=1491285 loops=5)
                                                         Buckets: 131072  Batches: 128  Memory Usage: 3840kB
                                                         ->  Parallel Seq Scan on titleepisode te  (cost=0.00..72086.15 rows=1864415 width=10) (actual time=167.958..1144.045 rows=1491285 loops=5)
                                       ->  Index Scan using name_pkey on name n  (cost=0.56..4.37 rows=1 width=28) (actual time=0.018..0.018 rows=1 loops=2627555)
                                             Index Cond: ((id)::text = (tp.name_id)::text)
                                             Filter: (death_year IS NULL)
                                             Rows Removed by Filter: 0
                                 ->  Index Scan using title_pkey on title t  (cost=0.43..4.22 rows=1 width=10) (actual time=0.017..0.017 rows=0 loops=2342630)
                                       Index Cond: ((id)::text = (tp.title_id)::text)
                                       Filter: (((title_type)::text = ANY ('{movie,tvSeries,tvMiniSeries,tvMovie}'::text[])) AND (start_year >= ((date_part('year'::text, now()))::integer - 10)))
                                       Rows Removed by Filter: 1
                           ->  Index Only Scan using titleprincipalscharacters_pkey on titleprincipalscharacters tpc  (cost=0.56..2.74 rows=1 width=20) (actual time=0.094..0.094 rows=1 loops=446348)
                                 Index Cond: ((title_id = (tp.title_id)::text) AND (name_id = (tp.name_id)::text))
                                 Heap Fetches: 0
 Planning Time: 23.163 ms
 JIT:
   Functions: 118
   Options: Inlining true, Optimization true, Expressions true, Deforming true
   Timing: Generation 7.308 ms, Inlining 423.018 ms, Optimization 522.896 ms, Emission 369.836 ms, Total 1323.058 ms
 Execution Time: 142033.687 ms
(45 rows)

