explain analyze SELECT t.id, t.primary_title, tg.genres, te.season_number, count(*) AS views
FROM title t
JOIN titleEpisode te ON te.parent_title_id = t.id
JOIN userHistory uh ON uh.title_id = te.title_id
JOIN users u ON u.id = uh.user_id
JOIN (
    SELECT tg.title_id, array_agg(g.name) AS genres
    FROM titleGenre tg
    JOIN genre g ON g.id = tg.genre_id
    GROUP BY tg.title_id
) tg ON tg.title_id = t.id
WHERE t.title_type = 'tvSeries'
    AND uh.last_seen BETWEEN NOW() - INTERVAL '30 days' AND NOW()
    AND te.season_number IS NOT NULL
    AND u.country_code NOT IN ('US', 'GB')
GROUP BY t.id, t.primary_title, tg.genres, te.season_number
ORDER BY count(*) DESC, t.id
LIMIT 100;
                                                                                                   QUERY PLAN                                                                                                    
-----------------------------------------------------------------------------------------------------------------------------------------------------------------------------------------------------------------
 Limit  (cost=1159209.44..1159209.69 rows=100 width=74) (actual time=22162.564..22162.693 rows=100 loops=1)
   ->  Sort  (cost=1159209.44..1159259.42 rows=19990 width=74) (actual time=21628.213..21628.334 rows=100 loops=1)
         Sort Key: (count(*)) DESC, t.id
         Sort Method: top-N heapsort  Memory: 41kB
         ->  GroupAggregate  (cost=136027.08..1158445.44 rows=19990 width=74) (actual time=6227.314..21625.349 rows=6294 loops=1)
               Group Key: t.id, (array_agg(g.name)), te.season_number
               ->  Nested Loop  (cost=136027.08..1158045.64 rows=19990 width=66) (actual time=6226.726..21619.884 rows=7833 loops=1)
                     ->  Gather Merge  (cost=136026.78..1147187.25 rows=20133 width=70) (actual time=6225.889..21469.523 rows=7905 loops=1)
                           Workers Planned: 2
                           Workers Launched: 2
                           ->  Incremental Sort  (cost=135026.76..1143863.38 rows=8389 width=70) (actual time=6204.446..20847.863 rows=2635 loops=3)
                                 Sort Key: t.id, (array_agg(g.name)), te.season_number
                                 Presorted Key: t.id
                                 Full-sort Groups: 83  Sort Method: quicksort  Average Memory: 29kB  Peak Memory: 29kB
                                 Worker 0:  Full-sort Groups: 82  Sort Method: quicksort  Average Memory: 29kB  Peak Memory: 29kB
                                 Worker 1:  Full-sort Groups: 82  Sort Method: quicksort  Average Memory: 30kB  Peak Memory: 30kB
                                 ->  Merge Join  (cost=134906.52..1143485.87 rows=8389 width=70) (actual time=6182.849..20843.187 rows=2635 loops=3)
                                       Merge Cond: ((te.parent_title_id)::text = (tg.title_id)::text)
                                       ->  Sort  (cost=134905.81..134905.96 rows=59 width=48) (actual time=6112.037..6114.275 rows=2729 loops=3)
                                             Sort Key: t.id
                                             Sort Method: quicksort  Memory: 377kB
                                             Worker 0:  Sort Method: quicksort  Memory: 371kB
                                             Worker 1:  Sort Method: quicksort  Memory: 367kB
                                             ->  Nested Loop  (cost=0.87..134904.08 rows=59 width=48) (actual time=239.136..6104.169 rows=2729 loops=3)
                                                   ->  Nested Loop  (cost=0.43..133629.88 rows=2272 width=18) (actual time=237.842..4454.350 rows=2848 loops=3)
                                                         ->  Parallel Seq Scan on userhistory uh  (cost=0.00..111328.96 rows=2866 width=14) (actual time=236.620..2260.059 rows=3964 loops=3)
                                                               Filter: ((last_seen <= now()) AND (last_seen >= (now() - '30 days'::interval)))
                                                               Rows Removed by Filter: 1996667
                                                         ->  Index Scan using titleepisode_pkey on titleepisode te  (cost=0.43..7.78 rows=1 width=24) (actual time=0.550..0.550 rows=1 loops=11892)
                                                               Index Cond: ((title_id)::text = (uh.title_id)::text)
                                                               Filter: (season_number IS NOT NULL)
                                                               Rows Removed by Filter: 0
                                                   ->  Index Scan using title_pkey on title t  (cost=0.43..0.56 rows=1 width=30) (actual time=0.576..0.576 rows=1 loops=8545)
                                                         Index Cond: ((id)::text = (te.parent_title_id)::text)
                                                         Filter: ((title_type)::text = 'tvSeries'::text)
                                                         Rows Removed by Filter: 0
                                       ->  GroupAggregate  (cost=0.71..959482.28 rows=3921060 width=42) (actual time=1.040..13711.102 rows=9377470 loops=3)
                                             Group Key: tg.title_id
                                             ->  Nested Loop  (cost=0.71..834474.73 rows=15198860 width=17) (actual time=1.010..7393.730 rows=15197632 loops=3)
                                                   ->  Index Only Scan using titlegenre_pkey on titlegenre tg  (cost=0.56..462079.46 rows=15198860 width=14) (actual time=0.951..2668.259 rows=15197632 loops=3)
                                                         Heap Fetches: 0
                                                   ->  Memoize  (cost=0.15..0.17 rows=1 width=11) (actual time=0.000..0.000 rows=1 loops=45592895)
                                                         Cache Key: tg.genre_id
                                                         Cache Mode: logical
                                                         Hits: 15197777  Misses: 28  Evictions: 0  Overflows: 0  Memory Usage: 4kB
                                                         Worker 0:  Hits: 15197699  Misses: 28  Evictions: 0  Overflows: 0  Memory Usage: 4kB
                                                         Worker 1:  Hits: 15197335  Misses: 28  Evictions: 0  Overflows: 0  Memory Usage: 4kB
                                                         ->  Index Scan using genre_pkey on genre g  (cost=0.14..0.16 rows=1 width=11) (actual time=0.003..0.003 rows=1 loops=84)
                                                               Index Cond: (id = tg.genre_id)
                     ->  Memoize  (cost=0.30..1.60 rows=1 width=4) (actual time=0.019..0.019 rows=1 loops=7905)
                           Cache Key: uh.user_id
                           Cache Mode: logical
                           Hits: 282  Misses: 7623  Evictions: 0  Overflows: 0  Memory Usage: 772kB
                           ->  Index Scan using users_pkey on users u  (cost=0.29..1.59 rows=1 width=4) (actual time=0.018..0.018 rows=1 loops=7623)
                                 Index Cond: (id = uh.user_id)
                                 Filter: ((country_code)::text <> ALL ('{US,GB}'::text[]))
                                 Rows Removed by Filter: 0
 Planning Time: 14.403 ms
 JIT:
   Functions: 120
   Options: Inlining true, Optimization true, Expressions true, Deforming true
   Timing: Generation 7.099 ms, Inlining 285.341 ms, Optimization 549.543 ms, Emission 408.909 ms, Total 1250.893 ms
 Execution Time: 22524.257 ms
(63 rows)

