explain analyze SELECT t.id, t.primary_title, tg.genres, te.season_number, count(*) AS views
FROM title t
JOIN titleEpisode te ON te.parent_title_id = t.id
JOIN userHistory uh ON uh.title_id = te.title_id
JOIN users u ON u.id = uh.user_id
JOIN (
    SELECT tg.title_id, array_agg(g.name) AS genres
    FROM titleGenre tg
    JOIN genre g ON g.id = tg.genre_id
    GROUP BY tg.title_id
) tg ON tg.title_id = t.id
WHERE t.title_type = 'tvSeries'
    AND uh.last_seen BETWEEN NOW() - INTERVAL '30 days' AND NOW()
    AND te.season_number IS NOT NULL
    AND u.country_code NOT IN ('US', 'GB')
GROUP BY t.id, t.primary_title, tg.genres, te.season_number
ORDER BY count(*) DESC, t.id
LIMIT 100;
                                                                                                   QUERY PLAN                                                                                                    
-----------------------------------------------------------------------------------------------------------------------------------------------------------------------------------------------------------------
 Limit  (cost=1145942.64..1145942.89 rows=100 width=74) (actual time=21333.414..21333.546 rows=100 loops=1)
   ->  Sort  (cost=1145942.64..1145965.00 rows=8944 width=74) (actual time=20826.014..20826.138 rows=100 loops=1)
         Sort Key: (count(*)) DESC, t.id
         Sort Method: top-N heapsort  Memory: 41kB
         ->  GroupAggregate  (cost=122875.95..1145600.81 rows=8944 width=74) (actual time=5573.117..20823.510 rows=6298 loops=1)
               Group Key: t.id, (array_agg(g.name)), te.season_number
               ->  Nested Loop  (cost=122875.95..1145421.93 rows=8944 width=66) (actual time=5572.540..20818.406 rows=7838 loops=1)
                     ->  Gather Merge  (cost=122875.65..1136822.42 rows=8944 width=70) (actual time=5571.849..20679.278 rows=7910 loops=1)
                           Workers Planned: 2
                           Workers Launched: 2
                           ->  Incremental Sort  (cost=121875.63..1134790.04 rows=3727 width=70) (actual time=5550.043..20148.765 rows=2637 loops=3)
                                 Sort Key: t.id, (array_agg(g.name)), te.season_number
                                 Presorted Key: t.id
                                 Full-sort Groups: 85  Sort Method: quicksort  Average Memory: 29kB  Peak Memory: 29kB
                                 Worker 0:  Full-sort Groups: 82  Sort Method: quicksort  Average Memory: 29kB  Peak Memory: 29kB
                                 Worker 1:  Full-sort Groups: 80  Sort Method: quicksort  Average Memory: 29kB  Peak Memory: 29kB
                                 ->  Merge Join  (cost=121603.81..1134622.32 rows=3727 width=70) (actual time=5527.860..20144.649 rows=2637 loops=3)
                                       Merge Cond: ((te.parent_title_id)::text = (tg.title_id)::text)
                                       ->  Sort  (cost=121603.10..121603.17 rows=25 width=48) (actual time=5457.356..5459.319 rows=2731 loops=3)
                                             Sort Key: t.id
                                             Sort Method: quicksort  Memory: 383kB
                                             Worker 0:  Sort Method: quicksort  Memory: 369kB
                                             Worker 1:  Sort Method: quicksort  Memory: 363kB
                                             ->  Nested Loop  (cost=0.87..121602.52 rows=25 width=48) (actual time=233.696..5450.650 rows=2731 loops=3)
                                                   ->  Nested Loop  (cost=0.43..121070.12 rows=950 width=18) (actual time=232.449..4009.577 rows=2850 loops=3)
                                                         ->  Parallel Seq Scan on userhistory uh  (cost=0.00..111330.89 rows=1194 width=14) (actual time=231.386..2078.702 rows=3966 loops=3)
                                                               Filter: ((last_seen <= now()) AND (last_seen >= (now() - '30 days'::interval)))
                                                               Rows Removed by Filter: 1996665
                                                         ->  Index Scan using titleepisode_pkey on titleepisode te  (cost=0.43..8.16 rows=1 width=24) (actual time=0.484..0.484 rows=1 loops=11897)
                                                               Index Cond: ((title_id)::text = (uh.title_id)::text)
                                                               Filter: (season_number IS NOT NULL)
                                                               Rows Removed by Filter: 0
                                                   ->  Index Scan using title_pkey on title t  (cost=0.43..0.56 rows=1 width=30) (actual time=0.503..0.503 rows=1 loops=8550)
                                                         Index Cond: ((id)::text = (te.parent_title_id)::text)
                                                         Filter: ((title_type)::text = 'tvSeries'::text)
                                                         Rows Removed by Filter: 0
                                       ->  GroupAggregate  (cost=0.71..961725.35 rows=4100518 width=42) (actual time=1.238..13731.093 rows=9375093 loops=3)
                                             Group Key: tg.title_id
                                             ->  Nested Loop  (cost=0.71..834474.57 rows=15198860 width=17) (actual time=1.208..7498.093 rows=15193863 loops=3)
                                                   ->  Index Only Scan using titlegenre_pkey on titlegenre tg  (cost=0.56..462079.46 rows=15198860 width=14) (actual time=1.126..2740.534 rows=15193863 loops=3)
                                                         Heap Fetches: 0
                                                   ->  Memoize  (cost=0.15..0.17 rows=1 width=11) (actual time=0.000..0.000 rows=1 loops=45581588)
                                                         Cache Key: tg.genre_id
                                                         Cache Mode: logical
                                                         Hits: 15186028  Misses: 28  Evictions: 0  Overflows: 0  Memory Usage: 4kB
                                                         Worker 0:  Hits: 15197777  Misses: 28  Evictions: 0  Overflows: 0  Memory Usage: 4kB
                                                         Worker 1:  Hits: 15197699  Misses: 28  Evictions: 0  Overflows: 0  Memory Usage: 4kB
                                                         ->  Index Scan using genre_pkey on genre g  (cost=0.14..0.16 rows=1 width=11) (actual time=0.004..0.004 rows=1 loops=84)
                                                               Index Cond: (id = tg.genre_id)
                     ->  Memoize  (cost=0.30..3.00 rows=1 width=4) (actual time=0.017..0.017 rows=1 loops=7910)
                           Cache Key: uh.user_id
                           Cache Mode: logical
                           Hits: 283  Misses: 7627  Evictions: 0  Overflows: 0  Memory Usage: 773kB
                           ->  Index Scan using users_pkey on users u  (cost=0.29..2.99 rows=1 width=4) (actual time=0.017..0.017 rows=1 loops=7627)
                                 Index Cond: (id = uh.user_id)
                                 Filter: ((country_code)::text <> ALL ('{US,GB}'::text[]))
                                 Rows Removed by Filter: 0
 Planning Time: 14.629 ms
 JIT:
   Functions: 120
   Options: Inlining true, Optimization true, Expressions true, Deforming true
   Timing: Generation 6.893 ms, Inlining 275.368 ms, Optimization 534.540 ms, Emission 390.745 ms, Total 1207.547 ms
 Execution Time: 21689.384 ms
(63 rows)

