explain analyze SELECT t.id, t.primary_title, tg.genres, te.season_number, count(*) AS views
FROM title t
JOIN titleEpisode te ON te.parent_title_id = t.id
JOIN userHistory uh ON uh.title_id = te.title_id
JOIN users u ON u.id = uh.user_id
JOIN (
    SELECT tg.title_id, array_agg(g.name) AS genres
    FROM titleGenre tg
    JOIN genre g ON g.id = tg.genre_id
    GROUP BY tg.title_id
) tg ON tg.title_id = t.id
WHERE t.title_type = 'tvSeries'
    AND uh.last_seen BETWEEN NOW() - INTERVAL '30 days' AND NOW()
    AND te.season_number IS NOT NULL
    AND u.country_code NOT IN ('US', 'GB')
GROUP BY t.id, t.primary_title, tg.genres, te.season_number
ORDER BY count(*) DESC, t.id
LIMIT 100;
                                                                                                   QUERY PLAN                                                                                                    
-----------------------------------------------------------------------------------------------------------------------------------------------------------------------------------------------------------------
 Limit  (cost=1158237.16..1158237.41 rows=100 width=74) (actual time=21273.058..21273.202 rows=100 loops=1)
   ->  Sort  (cost=1158237.16..1158283.09 rows=18369 width=74) (actual time=20756.345..20756.482 rows=100 loops=1)
         Sort Key: (count(*)) DESC, t.id
         Sort Method: top-N heapsort  Memory: 41kB
         ->  GroupAggregate  (cost=135874.22..1157535.11 rows=18369 width=74) (actual time=5614.850..20753.756 rows=6296 loops=1)
               Group Key: t.id, (array_agg(g.name)), te.season_number
               ->  Nested Loop  (cost=135874.22..1157167.73 rows=18369 width=66) (actual time=5614.231..20748.624 rows=7836 loops=1)
                     ->  Gather Merge  (cost=135873.91..1146370.69 rows=18510 width=70) (actual time=5613.491..20603.931 rows=7908 loops=1)
                           Workers Planned: 2
                           Workers Launched: 2
                           ->  Incremental Sort  (cost=134873.89..1143234.15 rows=7712 width=70) (actual time=5590.240..20102.367 rows=2636 loops=3)
                                 Sort Key: t.id, (array_agg(g.name)), te.season_number
                                 Presorted Key: t.id
                                 Full-sort Groups: 86  Sort Method: quicksort  Average Memory: 29kB  Peak Memory: 29kB
                                 Worker 0:  Full-sort Groups: 80  Sort Method: quicksort  Average Memory: 29kB  Peak Memory: 29kB
                                 Worker 1:  Full-sort Groups: 81  Sort Method: quicksort  Average Memory: 29kB  Peak Memory: 29kB
                                 ->  Merge Join  (cost=134743.16..1142887.11 rows=7712 width=70) (actual time=5566.295..20097.945 rows=2636 loops=3)
                                       Merge Cond: ((te.parent_title_id)::text = (tg.title_id)::text)
                                       ->  Sort  (cost=134742.45..134742.59 rows=55 width=48) (actual time=5497.131..5499.320 rows=2730 loops=3)
                                             Sort Key: t.id
                                             Sort Method: quicksort  Memory: 383kB
                                             Worker 0:  Sort Method: quicksort  Memory: 364kB
                                             Worker 1:  Sort Method: quicksort  Memory: 369kB
                                             ->  Nested Loop  (cost=0.87..134740.86 rows=55 width=48) (actual time=233.774..5490.721 rows=2730 loops=3)
                                                   ->  Nested Loop  (cost=0.43..133479.35 rows=2248 width=18) (actual time=232.557..4037.183 rows=2849 loops=3)
                                                         ->  Parallel Seq Scan on userhistory uh  (cost=0.00..111329.10 rows=2845 width=14) (actual time=231.400..2080.415 rows=3965 loops=3)
                                                               Filter: ((last_seen <= now()) AND (last_seen >= (now() - '30 days'::interval)))
                                                               Rows Removed by Filter: 1996666
                                                         ->  Index Scan using titleepisode_pkey on titleepisode te  (cost=0.43..7.79 rows=1 width=24) (actual time=0.491..0.491 rows=1 loops=11895)
                                                               Index Cond: ((title_id)::text = (uh.title_id)::text)
                                                               Filter: (season_number IS NOT NULL)
                                                               Rows Removed by Filter: 0
                                                   ->  Index Scan using title_pkey on title t  (cost=0.43..0.56 rows=1 width=30) (actual time=0.507..0.507 rows=1 loops=8548)
                                                         Index Cond: ((id)::text = (te.parent_title_id)::text)
                                                         Filter: ((title_type)::text = 'tvSeries'::text)
                                                         Rows Removed by Filter: 0
                                       ->  GroupAggregate  (cost=0.71..959267.85 rows=3903906 width=42) (actual time=0.869..13621.501 rows=9377470 loops=3)
                                             Group Key: tg.title_id
                                             ->  Nested Loop  (cost=0.71..834474.73 rows=15198860 width=17) (actual time=0.839..7351.847 rows=15197632 loops=3)
                                                   ->  Index Only Scan using titlegenre_pkey on titlegenre tg  (cost=0.56..462079.46 rows=15198860 width=14) (actual time=0.741..2677.802 rows=15197632 loops=3)
                                                         Heap Fetches: 0
                                                   ->  Memoize  (cost=0.15..0.17 rows=1 width=11) (actual time=0.000..0.000 rows=1 loops=45592895)
                                                         Cache Key: tg.genre_id
                                                         Cache Mode: logical
                                                         Hits: 15197777  Misses: 28  Evictions: 0  Overflows: 0  Memory Usage: 4kB
                                                         Worker 0:  Hits: 15197699  Misses: 28  Evictions: 0  Overflows: 0  Memory Usage: 4kB
                                                         Worker 1:  Hits: 15197335  Misses: 28  Evictions: 0  Overflows: 0  Memory Usage: 4kB
                                                         ->  Index Scan using genre_pkey on genre g  (cost=0.14..0.16 rows=1 width=11) (actual time=0.004..0.004 rows=1 loops=84)
                                                               Index Cond: (id = tg.genre_id)
                     ->  Memoize  (cost=0.30..1.61 rows=1 width=4) (actual time=0.018..0.018 rows=1 loops=7908)
                           Cache Key: uh.user_id
                           Cache Mode: logical
                           Hits: 282  Misses: 7626  Evictions: 0  Overflows: 0  Memory Usage: 773kB
                           ->  Index Scan using users_pkey on users u  (cost=0.29..1.60 rows=1 width=4) (actual time=0.017..0.017 rows=1 loops=7626)
                                 Index Cond: (id = uh.user_id)
                                 Filter: ((country_code)::text <> ALL ('{US,GB}'::text[]))
                                 Rows Removed by Filter: 0
 Planning Time: 14.139 ms
 JIT:
   Functions: 120
   Options: Inlining true, Optimization true, Expressions true, Deforming true
   Timing: Generation 6.960 ms, Inlining 275.139 ms, Optimization 535.999 ms, Emission 399.491 ms, Total 1217.590 ms
 Execution Time: 21650.021 ms
(63 rows)

