explain analyze SELECT t.id, t.primary_title, tg.genres, te.season_number, count(*) AS views
FROM title t
JOIN titleEpisode te ON te.parent_title_id = t.id
JOIN userHistory uh ON uh.title_id = te.title_id
JOIN users u ON u.id = uh.user_id
JOIN (
    SELECT tg.title_id, array_agg(g.name) AS genres
    FROM titleGenre tg
    JOIN genre g ON g.id = tg.genre_id
    GROUP BY tg.title_id
) tg ON tg.title_id = t.id
WHERE t.title_type = 'tvSeries'
    AND uh.last_seen BETWEEN NOW() - INTERVAL '30 days' AND NOW()
    AND te.season_number IS NOT NULL
    AND u.country_code NOT IN ('US', 'GB')
GROUP BY t.id, t.primary_title, tg.genres, te.season_number
ORDER BY count(*) DESC, t.id
LIMIT 100;
                                                                                                   QUERY PLAN                                                                                                    
-----------------------------------------------------------------------------------------------------------------------------------------------------------------------------------------------------------------
 Limit  (cost=1163215.93..1163216.18 rows=100 width=74) (actual time=21774.679..21774.826 rows=100 loops=1)
   ->  Sort  (cost=1163215.93..1163265.49 rows=19821 width=74) (actual time=21259.832..21259.971 rows=100 loops=1)
         Sort Key: (count(*)) DESC, t.id
         Sort Method: top-N heapsort  Memory: 41kB
         ->  GroupAggregate  (cost=135617.52..1162458.39 rows=19821 width=74) (actual time=5518.419..21257.333 rows=6244 loops=1)
               Group Key: t.id, (array_agg(g.name)), te.season_number
               ->  Nested Loop  (cost=135617.52..1162061.97 rows=19821 width=66) (actual time=5517.998..21252.460 rows=7766 loops=1)
                     ->  Gather Merge  (cost=135617.21..1151239.77 rows=19967 width=70) (actual time=5517.379..21121.473 rows=7836 loops=1)
                           Workers Planned: 2
                           Workers Launched: 2
                           ->  Incremental Sort  (cost=134617.19..1147935.06 rows=8320 width=70) (actual time=5491.414..20421.654 rows=2612 loops=3)
                                 Sort Key: t.id, (array_agg(g.name)), te.season_number
                                 Presorted Key: t.id
                                 Full-sort Groups: 86  Sort Method: quicksort  Average Memory: 29kB  Peak Memory: 29kB
                                 Worker 0:  Full-sort Groups: 81  Sort Method: quicksort  Average Memory: 29kB  Peak Memory: 29kB
                                 Worker 1:  Full-sort Groups: 77  Sort Method: quicksort  Average Memory: 29kB  Peak Memory: 29kB
                                 ->  Merge Join  (cost=134495.42..1147560.66 rows=8320 width=70) (actual time=5469.659..20417.469 rows=2612 loops=3)
                                       Merge Cond: ((te.parent_title_id)::text = (tg.title_id)::text)
                                       ->  Sort  (cost=134494.71..134494.85 rows=57 width=48) (actual time=5398.437..5400.331 rows=2706 loops=3)
                                             Sort Key: t.id
                                             Sort Method: quicksort  Memory: 383kB
                                             Worker 0:  Sort Method: quicksort  Memory: 372kB
                                             Worker 1:  Sort Method: quicksort  Memory: 354kB
                                             ->  Nested Loop  (cost=0.87..134493.05 rows=57 width=48) (actual time=243.718..5392.013 rows=2706 loops=3)
                                                   ->  Nested Loop  (cost=0.43..133242.89 rows=2229 width=18) (actual time=242.504..3976.280 rows=2823 loops=3)
                                                         ->  Parallel Seq Scan on userhistory uh  (cost=0.00..111330.05 rows=2812 width=14) (actual time=241.418..2086.716 rows=3931 loops=3)
                                                               Filter: ((last_seen <= now()) AND (last_seen >= (now() - '30 days'::interval)))
                                                               Rows Removed by Filter: 1996700
                                                         ->  Index Scan using titleepisode_pkey on titleepisode te  (cost=0.43..7.79 rows=1 width=24) (actual time=0.478..0.478 rows=1 loops=11793)
                                                               Index Cond: ((title_id)::text = (uh.title_id)::text)
                                                               Filter: (season_number IS NOT NULL)
                                                               Rows Removed by Filter: 0
                                                   ->  Index Scan using title_pkey on title t  (cost=0.43..0.56 rows=1 width=30) (actual time=0.499..0.499 rows=1 loops=8469)
                                                         Index Cond: ((id)::text = (te.parent_title_id)::text)
                                                         Filter: ((title_type)::text = 'tvSeries'::text)
                                                         Rows Removed by Filter: 0
                                       ->  GroupAggregate  (cost=0.71..961725.50 rows=4100518 width=42) (actual time=1.492..14010.146 rows=9375093 loops=3)
                                             Group Key: tg.title_id
                                             ->  Nested Loop  (cost=0.71..834474.73 rows=15198860 width=17) (actual time=1.461..7654.385 rows=15193863 loops=3)
                                                   ->  Index Only Scan using titlegenre_pkey on titlegenre tg  (cost=0.56..462079.46 rows=15198860 width=14) (actual time=1.352..2871.447 rows=15193863 loops=3)
                                                         Heap Fetches: 0
                                                   ->  Memoize  (cost=0.15..0.17 rows=1 width=11) (actual time=0.000..0.000 rows=1 loops=45581588)
                                                         Cache Key: tg.genre_id
                                                         Cache Mode: logical
                                                         Hits: 15197699  Misses: 28  Evictions: 0  Overflows: 0  Memory Usage: 4kB
                                                         Worker 0:  Hits: 15197777  Misses: 28  Evictions: 0  Overflows: 0  Memory Usage: 4kB
                                                         Worker 1:  Hits: 15186028  Misses: 28  Evictions: 0  Overflows: 0  Memory Usage: 4kB
                                                         ->  Index Scan using genre_pkey on genre g  (cost=0.14..0.16 rows=1 width=11) (actual time=0.005..0.005 rows=1 loops=84)
                                                               Index Cond: (id = tg.genre_id)
                     ->  Memoize  (cost=0.30..1.63 rows=1 width=4) (actual time=0.016..0.016 rows=1 loops=7836)
                           Cache Key: uh.user_id
                           Cache Mode: logical
                           Hits: 277  Misses: 7559  Evictions: 0  Overflows: 0  Memory Usage: 766kB
                           ->  Index Scan using users_pkey on users u  (cost=0.29..1.62 rows=1 width=4) (actual time=0.016..0.016 rows=1 loops=7559)
                                 Index Cond: (id = uh.user_id)
                                 Filter: ((country_code)::text <> ALL ('{US,GB}'::text[]))
                                 Rows Removed by Filter: 0
 Planning Time: 16.123 ms
 JIT:
   Functions: 120
   Options: Inlining true, Optimization true, Expressions true, Deforming true
   Timing: Generation 7.086 ms, Inlining 277.462 ms, Optimization 559.374 ms, Emission 401.103 ms, Total 1245.025 ms
 Execution Time: 22146.060 ms
(63 rows)

