explain analyze SELECT t.id, t.primary_title, tg.genres, te.season_number, count(*) AS views
FROM title t
JOIN titleEpisode te ON te.parent_title_id = t.id
JOIN userHistory uh ON uh.title_id = te.title_id
JOIN users u ON u.id = uh.user_id
JOIN (
    SELECT tg.title_id, array_agg(g.name) AS genres
    FROM titleGenre tg
    JOIN genre g ON g.id = tg.genre_id
    GROUP BY tg.title_id
) tg ON tg.title_id = t.id
WHERE t.title_type = 'tvSeries'
    AND uh.last_seen BETWEEN NOW() - INTERVAL '30 days' AND NOW()
    AND te.season_number IS NOT NULL
    AND u.country_code NOT IN ('US', 'GB')
GROUP BY t.id, t.primary_title, tg.genres, te.season_number
ORDER BY count(*) DESC, t.id
LIMIT 100;
                                                                                                   QUERY PLAN                                                                                                    
-----------------------------------------------------------------------------------------------------------------------------------------------------------------------------------------------------------------
 Limit  (cost=1132806.18..1132806.43 rows=100 width=74) (actual time=22037.185..22037.329 rows=100 loops=1)
   ->  Sort  (cost=1132806.18..1132823.86 rows=7074 width=74) (actual time=21509.699..21509.836 rows=100 loops=1)
         Sort Key: (count(*)) DESC, t.id
         Sort Method: top-N heapsort  Memory: 41kB
         ->  GroupAggregate  (cost=122958.30..1132535.82 rows=7074 width=74) (actual time=5787.317..21507.037 rows=6274 loops=1)
               Group Key: t.id, (array_agg(g.name)), te.season_number
               ->  Nested Loop  (cost=122958.30..1132394.34 rows=7074 width=66) (actual time=5786.827..21501.748 rows=7803 loops=1)
                     ->  Gather Merge  (cost=122958.00..1123836.05 rows=7074 width=70) (actual time=5786.111..21352.705 rows=7874 loops=1)
                           Workers Planned: 2
                           Workers Launched: 2
                           ->  Incremental Sort  (cost=121957.98..1122019.51 rows=2948 width=70) (actual time=5763.096..20733.154 rows=2625 loops=3)
                                 Sort Key: t.id, (array_agg(g.name)), te.season_number
                                 Presorted Key: t.id
                                 Full-sort Groups: 84  Sort Method: quicksort  Average Memory: 29kB  Peak Memory: 29kB
                                 Worker 0:  Full-sort Groups: 79  Sort Method: quicksort  Average Memory: 29kB  Peak Memory: 29kB
                                 Worker 1:  Full-sort Groups: 82  Sort Method: quicksort  Average Memory: 29kB  Peak Memory: 29kB
                                 ->  Merge Join  (cost=121618.66..1121886.85 rows=2948 width=70) (actual time=5739.486..20728.404 rows=2625 loops=3)
                                       Merge Cond: ((te.parent_title_id)::text = (tg.title_id)::text)
                                       ->  Sort  (cost=121617.95..121618.01 rows=23 width=48) (actual time=5667.616..5669.828 rows=2719 loops=3)
                                             Sort Key: t.id
                                             Sort Method: quicksort  Memory: 381kB
                                             Worker 0:  Sort Method: quicksort  Memory: 361kB
                                             Worker 1:  Sort Method: quicksort  Memory: 370kB
                                             ->  Nested Loop  (cost=0.87..121617.43 rows=23 width=48) (actual time=242.505..5660.599 rows=2719 loops=3)
                                                   ->  Nested Loop  (cost=0.43..121082.62 rows=955 width=18) (actual time=241.458..4134.248 rows=2837 loops=3)
                                                         ->  Parallel Seq Scan on userhistory uh  (cost=0.00..111328.13 rows=1196 width=14) (actual time=240.165..2109.412 rows=3949 loops=3)
                                                               Filter: ((last_seen <= now()) AND (last_seen >= (now() - '30 days'::interval)))
                                                               Rows Removed by Filter: 1996682
                                                         ->  Index Scan using titleepisode_pkey on titleepisode te  (cost=0.43..8.16 rows=1 width=24) (actual time=0.510..0.510 rows=1 loops=11847)
                                                               Index Cond: ((title_id)::text = (uh.title_id)::text)
                                                               Filter: (season_number IS NOT NULL)
                                                               Rows Removed by Filter: 0
                                                   ->  Index Scan using title_pkey on title t  (cost=0.43..0.56 rows=1 width=30) (actual time=0.535..0.535 rows=1 loops=8511)
                                                         Index Cond: ((id)::text = (te.parent_title_id)::text)
                                                         Filter: ((title_type)::text = 'tvSeries'::text)
                                                         Rows Removed by Filter: 0
                                       ->  GroupAggregate  (cost=0.71..955354.12 rows=3590807 width=42) (actual time=1.311..14078.073 rows=9377470 loops=3)
                                             Group Key: tg.title_id
                                             ->  Nested Loop  (cost=0.71..834474.73 rows=15198860 width=17) (actual time=1.281..7690.770 rows=15197632 loops=3)
                                                   ->  Index Only Scan using titlegenre_pkey on titlegenre tg  (cost=0.56..462079.46 rows=15198860 width=14) (actual time=1.198..2777.429 rows=15197632 loops=3)
                                                         Heap Fetches: 0
                                                   ->  Memoize  (cost=0.15..0.17 rows=1 width=11) (actual time=0.000..0.000 rows=1 loops=45592895)
                                                         Cache Key: tg.genre_id
                                                         Cache Mode: logical
                                                         Hits: 15197777  Misses: 28  Evictions: 0  Overflows: 0  Memory Usage: 4kB
                                                         Worker 0:  Hits: 15197335  Misses: 28  Evictions: 0  Overflows: 0  Memory Usage: 4kB
                                                         Worker 1:  Hits: 15197699  Misses: 28  Evictions: 0  Overflows: 0  Memory Usage: 4kB
                                                         ->  Index Scan using genre_pkey on genre g  (cost=0.14..0.16 rows=1 width=11) (actual time=0.004..0.004 rows=1 loops=84)
                                                               Index Cond: (id = tg.genre_id)
                     ->  Memoize  (cost=0.30..3.00 rows=1 width=4) (actual time=0.019..0.019 rows=1 loops=7874)
                           Cache Key: uh.user_id
                           Cache Mode: logical
                           Hits: 279  Misses: 7595  Evictions: 0  Overflows: 0  Memory Usage: 769kB
                           ->  Index Scan using users_pkey on users u  (cost=0.29..2.99 rows=1 width=4) (actual time=0.018..0.018 rows=1 loops=7595)
                                 Index Cond: (id = uh.user_id)
                                 Filter: ((country_code)::text <> ALL ('{US,GB}'::text[]))
                                 Rows Removed by Filter: 0
 Planning Time: 14.765 ms
 JIT:
   Functions: 120
   Options: Inlining true, Optimization true, Expressions true, Deforming true
   Timing: Generation 7.336 ms, Inlining 285.167 ms, Optimization 550.982 ms, Emission 410.403 ms, Total 1253.888 ms
 Execution Time: 22409.163 ms
(63 rows)

