explain analyze SELECT t.id, t.primary_title, tg.genres, te.season_number, count(*) AS views
FROM title t
JOIN titleEpisode te ON te.parent_title_id = t.id
JOIN userHistory uh ON uh.title_id = te.title_id
JOIN users u ON u.id = uh.user_id
JOIN (
    SELECT tg.title_id, array_agg(g.name) AS genres
    FROM titleGenre tg
    JOIN genre g ON g.id = tg.genre_id
    GROUP BY tg.title_id
) tg ON tg.title_id = t.id
WHERE t.title_type = 'tvSeries'
    AND uh.last_seen BETWEEN NOW() - INTERVAL '30 days' AND NOW()
    AND te.season_number IS NOT NULL
    AND u.country_code NOT IN ('US', 'GB')
GROUP BY t.id, t.primary_title, tg.genres, te.season_number
ORDER BY count(*) DESC, t.id
LIMIT 100;
                                                                                                   QUERY PLAN                                                                                                    
-----------------------------------------------------------------------------------------------------------------------------------------------------------------------------------------------------------------
 Limit  (cost=1155722.92..1155723.17 rows=100 width=74) (actual time=21494.047..21494.182 rows=100 loops=1)
   ->  Sort  (cost=1155722.92..1155767.12 rows=17679 width=74) (actual time=20971.967..20972.095 rows=100 loops=1)
         Sort Key: (count(*)) DESC, t.id
         Sort Method: top-N heapsort  Memory: 41kB
         ->  GroupAggregate  (cost=135641.15..1155047.24 rows=17679 width=74) (actual time=5697.405..20969.503 rows=6245 loops=1)
               Group Key: t.id, (array_agg(g.name)), te.season_number
               ->  Nested Loop  (cost=135641.15..1154693.66 rows=17679 width=66) (actual time=5696.897..20964.689 rows=7767 loops=1)
                     ->  Gather Merge  (cost=135640.85..1143936.75 rows=17814 width=70) (actual time=5696.113..20835.101 rows=7837 loops=1)
                           Workers Planned: 2
                           Workers Launched: 2
                           ->  Incremental Sort  (cost=134640.83..1140880.55 rows=7422 width=70) (actual time=5674.312..20268.315 rows=2612 loops=3)
                                 Sort Key: t.id, (array_agg(g.name)), te.season_number
                                 Presorted Key: t.id
                                 Full-sort Groups: 83  Sort Method: quicksort  Average Memory: 29kB  Peak Memory: 29kB
                                 Worker 0:  Full-sort Groups: 82  Sort Method: quicksort  Average Memory: 29kB  Peak Memory: 29kB
                                 Worker 1:  Full-sort Groups: 80  Sort Method: quicksort  Average Memory: 30kB  Peak Memory: 30kB
                                 ->  Merge Join  (cost=134505.27..1140546.56 rows=7422 width=70) (actual time=5650.312..20264.066 rows=2612 loops=3)
                                       Merge Cond: ((te.parent_title_id)::text = (tg.title_id)::text)
                                       ->  Sort  (cost=134504.56..134504.70 rows=55 width=48) (actual time=5580.009..5582.054 rows=2706 loops=3)
                                             Sort Key: t.id
                                             Sort Method: quicksort  Memory: 372kB
                                             Worker 0:  Sort Method: quicksort  Memory: 373kB
                                             Worker 1:  Sort Method: quicksort  Memory: 363kB
                                             ->  Nested Loop  (cost=0.87..134502.97 rows=55 width=48) (actual time=233.533..5573.120 rows=2706 loops=3)
                                                   ->  Nested Loop  (cost=0.43..133249.09 rows=2237 width=18) (actual time=231.894..4070.243 rows=2824 loops=3)
                                                         ->  Parallel Seq Scan on userhistory uh  (cost=0.00..111330.68 rows=2813 width=14) (actual time=230.498..2072.371 rows=3932 loops=3)
                                                               Filter: ((last_seen <= now()) AND (last_seen >= (now() - '30 days'::interval)))
                                                               Rows Removed by Filter: 1996699
                                                         ->  Index Scan using titleepisode_pkey on titleepisode te  (cost=0.43..7.79 rows=1 width=24) (actual time=0.505..0.505 rows=1 loops=11796)
                                                               Index Cond: ((title_id)::text = (uh.title_id)::text)
                                                               Filter: (season_number IS NOT NULL)
                                                               Rows Removed by Filter: 0
                                                   ->  Index Scan using title_pkey on title t  (cost=0.43..0.56 rows=1 width=30) (actual time=0.529..0.529 rows=1 loops=8471)
                                                         Index Cond: ((id)::text = (te.parent_title_id)::text)
                                                         Filter: ((title_type)::text = 'tvSeries'::text)
                                                         Rows Removed by Filter: 0
                                       ->  GroupAggregate  (cost=0.71..958209.00 rows=3820680 width=42) (actual time=1.121..13688.171 rows=9377470 loops=3)
                                             Group Key: tg.title_id
                                             ->  Nested Loop  (cost=0.71..834458.28 rows=15198444 width=17) (actual time=1.092..7398.874 rows=15197632 loops=3)
                                                   ->  Index Only Scan using titlegenre_pkey on titlegenre tg  (cost=0.56..462073.22 rows=15198444 width=14) (actual time=1.026..2650.689 rows=15197632 loops=3)
                                                         Heap Fetches: 0
                                                   ->  Memoize  (cost=0.15..0.17 rows=1 width=11) (actual time=0.000..0.000 rows=1 loops=45592895)
                                                         Cache Key: tg.genre_id
                                                         Cache Mode: logical
                                                         Hits: 15197777  Misses: 28  Evictions: 0  Overflows: 0  Memory Usage: 4kB
                                                         Worker 0:  Hits: 15197335  Misses: 28  Evictions: 0  Overflows: 0  Memory Usage: 4kB
                                                         Worker 1:  Hits: 15197699  Misses: 28  Evictions: 0  Overflows: 0  Memory Usage: 4kB
                                                         ->  Index Scan using genre_pkey on genre g  (cost=0.14..0.16 rows=1 width=11) (actual time=0.004..0.004 rows=1 loops=84)
                                                               Index Cond: (id = tg.genre_id)
                     ->  Memoize  (cost=0.30..1.63 rows=1 width=4) (actual time=0.016..0.016 rows=1 loops=7837)
                           Cache Key: uh.user_id
                           Cache Mode: logical
                           Hits: 277  Misses: 7560  Evictions: 0  Overflows: 0  Memory Usage: 766kB
                           ->  Index Scan using users_pkey on users u  (cost=0.29..1.62 rows=1 width=4) (actual time=0.016..0.016 rows=1 loops=7560)
                                 Index Cond: (id = uh.user_id)
                                 Filter: ((country_code)::text <> ALL ('{US,GB}'::text[]))
                                 Rows Removed by Filter: 0
 Planning Time: 14.047 ms
 JIT:
   Functions: 120
   Options: Inlining true, Optimization true, Expressions true, Deforming true
   Timing: Generation 6.989 ms, Inlining 279.756 ms, Optimization 535.441 ms, Emission 397.408 ms, Total 1219.594 ms
 Execution Time: 21852.622 ms
(63 rows)

