explain analyze SELECT n.id,
    n.primary_name,
    date_part('year', NOW())::int - n.birth_year AS age,
    count(*) AS roles
FROM name n
JOIN titlePrincipals tp ON tp.name_id = n.id
JOIN titlePrincipalsCharacters tpc ON tpc.title_id = tp.title_id
    AND tpc.name_id = tp.name_id
JOIN category c ON c.id = tp.category_id
JOIN title t ON t.id = tp.title_id
WHERE t.start_year >= date_part('year', NOW())::int - 10
    AND c.name = 'actress'
    AND n.death_year IS NULL
    AND t.title_type IN (
        'movie', 'tvSeries', 'tvMiniSeries', 'tvMovie'
    )
GROUP BY n.id
ORDER BY roles DESC
LIMIT 100;
                                                                                                        QUERY PLAN                                                                                                         
---------------------------------------------------------------------------------------------------------------------------------------------------------------------------------------------------------------------------
 Limit  (cost=1289528.30..1289528.32 rows=10 width=36) (actual time=32870.050..32987.791 rows=100 loops=1)
   ->  Sort  (cost=1289528.30..1289528.32 rows=10 width=36) (actual time=32370.328..32488.061 rows=100 loops=1)
         Sort Key: (count(*)) DESC
         Sort Method: top-N heapsort  Memory: 38kB
         ->  Finalize GroupAggregate  (cost=1289526.90..1289528.13 rows=10 width=36) (actual time=32102.412..32448.536 rows=183837 loops=1)
               Group Key: n.id
               ->  Gather Merge  (cost=1289526.90..1289527.89 rows=8 width=36) (actual time=32102.363..32353.765 rows=250622 loops=1)
                     Workers Planned: 2
                     Workers Launched: 2
                     ->  Partial GroupAggregate  (cost=1288526.87..1288526.94 rows=4 width=36) (actual time=32079.532..32150.928 rows=83541 loops=3)
                           Group Key: n.id
                           ->  Sort  (cost=1288526.87..1288526.88 rows=4 width=28) (actual time=32079.479..32112.215 rows=132116 loops=3)
                                 Sort Key: n.id
                                 Sort Method: external merge  Disk: 4776kB
                                 Worker 0:  Sort Method: external merge  Disk: 4752kB
                                 Worker 1:  Sort Method: external merge  Disk: 4792kB
                                 ->  Nested Loop  (cost=234432.25..1288526.83 rows=4 width=28) (actual time=10354.564..31883.605 rows=132116 loops=3)
                                       ->  Nested Loop  (cost=234431.69..1288510.29 rows=4 width=20) (actual time=10353.779..21395.689 rows=132656 loops=3)
                                             ->  Parallel Hash Join  (cost=234431.13..1044986.55 rows=91425 width=30) (actual time=10352.104..10985.775 rows=149480 loops=3)
                                                   Hash Cond: ((tp.title_id)::text = (t.id)::text)
                                                   ->  Hash Join  (cost=1.16..781764.71 rows=1941667 width=20) (actual time=0.541..6915.794 rows=3185892 loops=3)
                                                         Hash Cond: (tp.category_id = c.id)
                                                         ->  Parallel Seq Scan on titleprincipals tp  (cost=0.00..699000.00 rows=23300000 width=24) (actual time=0.412..4976.884 rows=18639969 loops=3)
                                                         ->  Hash  (cost=1.15..1.15 rows=1 width=4) (actual time=0.063..0.064 rows=1 loops=3)
                                                               Buckets: 1024  Batches: 1  Memory Usage: 9kB
                                                               ->  Seq Scan on category c  (cost=0.00..1.15 rows=1 width=4) (actual time=0.051..0.052 rows=1 loops=3)
                                                                     Filter: ((name)::text = 'actress'::text)
                                                                     Rows Removed by Filter: 11
                                                   ->  Parallel Hash  (cost=231081.38..231081.38 rows=192607 width=10) (actual time=2576.554..2576.555 rows=117416 loops=3)
                                                         Buckets: 131072  Batches: 8  Memory Usage: 3136kB
                                                         ->  Parallel Seq Scan on title t  (cost=0.00..231081.38 rows=192607 width=10) (actual time=250.443..2536.346 rows=117416 loops=3)
                                                               Filter: (((title_type)::text = ANY ('{movie,tvSeries,tvMiniSeries,tvMovie}'::text[])) AND (start_year >= ((date_part('year'::text, now()))::integer - 10)))
                                                               Rows Removed by Filter: 3156125
                                             ->  Index Only Scan using titleprincipalscharacters_pkey on titleprincipalscharacters tpc  (cost=0.56..2.65 rows=1 width=20) (actual time=0.069..0.069 rows=1 loops=448441)
                                                   Index Cond: ((title_id = (tp.title_id)::text) AND (name_id = (tp.name_id)::text))
                                                   Heap Fetches: 0
                                       ->  Index Scan using name_pkey on name n  (cost=0.56..4.14 rows=1 width=28) (actual time=0.078..0.078 rows=1 loops=397968)
                                             Index Cond: ((id)::text = (tp.name_id)::text)
                                             Filter: (death_year IS NULL)
                                             Rows Removed by Filter: 0
 Planning Time: 19.376 ms
 JIT:
   Functions: 115
   Options: Inlining true, Optimization true, Expressions true, Deforming true
   Timing: Generation 7.021 ms, Inlining 272.394 ms, Optimization 542.423 ms, Emission 414.743 ms, Total 1236.582 ms
 Execution Time: 33348.700 ms
(46 rows)

