explain analyze SELECT n.id,
    n.primary_name,
    date_part('year', NOW())::int - n.birth_year AS age,
    count(*) AS roles
FROM name n
JOIN titlePrincipals tp ON tp.name_id = n.id
JOIN titlePrincipalsCharacters tpc ON tpc.title_id = tp.title_id
    AND tpc.name_id = tp.name_id
JOIN category c ON c.id = tp.category_id
JOIN title t ON t.id = tp.title_id
WHERE t.start_year >= date_part('year', NOW())::int - 10
    AND c.name = 'actress'
    AND n.death_year IS NULL
    AND t.title_type IN (
        'movie', 'tvSeries', 'tvMiniSeries', 'tvMovie'
    )
GROUP BY n.id
ORDER BY roles DESC
LIMIT 100;
                                                                                                        QUERY PLAN                                                                                                         
---------------------------------------------------------------------------------------------------------------------------------------------------------------------------------------------------------------------------
 Limit  (cost=1289022.70..1289022.73 rows=13 width=36) (actual time=33876.697..33995.920 rows=100 loops=1)
   ->  Sort  (cost=1289022.70..1289022.73 rows=13 width=36) (actual time=33384.417..33503.632 rows=100 loops=1)
         Sort Key: (count(*)) DESC
         Sort Method: top-N heapsort  Memory: 38kB
         ->  Finalize GroupAggregate  (cost=1289020.91..1289022.46 rows=13 width=36) (actual time=33112.035..33463.623 rows=183837 loops=1)
               Group Key: n.id
               ->  Gather Merge  (cost=1289020.91..1289022.15 rows=10 width=36) (actual time=33112.008..33368.614 rows=250550 loops=1)
                     Workers Planned: 2
                     Workers Launched: 2
                     ->  Partial GroupAggregate  (cost=1288020.88..1288020.97 rows=5 width=36) (actual time=33090.043..33164.538 rows=83517 loops=3)
                           Group Key: n.id
                           ->  Sort  (cost=1288020.88..1288020.90 rows=5 width=28) (actual time=33089.993..33125.086 rows=132116 loops=3)
                                 Sort Key: n.id
                                 Sort Method: external merge  Disk: 4864kB
                                 Worker 0:  Sort Method: external merge  Disk: 4744kB
                                 Worker 1:  Sort Method: external merge  Disk: 4704kB
                                 ->  Nested Loop  (cost=234438.49..1288020.83 rows=5 width=28) (actual time=10637.096..32881.671 rows=132116 loops=3)
                                       ->  Nested Loop  (cost=234437.93..1288000.14 rows=5 width=20) (actual time=10635.498..22074.663 rows=132656 loops=3)
                                             ->  Parallel Hash Join  (cost=234437.37..1044982.49 rows=91235 width=30) (actual time=10633.077..11282.563 rows=149480 loops=3)
                                                   Hash Cond: ((tp.title_id)::text = (t.id)::text)
                                                   ->  Hash Join  (cost=1.16..781756.54 rows=1941617 width=20) (actual time=0.820..7062.156 rows=3185892 loops=3)
                                                         Hash Cond: (tp.category_id = c.id)
                                                         ->  Parallel Seq Scan on titleprincipals tp  (cost=0.00..698993.98 rows=23299398 width=24) (actual time=0.690..5056.133 rows=18639969 loops=3)
                                                         ->  Hash  (cost=1.15..1.15 rows=1 width=4) (actual time=0.063..0.064 rows=1 loops=3)
                                                               Buckets: 1024  Batches: 1  Memory Usage: 9kB
                                                               ->  Seq Scan on category c  (cost=0.00..1.15 rows=1 width=4) (actual time=0.056..0.057 rows=1 loops=3)
                                                                     Filter: ((name)::text = 'actress'::text)
                                                                     Rows Removed by Filter: 11
                                                   ->  Parallel Hash  (cost=231094.29..231094.29 rows=192233 width=10) (actual time=2681.349..2681.351 rows=117416 loops=3)
                                                         Buckets: 131072  Batches: 8  Memory Usage: 3168kB
                                                         ->  Parallel Seq Scan on title t  (cost=0.00..231094.29 rows=192233 width=10) (actual time=253.297..2636.310 rows=117416 loops=3)
                                                               Filter: (((title_type)::text = ANY ('{movie,tvSeries,tvMiniSeries,tvMovie}'::text[])) AND (start_year >= ((date_part('year'::text, now()))::integer - 10)))
                                                               Rows Removed by Filter: 3156125
                                             ->  Index Only Scan using titleprincipalscharacters_pkey on titleprincipalscharacters tpc  (cost=0.56..2.65 rows=1 width=20) (actual time=0.071..0.071 rows=1 loops=448441)
                                                   Index Cond: ((title_id = (tp.title_id)::text) AND (name_id = (tp.name_id)::text))
                                                   Heap Fetches: 0
                                       ->  Index Scan using name_pkey on name n  (cost=0.56..4.14 rows=1 width=28) (actual time=0.081..0.081 rows=1 loops=397968)
                                             Index Cond: ((id)::text = (tp.name_id)::text)
                                             Filter: (death_year IS NULL)
                                             Rows Removed by Filter: 0
 Planning Time: 18.554 ms
 JIT:
   Functions: 115
   Options: Inlining true, Optimization true, Expressions true, Deforming true
   Timing: Generation 6.936 ms, Inlining 268.956 ms, Optimization 540.599 ms, Emission 424.501 ms, Total 1240.992 ms
 Execution Time: 34339.001 ms
(46 rows)

