explain analyze SELECT n.id,
    n.primary_name,
    date_part('year', NOW())::int - n.birth_year AS age,
    count(*) AS roles
FROM name n
JOIN titlePrincipals tp ON tp.name_id = n.id
JOIN titlePrincipalsCharacters tpc ON tpc.title_id = tp.title_id
    AND tpc.name_id = tp.name_id
JOIN category c ON c.id = tp.category_id
JOIN title t ON t.id = tp.title_id
WHERE t.start_year >= date_part('year', NOW())::int - 10
    AND c.name = 'actress'
    AND n.death_year IS NULL
    AND t.title_type IN (
        'movie', 'tvSeries', 'tvMiniSeries', 'tvMovie'
    )
GROUP BY n.id
ORDER BY roles DESC
LIMIT 100;
                                                                                                     QUERY PLAN                                                                                                      
---------------------------------------------------------------------------------------------------------------------------------------------------------------------------------------------------------------------
 Limit  (cost=1283970.85..1283970.88 rows=11 width=36) (actual time=33260.244..33341.483 rows=100 loops=1)
   ->  Sort  (cost=1283970.85..1283970.88 rows=11 width=36) (actual time=32795.268..32876.500 rows=100 loops=1)
         Sort Key: (count(*)) DESC
         Sort Method: top-N heapsort  Memory: 38kB
         ->  GroupAggregate  (cost=1283970.36..1283970.66 rows=11 width=36) (actual time=32506.444..32838.105 rows=183837 loops=1)
               Group Key: n.id
               ->  Sort  (cost=1283970.36..1283970.39 rows=11 width=28) (actual time=32506.389..32718.842 rows=396348 loops=1)
                     Sort Key: n.id
                     Sort Method: external merge  Disk: 14304kB
                     ->  Gather  (cost=235383.79..1283970.17 rows=11 width=28) (actual time=10283.328..32085.755 rows=396348 loops=1)
                           Workers Planned: 2
                           Workers Launched: 2
                           ->  Nested Loop  (cost=234383.79..1282969.07 rows=5 width=28) (actual time=10258.949..32216.561 rows=132116 loops=3)
                                 ->  Nested Loop  (cost=234383.23..1282948.39 rows=5 width=20) (actual time=10257.184..21475.306 rows=132656 loops=3)
                                       ->  Parallel Hash Join  (cost=234382.66..1044917.08 rows=89363 width=30) (actual time=10255.592..10883.618 rows=149480 loops=3)
                                             Hash Cond: ((tp.title_id)::text = (t.id)::text)
                                             ->  Hash Join  (cost=1.16..781764.71 rows=1941667 width=20) (actual time=0.643..6845.058 rows=3185892 loops=3)
                                                   Hash Cond: (tp.category_id = c.id)
                                                   ->  Parallel Seq Scan on titleprincipals tp  (cost=0.00..699000.00 rows=23300000 width=24) (actual time=0.504..4936.593 rows=18639969 loops=3)
                                                   ->  Hash  (cost=1.15..1.15 rows=1 width=4) (actual time=0.062..0.063 rows=1 loops=3)
                                                         Buckets: 1024  Batches: 1  Memory Usage: 9kB
                                                         ->  Seq Scan on category c  (cost=0.00..1.15 rows=1 width=4) (actual time=0.051..0.052 rows=1 loops=3)
                                                               Filter: ((name)::text = 'actress'::text)
                                                               Rows Removed by Filter: 11
                                             ->  Parallel Hash  (cost=231107.65..231107.65 rows=188308 width=10) (actual time=2555.450..2555.450 rows=117416 loops=3)
                                                   Buckets: 131072  Batches: 8  Memory Usage: 3136kB
                                                   ->  Parallel Seq Scan on title t  (cost=0.00..231107.65 rows=188308 width=10) (actual time=220.340..2513.230 rows=117416 loops=3)
                                                         Filter: (((title_type)::text = ANY ('{movie,tvSeries,tvMiniSeries,tvMovie}'::text[])) AND (start_year >= ((date_part('year'::text, now()))::integer - 10)))
                                                         Rows Removed by Filter: 3156125
                                       ->  Index Only Scan using titleprincipalscharacters_pkey on titleprincipalscharacters tpc  (cost=0.56..2.65 rows=1 width=20) (actual time=0.070..0.070 rows=1 loops=448441)
                                             Index Cond: ((title_id = (tp.title_id)::text) AND (name_id = (tp.name_id)::text))
                                             Heap Fetches: 0
                                 ->  Index Scan using name_pkey on name n  (cost=0.56..4.14 rows=1 width=28) (actual time=0.080..0.080 rows=1 loops=397968)
                                       Index Cond: ((id)::text = (tp.name_id)::text)
                                       Filter: (death_year IS NULL)
                                       Rows Removed by Filter: 0
 Planning Time: 19.608 ms
 JIT:
   Functions: 104
   Options: Inlining true, Optimization true, Expressions true, Deforming true
   Timing: Generation 6.485 ms, Inlining 271.209 ms, Optimization 481.204 ms, Emission 359.539 ms, Total 1118.437 ms
 Execution Time: 33690.874 ms
(42 rows)

