explain analyze SELECT n.id,
    n.primary_name,
    date_part('year', NOW())::int - n.birth_year AS age,
    count(*) AS roles
FROM name n
JOIN titlePrincipals tp ON tp.name_id = n.id
JOIN titlePrincipalsCharacters tpc ON tpc.title_id = tp.title_id
    AND tpc.name_id = tp.name_id
JOIN category c ON c.id = tp.category_id
JOIN title t ON t.id = tp.title_id
WHERE t.start_year >= date_part('year', NOW())::int - 10
    AND c.name = 'actress'
    AND n.death_year IS NULL
    AND t.title_type IN (
        'movie', 'tvSeries', 'tvMiniSeries', 'tvMovie'
    )
GROUP BY n.id
ORDER BY roles DESC
LIMIT 100;
                                                                                                        QUERY PLAN                                                                                                         
---------------------------------------------------------------------------------------------------------------------------------------------------------------------------------------------------------------------------
 Limit  (cost=1285805.43..1285805.46 rows=12 width=36) (actual time=35486.293..35603.960 rows=100 loops=1)
   ->  Sort  (cost=1285805.43..1285805.46 rows=12 width=36) (actual time=34985.023..35102.682 rows=100 loops=1)
         Sort Key: (count(*)) DESC
         Sort Method: top-N heapsort  Memory: 38kB
         ->  Finalize GroupAggregate  (cost=1285803.68..1285805.21 rows=12 width=36) (actual time=34702.445..35060.412 rows=183837 loops=1)
               Group Key: n.id
               ->  Gather Merge  (cost=1285803.68..1285804.92 rows=10 width=36) (actual time=34702.411..34961.950 rows=250574 loops=1)
                     Workers Planned: 2
                     Workers Launched: 2
                     ->  Partial GroupAggregate  (cost=1284803.66..1284803.75 rows=5 width=36) (actual time=34677.438..34755.427 rows=83525 loops=3)
                           Group Key: n.id
                           ->  Sort  (cost=1284803.66..1284803.67 rows=5 width=28) (actual time=34677.381..34714.402 rows=132116 loops=3)
                                 Sort Key: n.id
                                 Sort Method: external merge  Disk: 4824kB
                                 Worker 0:  Sort Method: external merge  Disk: 4792kB
                                 Worker 1:  Sort Method: external merge  Disk: 4704kB
                                 ->  Nested Loop  (cost=234394.71..1284803.60 rows=5 width=28) (actual time=11391.667..34456.412 rows=132116 loops=3)
                                       ->  Nested Loop  (cost=234394.15..1284782.91 rows=5 width=20) (actual time=11389.625..23187.288 rows=132656 loops=3)
                                             ->  Parallel Hash Join  (cost=234393.59..1044935.01 rows=90045 width=30) (actual time=11388.091..12067.878 rows=149480 loops=3)
                                                   Hash Cond: ((tp.title_id)::text = (t.id)::text)
                                                   ->  Hash Join  (cost=1.16..781764.71 rows=1941667 width=20) (actual time=1.117..7543.990 rows=3185892 loops=3)
                                                         Hash Cond: (tp.category_id = c.id)
                                                         ->  Parallel Seq Scan on titleprincipals tp  (cost=0.00..699000.00 rows=23300000 width=24) (actual time=0.974..5581.663 rows=18639969 loops=3)
                                                         ->  Hash  (cost=1.15..1.15 rows=1 width=4) (actual time=0.068..0.070 rows=1 loops=3)
                                                               Buckets: 1024  Batches: 1  Memory Usage: 9kB
                                                               ->  Seq Scan on category c  (cost=0.00..1.15 rows=1 width=4) (actual time=0.060..0.061 rows=1 loops=3)
                                                                     Filter: ((name)::text = 'actress'::text)
                                                                     Rows Removed by Filter: 11
                                                   ->  Parallel Hash  (cost=231093.92..231093.92 rows=189720 width=10) (actual time=2958.969..2958.969 rows=117416 loops=3)
                                                         Buckets: 131072  Batches: 8  Memory Usage: 3136kB
                                                         ->  Parallel Seq Scan on title t  (cost=0.00..231093.92 rows=189720 width=10) (actual time=261.200..2911.716 rows=117416 loops=3)
                                                               Filter: (((title_type)::text = ANY ('{movie,tvSeries,tvMiniSeries,tvMovie}'::text[])) AND (start_year >= ((date_part('year'::text, now()))::integer - 10)))
                                                               Rows Removed by Filter: 3156125
                                             ->  Index Only Scan using titleprincipalscharacters_pkey on titleprincipalscharacters tpc  (cost=0.56..2.65 rows=1 width=20) (actual time=0.073..0.074 rows=1 loops=448441)
                                                   Index Cond: ((title_id = (tp.title_id)::text) AND (name_id = (tp.name_id)::text))
                                                   Heap Fetches: 0
                                       ->  Index Scan using name_pkey on name n  (cost=0.56..4.14 rows=1 width=28) (actual time=0.084..0.084 rows=1 loops=397968)
                                             Index Cond: ((id)::text = (tp.name_id)::text)
                                             Filter: (death_year IS NULL)
                                             Rows Removed by Filter: 0
 Planning Time: 19.199 ms
 JIT:
   Functions: 115
   Options: Inlining true, Optimization true, Expressions true, Deforming true
   Timing: Generation 7.278 ms, Inlining 302.569 ms, Optimization 552.778 ms, Emission 418.070 ms, Total 1280.696 ms
 Execution Time: 35953.459 ms
(46 rows)

