explain analyze SELECT t.id, t.primary_title, tg.genres, te.season_number, count(*) AS views
FROM title t
JOIN titleEpisode te ON te.parent_title_id = t.id
JOIN userHistory uh ON uh.title_id = te.title_id
JOIN users u ON u.id = uh.user_id
JOIN (
    SELECT tg.title_id, array_agg(g.name) AS genres
    FROM titleGenre tg
    JOIN genre g ON g.id = tg.genre_id
    GROUP BY tg.title_id
) tg ON tg.title_id = t.id
WHERE t.title_type = 'tvSeries'
    AND uh.last_seen BETWEEN NOW() - INTERVAL '30 days' AND NOW()
    AND te.season_number IS NOT NULL
    AND u.country_code NOT IN ('US', 'GB')
GROUP BY t.id, t.primary_title, tg.genres, te.season_number
ORDER BY count(*) DESC, t.id
LIMIT 100;
                                                                                                   QUERY PLAN                                                                                                    
-----------------------------------------------------------------------------------------------------------------------------------------------------------------------------------------------------------------
 Limit  (cost=1165494.15..1165494.40 rows=100 width=74) (actual time=21817.688..21817.825 rows=100 loops=1)
   ->  Sort  (cost=1165494.15..1165542.61 rows=19384 width=74) (actual time=21304.588..21304.719 rows=100 loops=1)
         Sort Key: (count(*)) DESC, t.id
         Sort Method: top-N heapsort  Memory: 41kB
         ->  GroupAggregate  (cost=136056.99..1164753.30 rows=19384 width=74) (actual time=5742.111..21301.965 rows=6245 loops=1)
               Group Key: t.id, (array_agg(g.name)), te.season_number
               ->  Nested Loop  (cost=136056.99..1164365.62 rows=19384 width=66) (actual time=5741.626..21296.802 rows=7767 loops=1)
                     ->  Gather Merge  (cost=136056.69..1153527.05 rows=19537 width=70) (actual time=5740.987..21144.097 rows=7837 loops=1)
                           Workers Planned: 2
                           Workers Launched: 2
                           ->  Incremental Sort  (cost=135056.66..1150271.97 rows=8140 width=70) (actual time=5718.796..20549.277 rows=2612 loops=3)
                                 Sort Key: t.id, (array_agg(g.name)), te.season_number
                                 Presorted Key: t.id
                                 Full-sort Groups: 84  Sort Method: quicksort  Average Memory: 29kB  Peak Memory: 29kB
                                 Worker 0:  Full-sort Groups: 80  Sort Method: quicksort  Average Memory: 29kB  Peak Memory: 29kB
                                 Worker 1:  Full-sort Groups: 80  Sort Method: quicksort  Average Memory: 29kB  Peak Memory: 29kB
                                 ->  Merge Join  (cost=134931.96..1149905.67 rows=8140 width=70) (actual time=5697.386..20545.010 rows=2612 loops=3)
                                       Merge Cond: ((te.parent_title_id)::text = (tg.title_id)::text)
                                       ->  Sort  (cost=134931.26..134931.39 rows=53 width=48) (actual time=5626.986..5628.912 rows=2706 loops=3)
                                             Sort Key: t.id
                                             Sort Method: quicksort  Memory: 381kB
                                             Worker 0:  Sort Method: quicksort  Memory: 362kB
                                             Worker 1:  Sort Method: quicksort  Memory: 366kB
                                             ->  Nested Loop  (cost=0.87..134929.74 rows=53 width=48) (actual time=238.938..5620.081 rows=2706 loops=3)
                                                   ->  Nested Loop  (cost=0.43..133652.01 rows=2279 width=18) (actual time=237.864..4136.116 rows=2824 loops=3)
                                                         ->  Parallel Seq Scan on userhistory uh  (cost=0.00..111330.52 rows=2869 width=14) (actual time=236.793..2130.559 rows=3932 loops=3)
                                                               Filter: ((last_seen <= now()) AND (last_seen >= (now() - '30 days'::interval)))
                                                               Rows Removed by Filter: 1996699
                                                         ->  Index Scan using titleepisode_pkey on titleepisode te  (cost=0.43..7.78 rows=1 width=24) (actual time=0.507..0.507 rows=1 loops=11796)
                                                               Index Cond: ((title_id)::text = (uh.title_id)::text)
                                                               Filter: (season_number IS NOT NULL)
                                                               Rows Removed by Filter: 0
                                                   ->  Index Scan using title_pkey on title t  (cost=0.43..0.56 rows=1 width=30) (actual time=0.522..0.522 rows=1 loops=8471)
                                                         Index Cond: ((id)::text = (te.parent_title_id)::text)
                                                         Filter: ((title_type)::text = 'tvSeries'::text)
                                                         Rows Removed by Filter: 0
                                       ->  GroupAggregate  (cost=0.71..962681.14 rows=4176969 width=42) (actual time=1.641..13922.640 rows=9375014 loops=3)
                                             Group Key: tg.title_id
                                             ->  Nested Loop  (cost=0.71..834474.73 rows=15198860 width=17) (actual time=1.611..7585.682 rows=15193741 loops=3)
                                                   ->  Index Only Scan using titlegenre_pkey on titlegenre tg  (cost=0.56..462079.46 rows=15198860 width=14) (actual time=1.519..2648.519 rows=15193741 loops=3)
                                                         Heap Fetches: 0
                                                   ->  Memoize  (cost=0.15..0.17 rows=1 width=11) (actual time=0.000..0.000 rows=1 loops=45581224)
                                                         Cache Key: tg.genre_id
                                                         Cache Mode: logical
                                                         Hits: 15186028  Misses: 28  Evictions: 0  Overflows: 0  Memory Usage: 4kB
                                                         Worker 0:  Hits: 15197777  Misses: 28  Evictions: 0  Overflows: 0  Memory Usage: 4kB
                                                         Worker 1:  Hits: 15197335  Misses: 28  Evictions: 0  Overflows: 0  Memory Usage: 4kB
                                                         ->  Index Scan using genre_pkey on genre g  (cost=0.14..0.16 rows=1 width=11) (actual time=0.004..0.004 rows=1 loops=84)
                                                               Index Cond: (id = tg.genre_id)
                     ->  Memoize  (cost=0.30..1.60 rows=1 width=4) (actual time=0.019..0.019 rows=1 loops=7837)
                           Cache Key: uh.user_id
                           Cache Mode: logical
                           Hits: 277  Misses: 7560  Evictions: 0  Overflows: 0  Memory Usage: 766kB
                           ->  Index Scan using users_pkey on users u  (cost=0.29..1.59 rows=1 width=4) (actual time=0.019..0.019 rows=1 loops=7560)
                                 Index Cond: (id = uh.user_id)
                                 Filter: ((country_code)::text <> ALL ('{US,GB}'::text[]))
                                 Rows Removed by Filter: 0
 Planning Time: 13.525 ms
 JIT:
   Functions: 120
   Options: Inlining true, Optimization true, Expressions true, Deforming true
   Timing: Generation 6.886 ms, Inlining 274.108 ms, Optimization 547.194 ms, Emission 401.235 ms, Total 1229.422 ms
 Execution Time: 22173.502 ms
(63 rows)

