explain analyze SELECT t.id, t.primary_title, tg.genres, te.season_number, count(*) AS views
FROM title t
JOIN titleEpisode te ON te.parent_title_id = t.id
JOIN title t2 ON t2.id = te.title_id
JOIN userHistory uh ON uh.title_id = t2.id
JOIN users u ON u.id = uh.user_id
JOIN (
    SELECT tg.title_id, array_agg(g.name) AS genres
    FROM titleGenre tg
    JOIN genre g ON g.id = tg.genre_id
    GROUP BY tg.title_id
) tg ON tg.title_id = t.id
WHERE t.title_type = 'tvSeries'
    AND uh.last_seen BETWEEN NOW() - INTERVAL '30 days' AND NOW()
    AND te.season_number IS NOT NULL
    AND u.country_code NOT IN ('US', 'GB')
GROUP BY t.id, t.primary_title, tg.genres, te.season_number
ORDER BY count(*) DESC, t.id
LIMIT 100;
                                                                                                   QUERY PLAN                                                                                                    
-----------------------------------------------------------------------------------------------------------------------------------------------------------------------------------------------------------------
 Limit  (cost=1153926.25..1153926.50 rows=100 width=74) (actual time=22246.053..22246.192 rows=100 loops=1)
   ->  Sort  (cost=1153926.25..1153961.35 rows=14042 width=74) (actual time=21726.376..21726.507 rows=100 loops=1)
         Sort Key: (count(*)) DESC, t.id
         Sort Method: top-N heapsort  Memory: 41kB
         ->  GroupAggregate  (cost=126685.69..1153389.57 rows=14042 width=74) (actual time=6582.087..21723.813 rows=6245 loops=1)
               Group Key: t.id, (array_agg(g.name)), te.season_number
               ->  Nested Loop  (cost=126685.69..1153108.73 rows=14042 width=66) (actual time=6581.588..21718.909 rows=7767 loops=1)
                     ->  Gather Merge  (cost=126685.39..1142404.50 rows=14189 width=70) (actual time=6580.931..21572.203 rows=7837 loops=1)
                           Workers Planned: 2
                           Workers Launched: 2
                           ->  Incremental Sort  (cost=125685.37..1139766.71 rows=5912 width=70) (actual time=6560.268..20941.898 rows=2612 loops=3)
                                 Sort Key: t.id, (array_agg(g.name)), te.season_number
                                 Presorted Key: t.id
                                 Full-sort Groups: 84  Sort Method: quicksort  Average Memory: 30kB  Peak Memory: 30kB
                                 Worker 0:  Full-sort Groups: 81  Sort Method: quicksort  Average Memory: 29kB  Peak Memory: 29kB
                                 Worker 1:  Full-sort Groups: 80  Sort Method: quicksort  Average Memory: 29kB  Peak Memory: 29kB
                                 ->  Merge Join  (cost=125513.84..1139500.67 rows=5912 width=70) (actual time=6537.166..20937.985 rows=2612 loops=3)
                                       Merge Cond: ((te.parent_title_id)::text = (tg.title_id)::text)
                                       ->  Sort  (cost=125513.13..125513.23 rows=40 width=48) (actual time=6465.733..6467.538 rows=2706 loops=3)
                                             Sort Key: t.id
                                             Sort Method: quicksort  Memory: 379kB
                                             Worker 0:  Sort Method: quicksort  Memory: 368kB
                                             Worker 1:  Sort Method: quicksort  Memory: 361kB
                                             ->  Nested Loop  (cost=1.30..125512.07 rows=40 width=48) (actual time=243.462..6459.490 rows=2706 loops=3)
                                                   ->  Nested Loop  (cost=0.87..124539.27 rows=1736 width=18) (actual time=242.745..5191.471 rows=2824 loops=3)
                                                         ->  Nested Loop  (cost=0.43..123151.73 rows=2870 width=24) (actual time=241.208..3308.412 rows=3932 loops=3)
                                                               ->  Parallel Seq Scan on userhistory uh  (cost=0.00..111331.25 rows=2870 width=14) (actual time=240.311..2013.928 rows=3932 loops=3)
                                                                     Filter: ((last_seen <= now()) AND (last_seen >= (now() - '30 days'::interval)))
                                                                     Rows Removed by Filter: 1996699
                                                               ->  Index Only Scan using title_pkey on title t2  (cost=0.43..4.12 rows=1 width=10) (actual time=0.327..0.327 rows=1 loops=11796)
                                                                     Index Cond: (id = (uh.title_id)::text)
                                                                     Heap Fetches: 0
                                                         ->  Index Scan using titleepisode_pkey on titleepisode te  (cost=0.43..0.48 rows=1 width=24) (actual time=0.477..0.477 rows=1 loops=11796)
                                                               Index Cond: ((title_id)::text = (t2.id)::text)
                                                               Filter: (season_number IS NOT NULL)
                                                               Rows Removed by Filter: 0
                                                   ->  Index Scan using title_pkey on title t  (cost=0.43..0.56 rows=1 width=30) (actual time=0.446..0.446 rows=1 loops=8471)
                                                         Index Cond: ((id)::text = (te.parent_title_id)::text)
                                                         Filter: ((title_type)::text = 'tvSeries'::text)
                                                         Rows Removed by Filter: 0
                                       ->  GroupAggregate  (cost=0.71..962198.93 rows=4138392 width=42) (actual time=0.984..13531.608 rows=9377470 loops=3)
                                             Group Key: tg.title_id
                                             ->  Nested Loop  (cost=0.71..834474.73 rows=15198860 width=17) (actual time=0.957..7280.381 rows=15197632 loops=3)
                                                   ->  Index Only Scan using titlegenre_pkey on titlegenre tg  (cost=0.56..462079.46 rows=15198860 width=14) (actual time=0.891..2641.719 rows=15197632 loops=3)
                                                         Heap Fetches: 0
                                                   ->  Memoize  (cost=0.15..0.17 rows=1 width=11) (actual time=0.000..0.000 rows=1 loops=45592895)
                                                         Cache Key: tg.genre_id
                                                         Cache Mode: logical
                                                         Hits: 15197777  Misses: 28  Evictions: 0  Overflows: 0  Memory Usage: 4kB
                                                         Worker 0:  Hits: 15197335  Misses: 28  Evictions: 0  Overflows: 0  Memory Usage: 4kB
                                                         Worker 1:  Hits: 15197699  Misses: 28  Evictions: 0  Overflows: 0  Memory Usage: 4kB
                                                         ->  Index Scan using genre_pkey on genre g  (cost=0.14..0.16 rows=1 width=11) (actual time=0.003..0.003 rows=1 loops=84)
                                                               Index Cond: (id = tg.genre_id)
                     ->  Memoize  (cost=0.30..1.60 rows=1 width=4) (actual time=0.018..0.018 rows=1 loops=7837)
                           Cache Key: uh.user_id
                           Cache Mode: logical
                           Hits: 277  Misses: 7560  Evictions: 0  Overflows: 0  Memory Usage: 766kB
                           ->  Index Scan using users_pkey on users u  (cost=0.29..1.59 rows=1 width=4) (actual time=0.018..0.018 rows=1 loops=7560)
                                 Index Cond: (id = uh.user_id)
                                 Filter: ((country_code)::text <> ALL ('{US,GB}'::text[]))
                                 Rows Removed by Filter: 0
 Planning Time: 15.698 ms
 JIT:
   Functions: 129
   Options: Inlining true, Optimization true, Expressions true, Deforming true
   Timing: Generation 7.212 ms, Inlining 269.028 ms, Optimization 559.727 ms, Emission 411.309 ms, Total 1247.276 ms
 Execution Time: 22597.133 ms
(67 rows)

