explain analyze SELECT n.id,
    n.primary_name,
    date_part('year', NOW())::int - n.birth_year AS age,
    count(*) AS roles
FROM name n
JOIN titlePrincipals tp ON tp.name_id = n.id
JOIN titlePrincipalsCharacters tpc ON tpc.title_id = tp.title_id
    AND tpc.name_id = tp.name_id
JOIN category c ON c.id = tp.category_id
JOIN title t ON t.id = tp.title_id
LEFT JOIN titleEpisode te ON te.title_id = tp.title_id
WHERE t.start_year >= date_part('year', NOW())::int - 10
    AND c.name = 'actress'
    AND n.death_year IS NULL
    AND t.title_type IN (
        'movie', 'tvSeries', 'tvMiniSeries', 'tvMovie'
    )
    AND te.title_id IS NULL
GROUP BY n.id
ORDER BY roles DESC
LIMIT 100;
                                                                                               QUERY PLAN                                                                                               
--------------------------------------------------------------------------------------------------------------------------------------------------------------------------------------------------------
 Limit  (cost=971373.33..971373.33 rows=1 width=36) (actual time=146797.615..146932.865 rows=100 loops=1)
   ->  Sort  (cost=971373.33..971373.33 rows=1 width=36) (actual time=146327.762..146463.005 rows=100 loops=1)
         Sort Key: (count(*)) DESC
         Sort Method: top-N heapsort  Memory: 38kB
         ->  GroupAggregate  (cost=971373.29..971373.32 rows=1 width=36) (actual time=146037.339..146424.423 rows=183837 loops=1)
               Group Key: n.id
               ->  Sort  (cost=971373.29..971373.29 rows=1 width=28) (actual time=146037.275..146304.048 rows=396348 loops=1)
                     Sort Key: n.id
                     Sort Method: external merge  Disk: 14320kB
                     ->  Nested Loop  (cost=139536.42..971373.28 rows=1 width=28) (actual time=11163.044..145564.551 rows=396348 loops=1)
                           ->  Nested Loop  (cost=139535.85..971370.52 rows=1 width=58) (actual time=11161.860..102776.323 rows=446348 loops=1)
                                 ->  Nested Loop  (cost=139535.42..971366.30 rows=1 width=48) (actual time=10308.884..61488.210 rows=2342630 loops=1)
                                       ->  Gather  (cost=139534.86..971361.92 rows=1 width=20) (actual time=10293.582..10913.930 rows=2627555 loops=1)
                                             Workers Planned: 2
                                             Workers Launched: 2
                                             ->  Parallel Hash Anti Join  (cost=138534.86..970361.82 rows=1 width=20) (actual time=10270.043..11283.748 rows=875852 loops=3)
                                                   Hash Cond: ((tp.title_id)::text = (te.title_id)::text)
                                                   ->  Hash Join  (cost=1.16..781764.71 rows=1941667 width=20) (actual time=0.848..7130.494 rows=3185892 loops=3)
                                                         Hash Cond: (tp.category_id = c.id)
                                                         ->  Parallel Seq Scan on titleprincipals tp  (cost=0.00..699000.00 rows=23300000 width=24) (actual time=0.703..5141.756 rows=18639969 loops=3)
                                                         ->  Hash  (cost=1.15..1.15 rows=1 width=4) (actual time=0.060..0.062 rows=1 loops=3)
                                                               Buckets: 1024  Batches: 1  Memory Usage: 9kB
                                                               ->  Seq Scan on category c  (cost=0.00..1.15 rows=1 width=4) (actual time=0.054..0.055 rows=1 loops=3)
                                                                     Filter: ((name)::text = 'actress'::text)
                                                                     Rows Removed by Filter: 11
                                                   ->  Parallel Hash  (cost=84516.53..84516.53 rows=3107453 width=10) (actual time=2092.020..2092.021 rows=2485475 loops=3)
                                                         Buckets: 131072  Batches: 128  Memory Usage: 3808kB
                                                         ->  Parallel Seq Scan on titleepisode te  (cost=0.00..84516.53 rows=3107453 width=10) (actual time=130.223..1501.190 rows=2485475 loops=3)
                                       ->  Index Scan using name_pkey on name n  (cost=0.56..4.37 rows=1 width=28) (actual time=0.019..0.019 rows=1 loops=2627555)
                                             Index Cond: ((id)::text = (tp.name_id)::text)
                                             Filter: (death_year IS NULL)
                                             Rows Removed by Filter: 0
                                 ->  Index Scan using title_pkey on title t  (cost=0.43..4.22 rows=1 width=10) (actual time=0.017..0.017 rows=0 loops=2342630)
                                       Index Cond: ((id)::text = (tp.title_id)::text)
                                       Filter: (((title_type)::text = ANY ('{movie,tvSeries,tvMiniSeries,tvMovie}'::text[])) AND (start_year >= ((date_part('year'::text, now()))::integer - 10)))
                                       Rows Removed by Filter: 1
                           ->  Index Only Scan using titleprincipalscharacters_pkey on titleprincipalscharacters tpc  (cost=0.56..2.74 rows=1 width=20) (actual time=0.095..0.095 rows=1 loops=446348)
                                 Index Cond: ((title_id = (tp.title_id)::text) AND (name_id = (tp.name_id)::text))
                                 Heap Fetches: 0
 Planning Time: 22.791 ms
 JIT:
   Functions: 80
   Options: Inlining true, Optimization true, Expressions true, Deforming true
   Timing: Generation 4.856 ms, Inlining 246.147 ms, Optimization 348.316 ms, Emission 266.305 ms, Total 865.624 ms
 Execution Time: 147289.635 ms
(45 rows)

