explain analyze SELECT t.id, t.primary_title, tg.genres, te.season_number, count(*) AS views
FROM title t
JOIN titleEpisode te ON te.parent_title_id = t.id
JOIN title t2 ON t2.id = te.title_id
JOIN userHistory uh ON uh.title_id = t2.id
JOIN users u ON u.id = uh.user_id
JOIN (
    SELECT tg.title_id, array_agg(g.name) AS genres
    FROM titleGenre tg
    JOIN genre g ON g.id = tg.genre_id
    GROUP BY tg.title_id
) tg ON tg.title_id = t.id
WHERE t.title_type = 'tvSeries'
    AND uh.last_seen BETWEEN NOW() - INTERVAL '30 days' AND NOW()
    AND te.season_number IS NOT NULL
    AND u.country_code NOT IN ('US', 'GB')
GROUP BY t.id, t.primary_title, tg.genres, te.season_number
ORDER BY count(*) DESC, t.id
LIMIT 100;
                                                                                                   QUERY PLAN                                                                                                    
-----------------------------------------------------------------------------------------------------------------------------------------------------------------------------------------------------------------
 Limit  (cost=1139146.67..1139146.92 rows=100 width=74) (actual time=23217.065..23217.205 rows=100 loops=1)
   ->  Sort  (cost=1139146.67..1139154.83 rows=3263 width=74) (actual time=22650.573..22650.705 rows=100 loops=1)
         Sort Key: (count(*)) DESC, t.id
         Sort Method: top-N heapsort  Memory: 41kB
         ->  Finalize GroupAggregate  (cost=115994.52..1139021.96 rows=3263 width=74) (actual time=6668.248..22648.470 rows=6248 loops=1)
               Group Key: t.id, (array_agg(g.name)), te.season_number
               ->  Gather Merge  (cost=115994.52..1138962.13 rows=2720 width=74) (actual time=6668.232..22644.758 rows=6982 loops=1)
                     Workers Planned: 2
                     Workers Launched: 2
                     ->  Partial GroupAggregate  (cost=114994.49..1137648.15 rows=1360 width=74) (actual time=6643.554..21713.782 rows=2327 loops=3)
                           Group Key: t.id, (array_agg(g.name)), te.season_number
                           ->  Incremental Sort  (cost=114994.49..1137620.95 rows=1360 width=66) (actual time=6643.513..21712.055 rows=2590 loops=3)
                                 Sort Key: t.id, (array_agg(g.name)), te.season_number
                                 Presorted Key: t.id
                                 Full-sort Groups: 85  Sort Method: quicksort  Average Memory: 29kB  Peak Memory: 29kB
                                 Worker 0:  Full-sort Groups: 80  Sort Method: quicksort  Average Memory: 29kB  Peak Memory: 29kB
                                 Worker 1:  Full-sort Groups: 78  Sort Method: quicksort  Average Memory: 29kB  Peak Memory: 29kB
                                 ->  Merge Join  (cost=114242.04..1137559.75 rows=1360 width=66) (actual time=6619.060..21707.933 rows=2590 loops=3)
                                       Merge Cond: ((te.parent_title_id)::text = (tg.title_id)::text)
                                       ->  Sort  (cost=114241.34..114241.36 rows=8 width=44) (actual time=6547.382..6549.305 rows=2682 loops=3)
                                             Sort Key: t.id
                                             Sort Method: quicksort  Memory: 351kB
                                             Worker 0:  Sort Method: quicksort  Memory: 338kB
                                             Worker 1:  Sort Method: quicksort  Memory: 331kB
                                             ->  Nested Loop  (cost=1.59..114241.22 rows=8 width=44) (actual time=296.299..6541.471 rows=2682 loops=3)
                                                   ->  Nested Loop  (cost=1.30..114208.26 rows=8 width=48) (actual time=296.246..6506.359 rows=2707 loops=3)
                                                         ->  Nested Loop  (cost=0.87..114021.48 rows=333 width=18) (actual time=295.203..5244.126 rows=2825 loops=3)
                                                               ->  Nested Loop  (cost=0.43..113754.13 rows=553 width=24) (actual time=293.777..3362.985 rows=3934 loops=3)
                                                                     ->  Parallel Seq Scan on userhistory uh  (cost=0.00..111328.54 rows=553 width=14) (actual time=292.740..2077.686 rows=3934 loops=3)
                                                                           Filter: ((last_seen <= now()) AND (last_seen >= (now() - '30 days'::interval)))
                                                                           Rows Removed by Filter: 1996697
                                                                     ->  Index Only Scan using title_pkey on title t2  (cost=0.43..4.39 rows=1 width=10) (actual time=0.324..0.324 rows=1 loops=11801)
                                                                           Index Cond: (id = (uh.title_id)::text)
                                                                           Heap Fetches: 0
                                                               ->  Index Scan using titleepisode_pkey on titleepisode te  (cost=0.43..0.48 rows=1 width=24) (actual time=0.476..0.476 rows=1 loops=11801)
                                                                     Index Cond: ((title_id)::text = (t2.id)::text)
                                                                     Filter: (season_number IS NOT NULL)
                                                                     Rows Removed by Filter: 0
                                                         ->  Index Scan using title_pkey on title t  (cost=0.43..0.56 rows=1 width=30) (actual time=0.444..0.444 rows=1 loops=8474)
                                                               Index Cond: ((id)::text = (te.parent_title_id)::text)
                                                               Filter: ((title_type)::text = 'tvSeries'::text)
                                                               Rows Removed by Filter: 0
                                                   ->  Index Scan using users_pkey on users u  (cost=0.29..4.12 rows=1 width=4) (actual time=0.011..0.011 rows=1 loops=8122)
                                                         Index Cond: (id = uh.user_id)
                                                         Filter: ((country_code)::text <> ALL ('{US,GB}'::text[]))
                                                         Rows Removed by Filter: 0
                                       ->  GroupAggregate  (cost=0.71..966887.18 rows=4513452 width=42) (actual time=1.331..14171.891 rows=9377274 loops=3)
                                             Group Key: tg.title_id
                                             ->  Nested Loop  (cost=0.71..834474.73 rows=15198860 width=17) (actual time=1.302..7685.195 rows=15197355 loops=3)
                                                   ->  Index Only Scan using titlegenre_pkey on titlegenre tg  (cost=0.56..462079.46 rows=15198860 width=14) (actual time=1.223..2887.249 rows=15197355 loops=3)
                                                         Heap Fetches: 0
                                                   ->  Memoize  (cost=0.15..0.17 rows=1 width=11) (actual time=0.000..0.000 rows=1 loops=45592064)
                                                         Cache Key: tg.genre_id
                                                         Cache Mode: logical
                                                         Hits: 15197777  Misses: 28  Evictions: 0  Overflows: 0  Memory Usage: 4kB
                                                         Worker 0:  Hits: 15197699  Misses: 28  Evictions: 0  Overflows: 0  Memory Usage: 4kB
                                                         Worker 1:  Hits: 15196504  Misses: 28  Evictions: 0  Overflows: 0  Memory Usage: 4kB
                                                         ->  Index Scan using genre_pkey on genre g  (cost=0.14..0.16 rows=1 width=11) (actual time=0.004..0.004 rows=1 loops=84)
                                                               Index Cond: (id = tg.genre_id)
 Planning Time: 14.977 ms
 JIT:
   Functions: 148
   Options: Inlining true, Optimization true, Expressions true, Deforming true
   Timing: Generation 8.358 ms, Inlining 277.619 ms, Optimization 661.801 ms, Emission 504.761 ms, Total 1452.539 ms
 Execution Time: 23557.581 ms
(65 rows)

