explain analyze SELECT n.id,
    n.primary_name,
    date_part('year', NOW())::int - n.birth_year AS age,
    count(*) AS roles
FROM name n
JOIN titlePrincipals tp ON tp.name_id = n.id
JOIN titlePrincipalsCharacters tpc ON tpc.title_id = tp.title_id
    AND tpc.name_id = tp.name_id
JOIN category c ON c.id = tp.category_id
JOIN title t ON t.id = tp.title_id
WHERE t.start_year >= date_part('year', NOW())::int - 10
    AND c.name = 'actress'
    AND n.death_year IS NULL
    AND t.title_type IN (
        'movie', 'tvSeries', 'tvMiniSeries', 'tvMovie'
    )
GROUP BY n.id
ORDER BY roles DESC
LIMIT 100;
                                                                                                       QUERY PLAN                                                                                                        
-------------------------------------------------------------------------------------------------------------------------------------------------------------------------------------------------------------------------
 Limit  (cost=1277391.01..1277391.04 rows=12 width=36) (actual time=40335.115..40417.356 rows=100 loops=1)
   ->  Sort  (cost=1277391.01..1277391.04 rows=12 width=36) (actual time=39823.785..39906.017 rows=100 loops=1)
         Sort Key: (count(*)) DESC
         Sort Method: top-N heapsort  Memory: 38kB
         ->  Finalize GroupAggregate  (cost=1277389.26..1277390.80 rows=12 width=36) (actual time=39550.848..39866.209 rows=183837 loops=1)
               Group Key: n.id
               ->  Gather Merge  (cost=1277389.26..1277390.51 rows=10 width=36) (actual time=39550.817..39770.717 rows=250500 loops=1)
                     Workers Planned: 2
                     Workers Launched: 2
                     ->  Partial GroupAggregate  (cost=1276389.24..1276389.33 rows=5 width=36) (actual time=39528.745..39601.070 rows=83500 loops=3)
                           Group Key: n.id
                           ->  Sort  (cost=1276389.24..1276389.25 rows=5 width=28) (actual time=39528.695..39562.619 rows=132116 loops=3)
                                 Sort Key: n.id
                                 Sort Method: external merge  Disk: 4784kB
                                 Worker 0:  Sort Method: external merge  Disk: 4800kB
                                 Worker 1:  Sort Method: external merge  Disk: 4736kB
                                 ->  Nested Loop  (cost=218976.20..1276389.18 rows=5 width=28) (actual time=18512.214..39319.153 rows=132116 loops=3)
                                       ->  Nested Loop  (cost=218975.64..1276368.50 rows=5 width=20) (actual time=18510.770..28936.326 rows=132656 loops=3)
                                             ->  Parallel Hash Join  (cost=218975.08..1029544.50 rows=92664 width=30) (actual time=18509.843..19128.559 rows=149480 loops=3)
                                                   Hash Cond: ((tp.title_id)::text = (t.id)::text)
                                                   ->  Hash Join  (cost=1.16..781764.71 rows=1941667 width=20) (actual time=0.810..6955.561 rows=3185892 loops=3)
                                                         Hash Cond: (tp.category_id = c.id)
                                                         ->  Parallel Seq Scan on titleprincipals tp  (cost=0.00..699000.00 rows=23300000 width=24) (actual time=0.599..4956.602 rows=18639969 loops=3)
                                                         ->  Hash  (cost=1.15..1.15 rows=1 width=4) (actual time=0.060..0.062 rows=1 loops=3)
                                                               Buckets: 1024  Batches: 1  Memory Usage: 9kB
                                                               ->  Seq Scan on category c  (cost=0.00..1.15 rows=1 width=4) (actual time=0.052..0.054 rows=1 loops=3)
                                                                     Filter: ((name)::text = 'actress'::text)
                                                                     Rows Removed by Filter: 11
                                                   ->  Parallel Hash  (cost=215575.73..215575.73 rows=195455 width=10) (actual time=10674.099..10674.100 rows=117416 loops=3)
                                                         Buckets: 131072  Batches: 8  Memory Usage: 3136kB
                                                         ->  Parallel Bitmap Heap Scan on title t  (cost=11984.83..215575.73 rows=195455 width=10) (actual time=372.111..10614.198 rows=117416 loops=3)
                                                               Recheck Cond: ((title_type)::text = ANY ('{movie,tvSeries,tvMiniSeries,tvMovie}'::text[]))
                                                               Rows Removed by Index Recheck: 1574173
                                                               Filter: (start_year >= ((date_part('year'::text, now()))::integer - 10))
                                                               Rows Removed by Filter: 241368
                                                               Heap Blocks: exact=13943 lossy=22227
                                                               ->  Bitmap Index Scan on title_type_idx  (cost=0.00..11867.56 rows=1103175 width=0) (actual time=90.526..90.526 rows=1076354 loops=1)
                                                                     Index Cond: ((title_type)::text = ANY ('{movie,tvSeries,tvMiniSeries,tvMovie}'::text[]))
                                             ->  Index Only Scan using titleprincipalscharacters_pkey on titleprincipalscharacters tpc  (cost=0.56..2.65 rows=1 width=20) (actual time=0.065..0.065 rows=1 loops=448441)
                                                   Index Cond: ((title_id = (tp.title_id)::text) AND (name_id = (tp.name_id)::text))
                                                   Heap Fetches: 0
                                       ->  Index Scan using name_pkey on name n  (cost=0.56..4.14 rows=1 width=28) (actual time=0.077..0.077 rows=1 loops=397968)
                                             Index Cond: ((id)::text = (tp.name_id)::text)
                                             Filter: (death_year IS NULL)
                                             Rows Removed by Filter: 0
 Planning Time: 20.458 ms
 JIT:
   Functions: 121
   Options: Inlining true, Optimization true, Expressions true, Deforming true
   Timing: Generation 6.998 ms, Inlining 281.974 ms, Optimization 599.580 ms, Emission 437.008 ms, Total 1325.559 ms
 Execution Time: 40758.991 ms
(51 rows)

