explain analyze SELECT t.id, t.primary_title, tg.genres, te.season_number, count(*) AS views
FROM title t
JOIN titleEpisode te ON te.parent_title_id = t.id
JOIN title t2 ON t2.id = te.title_id
JOIN userHistory uh ON uh.title_id = t2.id
JOIN users u ON u.id = uh.user_id
JOIN (
    SELECT tg.title_id, array_agg(g.name) AS genres
    FROM titleGenre tg
    JOIN genre g ON g.id = tg.genre_id
    GROUP BY tg.title_id
) tg ON tg.title_id = t.id
WHERE t.title_type = 'tvSeries'
    AND uh.last_seen BETWEEN NOW() - INTERVAL '30 days' AND NOW()
    AND te.season_number IS NOT NULL
    AND u.country_code NOT IN ('US', 'GB')
GROUP BY t.id, t.primary_title, tg.genres, te.season_number
ORDER BY count(*) DESC, t.id
LIMIT 100;
                                                                                                   QUERY PLAN                                                                                                    
-----------------------------------------------------------------------------------------------------------------------------------------------------------------------------------------------------------------
 Limit  (cost=1158937.90..1158938.15 rows=100 width=74) (actual time=21354.173..21354.344 rows=100 loops=1)
   ->  Sort  (cost=1158937.90..1158976.53 rows=15455 width=74) (actual time=20831.698..20831.860 rows=100 loops=1)
         Sort Key: (count(*)) DESC, t.id
         Sort Method: top-N heapsort  Memory: 41kB
         ->  GroupAggregate  (cost=126396.79..1158347.22 rows=15455 width=74) (actual time=6115.311..20829.276 rows=6179 loops=1)
               Group Key: t.id, (array_agg(g.name)), te.season_number
               ->  Nested Loop  (cost=126396.79..1158038.12 rows=15455 width=66) (actual time=6114.815..20824.172 rows=7681 loops=1)
                     ->  Gather Merge  (cost=126396.48..1147335.56 rows=15609 width=70) (actual time=6114.227..20687.095 rows=7751 loops=1)
                           Workers Planned: 2
                           Workers Launched: 2
                           ->  Incremental Sort  (cost=125396.46..1144533.87 rows=6504 width=70) (actual time=6093.496..20332.935 rows=2584 loops=3)
                                 Sort Key: t.id, (array_agg(g.name)), te.season_number
                                 Presorted Key: t.id
                                 Full-sort Groups: 85  Sort Method: quicksort  Average Memory: 29kB  Peak Memory: 29kB
                                 Worker 0:  Full-sort Groups: 80  Sort Method: quicksort  Average Memory: 29kB  Peak Memory: 29kB
                                 Worker 1:  Full-sort Groups: 77  Sort Method: quicksort  Average Memory: 29kB  Peak Memory: 29kB
                                 ->  Merge Join  (cost=125239.78..1144241.19 rows=6504 width=70) (actual time=6072.098..20328.557 rows=2584 loops=3)
                                       Merge Cond: ((te.parent_title_id)::text = (tg.title_id)::text)
                                       ->  Sort  (cost=125239.07..125239.18 rows=42 width=48) (actual time=6006.954..6009.063 rows=2676 loops=3)
                                             Sort Key: t.id
                                             Sort Method: quicksort  Memory: 378kB
                                             Worker 0:  Sort Method: quicksort  Memory: 363kB
                                             Worker 1:  Sort Method: quicksort  Memory: 358kB
                                             ->  Nested Loop  (cost=1.30..125237.94 rows=42 width=48) (actual time=250.772..6000.402 rows=2676 loops=3)
                                                   ->  Nested Loop  (cost=0.87..124288.87 rows=1692 width=18) (actual time=249.889..4808.783 rows=2792 loops=3)
                                                         ->  Nested Loop  (cost=0.43..122929.37 rows=2812 width=24) (actual time=248.848..3066.766 rows=3891 loops=3)
                                                               ->  Parallel Seq Scan on userhistory uh  (cost=0.00..111330.44 rows=2812 width=14) (actual time=247.606..1854.540 rows=3891 loops=3)
                                                                     Filter: ((last_seen <= now()) AND (last_seen >= (now() - '30 days'::interval)))
                                                                     Rows Removed by Filter: 1996740
                                                               ->  Index Only Scan using title_pkey on title t2  (cost=0.43..4.12 rows=1 width=10) (actual time=0.309..0.309 rows=1 loops=11672)
                                                                     Index Cond: (id = (uh.title_id)::text)
                                                                     Heap Fetches: 0
                                                         ->  Index Scan using titleepisode_pkey on titleepisode te  (cost=0.43..0.48 rows=1 width=24) (actual time=0.445..0.445 rows=1 loops=11672)
                                                               Index Cond: ((title_id)::text = (t2.id)::text)
                                                               Filter: (season_number IS NOT NULL)
                                                               Rows Removed by Filter: 0
                                                   ->  Index Scan using title_pkey on title t  (cost=0.43..0.56 rows=1 width=30) (actual time=0.424..0.424 rows=1 loops=8377)
                                                         Index Cond: ((id)::text = (te.parent_title_id)::text)
                                                         Filter: ((title_type)::text = 'tvSeries'::text)
                                                         Rows Removed by Filter: 0
                                       ->  GroupAggregate  (cost=0.71..964703.02 rows=4338719 width=42) (actual time=1.328..13322.925 rows=9377470 loops=3)
                                             Group Key: tg.title_id
                                             ->  Nested Loop  (cost=0.71..834474.73 rows=15198860 width=17) (actual time=1.299..7060.645 rows=15197632 loops=3)
                                                   ->  Index Only Scan using titlegenre_pkey on titlegenre tg  (cost=0.56..462079.46 rows=15198860 width=14) (actual time=1.232..2336.686 rows=15197632 loops=3)
                                                         Heap Fetches: 0
                                                   ->  Memoize  (cost=0.15..0.17 rows=1 width=11) (actual time=0.000..0.000 rows=1 loops=45592895)
                                                         Cache Key: tg.genre_id
                                                         Cache Mode: logical
                                                         Hits: 15197777  Misses: 28  Evictions: 0  Overflows: 0  Memory Usage: 4kB
                                                         Worker 0:  Hits: 15197335  Misses: 28  Evictions: 0  Overflows: 0  Memory Usage: 4kB
                                                         Worker 1:  Hits: 15197699  Misses: 28  Evictions: 0  Overflows: 0  Memory Usage: 4kB
                                                         ->  Index Scan using genre_pkey on genre g  (cost=0.14..0.16 rows=1 width=11) (actual time=0.003..0.003 rows=1 loops=84)
                                                               Index Cond: (id = tg.genre_id)
                     ->  Memoize  (cost=0.30..1.63 rows=1 width=4) (actual time=0.017..0.017 rows=1 loops=7751)
                           Cache Key: uh.user_id
                           Cache Mode: logical
                           Hits: 276  Misses: 7475  Evictions: 0  Overflows: 0  Memory Usage: 757kB
                           ->  Index Scan using users_pkey on users u  (cost=0.29..1.62 rows=1 width=4) (actual time=0.017..0.017 rows=1 loops=7475)
                                 Index Cond: (id = uh.user_id)
                                 Filter: ((country_code)::text <> ALL ('{US,GB}'::text[]))
                                 Rows Removed by Filter: 0
 Planning Time: 18.930 ms
 JIT:
   Functions: 129
   Options: Inlining true, Optimization true, Expressions true, Deforming true
   Timing: Generation 7.238 ms, Inlining 280.244 ms, Optimization 565.914 ms, Emission 419.341 ms, Total 1272.738 ms
 Execution Time: 21697.214 ms
(67 rows)

