explain analyze SELECT *
FROM (
    SELECT t.id,
        left(t.primary_title, 30),
        ((start_year / 10) * 10)::int AS decade,
        avg(uh.rating) AS rating,
        rank() over (
            PARTITION by ((start_year / 10) * 10) :: int
            ORDER BY avg(uh.rating) DESC, t.id
        ) AS rank
    FROM title t
    JOIN userHistory uh ON uh.title_id = t.id
    JOIN titleGenre TG ON tg.title_id = t.id AND tg.genre_id = 8
    WHERE t.title_type = 'movie'
        AND ((start_year / 10) * 10)::int >= 1980
        AND t.id IN (
            SELECT title_id
            FROM titleAkas
            WHERE region IN (
                'US', 'GB', 'ES', 'DE', 'FR', 'PT'
            )
        )
    GROUP BY t.id
    HAVING count(uh.rating) >= 3
    ORDER BY decade, rating DESC
) t_
WHERE rank <= 10;
                                                                                                QUERY PLAN                                                                                                 
-----------------------------------------------------------------------------------------------------------------------------------------------------------------------------------------------------------
 Subquery Scan on t_  (cost=408312.33..408506.77 rows=1525 width=86) (actual time=40372.231..40424.476 rows=50 loops=1)
   Filter: (t_.rank <= 10)
   Rows Removed by Filter: 1953
   ->  WindowAgg  (cost=408312.33..408449.58 rows=4575 width=86) (actual time=40372.226..40424.347 rows=2003 loops=1)
         ->  Sort  (cost=408312.33..408323.77 rows=4575 width=66) (actual time=40372.168..40422.736 rows=2003 loops=1)
               Sort Key: (((t.start_year / 10) * 10)), (avg(uh.rating)) DESC, t.id
               Sort Method: quicksort  Memory: 228kB
               ->  Finalize GroupAggregate  (cost=406285.02..408034.18 rows=4575 width=66) (actual time=40311.603..40418.805 rows=2003 loops=1)
                     Group Key: t.id
                     Filter: (count(uh.rating) >= 3)
                     Rows Removed by Filter: 40986
                     ->  Gather Merge  (cost=406285.02..407719.63 rows=11438 width=74) (actual time=40311.530..40387.440 rows=45133 loops=1)
                           Workers Planned: 2
                           Workers Launched: 2
                           ->  Partial GroupAggregate  (cost=405285.00..405399.38 rows=5719 width=74) (actual time=40288.853..40303.769 rows=15044 loops=3)
                                 Group Key: t.id
                                 ->  Sort  (cost=405285.00..405299.30 rows=5719 width=38) (actual time=40288.790..40292.241 rows=20226 loops=3)
                                       Sort Key: t.id
                                       Sort Method: quicksort  Memory: 2371kB
                                       Worker 0:  Sort Method: quicksort  Memory: 2450kB
                                       Worker 1:  Sort Method: quicksort  Memory: 2410kB
                                       ->  Nested Loop  (cost=188283.57..404928.09 rows=5719 width=38) (actual time=11858.227..40238.113 rows=20226 loops=3)
                                             ->  Nested Loop Semi Join  (cost=188283.01..393648.08 rows=8480 width=58) (actual time=11853.758..34991.728 rows=58327 loops=3)
                                                   ->  Parallel Hash Join  (cost=188282.45..300038.38 rows=54628 width=48) (actual time=11852.423..12638.151 rows=96250 loops=3)
                                                         Hash Cond: ((uh.title_id)::text = (t.id)::text)
                                                         ->  Parallel Seq Scan on userhistory uh  (cost=0.00..80069.47 rows=2500747 width=14) (actual time=0.067..1415.144 rows=2000631 loops=3)
                                                         ->  Parallel Hash  (cost=186463.82..186463.82 rows=89490 width=34) (actual time=9984.776..9984.778 rows=129726 loops=3)
                                                               Buckets: 65536  Batches: 8  Memory Usage: 3840kB
                                                               ->  Parallel Bitmap Heap Scan on title t  (cost=7094.59..186463.82 rows=89490 width=34) (actual time=116.208..9893.802 rows=129726 loops=3)
                                                                     Recheck Cond: ((title_type)::text = 'movie'::text)
                                                                     Rows Removed by Index Recheck: 830781
                                                                     Filter: (((start_year / 10) * 10) >= 1980)
                                                                     Rows Removed by Filter: 84905
                                                                     Heap Blocks: exact=21636 lossy=10983
                                                                     ->  Bitmap Index Scan on title_type_idx  (cost=0.00..7040.90 rows=644328 width=0) (actual time=50.356..50.357 rows=643892 loops=1)
                                                                           Index Cond: ((title_type)::text = 'movie'::text)
                                                   ->  Index Scan using titleakas_pkey on titleakas  (cost=0.56..34.48 rows=34 width=10) (actual time=0.231..0.231 rows=1 loops=288751)
                                                         Index Cond: ((title_id)::text = (uh.title_id)::text)
                                                         Filter: ((region)::text = ANY ('{US,GB,ES,DE,FR,PT}'::text[]))
                                                         Rows Removed by Filter: 1
                                             ->  Index Only Scan using titlegenre_pkey on titlegenre tg  (cost=0.56..1.33 rows=1 width=10) (actual time=0.089..0.089 rows=0 loops=174982)
                                                   Index Cond: ((title_id = (uh.title_id)::text) AND (genre_id = 8))
                                                   Heap Fetches: 0
 Planning Time: 14.421 ms
 JIT:
   Functions: 96
   Options: Inlining false, Optimization false, Expressions true, Deforming true
   Timing: Generation 6.715 ms, Inlining 0.000 ms, Optimization 9.581 ms, Emission 187.200 ms, Total 203.496 ms
 Execution Time: 40782.007 ms
(49 rows)

