explain analyze SELECT t.id, t.primary_title, tg.genres, te.season_number, count(*) AS views
FROM title t
JOIN titleEpisode te ON te.parent_title_id = t.id
JOIN userHistory uh ON uh.title_id = te.title_id
JOIN users u ON u.id = uh.user_id
JOIN (
    SELECT tg.title_id, array_agg(g.name) AS genres
    FROM titleGenre tg
    JOIN genre g ON g.id = tg.genre_id
    GROUP BY tg.title_id
) tg ON tg.title_id = t.id
WHERE t.title_type = 'tvSeries'
    AND uh.last_seen BETWEEN NOW() - INTERVAL '30 days' AND NOW()
    AND te.season_number IS NOT NULL
    AND u.country_code NOT IN ('US', 'GB')
GROUP BY t.id, t.primary_title, tg.genres, te.season_number
ORDER BY count(*) DESC, t.id
LIMIT 100;
                                                                                                   QUERY PLAN                                                                                                    
-----------------------------------------------------------------------------------------------------------------------------------------------------------------------------------------------------------------
 Limit  (cost=1165036.03..1165036.28 rows=100 width=74) (actual time=20572.983..20573.127 rows=100 loops=1)
   ->  Sort  (cost=1165036.03..1165087.12 rows=20438 width=74) (actual time=20058.642..20058.779 rows=100 loops=1)
         Sort Key: (count(*)) DESC, t.id
         Sort Method: top-N heapsort  Memory: 41kB
         ->  GroupAggregate  (cost=134889.57..1164254.90 rows=20438 width=74) (actual time=5357.252..20056.172 rows=6194 loops=1)
               Group Key: t.id, (array_agg(g.name)), te.season_number
               ->  Nested Loop  (cost=134889.57..1163846.14 rows=20438 width=66) (actual time=5356.698..20051.058 rows=7704 loops=1)
                     ->  Gather Merge  (cost=134889.27..1152979.50 rows=20590 width=70) (actual time=5356.037..19917.926 rows=7774 loops=1)
                           Workers Planned: 2
                           Workers Launched: 2
                           ->  Incremental Sort  (cost=133889.24..1149602.88 rows=8579 width=70) (actual time=5330.113..19497.569 rows=2591 loops=3)
                                 Sort Key: t.id, (array_agg(g.name)), te.season_number
                                 Presorted Key: t.id
                                 Full-sort Groups: 86  Sort Method: quicksort  Average Memory: 29kB  Peak Memory: 29kB
                                 Worker 0:  Full-sort Groups: 75  Sort Method: quicksort  Average Memory: 29kB  Peak Memory: 29kB
                                 Worker 1:  Full-sort Groups: 81  Sort Method: quicksort  Average Memory: 30kB  Peak Memory: 30kB
                                 ->  Merge Join  (cost=133770.87..1149216.83 rows=8579 width=70) (actual time=5308.471..19493.382 rows=2591 loops=3)
                                       Merge Cond: ((te.parent_title_id)::text = (tg.title_id)::text)
                                       ->  Sort  (cost=133770.16..133770.30 rows=56 width=48) (actual time=5243.173..5245.119 rows=2684 loops=3)
                                             Sort Key: t.id
                                             Sort Method: quicksort  Memory: 384kB
                                             Worker 0:  Sort Method: quicksort  Memory: 346kB
                                             Worker 1:  Sort Method: quicksort  Memory: 372kB
                                             ->  Nested Loop  (cost=0.43..133768.54 rows=56 width=48) (actual time=237.593..5237.127 rows=2684 loops=3)
                                                   ->  Nested Loop  (cost=0.43..133491.99 rows=2269 width=18) (actual time=236.123..3751.114 rows=2800 loops=3)
                                                         ->  Parallel Seq Scan on userhistory uh  (cost=0.00..111328.40 rows=2847 width=14) (actual time=234.892..1917.205 rows=3901 loops=3)
                                                               Filter: ((last_seen <= now()) AND (last_seen >= (now() - '30 days'::interval)))
                                                               Rows Removed by Filter: 1996730
                                                         ->  Index Scan using titleepisode_pkey on titleepisode te  (cost=0.43..7.78 rows=1 width=24) (actual time=0.468..0.468 rows=1 loops=11703)
                                                               Index Cond: ((title_id)::text = (uh.title_id)::text)
                                                               Filter: (season_number IS NOT NULL)
                                                               Rows Removed by Filter: 0
                                                   ->  Index Scan using title_hash on title t  (cost=0.00..0.12 rows=1 width=30) (actual time=0.528..0.528 rows=1 loops=8401)
                                                         Index Cond: ((id)::text = (te.parent_title_id)::text)
                                                         Rows Removed by Index Recheck: 0
                                                         Filter: ((title_type)::text = 'tvSeries'::text)
                                                         Rows Removed by Filter: 0
                                       ->  GroupAggregate  (cost=0.71..962905.66 rows=4196425 width=42) (actual time=0.978..13304.208 rows=9377470 loops=3)
                                             Group Key: tg.title_id
                                             ->  Nested Loop  (cost=0.71..834458.13 rows=15198444 width=17) (actual time=0.948..7055.843 rows=15197632 loops=3)
                                                   ->  Index Only Scan using titlegenre_pkey on titlegenre tg  (cost=0.56..462073.22 rows=15198444 width=14) (actual time=0.872..2387.580 rows=15197632 loops=3)
                                                         Heap Fetches: 0
                                                   ->  Memoize  (cost=0.15..0.17 rows=1 width=11) (actual time=0.000..0.000 rows=1 loops=45592895)
                                                         Cache Key: tg.genre_id
                                                         Cache Mode: logical
                                                         Hits: 15197699  Misses: 28  Evictions: 0  Overflows: 0  Memory Usage: 4kB
                                                         Worker 0:  Hits: 15197335  Misses: 28  Evictions: 0  Overflows: 0  Memory Usage: 4kB
                                                         Worker 1:  Hits: 15197777  Misses: 28  Evictions: 0  Overflows: 0  Memory Usage: 4kB
                                                         ->  Index Scan using genre_pkey on genre g  (cost=0.14..0.16 rows=1 width=11) (actual time=0.003..0.003 rows=1 loops=84)
                                                               Index Cond: (id = tg.genre_id)
                     ->  Memoize  (cost=0.30..1.61 rows=1 width=4) (actual time=0.017..0.017 rows=1 loops=7774)
                           Cache Key: uh.user_id
                           Cache Mode: logical
                           Hits: 276  Misses: 7498  Evictions: 0  Overflows: 0  Memory Usage: 760kB
                           ->  Index Scan using users_pkey on users u  (cost=0.29..1.60 rows=1 width=4) (actual time=0.016..0.016 rows=1 loops=7498)
                                 Index Cond: (id = uh.user_id)
                                 Filter: ((country_code)::text <> ALL ('{US,GB}'::text[]))
                                 Rows Removed by Filter: 0
 Planning Time: 12.131 ms
 JIT:
   Functions: 120
   Options: Inlining true, Optimization true, Expressions true, Deforming true
   Timing: Generation 7.003 ms, Inlining 272.299 ms, Optimization 548.025 ms, Emission 398.132 ms, Total 1225.458 ms
 Execution Time: 20913.723 ms
(64 rows)

