explain analyze SELECT t.id, t.primary_title, tg.genres, te.season_number, count(*) AS views
FROM title t
JOIN titleEpisode te ON te.parent_title_id = t.id
JOIN userHistory uh ON uh.title_id = te.title_id
JOIN users u ON u.id = uh.user_id
JOIN (
    SELECT tg.title_id, array_agg(g.name) AS genres
    FROM titleGenre tg
    JOIN genre g ON g.id = tg.genre_id
    GROUP BY tg.title_id
) tg ON tg.title_id = t.id
WHERE t.title_type = 'tvSeries'
    AND uh.last_seen BETWEEN NOW() - INTERVAL '30 days' AND NOW()
    AND te.season_number IS NOT NULL
    AND u.country_code NOT IN ('US', 'GB')
GROUP BY t.id, t.primary_title, tg.genres, te.season_number
ORDER BY count(*) DESC, t.id
LIMIT 100;
                                                                                                   QUERY PLAN                                                                                                    
-----------------------------------------------------------------------------------------------------------------------------------------------------------------------------------------------------------------
 Limit  (cost=1160335.16..1160335.41 rows=100 width=74) (actual time=21289.711..21289.851 rows=100 loops=1)
   ->  Sort  (cost=1160335.16..1160379.41 rows=17699 width=74) (actual time=20770.425..20770.557 rows=100 loops=1)
         Sort Key: (count(*)) DESC, t.id
         Sort Method: top-N heapsort  Memory: 41kB
         ->  GroupAggregate  (cost=135046.96..1159658.72 rows=17699 width=74) (actual time=5941.089..20767.705 rows=6193 loops=1)
               Group Key: t.id, (array_agg(g.name)), te.season_number
               ->  Nested Loop  (cost=135046.96..1159304.74 rows=17699 width=66) (actual time=5940.606..20762.208 rows=7703 loops=1)
                     ->  Gather Merge  (cost=135046.65..1148498.46 rows=17845 width=70) (actual time=5939.904..20616.178 rows=7773 loops=1)
                           Workers Planned: 2
                           Workers Launched: 2
                           ->  Incremental Sort  (cost=134046.63..1145438.68 rows=7435 width=70) (actual time=5917.153..20123.726 rows=2591 loops=3)
                                 Sort Key: t.id, (array_agg(g.name)), te.season_number
                                 Presorted Key: t.id
                                 Full-sort Groups: 83  Sort Method: quicksort  Average Memory: 30kB  Peak Memory: 30kB
                                 Worker 0:  Full-sort Groups: 80  Sort Method: quicksort  Average Memory: 29kB  Peak Memory: 29kB
                                 Worker 1:  Full-sort Groups: 79  Sort Method: quicksort  Average Memory: 29kB  Peak Memory: 29kB
                                 ->  Merge Join  (cost=133910.62..1145104.11 rows=7435 width=70) (actual time=5892.953..20119.078 rows=2591 loops=3)
                                       Merge Cond: ((te.parent_title_id)::text = (tg.title_id)::text)
                                       ->  Sort  (cost=133909.91..133910.04 rows=51 width=48) (actual time=5823.937..5826.190 rows=2683 loops=3)
                                             Sort Key: t.id
                                             Sort Method: quicksort  Memory: 375kB
                                             Worker 0:  Sort Method: quicksort  Memory: 365kB
                                             Worker 1:  Sort Method: quicksort  Memory: 361kB
                                             ->  Nested Loop  (cost=0.43..133908.46 rows=51 width=48) (actual time=242.492..5816.370 rows=2683 loops=3)
                                                   ->  Nested Loop  (cost=0.43..133630.26 rows=2271 width=18) (actual time=241.259..4142.654 rows=2800 loops=3)
                                                         ->  Parallel Seq Scan on userhistory uh  (cost=0.00..111329.06 rows=2866 width=14) (actual time=239.866..2058.067 rows=3901 loops=3)
                                                               Filter: ((last_seen <= now()) AND (last_seen >= (now() - '30 days'::interval)))
                                                               Rows Removed by Filter: 1996730
                                                         ->  Index Scan using titleepisode_pkey on titleepisode te  (cost=0.43..7.78 rows=1 width=24) (actual time=0.531..0.531 rows=1 loops=11702)
                                                               Index Cond: ((title_id)::text = (uh.title_id)::text)
                                                               Filter: (season_number IS NOT NULL)
                                                               Rows Removed by Filter: 0
                                                   ->  Index Scan using title_hash on title t  (cost=0.00..0.12 rows=1 width=30) (actual time=0.594..0.594 rows=1 loops=8400)
                                                         Index Cond: ((id)::text = (te.parent_title_id)::text)
                                                         Rows Removed by Index Recheck: 0
                                                         Filter: ((title_type)::text = 'tvSeries'::text)
                                                         Rows Removed by Filter: 0
                                       ->  GroupAggregate  (cost=0.71..960785.23 rows=4026778 width=42) (actual time=1.335..13316.684 rows=9374750 loops=3)
                                             Group Key: tg.title_id
                                             ->  Nested Loop  (cost=0.71..834458.28 rows=15198444 width=17) (actual time=1.305..7067.926 rows=15193346 loops=3)
                                                   ->  Index Only Scan using titlegenre_pkey on titlegenre tg  (cost=0.56..462073.22 rows=15198444 width=14) (actual time=1.237..2371.776 rows=15193346 loops=3)
                                                         Heap Fetches: 0
                                                   ->  Memoize  (cost=0.15..0.17 rows=1 width=11) (actual time=0.000..0.000 rows=1 loops=45580039)
                                                         Cache Key: tg.genre_id
                                                         Cache Mode: logical
                                                         Hits: 15197699  Misses: 28  Evictions: 0  Overflows: 0  Memory Usage: 4kB
                                                         Worker 0:  Hits: 15197777  Misses: 28  Evictions: 0  Overflows: 0  Memory Usage: 4kB
                                                         Worker 1:  Hits: 15184479  Misses: 28  Evictions: 0  Overflows: 0  Memory Usage: 4kB
                                                         ->  Index Scan using genre_pkey on genre g  (cost=0.14..0.16 rows=1 width=11) (actual time=0.003..0.003 rows=1 loops=84)
                                                               Index Cond: (id = tg.genre_id)
                     ->  Memoize  (cost=0.30..1.60 rows=1 width=4) (actual time=0.018..0.018 rows=1 loops=7773)
                           Cache Key: uh.user_id
                           Cache Mode: logical
                           Hits: 276  Misses: 7497  Evictions: 0  Overflows: 0  Memory Usage: 760kB
                           ->  Index Scan using users_pkey on users u  (cost=0.29..1.59 rows=1 width=4) (actual time=0.018..0.018 rows=1 loops=7497)
                                 Index Cond: (id = uh.user_id)
                                 Filter: ((country_code)::text <> ALL ('{US,GB}'::text[]))
                                 Rows Removed by Filter: 0
 Planning Time: 13.597 ms
 JIT:
   Functions: 120
   Options: Inlining true, Optimization true, Expressions true, Deforming true
   Timing: Generation 6.997 ms, Inlining 285.188 ms, Optimization 542.604 ms, Emission 409.581 ms, Total 1244.369 ms
 Execution Time: 21671.232 ms
(64 rows)

