explain analyze SELECT t.id, t.primary_title, tg.genres, te.season_number, count(*) AS views
FROM title t
JOIN titleEpisode te ON te.parent_title_id = t.id
JOIN title t2 ON t2.id = te.title_id
JOIN userHistory uh ON uh.title_id = t2.id
JOIN users u ON u.id = uh.user_id
JOIN (
    SELECT tg.title_id, array_agg(g.name) AS genres
    FROM titleGenre tg
    JOIN genre g ON g.id = tg.genre_id
    GROUP BY tg.title_id
) tg ON tg.title_id = t.id
WHERE t.title_type = 'tvSeries'
    AND uh.last_seen BETWEEN NOW() - INTERVAL '30 days' AND NOW()
    AND te.season_number IS NOT NULL
    AND u.country_code NOT IN ('US', 'GB')
GROUP BY t.id, t.primary_title, tg.genres, te.season_number
ORDER BY count(*) DESC, t.id
LIMIT 100;
                                                                                                   QUERY PLAN                                                                                                    
-----------------------------------------------------------------------------------------------------------------------------------------------------------------------------------------------------------------
 Limit  (cost=1141329.45..1141329.70 rows=100 width=74) (actual time=21936.133..21936.298 rows=100 loops=1)
   ->  Sort  (cost=1141329.45..1141337.73 rows=3312 width=74) (actual time=21376.111..21376.269 rows=100 loops=1)
         Sort Key: (count(*)) DESC, t.id
         Sort Method: top-N heapsort  Memory: 41kB
         ->  Finalize GroupAggregate  (cost=115840.84..1141202.87 rows=3312 width=74) (actual time=6734.408..21374.124 rows=6195 loops=1)
               Group Key: t.id, (array_agg(g.name)), te.season_number
               ->  Gather Merge  (cost=115840.84..1141142.15 rows=2760 width=74) (actual time=6734.391..21370.541 rows=6907 loops=1)
                     Workers Planned: 2
                     Workers Launched: 2
                     ->  Partial GroupAggregate  (cost=114840.82..1139823.55 rows=1380 width=74) (actual time=6712.435..20857.797 rows=2302 loops=3)
                           Group Key: t.id, (array_agg(g.name)), te.season_number
                           ->  Incremental Sort  (cost=114840.82..1139795.95 rows=1380 width=66) (actual time=6712.398..20856.130 rows=2569 loops=3)
                                 Sort Key: t.id, (array_agg(g.name)), te.season_number
                                 Presorted Key: t.id
                                 Full-sort Groups: 82  Sort Method: quicksort  Average Memory: 29kB  Peak Memory: 29kB
                                 Worker 0:  Full-sort Groups: 79  Sort Method: quicksort  Average Memory: 29kB  Peak Memory: 29kB
                                 Worker 1:  Full-sort Groups: 79  Sort Method: quicksort  Average Memory: 30kB  Peak Memory: 30kB
                                 ->  Merge Join  (cost=114097.59..1139733.85 rows=1380 width=66) (actual time=6688.755..20852.257 rows=2569 loops=3)
                                       Merge Cond: ((te.parent_title_id)::text = (tg.title_id)::text)
                                       ->  Sort  (cost=114096.88..114096.90 rows=8 width=44) (actual time=6625.412..6627.167 rows=2660 loops=3)
                                             Sort Key: t.id
                                             Sort Method: quicksort  Memory: 342kB
                                             Worker 0:  Sort Method: quicksort  Memory: 336kB
                                             Worker 1:  Sort Method: quicksort  Memory: 336kB
                                             ->  Nested Loop  (cost=1.16..114096.76 rows=8 width=44) (actual time=302.798..6620.016 rows=2660 loops=3)
                                                   ->  Nested Loop  (cost=0.87..114063.81 rows=8 width=48) (actual time=302.750..6591.023 rows=2685 loops=3)
                                                         ->  Nested Loop  (cost=0.87..114023.07 rows=333 width=18) (actual time=301.475..5116.098 rows=2801 loops=3)
                                                               ->  Nested Loop  (cost=0.43..113755.74 rows=553 width=24) (actual time=300.264..3303.817 rows=3902 loops=3)
                                                                     ->  Parallel Seq Scan on userhistory uh  (cost=0.00..111330.15 rows=553 width=14) (actual time=299.326..1920.978 rows=3902 loops=3)
                                                                           Filter: ((last_seen <= now()) AND (last_seen >= (now() - '30 days'::interval)))
                                                                           Rows Removed by Filter: 1996728
                                                                     ->  Index Only Scan using title_pkey on title t2  (cost=0.43..4.39 rows=1 width=10) (actual time=0.352..0.352 rows=1 loops=11707)
                                                                           Index Cond: (id = (uh.title_id)::text)
                                                                           Heap Fetches: 0
                                                               ->  Index Scan using titleepisode_pkey on titleepisode te  (cost=0.43..0.48 rows=1 width=24) (actual time=0.462..0.462 rows=1 loops=11707)
                                                                     Index Cond: ((title_id)::text = (t2.id)::text)
                                                                     Filter: (season_number IS NOT NULL)
                                                                     Rows Removed by Filter: 0
                                                         ->  Index Scan using title_hash on title t  (cost=0.00..0.12 rows=1 width=30) (actual time=0.524..0.524 rows=1 loops=8404)
                                                               Index Cond: ((id)::text = (te.parent_title_id)::text)
                                                               Rows Removed by Index Recheck: 0
                                                               Filter: ((title_type)::text = 'tvSeries'::text)
                                                               Rows Removed by Filter: 0
                                                   ->  Index Scan using users_pkey on users u  (cost=0.29..4.12 rows=1 width=4) (actual time=0.009..0.009 rows=1 loops=8054)
                                                         Index Cond: (id = uh.user_id)
                                                         Filter: ((country_code)::text <> ALL ('{US,GB}'::text[]))
                                                         Rows Removed by Filter: 0
                                       ->  GroupAggregate  (cost=0.71..968046.35 rows=4606186 width=42) (actual time=0.899..13269.359 rows=9377470 loops=3)
                                             Group Key: tg.title_id
                                             ->  Nested Loop  (cost=0.71..834474.73 rows=15198860 width=17) (actual time=0.871..7088.262 rows=15197632 loops=3)
                                                   ->  Index Only Scan using titlegenre_pkey on titlegenre tg  (cost=0.56..462079.46 rows=15198860 width=14) (actual time=0.797..2369.127 rows=15197632 loops=3)
                                                         Heap Fetches: 0
                                                   ->  Memoize  (cost=0.15..0.17 rows=1 width=11) (actual time=0.000..0.000 rows=1 loops=45592895)
                                                         Cache Key: tg.genre_id
                                                         Cache Mode: logical
                                                         Hits: 15197699  Misses: 28  Evictions: 0  Overflows: 0  Memory Usage: 4kB
                                                         Worker 0:  Hits: 15197777  Misses: 28  Evictions: 0  Overflows: 0  Memory Usage: 4kB
                                                         Worker 1:  Hits: 15197335  Misses: 28  Evictions: 0  Overflows: 0  Memory Usage: 4kB
                                                         ->  Index Scan using genre_pkey on genre g  (cost=0.14..0.16 rows=1 width=11) (actual time=0.004..0.004 rows=1 loops=84)
                                                               Index Cond: (id = tg.genre_id)
 Planning Time: 14.498 ms
 JIT:
   Functions: 148
   Options: Inlining true, Optimization true, Expressions true, Deforming true
   Timing: Generation 8.118 ms, Inlining 276.332 ms, Optimization 670.795 ms, Emission 510.630 ms, Total 1465.875 ms
 Execution Time: 22270.837 ms
(66 rows)

