explain analyze SELECT t.id, t.primary_title, tg.genres, te.season_number, count(*) AS views
FROM title t
JOIN titleEpisode te ON te.parent_title_id = t.id
JOIN userHistory uh ON uh.title_id = te.title_id
JOIN users u ON u.id = uh.user_id
JOIN (
    SELECT tg.title_id, array_agg(g.name) AS genres
    FROM titleGenre tg
    JOIN genre g ON g.id = tg.genre_id
    GROUP BY tg.title_id
) tg ON tg.title_id = t.id
WHERE t.title_type = 'tvSeries'
    AND uh.last_seen BETWEEN NOW() - INTERVAL '30 days' AND NOW()
    AND te.season_number IS NOT NULL
    AND u.country_code NOT IN ('US', 'GB')
GROUP BY t.id, t.primary_title, tg.genres, te.season_number
ORDER BY count(*) DESC, t.id
LIMIT 100;
                                                                                                   QUERY PLAN                                                                                                    
-----------------------------------------------------------------------------------------------------------------------------------------------------------------------------------------------------------------
 Limit  (cost=1148708.76..1148709.01 rows=100 width=74) (actual time=20594.118..20594.268 rows=100 loops=1)
   ->  Sort  (cost=1148708.76..1148753.05 rows=17716 width=74) (actual time=20087.410..20087.552 rows=100 loops=1)
         Sort Key: (count(*)) DESC, t.id
         Sort Method: top-N heapsort  Memory: 41kB
         ->  GroupAggregate  (cost=136072.15..1148031.67 rows=17716 width=74) (actual time=5291.510..20084.915 rows=6178 loops=1)
               Group Key: t.id, (array_agg(g.name)), te.season_number
               ->  Nested Loop  (cost=136072.15..1147677.35 rows=17716 width=66) (actual time=5290.935..20079.732 rows=7679 loops=1)
                     ->  Gather Merge  (cost=136071.85..1136880.46 rows=17841 width=70) (actual time=5290.225..19948.118 rows=7749 loops=1)
                           Workers Planned: 2
                           Workers Launched: 2
                           ->  Incremental Sort  (cost=135071.83..1133821.14 rows=7434 width=70) (actual time=5265.969..19529.837 rows=2583 loops=3)
                                 Sort Key: t.id, (array_agg(g.name)), te.season_number
                                 Presorted Key: t.id
                                 Full-sort Groups: 83  Sort Method: quicksort  Average Memory: 29kB  Peak Memory: 29kB
                                 Worker 0:  Full-sort Groups: 80  Sort Method: quicksort  Average Memory: 30kB  Peak Memory: 30kB
                                 Worker 1:  Full-sort Groups: 79  Sort Method: quicksort  Average Memory: 29kB  Peak Memory: 29kB
                                 ->  Merge Join  (cost=134937.49..1133486.61 rows=7434 width=70) (actual time=5243.967..19525.718 rows=2583 loops=3)
                                       Merge Cond: ((te.parent_title_id)::text = (tg.title_id)::text)
                                       ->  Sort  (cost=134936.79..134936.93 rows=59 width=48) (actual time=5177.373..5179.333 rows=2675 loops=3)
                                             Sort Key: t.id
                                             Sort Method: quicksort  Memory: 373kB
                                             Worker 0:  Sort Method: quicksort  Memory: 366kB
                                             Worker 1:  Sort Method: quicksort  Memory: 360kB
                                             ->  Nested Loop  (cost=0.87..134935.05 rows=59 width=48) (actual time=231.878..5170.085 rows=2675 loops=3)
                                                   ->  Nested Loop  (cost=0.43..133657.78 rows=2278 width=18) (actual time=230.449..3768.838 rows=2791 loops=3)
                                                         ->  Parallel Seq Scan on userhistory uh  (cost=0.00..111329.62 rows=2870 width=14) (actual time=229.343..1915.260 rows=3889 loops=3)
                                                               Filter: ((last_seen <= now()) AND (last_seen >= (now() - '30 days'::interval)))
                                                               Rows Removed by Filter: 1996741
                                                         ->  Index Scan using titleepisode_pkey on titleepisode te  (cost=0.43..7.78 rows=1 width=24) (actual time=0.474..0.474 rows=1 loops=11668)
                                                               Index Cond: ((title_id)::text = (uh.title_id)::text)
                                                               Filter: (season_number IS NOT NULL)
                                                               Rows Removed by Filter: 0
                                                   ->  Index Scan using title_pkey on title t  (cost=0.43..0.56 rows=1 width=30) (actual time=0.499..0.499 rows=1 loops=8374)
                                                         Index Cond: ((id)::text = (te.parent_title_id)::text)
                                                         Filter: ((title_type)::text = 'tvSeries'::text)
                                                         Rows Removed by Filter: 0
                                       ->  GroupAggregate  (cost=0.71..954472.22 rows=3520255 width=42) (actual time=0.823..13372.786 rows=9374671 loops=3)
                                             Group Key: tg.title_id
                                             ->  Nested Loop  (cost=0.71..834474.73 rows=15198860 width=17) (actual time=0.784..7133.087 rows=15193225 loops=3)
                                                   ->  Index Only Scan using titlegenre_pkey on titlegenre tg  (cost=0.56..462079.46 rows=15198860 width=14) (actual time=0.713..2341.189 rows=15193225 loops=3)
                                                         Heap Fetches: 0
                                                   ->  Memoize  (cost=0.15..0.17 rows=1 width=11) (actual time=0.000..0.000 rows=1 loops=45579675)
                                                         Cache Key: tg.genre_id
                                                         Cache Mode: logical
                                                         Hits: 15197335  Misses: 28  Evictions: 0  Overflows: 0  Memory Usage: 4kB
                                                         Worker 0:  Hits: 15184479  Misses: 28  Evictions: 0  Overflows: 0  Memory Usage: 4kB
                                                         Worker 1:  Hits: 15197777  Misses: 28  Evictions: 0  Overflows: 0  Memory Usage: 4kB
                                                         ->  Index Scan using genre_pkey on genre g  (cost=0.14..0.16 rows=1 width=11) (actual time=0.003..0.003 rows=1 loops=84)
                                                               Index Cond: (id = tg.genre_id)
                     ->  Memoize  (cost=0.30..1.60 rows=1 width=4) (actual time=0.017..0.017 rows=1 loops=7749)
                           Cache Key: uh.user_id
                           Cache Mode: logical
                           Hits: 276  Misses: 7473  Evictions: 0  Overflows: 0  Memory Usage: 757kB
                           ->  Index Scan using users_pkey on users u  (cost=0.29..1.59 rows=1 width=4) (actual time=0.016..0.016 rows=1 loops=7473)
                                 Index Cond: (id = uh.user_id)
                                 Filter: ((country_code)::text <> ALL ('{US,GB}'::text[]))
                                 Rows Removed by Filter: 0
 Planning Time: 13.565 ms
 JIT:
   Functions: 120
   Options: Inlining true, Optimization true, Expressions true, Deforming true
   Timing: Generation 7.058 ms, Inlining 272.831 ms, Optimization 529.845 ms, Emission 390.831 ms, Total 1200.565 ms
 Execution Time: 20940.154 ms
(63 rows)

