explain analyze SELECT t.id, t.primary_title, tg.genres, te.season_number, count(*) AS views
FROM title t
JOIN titleEpisode te ON te.parent_title_id = t.id
JOIN userHistory uh ON uh.title_id = te.title_id
JOIN users u ON u.id = uh.user_id
JOIN (
    SELECT tg.title_id, array_agg(g.name) AS genres
    FROM titleGenre tg
    JOIN genre g ON g.id = tg.genre_id
    GROUP BY tg.title_id
) tg ON tg.title_id = t.id
WHERE t.title_type = 'tvSeries'
    AND uh.last_seen BETWEEN NOW() - INTERVAL '30 days' AND NOW()
    AND te.season_number IS NOT NULL
    AND u.country_code NOT IN ('US', 'GB')
GROUP BY t.id, t.primary_title, tg.genres, te.season_number
ORDER BY count(*) DESC, t.id
LIMIT 100;
                                                                                                   QUERY PLAN                                                                                                    
-----------------------------------------------------------------------------------------------------------------------------------------------------------------------------------------------------------------
 Limit  (cost=1145332.62..1145332.87 rows=100 width=74) (actual time=20820.060..20820.206 rows=100 loops=1)
   ->  Sort  (cost=1145332.62..1145353.57 rows=8379 width=74) (actual time=20311.141..20311.279 rows=100 loops=1)
         Sort Key: (count(*)) DESC, t.id
         Sort Method: top-N heapsort  Memory: 41kB
         ->  GroupAggregate  (cost=122885.26..1145012.39 rows=8379 width=74) (actual time=5306.143..20308.650 rows=6177 loops=1)
               Group Key: t.id, (array_agg(g.name)), te.season_number
               ->  Nested Loop  (cost=122885.26..1144844.81 rows=8379 width=66) (actual time=5305.408..20303.634 rows=7678 loops=1)
                     ->  Gather Merge  (cost=122884.95..1136267.13 rows=8379 width=70) (actual time=5304.757..20174.648 rows=7748 loops=1)
                           Workers Planned: 2
                           Workers Launched: 2
                           ->  Incremental Sort  (cost=121884.93..1134299.96 rows=3491 width=70) (actual time=5282.441..19638.968 rows=2583 loops=3)
                                 Sort Key: t.id, (array_agg(g.name)), te.season_number
                                 Presorted Key: t.id
                                 Full-sort Groups: 86  Sort Method: quicksort  Average Memory: 29kB  Peak Memory: 29kB
                                 Worker 0:  Full-sort Groups: 78  Sort Method: quicksort  Average Memory: 30kB  Peak Memory: 30kB
                                 Worker 1:  Full-sort Groups: 78  Sort Method: quicksort  Average Memory: 29kB  Peak Memory: 29kB
                                 ->  Merge Join  (cost=121594.87..1134142.87 rows=3491 width=70) (actual time=5261.500..19634.819 rows=2583 loops=3)
                                       Merge Cond: ((te.parent_title_id)::text = (tg.title_id)::text)
                                       ->  Sort  (cost=121594.17..121594.23 rows=24 width=48) (actual time=5191.381..5193.323 rows=2674 loops=3)
                                             Sort Key: t.id
                                             Sort Method: quicksort  Memory: 383kB
                                             Worker 0:  Sort Method: quicksort  Memory: 358kB
                                             Worker 1:  Sort Method: quicksort  Memory: 358kB
                                             ->  Nested Loop  (cost=0.87..121593.62 rows=24 width=48) (actual time=246.663..5184.960 rows=2674 loops=3)
                                                   ->  Nested Loop  (cost=0.43..121062.21 rows=948 width=18) (actual time=245.134..3794.773 rows=2791 loops=3)
                                                         ->  Parallel Seq Scan on userhistory uh  (cost=0.00..111329.72 rows=1193 width=14) (actual time=244.209..1963.650 rows=3888 loops=3)
                                                               Filter: ((last_seen <= now()) AND (last_seen >= (now() - '30 days'::interval)))
                                                               Rows Removed by Filter: 1996742
                                                         ->  Index Scan using titleepisode_pkey on titleepisode te  (cost=0.43..8.16 rows=1 width=24) (actual time=0.468..0.468 rows=1 loops=11665)
                                                               Index Cond: ((title_id)::text = (uh.title_id)::text)
                                                               Filter: (season_number IS NOT NULL)
                                                               Rows Removed by Filter: 0
                                                   ->  Index Scan using title_pkey on title t  (cost=0.43..0.56 rows=1 width=30) (actual time=0.495..0.495 rows=1 loops=8373)
                                                         Index Cond: ((id)::text = (te.parent_title_id)::text)
                                                         Filter: ((title_type)::text = 'tvSeries'::text)
                                                         Rows Removed by Filter: 0
                                       ->  GroupAggregate  (cost=0.71..961491.17 rows=4081771 width=42) (actual time=1.443..13475.754 rows=9373934 loops=3)
                                             Group Key: tg.title_id
                                             ->  Nested Loop  (cost=0.71..834474.73 rows=15198860 width=17) (actual time=1.415..7189.748 rows=15192045 loops=3)
                                                   ->  Index Only Scan using titlegenre_pkey on titlegenre tg  (cost=0.56..462079.46 rows=15198860 width=14) (actual time=1.333..2419.423 rows=15192045 loops=3)
                                                         Heap Fetches: 0
                                                   ->  Memoize  (cost=0.15..0.17 rows=1 width=11) (actual time=0.000..0.000 rows=1 loops=45576135)
                                                         Cache Key: tg.genre_id
                                                         Cache Mode: logical
                                                         Hits: 15197777  Misses: 28  Evictions: 0  Overflows: 0  Memory Usage: 4kB
                                                         Worker 0:  Hits: 15180575  Misses: 28  Evictions: 0  Overflows: 0  Memory Usage: 4kB
                                                         Worker 1:  Hits: 15197699  Misses: 28  Evictions: 0  Overflows: 0  Memory Usage: 4kB
                                                         ->  Index Scan using genre_pkey on genre g  (cost=0.14..0.16 rows=1 width=11) (actual time=0.004..0.004 rows=1 loops=84)
                                                               Index Cond: (id = tg.genre_id)
                     ->  Memoize  (cost=0.30..3.00 rows=1 width=4) (actual time=0.016..0.016 rows=1 loops=7748)
                           Cache Key: uh.user_id
                           Cache Mode: logical
                           Hits: 276  Misses: 7472  Evictions: 0  Overflows: 0  Memory Usage: 757kB
                           ->  Index Scan using users_pkey on users u  (cost=0.29..2.99 rows=1 width=4) (actual time=0.016..0.016 rows=1 loops=7472)
                                 Index Cond: (id = uh.user_id)
                                 Filter: ((country_code)::text <> ALL ('{US,GB}'::text[]))
                                 Rows Removed by Filter: 0
 Planning Time: 13.420 ms
 JIT:
   Functions: 120
   Options: Inlining true, Optimization true, Expressions true, Deforming true
   Timing: Generation 7.120 ms, Inlining 288.492 ms, Optimization 546.605 ms, Emission 406.448 ms, Total 1248.665 ms
 Execution Time: 21170.583 ms
(63 rows)

