explain analyze SELECT t.id, t.primary_title, tg.genres, te.season_number, count(*) AS views
FROM title t
JOIN titleEpisode te ON te.parent_title_id = t.id
JOIN userHistory uh ON uh.title_id = te.title_id
JOIN users u ON u.id = uh.user_id
JOIN (
    SELECT tg.title_id, array_agg(g.name) AS genres
    FROM titleGenre tg
    JOIN genre g ON g.id = tg.genre_id
    GROUP BY tg.title_id
) tg ON tg.title_id = t.id
WHERE t.title_type = 'tvSeries'
    AND uh.last_seen BETWEEN NOW() - INTERVAL '30 days' AND NOW()
    AND te.season_number IS NOT NULL
    AND u.country_code NOT IN ('US', 'GB')
GROUP BY t.id, t.primary_title, tg.genres, te.season_number
ORDER BY count(*) DESC, t.id
LIMIT 100;
                                                                                                   QUERY PLAN                                                                                                    
-----------------------------------------------------------------------------------------------------------------------------------------------------------------------------------------------------------------
 Limit  (cost=1173009.47..1173009.72 rows=100 width=74) (actual time=20597.586..20597.714 rows=100 loops=1)
   ->  Sort  (cost=1173009.47..1173062.23 rows=21105 width=74) (actual time=20093.790..20093.911 rows=100 loops=1)
         Sort Key: (count(*)) DESC, t.id
         Sort Method: top-N heapsort  Memory: 41kB
         ->  GroupAggregate  (cost=135899.15..1172202.85 rows=21105 width=74) (actual time=4998.015..20091.382 rows=6165 loops=1)
               Group Key: t.id, (array_agg(g.name)), te.season_number
               ->  Nested Loop  (cost=135899.15..1171780.75 rows=21105 width=66) (actual time=4997.577..20086.533 rows=7666 loops=1)
                     ->  Gather Merge  (cost=135898.85..1160905.72 rows=21266 width=70) (actual time=4996.929..19959.737 rows=7736 loops=1)
                           Workers Planned: 2
                           Workers Launched: 2
                           ->  Incremental Sort  (cost=134898.82..1157451.07 rows=8861 width=70) (actual time=4975.147..19419.904 rows=2579 loops=3)
                                 Sort Key: t.id, (array_agg(g.name)), te.season_number
                                 Presorted Key: t.id
                                 Full-sort Groups: 82  Sort Method: quicksort  Average Memory: 29kB  Peak Memory: 29kB
                                 Worker 0:  Full-sort Groups: 80  Sort Method: quicksort  Average Memory: 29kB  Peak Memory: 29kB
                                 Worker 1:  Full-sort Groups: 80  Sort Method: quicksort  Average Memory: 29kB  Peak Memory: 29kB
                                 ->  Merge Join  (cost=134783.45..1157052.33 rows=8861 width=70) (actual time=4950.636..19415.894 rows=2579 loops=3)
                                       Merge Cond: ((te.parent_title_id)::text = (tg.title_id)::text)
                                       ->  Sort  (cost=134782.74..134782.88 rows=55 width=48) (actual time=4884.299..4886.175 rows=2670 loops=3)
                                             Sort Key: t.id
                                             Sort Method: quicksort  Memory: 370kB
                                             Worker 0:  Sort Method: quicksort  Memory: 362kB
                                             Worker 1:  Sort Method: quicksort  Memory: 365kB
                                             ->  Nested Loop  (cost=0.87..134781.15 rows=55 width=48) (actual time=232.074..4878.448 rows=2670 loops=3)
                                                   ->  Nested Loop  (cost=0.43..133517.46 rows=2252 width=18) (actual time=230.968..3586.709 rows=2787 loops=3)
                                                         ->  Parallel Seq Scan on userhistory uh  (cost=0.00..111331.90 rows=2850 width=14) (actual time=229.869..1862.108 rows=3882 loops=3)
                                                               Filter: ((last_seen <= now()) AND (last_seen >= (now() - '30 days'::interval)))
                                                               Rows Removed by Filter: 1996749
                                                         ->  Index Scan using titleepisode_pkey on titleepisode te  (cost=0.43..7.78 rows=1 width=24) (actual time=0.442..0.442 rows=1 loops=11646)
                                                               Index Cond: ((title_id)::text = (uh.title_id)::text)
                                                               Filter: (season_number IS NOT NULL)
                                                               Rows Removed by Filter: 0
                                                   ->  Index Scan using title_pkey on title t  (cost=0.43..0.56 rows=1 width=30) (actual time=0.461..0.461 rows=1 loops=8361)
                                                         Index Cond: ((id)::text = (te.parent_title_id)::text)
                                                         Filter: ((title_type)::text = 'tvSeries'::text)
                                                         Rows Removed by Filter: 0
                                       ->  GroupAggregate  (cost=0.71..966324.87 rows=4468467 width=42) (actual time=0.895..13562.678 rows=9377195 loops=3)
                                             Group Key: tg.title_id
                                             ->  Nested Loop  (cost=0.71..834474.73 rows=15198860 width=17) (actual time=0.867..7245.132 rows=15197233 loops=3)
                                                   ->  Index Only Scan using titlegenre_pkey on titlegenre tg  (cost=0.56..462079.46 rows=15198860 width=14) (actual time=0.779..2502.353 rows=15197233 loops=3)
                                                         Heap Fetches: 0
                                                   ->  Memoize  (cost=0.15..0.17 rows=1 width=11) (actual time=0.000..0.000 rows=1 loops=45591700)
                                                         Cache Key: tg.genre_id
                                                         Cache Mode: logical
                                                         Hits: 15196504  Misses: 28  Evictions: 0  Overflows: 0  Memory Usage: 4kB
                                                         Worker 0:  Hits: 15197335  Misses: 28  Evictions: 0  Overflows: 0  Memory Usage: 4kB
                                                         Worker 1:  Hits: 15197777  Misses: 28  Evictions: 0  Overflows: 0  Memory Usage: 4kB
                                                         ->  Index Scan using genre_pkey on genre g  (cost=0.14..0.16 rows=1 width=11) (actual time=0.004..0.004 rows=1 loops=84)
                                                               Index Cond: (id = tg.genre_id)
                     ->  Memoize  (cost=0.30..1.61 rows=1 width=4) (actual time=0.016..0.016 rows=1 loops=7736)
                           Cache Key: uh.user_id
                           Cache Mode: logical
                           Hits: 276  Misses: 7460  Evictions: 0  Overflows: 0  Memory Usage: 756kB
                           ->  Index Scan using users_pkey on users u  (cost=0.29..1.60 rows=1 width=4) (actual time=0.015..0.015 rows=1 loops=7460)
                                 Index Cond: (id = uh.user_id)
                                 Filter: ((country_code)::text <> ALL ('{US,GB}'::text[]))
                                 Rows Removed by Filter: 0
 Planning Time: 12.512 ms
 JIT:
   Functions: 120
   Options: Inlining true, Optimization true, Expressions true, Deforming true
   Timing: Generation 6.779 ms, Inlining 269.094 ms, Optimization 531.028 ms, Emission 392.459 ms, Total 1199.359 ms
 Execution Time: 20931.520 ms
(63 rows)

