explain analyze SELECT t.id, t.primary_title, tg.genres, te.season_number, count(*) AS views
FROM title t
JOIN titleEpisode te ON te.parent_title_id = t.id
JOIN userHistory uh ON uh.title_id = te.title_id
JOIN users u ON u.id = uh.user_id
JOIN (
    SELECT tg.title_id, array_agg(g.name) AS genres
    FROM titleGenre tg
    JOIN genre g ON g.id = tg.genre_id
    GROUP BY tg.title_id
) tg ON tg.title_id = t.id
WHERE t.title_type = 'tvSeries'
    AND uh.last_seen BETWEEN NOW() - INTERVAL '30 days' AND NOW()
    AND te.season_number IS NOT NULL
    AND u.country_code NOT IN ('US', 'GB')
GROUP BY t.id, t.primary_title, tg.genres, te.season_number
ORDER BY count(*) DESC, t.id
LIMIT 100;
                                                                                                   QUERY PLAN                                                                                                    
-----------------------------------------------------------------------------------------------------------------------------------------------------------------------------------------------------------------
 Limit  (cost=1158110.76..1158111.01 rows=100 width=74) (actual time=20847.842..20847.981 rows=100 loops=1)
   ->  Sort  (cost=1158110.76..1158158.34 rows=19033 width=74) (actual time=20339.251..20339.383 rows=100 loops=1)
         Sort Key: (count(*)) DESC, t.id
         Sort Method: top-N heapsort  Memory: 41kB
         ->  GroupAggregate  (cost=135994.68..1157383.33 rows=19033 width=74) (actual time=5311.347..20336.683 rows=6178 loops=1)
               Group Key: t.id, (array_agg(g.name)), te.season_number
               ->  Nested Loop  (cost=135994.68..1157002.67 rows=19033 width=66) (actual time=5310.674..20331.519 rows=7679 loops=1)
                     ->  Gather Merge  (cost=135994.38..1146164.93 rows=19173 width=70) (actual time=5309.844..20192.096 rows=7749 loops=1)
                           Workers Planned: 2
                           Workers Launched: 2
                           ->  Incremental Sort  (cost=134994.36..1142951.86 rows=7989 width=70) (actual time=5284.719..19690.157 rows=2583 loops=3)
                                 Sort Key: t.id, (array_agg(g.name)), te.season_number
                                 Presorted Key: t.id
                                 Full-sort Groups: 82  Sort Method: quicksort  Average Memory: 29kB  Peak Memory: 29kB
                                 Worker 0:  Full-sort Groups: 79  Sort Method: quicksort  Average Memory: 29kB  Peak Memory: 29kB
                                 Worker 1:  Full-sort Groups: 81  Sort Method: quicksort  Average Memory: 29kB  Peak Memory: 29kB
                                 ->  Merge Join  (cost=134868.21..1142592.36 rows=7989 width=70) (actual time=5264.853..19685.857 rows=2583 loops=3)
                                       Merge Cond: ((te.parent_title_id)::text = (tg.title_id)::text)
                                       ->  Sort  (cost=134867.50..134867.64 rows=57 width=48) (actual time=5188.713..5190.627 rows=2675 loops=3)
                                             Sort Key: t.id
                                             Sort Method: quicksort  Memory: 373kB
                                             Worker 0:  Sort Method: quicksort  Memory: 360kB
                                             Worker 1:  Sort Method: quicksort  Memory: 365kB
                                             ->  Nested Loop  (cost=0.87..134865.84 rows=57 width=48) (actual time=234.548..5181.880 rows=2675 loops=3)
                                                   ->  Nested Loop  (cost=0.43..133594.68 rows=2266 width=18) (actual time=233.037..3771.049 rows=2791 loops=3)
                                                         ->  Parallel Seq Scan on userhistory uh  (cost=0.00..111331.01 rows=2861 width=14) (actual time=231.885..1889.458 rows=3889 loops=3)
                                                               Filter: ((last_seen <= now()) AND (last_seen >= (now() - '30 days'::interval)))
                                                               Rows Removed by Filter: 1996742
                                                         ->  Index Scan using titleepisode_pkey on titleepisode te  (cost=0.43..7.78 rows=1 width=24) (actual time=0.481..0.481 rows=1 loops=11666)
                                                               Index Cond: ((title_id)::text = (uh.title_id)::text)
                                                               Filter: (season_number IS NOT NULL)
                                                               Rows Removed by Filter: 0
                                                   ->  Index Scan using title_pkey on title t  (cost=0.43..0.56 rows=1 width=30) (actual time=0.503..0.503 rows=1 loops=8374)
                                                         Index Cond: ((id)::text = (te.parent_title_id)::text)
                                                         Filter: ((title_type)::text = 'tvSeries'::text)
                                                         Rows Removed by Filter: 0
                                       ->  GroupAggregate  (cost=0.71..959056.92 rows=3887031 width=42) (actual time=1.371..13544.301 rows=9377470 loops=3)
                                             Group Key: tg.title_id
                                             ->  Nested Loop  (cost=0.71..834474.73 rows=15198860 width=17) (actual time=1.337..7283.562 rows=15197632 loops=3)
                                                   ->  Index Only Scan using titlegenre_pkey on titlegenre tg  (cost=0.56..462079.46 rows=15198860 width=14) (actual time=1.237..2483.890 rows=15197632 loops=3)
                                                         Heap Fetches: 0
                                                   ->  Memoize  (cost=0.15..0.17 rows=1 width=11) (actual time=0.000..0.000 rows=1 loops=45592895)
                                                         Cache Key: tg.genre_id
                                                         Cache Mode: logical
                                                         Hits: 15197335  Misses: 28  Evictions: 0  Overflows: 0  Memory Usage: 4kB
                                                         Worker 0:  Hits: 15197777  Misses: 28  Evictions: 0  Overflows: 0  Memory Usage: 4kB
                                                         Worker 1:  Hits: 15197699  Misses: 28  Evictions: 0  Overflows: 0  Memory Usage: 4kB
                                                         ->  Index Scan using genre_pkey on genre g  (cost=0.14..0.16 rows=1 width=11) (actual time=0.005..0.005 rows=1 loops=84)
                                                               Index Cond: (id = tg.genre_id)
                     ->  Memoize  (cost=0.30..1.60 rows=1 width=4) (actual time=0.018..0.018 rows=1 loops=7749)
                           Cache Key: uh.user_id
                           Cache Mode: logical
                           Hits: 276  Misses: 7473  Evictions: 0  Overflows: 0  Memory Usage: 757kB
                           ->  Index Scan using users_pkey on users u  (cost=0.29..1.59 rows=1 width=4) (actual time=0.017..0.017 rows=1 loops=7473)
                                 Index Cond: (id = uh.user_id)
                                 Filter: ((country_code)::text <> ALL ('{US,GB}'::text[]))
                                 Rows Removed by Filter: 0
 Planning Time: 13.056 ms
 JIT:
   Functions: 120
   Options: Inlining true, Optimization true, Expressions true, Deforming true
   Timing: Generation 7.442 ms, Inlining 275.959 ms, Optimization 535.258 ms, Emission 391.881 ms, Total 1210.539 ms
 Execution Time: 21205.872 ms
(63 rows)

