explain analyze SELECT n.id,
    n.primary_name,
    date_part('year', NOW())::int - n.birth_year AS age,
    count(*) AS roles
FROM name n
JOIN titlePrincipals tp ON tp.name_id = n.id
JOIN titlePrincipalsCharacters tpc ON tpc.title_id = tp.title_id
    AND tpc.name_id = tp.name_id
JOIN category c ON c.id = tp.category_id
JOIN title t ON t.id = tp.title_id
WHERE t.start_year >= date_part('year', NOW())::int - 10
    AND c.name = 'actress'
    AND n.death_year IS NULL
    AND t.title_type IN (
        'movie', 'tvSeries', 'tvMiniSeries', 'tvMovie'
    )
GROUP BY n.id
ORDER BY roles DESC
LIMIT 100;
                                                                                                       QUERY PLAN                                                                                                        
-------------------------------------------------------------------------------------------------------------------------------------------------------------------------------------------------------------------------
 Limit  (cost=1268111.56..1268111.59 rows=13 width=36) (actual time=41148.809..41231.574 rows=100 loops=1)
   ->  Sort  (cost=1268111.56..1268111.59 rows=13 width=36) (actual time=40641.471..40724.229 rows=100 loops=1)
         Sort Key: (count(*)) DESC
         Sort Method: top-N heapsort  Memory: 38kB
         ->  Finalize GroupAggregate  (cost=1268109.77..1268111.32 rows=13 width=36) (actual time=40369.477..40684.618 rows=183837 loops=1)
               Group Key: n.id
               ->  Gather Merge  (cost=1268109.77..1268111.01 rows=10 width=36) (actual time=40369.454..40589.547 rows=250679 loops=1)
                     Workers Planned: 2
                     Workers Launched: 2
                     ->  Partial GroupAggregate  (cost=1267109.74..1267109.83 rows=5 width=36) (actual time=40346.619..40418.280 rows=83560 loops=3)
                           Group Key: n.id
                           ->  Sort  (cost=1267109.74..1267109.76 rows=5 width=28) (actual time=40346.573..40379.676 rows=132116 loops=3)
                                 Sort Key: n.id
                                 Sort Method: external merge  Disk: 4944kB
                                 Worker 0:  Sort Method: external merge  Disk: 4608kB
                                 Worker 1:  Sort Method: external merge  Disk: 4768kB
                                 ->  Nested Loop  (cost=218323.63..1267109.68 rows=5 width=28) (actual time=18314.602..40143.643 rows=132116 loops=3)
                                       ->  Nested Loop  (cost=218323.07..1267089.00 rows=5 width=20) (actual time=18313.084..29224.615 rows=132656 loops=3)
                                             ->  Parallel Hash Join  (cost=218322.50..1028857.92 rows=89438 width=30) (actual time=18311.164..18923.933 rows=149480 loops=3)
                                                   Hash Cond: ((tp.title_id)::text = (t.id)::text)
                                                   ->  Hash Join  (cost=1.16..781764.71 rows=1941667 width=20) (actual time=0.694..6901.691 rows=3185892 loops=3)
                                                         Hash Cond: (tp.category_id = c.id)
                                                         ->  Parallel Seq Scan on titleprincipals tp  (cost=0.00..699000.00 rows=23300000 width=24) (actual time=0.498..4918.029 rows=18639969 loops=3)
                                                         ->  Hash  (cost=1.15..1.15 rows=1 width=4) (actual time=0.052..0.053 rows=1 loops=3)
                                                               Buckets: 1024  Batches: 1  Memory Usage: 9kB
                                                               ->  Seq Scan on category c  (cost=0.00..1.15 rows=1 width=4) (actual time=0.045..0.046 rows=1 loops=3)
                                                                     Filter: ((name)::text = 'actress'::text)
                                                                     Rows Removed by Filter: 11
                                                   ->  Parallel Hash  (cost=215043.93..215043.93 rows=188513 width=10) (actual time=10533.768..10533.769 rows=117416 loops=3)
                                                         Buckets: 131072  Batches: 8  Memory Usage: 3136kB
                                                         ->  Parallel Bitmap Heap Scan on title t  (cost=11621.71..215043.93 rows=188513 width=10) (actual time=340.254..10466.666 rows=117416 loops=3)
                                                               Recheck Cond: ((title_type)::text = ANY ('{movie,tvSeries,tvMiniSeries,tvMovie}'::text[]))
                                                               Rows Removed by Index Recheck: 1574173
                                                               Filter: (start_year >= ((date_part('year'::text, now()))::integer - 10))
                                                               Rows Removed by Filter: 241368
                                                               Heap Blocks: exact=14402 lossy=22595
                                                               ->  Bitmap Index Scan on title_type_idx  (cost=0.00..11508.60 rows=1068649 width=0) (actual time=75.651..75.651 rows=1076354 loops=1)
                                                                     Index Cond: ((title_type)::text = ANY ('{movie,tvSeries,tvMiniSeries,tvMovie}'::text[]))
                                             ->  Index Only Scan using titleprincipalscharacters_pkey on titleprincipalscharacters tpc  (cost=0.56..2.65 rows=1 width=20) (actual time=0.068..0.068 rows=1 loops=448441)
                                                   Index Cond: ((title_id = (tp.title_id)::text) AND (name_id = (tp.name_id)::text))
                                                   Heap Fetches: 0
                                       ->  Index Scan using name_pkey on name n  (cost=0.56..4.14 rows=1 width=28) (actual time=0.082..0.082 rows=1 loops=397968)
                                             Index Cond: ((id)::text = (tp.name_id)::text)
                                             Filter: (death_year IS NULL)
                                             Rows Removed by Filter: 0
 Planning Time: 19.376 ms
 JIT:
   Functions: 121
   Options: Inlining true, Optimization true, Expressions true, Deforming true
   Timing: Generation 6.997 ms, Inlining 267.537 ms, Optimization 569.449 ms, Emission 425.508 ms, Total 1269.492 ms
 Execution Time: 41575.451 ms
(51 rows)

