explain analyze SELECT t.id, t.primary_title, tg.genres, te.season_number, count(*) AS views
FROM title t
JOIN titleEpisode te ON te.parent_title_id = t.id
JOIN title t2 ON t2.id = te.title_id
JOIN userHistory uh ON uh.title_id = t2.id
JOIN users u ON u.id = uh.user_id
JOIN (
    SELECT tg.title_id, array_agg(g.name) AS genres
    FROM titleGenre tg
    JOIN genre g ON g.id = tg.genre_id
    GROUP BY tg.title_id
) tg ON tg.title_id = t.id
WHERE t.title_type = 'tvSeries'
    AND uh.last_seen BETWEEN NOW() - INTERVAL '30 days' AND NOW()
    AND te.season_number IS NOT NULL
    AND u.country_code NOT IN ('US', 'GB')
GROUP BY t.id, t.primary_title, tg.genres, te.season_number
ORDER BY count(*) DESC, t.id
LIMIT 100;
                                                                                                   QUERY PLAN                                                                                                    
-----------------------------------------------------------------------------------------------------------------------------------------------------------------------------------------------------------------
 Limit  (cost=1149261.98..1149262.23 rows=100 width=74) (actual time=21766.669..21766.821 rows=100 loops=1)
   ->  Sort  (cost=1149261.98..1149298.12 rows=14458 width=74) (actual time=21231.397..21231.541 rows=100 loops=1)
         Sort Key: (count(*)) DESC, t.id
         Sort Method: top-N heapsort  Memory: 41kB
         ->  GroupAggregate  (cost=126514.87..1148709.40 rows=14458 width=74) (actual time=6443.115..21228.863 rows=6178 loops=1)
               Group Key: t.id, (array_agg(g.name)), te.season_number
               ->  Nested Loop  (cost=126514.87..1148420.24 rows=14458 width=66) (actual time=6442.581..21223.774 rows=7679 loops=1)
                     ->  Gather Merge  (cost=126514.57..1137709.40 rows=14601 width=70) (actual time=6441.918..21091.988 rows=7749 loops=1)
                           Workers Planned: 2
                           Workers Launched: 2
                           ->  Incremental Sort  (cost=125514.55..1135024.06 rows=6084 width=70) (actual time=6416.581..20506.865 rows=2583 loops=3)
                                 Sort Key: t.id, (array_agg(g.name)), te.season_number
                                 Presorted Key: t.id
                                 Full-sort Groups: 84  Sort Method: quicksort  Average Memory: 29kB  Peak Memory: 29kB
                                 Worker 0:  Full-sort Groups: 77  Sort Method: quicksort  Average Memory: 29kB  Peak Memory: 29kB
                                 Worker 1:  Full-sort Groups: 81  Sort Method: quicksort  Average Memory: 29kB  Peak Memory: 29kB
                                 ->  Merge Join  (cost=125348.63..1134750.28 rows=6084 width=70) (actual time=6394.870..20502.777 rows=2583 loops=3)
                                       Merge Cond: ((te.parent_title_id)::text = (tg.title_id)::text)
                                       ->  Sort  (cost=125347.92..125348.02 rows=42 width=48) (actual time=6329.315..6331.257 rows=2675 loops=3)
                                             Sort Key: t.id
                                             Sort Method: quicksort  Memory: 377kB
                                             Worker 0:  Sort Method: quicksort  Memory: 357kB
                                             Worker 1:  Sort Method: quicksort  Memory: 365kB
                                             ->  Nested Loop  (cost=1.30..125346.79 rows=42 width=48) (actual time=256.514..6322.599 rows=2675 loops=3)
                                                   ->  Nested Loop  (cost=0.87..124386.78 rows=1713 width=18) (actual time=255.600..5064.536 rows=2791 loops=3)
                                                         ->  Nested Loop  (cost=0.43..123016.16 rows=2835 width=24) (actual time=254.104..3219.547 rows=3889 loops=3)
                                                               ->  Parallel Seq Scan on userhistory uh  (cost=0.00..111328.32 rows=2835 width=14) (actual time=251.775..1954.521 rows=3889 loops=3)
                                                                     Filter: ((last_seen <= now()) AND (last_seen >= (now() - '30 days'::interval)))
                                                                     Rows Removed by Filter: 1996741
                                                               ->  Index Only Scan using title_pkey on title t2  (cost=0.43..4.12 rows=1 width=10) (actual time=0.323..0.323 rows=1 loops=11668)
                                                                     Index Cond: (id = (uh.title_id)::text)
                                                                     Heap Fetches: 0
                                                         ->  Index Scan using titleepisode_pkey on titleepisode te  (cost=0.43..0.48 rows=1 width=24) (actual time=0.472..0.472 rows=1 loops=11668)
                                                               Index Cond: ((title_id)::text = (t2.id)::text)
                                                               Filter: (season_number IS NOT NULL)
                                                               Rows Removed by Filter: 0
                                                   ->  Index Scan using title_pkey on title t  (cost=0.43..0.56 rows=1 width=30) (actual time=0.448..0.448 rows=1 loops=8374)
                                                         Index Cond: ((id)::text = (te.parent_title_id)::text)
                                                         Filter: ((title_type)::text = 'tvSeries'::text)
                                                         Rows Removed by Filter: 0
                                       ->  GroupAggregate  (cost=0.71..959896.27 rows=3955661 width=42) (actual time=1.662..13222.785 rows=9375093 loops=3)
                                             Group Key: tg.title_id
                                             ->  Nested Loop  (cost=0.71..834458.28 rows=15198444 width=17) (actual time=1.631..7037.340 rows=15193863 loops=3)
                                                   ->  Index Only Scan using titlegenre_pkey on titlegenre tg  (cost=0.56..462073.22 rows=15198444 width=14) (actual time=1.530..2412.967 rows=15193863 loops=3)
                                                         Heap Fetches: 0
                                                   ->  Memoize  (cost=0.15..0.17 rows=1 width=11) (actual time=0.000..0.000 rows=1 loops=45581588)
                                                         Cache Key: tg.genre_id
                                                         Cache Mode: logical
                                                         Hits: 15186028  Misses: 28  Evictions: 0  Overflows: 0  Memory Usage: 4kB
                                                         Worker 0:  Hits: 15197777  Misses: 28  Evictions: 0  Overflows: 0  Memory Usage: 4kB
                                                         Worker 1:  Hits: 15197699  Misses: 28  Evictions: 0  Overflows: 0  Memory Usage: 4kB
                                                         ->  Index Scan using genre_pkey on genre g  (cost=0.14..0.16 rows=1 width=11) (actual time=0.004..0.004 rows=1 loops=84)
                                                               Index Cond: (id = tg.genre_id)
                     ->  Memoize  (cost=0.30..1.62 rows=1 width=4) (actual time=0.017..0.017 rows=1 loops=7749)
                           Cache Key: uh.user_id
                           Cache Mode: logical
                           Hits: 276  Misses: 7473  Evictions: 0  Overflows: 0  Memory Usage: 757kB
                           ->  Index Scan using users_pkey on users u  (cost=0.29..1.61 rows=1 width=4) (actual time=0.016..0.016 rows=1 loops=7473)
                                 Index Cond: (id = uh.user_id)
                                 Filter: ((country_code)::text <> ALL ('{US,GB}'::text[]))
                                 Rows Removed by Filter: 0
 Planning Time: 16.787 ms
 JIT:
   Functions: 129
   Options: Inlining true, Optimization true, Expressions true, Deforming true
   Timing: Generation 7.317 ms, Inlining 278.032 ms, Optimization 578.457 ms, Emission 434.368 ms, Total 1298.174 ms
 Execution Time: 22131.729 ms
(67 rows)

