explain analyze SELECT t.id, t.primary_title, tg.genres, te.season_number, count(*) AS views
FROM title t
JOIN titleEpisode te ON te.parent_title_id = t.id
JOIN title t2 ON t2.id = te.title_id
JOIN userHistory uh ON uh.title_id = t2.id
JOIN users u ON u.id = uh.user_id
JOIN (
    SELECT tg.title_id, array_agg(g.name) AS genres
    FROM titleGenre tg
    JOIN genre g ON g.id = tg.genre_id
    GROUP BY tg.title_id
) tg ON tg.title_id = t.id
WHERE t.title_type = 'tvSeries'
    AND uh.last_seen BETWEEN NOW() - INTERVAL '30 days' AND NOW()
    AND te.season_number IS NOT NULL
    AND u.country_code NOT IN ('US', 'GB')
GROUP BY t.id, t.primary_title, tg.genres, te.season_number
ORDER BY count(*) DESC, t.id
LIMIT 100;
                                                                                                   QUERY PLAN                                                                                                    
-----------------------------------------------------------------------------------------------------------------------------------------------------------------------------------------------------------------
 Limit  (cost=1154135.49..1154135.74 rows=100 width=74) (actual time=21667.546..21667.695 rows=100 loops=1)
   ->  Sort  (cost=1154135.49..1154173.00 rows=15003 width=74) (actual time=21145.126..21145.267 rows=100 loops=1)
         Sort Key: (count(*)) DESC, t.id
         Sort Method: top-N heapsort  Memory: 41kB
         ->  GroupAggregate  (cost=126678.87..1153562.09 rows=15003 width=74) (actual time=6081.474..21142.748 rows=6171 loops=1)
               Group Key: t.id, (array_agg(g.name)), te.season_number
               ->  Nested Loop  (cost=126678.87..1153262.03 rows=15003 width=66) (actual time=6080.666..21137.808 rows=7672 loops=1)
                     ->  Gather Merge  (cost=126678.57..1142522.25 rows=15151 width=70) (actual time=6079.995..21005.437 rows=7742 loops=1)
                           Workers Planned: 2
                           Workers Launched: 2
                           ->  Incremental Sort  (cost=125678.55..1139773.43 rows=6313 width=70) (actual time=6056.207..20554.911 rows=2581 loops=3)
                                 Sort Key: t.id, (array_agg(g.name)), te.season_number
                                 Presorted Key: t.id
                                 Full-sort Groups: 83  Sort Method: quicksort  Average Memory: 29kB  Peak Memory: 29kB
                                 Worker 0:  Full-sort Groups: 79  Sort Method: quicksort  Average Memory: 29kB  Peak Memory: 29kB
                                 Worker 1:  Full-sort Groups: 79  Sort Method: quicksort  Average Memory: 29kB  Peak Memory: 29kB
                                 ->  Merge Join  (cost=125517.92..1139489.34 rows=6313 width=70) (actual time=6034.048..20550.892 rows=2581 loops=3)
                                       Merge Cond: ((te.parent_title_id)::text = (tg.title_id)::text)
                                       ->  Sort  (cost=125517.21..125517.32 rows=42 width=48) (actual time=5963.671..5965.511 rows=2672 loops=3)
                                             Sort Key: t.id
                                             Sort Method: quicksort  Memory: 376kB
                                             Worker 0:  Sort Method: quicksort  Memory: 361kB
                                             Worker 1:  Sort Method: quicksort  Memory: 360kB
                                             ->  Nested Loop  (cost=1.30..125516.08 rows=42 width=48) (actual time=246.942..5956.883 rows=2672 loops=3)
                                                   ->  Nested Loop  (cost=0.87..124546.87 rows=1728 width=18) (actual time=245.995..4777.021 rows=2789 loops=3)
                                                         ->  Nested Loop  (cost=0.43..123158.36 rows=2872 width=24) (actual time=244.483..3050.899 rows=3885 loops=3)
                                                               ->  Parallel Seq Scan on userhistory uh  (cost=0.00..111328.95 rows=2872 width=14) (actual time=243.662..1860.746 rows=3885 loops=3)
                                                                     Filter: ((last_seen <= now()) AND (last_seen >= (now() - '30 days'::interval)))
                                                                     Rows Removed by Filter: 1996745
                                                               ->  Index Only Scan using title_pkey on title t2  (cost=0.43..4.12 rows=1 width=10) (actual time=0.304..0.304 rows=1 loops=11656)
                                                                     Index Cond: (id = (uh.title_id)::text)
                                                                     Heap Fetches: 0
                                                         ->  Index Scan using titleepisode_pkey on titleepisode te  (cost=0.43..0.48 rows=1 width=24) (actual time=0.442..0.442 rows=1 loops=11656)
                                                               Index Cond: ((title_id)::text = (t2.id)::text)
                                                               Filter: (season_number IS NOT NULL)
                                                               Rows Removed by Filter: 0
                                                   ->  Index Scan using title_pkey on title t  (cost=0.43..0.56 rows=1 width=30) (actual time=0.421..0.421 rows=1 loops=8367)
                                                         Index Cond: ((id)::text = (te.parent_title_id)::text)
                                                         Filter: ((title_type)::text = 'tvSeries'::text)
                                                         Rows Removed by Filter: 0
                                       ->  GroupAggregate  (cost=0.71..962180.02 rows=4138361 width=42) (actual time=1.709..13510.740 rows=9377470 loops=3)
                                             Group Key: tg.title_id
                                             ->  Nested Loop  (cost=0.71..834458.28 rows=15198444 width=17) (actual time=1.675..7213.093 rows=15197632 loops=3)
                                                   ->  Index Only Scan using titlegenre_pkey on titlegenre tg  (cost=0.56..462073.22 rows=15198444 width=14) (actual time=1.600..2488.333 rows=15197632 loops=3)
                                                         Heap Fetches: 0
                                                   ->  Memoize  (cost=0.15..0.17 rows=1 width=11) (actual time=0.000..0.000 rows=1 loops=45592895)
                                                         Cache Key: tg.genre_id
                                                         Cache Mode: logical
                                                         Hits: 15197335  Misses: 28  Evictions: 0  Overflows: 0  Memory Usage: 4kB
                                                         Worker 0:  Hits: 15197777  Misses: 28  Evictions: 0  Overflows: 0  Memory Usage: 4kB
                                                         Worker 1:  Hits: 15197699  Misses: 28  Evictions: 0  Overflows: 0  Memory Usage: 4kB
                                                         ->  Index Scan using genre_pkey on genre g  (cost=0.14..0.16 rows=1 width=11) (actual time=0.004..0.004 rows=1 loops=84)
                                                               Index Cond: (id = tg.genre_id)
                     ->  Memoize  (cost=0.30..1.60 rows=1 width=4) (actual time=0.017..0.017 rows=1 loops=7742)
                           Cache Key: uh.user_id
                           Cache Mode: logical
                           Hits: 276  Misses: 7466  Evictions: 0  Overflows: 0  Memory Usage: 756kB
                           ->  Index Scan using users_pkey on users u  (cost=0.29..1.59 rows=1 width=4) (actual time=0.016..0.016 rows=1 loops=7466)
                                 Index Cond: (id = uh.user_id)
                                 Filter: ((country_code)::text <> ALL ('{US,GB}'::text[]))
                                 Rows Removed by Filter: 0
 Planning Time: 14.686 ms
 JIT:
   Functions: 129
   Options: Inlining true, Optimization true, Expressions true, Deforming true
   Timing: Generation 7.300 ms, Inlining 275.780 ms, Optimization 564.471 ms, Emission 412.870 ms, Total 1260.421 ms
 Execution Time: 22011.053 ms
(67 rows)

