explain analyze SELECT n.id,
    n.primary_name,
    date_part('year', NOW())::int - n.birth_year AS age,
    count(*) AS roles
FROM name n
JOIN titlePrincipals tp ON tp.name_id = n.id
JOIN titlePrincipalsCharacters tpc ON tpc.title_id = tp.title_id
    AND tpc.name_id = tp.name_id
JOIN category c ON c.id = tp.category_id
JOIN title t ON t.id = tp.title_id
LEFT JOIN titleEpisode te ON te.title_id = tp.title_id
WHERE t.start_year >= date_part('year', NOW())::int - 10
    AND c.name = 'actress'
    AND n.death_year IS NULL
    AND t.title_type IN (
        'movie', 'tvSeries', 'tvMiniSeries', 'tvMovie'
    )
    AND te.title_id IS NULL
GROUP BY n.id
ORDER BY roles DESC
LIMIT 100;
                                                                                               QUERY PLAN                                                                                               
--------------------------------------------------------------------------------------------------------------------------------------------------------------------------------------------------------
 Limit  (cost=971356.39..971356.39 rows=1 width=36) (actual time=161814.704..161950.533 rows=100 loops=1)
   ->  Sort  (cost=971356.39..971356.39 rows=1 width=36) (actual time=161340.451..161476.272 rows=100 loops=1)
         Sort Key: (count(*)) DESC
         Sort Method: top-N heapsort  Memory: 38kB
         ->  GroupAggregate  (cost=971356.35..971356.38 rows=1 width=36) (actual time=161047.293..161437.468 rows=183837 loops=1)
               Group Key: n.id
               ->  Sort  (cost=971356.35..971356.35 rows=1 width=28) (actual time=161047.237..161317.114 rows=396348 loops=1)
                     Sort Key: n.id
                     Sort Method: external merge  Disk: 14328kB
                     ->  Nested Loop  (cost=139522.48..971356.34 rows=1 width=28) (actual time=11921.153..160602.817 rows=396348 loops=1)
                           ->  Nested Loop  (cost=139521.92..971353.58 rows=1 width=58) (actual time=11920.046..118120.853 rows=446348 loops=1)
                                 ->  Nested Loop  (cost=139521.48..971349.36 rows=1 width=48) (actual time=10167.696..72485.520 rows=2342630 loops=1)
                                       ->  Gather  (cost=139520.92..971344.98 rows=1 width=20) (actual time=10158.027..10789.529 rows=2627555 loops=1)
                                             Workers Planned: 2
                                             Workers Launched: 2
                                             ->  Parallel Hash Anti Join  (cost=138520.92..970344.88 rows=1 width=20) (actual time=10147.317..11163.137 rows=875852 loops=3)
                                                   Hash Cond: ((tp.title_id)::text = (te.title_id)::text)
                                                   ->  Hash Join  (cost=1.16..781764.71 rows=1941667 width=20) (actual time=0.734..7134.072 rows=3185892 loops=3)
                                                         Hash Cond: (tp.category_id = c.id)
                                                         ->  Parallel Seq Scan on titleprincipals tp  (cost=0.00..699000.00 rows=23300000 width=24) (actual time=0.597..5121.283 rows=18639969 loops=3)
                                                         ->  Hash  (cost=1.15..1.15 rows=1 width=4) (actual time=0.057..0.059 rows=1 loops=3)
                                                               Buckets: 1024  Batches: 1  Memory Usage: 9kB
                                                               ->  Seq Scan on category c  (cost=0.00..1.15 rows=1 width=4) (actual time=0.051..0.052 rows=1 loops=3)
                                                                     Filter: ((name)::text = 'actress'::text)
                                                                     Rows Removed by Filter: 11
                                                   ->  Parallel Hash  (cost=84511.67..84511.67 rows=3106967 width=10) (actual time=1976.957..1976.958 rows=2485475 loops=3)
                                                         Buckets: 131072  Batches: 128  Memory Usage: 3808kB
                                                         ->  Parallel Seq Scan on titleepisode te  (cost=0.00..84511.67 rows=3106967 width=10) (actual time=129.863..1365.660 rows=2485475 loops=3)
                                       ->  Index Scan using name_pkey on name n  (cost=0.56..4.37 rows=1 width=28) (actual time=0.023..0.023 rows=1 loops=2627555)
                                             Index Cond: ((id)::text = (tp.name_id)::text)
                                             Filter: (death_year IS NULL)
                                             Rows Removed by Filter: 0
                                 ->  Index Scan using title_pkey on title t  (cost=0.43..4.22 rows=1 width=10) (actual time=0.019..0.019 rows=0 loops=2342630)
                                       Index Cond: ((id)::text = (tp.title_id)::text)
                                       Filter: (((title_type)::text = ANY ('{movie,tvSeries,tvMiniSeries,tvMovie}'::text[])) AND (start_year >= ((date_part('year'::text, now()))::integer - 10)))
                                       Rows Removed by Filter: 1
                           ->  Index Only Scan using titleprincipalscharacters_pkey on titleprincipalscharacters tpc  (cost=0.56..2.74 rows=1 width=20) (actual time=0.094..0.094 rows=1 loops=446348)
                                 Index Cond: ((title_id = (tp.title_id)::text) AND (name_id = (tp.name_id)::text))
                                 Heap Fetches: 0
 Planning Time: 22.475 ms
 JIT:
   Functions: 80
   Options: Inlining true, Optimization true, Expressions true, Deforming true
   Timing: Generation 4.794 ms, Inlining 249.477 ms, Optimization 350.038 ms, Emission 264.549 ms, Total 868.859 ms
 Execution Time: 162298.295 ms
(45 rows)

