explain analyze SELECT t.id, t.primary_title, tg.genres, te.season_number, count(*) AS views
FROM title t
JOIN titleEpisode te ON te.parent_title_id = t.id
JOIN userHistory uh ON uh.title_id = te.title_id
JOIN users u ON u.id = uh.user_id
JOIN (
    SELECT tg.title_id, array_agg(g.name) AS genres
    FROM titleGenre tg
    JOIN genre g ON g.id = tg.genre_id
    GROUP BY tg.title_id
) tg ON tg.title_id = t.id
WHERE t.title_type = 'tvSeries'
    AND uh.last_seen BETWEEN NOW() - INTERVAL '30 days' AND NOW()
    AND te.season_number IS NOT NULL
    AND u.country_code NOT IN ('US', 'GB')
GROUP BY t.id, t.primary_title, tg.genres, te.season_number
ORDER BY count(*) DESC, t.id
LIMIT 100;
                                                                                                   QUERY PLAN                                                                                                    
-----------------------------------------------------------------------------------------------------------------------------------------------------------------------------------------------------------------
 Limit  (cost=1154051.36..1154051.61 rows=100 width=74) (actual time=21060.810..21060.951 rows=100 loops=1)
   ->  Sort  (cost=1154051.36..1154099.69 rows=19332 width=74) (actual time=20549.905..20550.038 rows=100 loops=1)
         Sort Key: (count(*)) DESC, t.id
         Sort Method: top-N heapsort  Memory: 41kB
         ->  GroupAggregate  (cost=135933.62..1153312.51 rows=19332 width=74) (actual time=5371.224..20547.450 rows=6228 loops=1)
               Group Key: t.id, (array_agg(g.name)), te.season_number
               ->  Nested Loop  (cost=135933.62..1152925.87 rows=19332 width=66) (actual time=5370.800..20542.712 rows=7745 loops=1)
                     ->  Gather Merge  (cost=135933.31..1142105.55 rows=19468 width=70) (actual time=5370.167..20417.766 rows=7815 loops=1)
                           Workers Planned: 2
                           Workers Launched: 2
                           ->  Incremental Sort  (cost=134933.29..1138858.44 rows=8112 width=70) (actual time=5346.872..19784.295 rows=2605 loops=3)
                                 Sort Key: t.id, (array_agg(g.name)), te.season_number
                                 Presorted Key: t.id
                                 Full-sort Groups: 83  Sort Method: quicksort  Average Memory: 29kB  Peak Memory: 29kB
                                 Worker 0:  Full-sort Groups: 81  Sort Method: quicksort  Average Memory: 29kB  Peak Memory: 29kB
                                 Worker 1:  Full-sort Groups: 80  Sort Method: quicksort  Average Memory: 29kB  Peak Memory: 29kB
                                 ->  Merge Join  (cost=134809.55..1138493.40 rows=8112 width=70) (actual time=5325.841..19780.360 rows=2605 loops=3)
                                       Merge Cond: ((te.parent_title_id)::text = (tg.title_id)::text)
                                       ->  Sort  (cost=134808.84..134808.99 rows=60 width=48) (actual time=5254.694..5256.524 rows=2698 loops=3)
                                             Sort Key: t.id
                                             Sort Method: quicksort  Memory: 372kB
                                             Worker 0:  Sort Method: quicksort  Memory: 365kB
                                             Worker 1:  Sort Method: quicksort  Memory: 369kB
                                             ->  Nested Loop  (cost=0.87..134807.07 rows=60 width=48) (actual time=236.783..5248.064 rows=2698 loops=3)
                                                   ->  Nested Loop  (cost=0.43..133536.65 rows=2266 width=18) (actual time=235.673..3794.592 rows=2816 loops=3)
                                                         ->  Parallel Seq Scan on userhistory uh  (cost=0.00..111330.52 rows=2853 width=14) (actual time=234.587..1939.565 rows=3923 loops=3)
                                                               Filter: ((last_seen <= now()) AND (last_seen >= (now() - '30 days'::interval)))
                                                               Rows Removed by Filter: 1996708
                                                         ->  Index Scan using titleepisode_pkey on titleepisode te  (cost=0.43..7.78 rows=1 width=24) (actual time=0.471..0.471 rows=1 loops=11768)
                                                               Index Cond: ((title_id)::text = (uh.title_id)::text)
                                                               Filter: (season_number IS NOT NULL)
                                                               Rows Removed by Filter: 0
                                                   ->  Index Scan using title_pkey on title t  (cost=0.43..0.56 rows=1 width=30) (actual time=0.514..0.514 rows=1 loops=8447)
                                                         Index Cond: ((id)::text = (te.parent_title_id)::text)
                                                         Filter: ((title_type)::text = 'tvSeries'::text)
                                                         Rows Removed by Filter: 0
                                       ->  GroupAggregate  (cost=0.71..957035.80 rows=3725342 width=42) (actual time=1.434..13576.097 rows=9377195 loops=3)
                                             Group Key: tg.title_id
                                             ->  Nested Loop  (cost=0.71..834474.73 rows=15198860 width=17) (actual time=1.399..7267.501 rows=15197233 loops=3)
                                                   ->  Index Only Scan using titlegenre_pkey on titlegenre tg  (cost=0.56..462079.46 rows=15198860 width=14) (actual time=1.317..2288.448 rows=15197233 loops=3)
                                                         Heap Fetches: 0
                                                   ->  Memoize  (cost=0.15..0.17 rows=1 width=11) (actual time=0.000..0.000 rows=1 loops=45591700)
                                                         Cache Key: tg.genre_id
                                                         Cache Mode: logical
                                                         Hits: 15196504  Misses: 28  Evictions: 0  Overflows: 0  Memory Usage: 4kB
                                                         Worker 0:  Hits: 15197335  Misses: 28  Evictions: 0  Overflows: 0  Memory Usage: 4kB
                                                         Worker 1:  Hits: 15197777  Misses: 28  Evictions: 0  Overflows: 0  Memory Usage: 4kB
                                                         ->  Index Scan using genre_pkey on genre g  (cost=0.14..0.16 rows=1 width=11) (actual time=0.004..0.004 rows=1 loops=84)
                                                               Index Cond: (id = tg.genre_id)
                     ->  Memoize  (cost=0.30..1.61 rows=1 width=4) (actual time=0.016..0.016 rows=1 loops=7815)
                           Cache Key: uh.user_id
                           Cache Mode: logical
                           Hits: 277  Misses: 7538  Evictions: 0  Overflows: 0  Memory Usage: 764kB
                           ->  Index Scan using users_pkey on users u  (cost=0.29..1.60 rows=1 width=4) (actual time=0.015..0.015 rows=1 loops=7538)
                                 Index Cond: (id = uh.user_id)
                                 Filter: ((country_code)::text <> ALL ('{US,GB}'::text[]))
                                 Rows Removed by Filter: 0
 Planning Time: 13.615 ms
 JIT:
   Functions: 120
   Options: Inlining true, Optimization true, Expressions true, Deforming true
   Timing: Generation 7.062 ms, Inlining 278.371 ms, Optimization 540.302 ms, Emission 395.429 ms, Total 1221.164 ms
 Execution Time: 21432.964 ms
(63 rows)

