explain analyze SELECT *
FROM (
    SELECT t.id,
        left(t.primary_title, 30),
        ((start_year / 10) * 10)::int AS decade,
        avg(uh.rating) AS rating,
        rank() over (
            PARTITION by ((start_year / 10) * 10) :: int
            ORDER BY avg(uh.rating) DESC, t.id
        ) AS rank
    FROM title t
    JOIN userHistory uh ON uh.title_id = t.id
    JOIN titleGenre TG ON tg.title_id = t.id AND tg.genre_id = 8
    WHERE t.title_type = 'movie'
        AND ((start_year / 10) * 10)::int >= 1980
        AND t.id IN (
            SELECT title_id
            FROM titleAkas
            WHERE region IN (
                'US', 'GB', 'ES', 'DE', 'FR', 'PT'
            )
        )
    GROUP BY t.id
    HAVING count(uh.rating) >= 3
    ORDER BY decade, rating DESC
) t_
WHERE rank <= 10;
                                                                                                QUERY PLAN                                                                                                 
-----------------------------------------------------------------------------------------------------------------------------------------------------------------------------------------------------------
 Subquery Scan on t_  (cost=407715.05..407886.28 rows=1343 width=86) (actual time=40278.232..40325.353 rows=50 loops=1)
   Filter: (t_.rank <= 10)
   Rows Removed by Filter: 1953
   ->  WindowAgg  (cost=407715.05..407835.92 rows=4029 width=86) (actual time=40278.227..40325.245 rows=2003 loops=1)
         ->  Sort  (cost=407715.05..407725.12 rows=4029 width=66) (actual time=40278.174..40323.656 rows=2003 loops=1)
               Sort Key: (((t.start_year / 10) * 10)), (avg(uh.rating)) DESC, t.id
               Sort Method: quicksort  Memory: 228kB
               ->  Finalize GroupAggregate  (cost=405933.24..407473.79 rows=4029 width=66) (actual time=40217.583..40319.770 rows=2003 loops=1)
                     Group Key: t.id
                     Filter: (count(uh.rating) >= 3)
                     Rows Removed by Filter: 40986
                     ->  Gather Merge  (cost=405933.24..407196.77 rows=10074 width=74) (actual time=40217.521..40288.866 rows=45110 loops=1)
                           Workers Planned: 2
                           Workers Launched: 2
                           ->  Partial GroupAggregate  (cost=404933.21..405033.95 rows=5037 width=74) (actual time=40193.661..40207.087 rows=15037 loops=3)
                                 Group Key: t.id
                                 ->  Sort  (cost=404933.21..404945.81 rows=5037 width=38) (actual time=40193.594..40197.063 rows=20226 loops=3)
                                       Sort Key: t.id
                                       Sort Method: quicksort  Memory: 2390kB
                                       Worker 0:  Sort Method: quicksort  Memory: 2453kB
                                       Worker 1:  Sort Method: quicksort  Memory: 2387kB
                                       ->  Nested Loop  (cost=188244.89..404623.48 rows=5037 width=38) (actual time=11506.227..40150.614 rows=20226 loops=3)
                                             ->  Nested Loop Semi Join  (cost=188244.33..394117.64 rows=7898 width=58) (actual time=11504.091..34881.653 rows=58327 loops=3)
                                                   ->  Parallel Hash Join  (cost=188243.76..300000.76 rows=54822 width=48) (actual time=11499.542..12268.266 rows=96250 loops=3)
                                                         Hash Cond: ((uh.title_id)::text = (t.id)::text)
                                                         ->  Parallel Seq Scan on userhistory uh  (cost=0.00..80069.52 rows=2500752 width=14) (actual time=0.338..1469.688 rows=2000631 loops=3)
                                                         ->  Parallel Hash  (cost=186421.40..186421.40 rows=89709 width=34) (actual time=9578.671..9578.673 rows=129726 loops=3)
                                                               Buckets: 65536  Batches: 8  Memory Usage: 3840kB
                                                               ->  Parallel Bitmap Heap Scan on title t  (cost=7114.53..186421.40 rows=89709 width=34) (actual time=119.656..9498.503 rows=129726 loops=3)
                                                                     Recheck Cond: ((title_type)::text = 'movie'::text)
                                                                     Rows Removed by Index Recheck: 830781
                                                                     Filter: (((start_year / 10) * 10) >= 1980)
                                                                     Rows Removed by Filter: 84905
                                                                     Heap Blocks: exact=21191 lossy=10912
                                                                     ->  Bitmap Index Scan on title_type_idx  (cost=0.00..7060.70 rows=645902 width=0) (actual time=52.438..52.438 rows=643892 loops=1)
                                                                           Index Cond: ((title_type)::text = 'movie'::text)
                                                   ->  Index Scan using titleakas_pkey on titleakas  (cost=0.56..36.99 rows=36 width=10) (actual time=0.234..0.234 rows=1 loops=288751)
                                                         Index Cond: ((title_id)::text = (uh.title_id)::text)
                                                         Filter: ((region)::text = ANY ('{US,GB,ES,DE,FR,PT}'::text[]))
                                                         Rows Removed by Filter: 1
                                             ->  Index Only Scan using titlegenre_pkey on titlegenre tg  (cost=0.56..1.33 rows=1 width=10) (actual time=0.089..0.089 rows=0 loops=174982)
                                                   Index Cond: ((title_id = (uh.title_id)::text) AND (genre_id = 8))
                                                   Heap Fetches: 0
 Planning Time: 14.314 ms
 JIT:
   Functions: 96
   Options: Inlining false, Optimization false, Expressions true, Deforming true
   Timing: Generation 6.726 ms, Inlining 0.000 ms, Optimization 8.648 ms, Emission 187.155 ms, Total 202.530 ms
 Execution Time: 40670.584 ms
(49 rows)

