explain analyze SELECT n.id,
    n.primary_name,
    date_part('year', NOW())::int - n.birth_year AS age,
    count(*) AS roles
FROM name n
JOIN titlePrincipals tp ON tp.name_id = n.id
JOIN titlePrincipalsCharacters tpc ON tpc.title_id = tp.title_id
    AND tpc.name_id = tp.name_id
JOIN category c ON c.id = tp.category_id
JOIN title t ON t.id = tp.title_id
WHERE t.start_year >= date_part('year', NOW())::int - 10
    AND c.name = 'actress'
    AND n.death_year IS NULL
    AND t.title_type IN (
        'movie', 'tvSeries', 'tvMiniSeries', 'tvMovie'
    )
GROUP BY n.id
ORDER BY roles DESC
LIMIT 100;
                                                                                                        QUERY PLAN                                                                                                         
---------------------------------------------------------------------------------------------------------------------------------------------------------------------------------------------------------------------------
 Limit  (cost=1289551.50..1289551.53 rows=13 width=36) (actual time=35135.545..35208.885 rows=100 loops=1)
   ->  Sort  (cost=1289551.50..1289551.53 rows=13 width=36) (actual time=34625.251..34698.583 rows=100 loops=1)
         Sort Key: (count(*)) DESC
         Sort Method: top-N heapsort  Memory: 38kB
         ->  Finalize GroupAggregate  (cost=1289549.70..1289551.26 rows=13 width=36) (actual time=34353.796..34657.640 rows=183837 loops=1)
               Group Key: n.id
               ->  Gather Merge  (cost=1289549.70..1289550.95 rows=10 width=36) (actual time=34353.742..34560.701 rows=250395 loops=1)
                     Workers Planned: 2
                     Workers Launched: 2
                     ->  Partial GroupAggregate  (cost=1288549.68..1288549.77 rows=5 width=36) (actual time=34331.438..34403.795 rows=83465 loops=3)
                           Group Key: n.id
                           ->  Sort  (cost=1288549.68..1288549.69 rows=5 width=28) (actual time=34331.384..34364.643 rows=132116 loops=3)
                                 Sort Key: n.id
                                 Sort Method: external merge  Disk: 4776kB
                                 Worker 0:  Sort Method: external merge  Disk: 4816kB
                                 Worker 1:  Sort Method: external merge  Disk: 4736kB
                                 ->  Nested Loop  (cost=234528.15..1288549.62 rows=5 width=28) (actual time=11483.625..34120.348 rows=132116 loops=3)
                                       ->  Nested Loop  (cost=234527.59..1288528.94 rows=5 width=20) (actual time=11482.628..22903.894 rows=132656 loops=3)
                                             ->  Parallel Hash Join  (cost=234527.03..1045082.45 rows=91396 width=30) (actual time=11480.210..12136.571 rows=149480 loops=3)
                                                   Hash Cond: ((tp.title_id)::text = (t.id)::text)
                                                   ->  Hash Join  (cost=1.16..781764.71 rows=1941667 width=20) (actual time=0.946..7486.691 rows=3185892 loops=3)
                                                         Hash Cond: (tp.category_id = c.id)
                                                         ->  Parallel Seq Scan on titleprincipals tp  (cost=0.00..699000.00 rows=23300000 width=24) (actual time=0.808..5470.102 rows=18639969 loops=3)
                                                         ->  Hash  (cost=1.15..1.15 rows=1 width=4) (actual time=0.068..0.070 rows=1 loops=3)
                                                               Buckets: 1024  Batches: 1  Memory Usage: 9kB
                                                               ->  Seq Scan on category c  (cost=0.00..1.15 rows=1 width=4) (actual time=0.057..0.058 rows=1 loops=3)
                                                                     Filter: ((name)::text = 'actress'::text)
                                                                     Rows Removed by Filter: 11
                                                   ->  Parallel Hash  (cost=231176.00..231176.00 rows=192709 width=10) (actual time=3090.539..3090.540 rows=117416 loops=3)
                                                         Buckets: 131072  Batches: 8  Memory Usage: 3136kB
                                                         ->  Parallel Seq Scan on title t  (cost=0.00..231176.00 rows=192709 width=10) (actual time=251.683..3044.220 rows=117416 loops=3)
                                                               Filter: (((title_type)::text = ANY ('{movie,tvSeries,tvMiniSeries,tvMovie}'::text[])) AND (start_year >= ((date_part('year'::text, now()))::integer - 10)))
                                                               Rows Removed by Filter: 3156125
                                             ->  Index Only Scan using titleprincipalscharacters_pkey on titleprincipalscharacters tpc  (cost=0.56..2.65 rows=1 width=20) (actual time=0.071..0.071 rows=1 loops=448441)
                                                   Index Cond: ((title_id = (tp.title_id)::text) AND (name_id = (tp.name_id)::text))
                                                   Heap Fetches: 0
                                       ->  Index Scan using name_pkey on name n  (cost=0.56..4.14 rows=1 width=28) (actual time=0.084..0.084 rows=1 loops=397968)
                                             Index Cond: ((id)::text = (tp.name_id)::text)
                                             Filter: (death_year IS NULL)
                                             Rows Removed by Filter: 0
 Planning Time: 21.451 ms
 JIT:
   Functions: 115
   Options: Inlining true, Optimization true, Expressions true, Deforming true
   Timing: Generation 7.173 ms, Inlining 276.221 ms, Optimization 547.848 ms, Emission 427.503 ms, Total 1258.745 ms
 Execution Time: 35604.040 ms
(46 rows)

