explain analyze SELECT n.id,
    n.primary_name,
    date_part('year', NOW())::int - n.birth_year AS age,
    count(*) AS roles
FROM name n
JOIN titlePrincipals tp ON tp.name_id = n.id
JOIN titlePrincipalsCharacters tpc ON tpc.title_id = tp.title_id
    AND tpc.name_id = tp.name_id
JOIN category c ON c.id = tp.category_id
JOIN title t ON t.id = tp.title_id
WHERE t.start_year >= date_part('year', NOW())::int - 10
    AND c.name = 'actress'
    AND n.death_year IS NULL
    AND t.title_type IN (
        'movie', 'tvSeries', 'tvMiniSeries', 'tvMovie'
    )
GROUP BY n.id
ORDER BY roles DESC
LIMIT 100;
                                                                                                        QUERY PLAN                                                                                                         
---------------------------------------------------------------------------------------------------------------------------------------------------------------------------------------------------------------------------
 Limit  (cost=1282072.86..1282072.89 rows=12 width=36) (actual time=32617.679..32700.625 rows=100 loops=1)
   ->  Sort  (cost=1282072.86..1282072.89 rows=12 width=36) (actual time=32128.711..32211.649 rows=100 loops=1)
         Sort Key: (count(*)) DESC
         Sort Method: top-N heapsort  Memory: 38kB
         ->  Finalize GroupAggregate  (cost=1282071.11..1282072.64 rows=12 width=36) (actual time=31860.576..32171.755 rows=183837 loops=1)
               Group Key: n.id
               ->  Gather Merge  (cost=1282071.11..1282072.35 rows=10 width=36) (actual time=31860.545..32077.261 rows=250562 loops=1)
                     Workers Planned: 2
                     Workers Launched: 2
                     ->  Partial GroupAggregate  (cost=1281071.09..1281071.18 rows=5 width=36) (actual time=31838.556..31911.019 rows=83521 loops=3)
                           Group Key: n.id
                           ->  Sort  (cost=1281071.09..1281071.10 rows=5 width=28) (actual time=31838.509..31871.862 rows=132116 loops=3)
                                 Sort Key: n.id
                                 Sort Method: external merge  Disk: 4776kB
                                 Worker 0:  Sort Method: external merge  Disk: 4736kB
                                 Worker 1:  Sort Method: external merge  Disk: 4808kB
                                 ->  Nested Loop  (cost=234434.54..1281071.03 rows=5 width=28) (actual time=10311.238..31648.347 rows=132116 loops=3)
                                       ->  Nested Loop  (cost=234433.98..1281050.34 rows=5 width=20) (actual time=10310.096..21065.145 rows=132656 loops=3)
                                             ->  Parallel Hash Join  (cost=234433.42..1044960.84 rows=88634 width=30) (actual time=10308.510..10905.450 rows=149480 loops=3)
                                                   Hash Cond: ((tp.title_id)::text = (t.id)::text)
                                                   ->  Hash Join  (cost=1.16..781764.71 rows=1941667 width=20) (actual time=0.654..6897.890 rows=3185892 loops=3)
                                                         Hash Cond: (tp.category_id = c.id)
                                                         ->  Parallel Seq Scan on titleprincipals tp  (cost=0.00..699000.00 rows=23300000 width=24) (actual time=0.528..4980.302 rows=18639969 loops=3)
                                                         ->  Hash  (cost=1.15..1.15 rows=1 width=4) (actual time=0.062..0.063 rows=1 loops=3)
                                                               Buckets: 1024  Batches: 1  Memory Usage: 9kB
                                                               ->  Seq Scan on category c  (cost=0.00..1.15 rows=1 width=4) (actual time=0.050..0.052 rows=1 loops=3)
                                                                     Filter: ((name)::text = 'actress'::text)
                                                                     Rows Removed by Filter: 11
                                                   ->  Parallel Hash  (cost=231183.07..231183.07 rows=186895 width=10) (actual time=2549.865..2549.866 rows=117416 loops=3)
                                                         Buckets: 131072  Batches: 8  Memory Usage: 3136kB
                                                         ->  Parallel Seq Scan on title t  (cost=0.00..231183.07 rows=186895 width=10) (actual time=246.079..2509.385 rows=117416 loops=3)
                                                               Filter: (((title_type)::text = ANY ('{movie,tvSeries,tvMiniSeries,tvMovie}'::text[])) AND (start_year >= ((date_part('year'::text, now()))::integer - 10)))
                                                               Rows Removed by Filter: 3156125
                                             ->  Index Only Scan using titleprincipalscharacters_pkey on titleprincipalscharacters tpc  (cost=0.56..2.65 rows=1 width=20) (actual time=0.067..0.067 rows=1 loops=448441)
                                                   Index Cond: ((title_id = (tp.title_id)::text) AND (name_id = (tp.name_id)::text))
                                                   Heap Fetches: 0
                                       ->  Index Scan using name_pkey on name n  (cost=0.56..4.14 rows=1 width=28) (actual time=0.079..0.079 rows=1 loops=397968)
                                             Index Cond: ((id)::text = (tp.name_id)::text)
                                             Filter: (death_year IS NULL)
                                             Rows Removed by Filter: 0
 Planning Time: 19.285 ms
 JIT:
   Functions: 115
   Options: Inlining true, Optimization true, Expressions true, Deforming true
   Timing: Generation 6.853 ms, Inlining 269.005 ms, Optimization 535.784 ms, Emission 411.317 ms, Total 1222.959 ms
 Execution Time: 33045.803 ms
(46 rows)

