explain analyze SELECT n.id,
    n.primary_name,
    date_part('year', NOW())::int - n.birth_year AS age,
    count(*) AS roles
FROM name n
JOIN titlePrincipals tp ON tp.name_id = n.id
JOIN titlePrincipalsCharacters tpc ON tpc.title_id = tp.title_id
    AND tpc.name_id = tp.name_id
JOIN category c ON c.id = tp.category_id
JOIN title t ON t.id = tp.title_id
WHERE t.start_year >= date_part('year', NOW())::int - 10
    AND c.name = 'actress'
    AND n.death_year IS NULL
    AND t.title_type IN (
        'movie', 'tvSeries', 'tvMiniSeries', 'tvMovie'
    )
GROUP BY n.id
ORDER BY roles DESC
LIMIT 100;
                                                                                                        QUERY PLAN                                                                                                         
---------------------------------------------------------------------------------------------------------------------------------------------------------------------------------------------------------------------------
 Limit  (cost=1285770.75..1285770.78 rows=13 width=36) (actual time=37588.598..37662.855 rows=100 loops=1)
   ->  Sort  (cost=1285770.75..1285770.78 rows=13 width=36) (actual time=37084.818..37159.068 rows=100 loops=1)
         Sort Key: (count(*)) DESC
         Sort Method: top-N heapsort  Memory: 38kB
         ->  Finalize GroupAggregate  (cost=1285768.96..1285770.51 rows=13 width=36) (actual time=36812.074..37118.981 rows=183837 loops=1)
               Group Key: n.id
               ->  Gather Merge  (cost=1285768.96..1285770.20 rows=10 width=36) (actual time=36812.025..37022.296 rows=250420 loops=1)
                     Workers Planned: 2
                     Workers Launched: 2
                     ->  Partial GroupAggregate  (cost=1284768.93..1284769.02 rows=5 width=36) (actual time=36791.153..36866.372 rows=83473 loops=3)
                           Group Key: n.id
                           ->  Sort  (cost=1284768.93..1284768.95 rows=5 width=28) (actual time=36791.106..36826.422 rows=132116 loops=3)
                                 Sort Key: n.id
                                 Sort Method: external merge  Disk: 4760kB
                                 Worker 0:  Sort Method: external merge  Disk: 4824kB
                                 Worker 1:  Sort Method: external merge  Disk: 4744kB
                                 ->  Nested Loop  (cost=234405.27..1284768.88 rows=5 width=28) (actual time=11361.069..36562.456 rows=132116 loops=3)
                                       ->  Nested Loop  (cost=234404.71..1284748.19 rows=5 width=20) (actual time=11358.504..24289.898 rows=132656 loops=3)
                                             ->  Parallel Hash Join  (cost=234404.14..1044945.57 rows=90028 width=30) (actual time=11357.459..12047.645 rows=149480 loops=3)
                                                   Hash Cond: ((tp.title_id)::text = (t.id)::text)
                                                   ->  Hash Join  (cost=1.16..781764.71 rows=1941667 width=20) (actual time=0.591..7708.569 rows=3185892 loops=3)
                                                         Hash Cond: (tp.category_id = c.id)
                                                         ->  Parallel Seq Scan on titleprincipals tp  (cost=0.00..699000.00 rows=23300000 width=24) (actual time=0.445..5740.348 rows=18639969 loops=3)
                                                         ->  Hash  (cost=1.15..1.15 rows=1 width=4) (actual time=0.067..0.069 rows=1 loops=3)
                                                               Buckets: 1024  Batches: 1  Memory Usage: 9kB
                                                               ->  Seq Scan on category c  (cost=0.00..1.15 rows=1 width=4) (actual time=0.055..0.056 rows=1 loops=3)
                                                                     Filter: ((name)::text = 'actress'::text)
                                                                     Rows Removed by Filter: 11
                                                   ->  Parallel Hash  (cost=231104.71..231104.71 rows=189702 width=10) (actual time=2754.840..2754.841 rows=117416 loops=3)
                                                         Buckets: 131072  Batches: 8  Memory Usage: 3168kB
                                                         ->  Parallel Seq Scan on title t  (cost=0.00..231104.71 rows=189702 width=10) (actual time=251.419..2709.262 rows=117416 loops=3)
                                                               Filter: (((title_type)::text = ANY ('{movie,tvSeries,tvMiniSeries,tvMovie}'::text[])) AND (start_year >= ((date_part('year'::text, now()))::integer - 10)))
                                                               Rows Removed by Filter: 3156125
                                             ->  Index Only Scan using titleprincipalscharacters_pkey on titleprincipalscharacters tpc  (cost=0.56..2.65 rows=1 width=20) (actual time=0.081..0.081 rows=1 loops=448441)
                                                   Index Cond: ((title_id = (tp.title_id)::text) AND (name_id = (tp.name_id)::text))
                                                   Heap Fetches: 0
                                       ->  Index Scan using name_pkey on name n  (cost=0.56..4.14 rows=1 width=28) (actual time=0.091..0.091 rows=1 loops=397968)
                                             Index Cond: ((id)::text = (tp.name_id)::text)
                                             Filter: (death_year IS NULL)
                                             Rows Removed by Filter: 0
 Planning Time: 19.935 ms
 JIT:
   Functions: 115
   Options: Inlining true, Optimization true, Expressions true, Deforming true
   Timing: Generation 6.833 ms, Inlining 273.430 ms, Optimization 544.153 ms, Emission 419.615 ms, Total 1244.031 ms
 Execution Time: 38024.317 ms
(46 rows)

