explain analyze SELECT n.id,
    n.primary_name,
    date_part('year', NOW())::int - n.birth_year AS age,
    count(*) AS roles
FROM name n
JOIN titlePrincipals tp ON tp.name_id = n.id
JOIN titlePrincipalsCharacters tpc ON tpc.title_id = tp.title_id
    AND tpc.name_id = tp.name_id
JOIN category c ON c.id = tp.category_id
JOIN title t ON t.id = tp.title_id
WHERE t.start_year >= date_part('year', NOW())::int - 10
    AND c.name = 'actress'
    AND n.death_year IS NULL
    AND t.title_type IN (
        'movie', 'tvSeries', 'tvMiniSeries', 'tvMovie'
    )
GROUP BY n.id
ORDER BY roles DESC
LIMIT 100;
                                                                                                     QUERY PLAN                                                                                                      
---------------------------------------------------------------------------------------------------------------------------------------------------------------------------------------------------------------------
 Limit  (cost=1282425.09..1282425.11 rows=11 width=36) (actual time=35492.527..35565.859 rows=100 loops=1)
   ->  Sort  (cost=1282425.09..1282425.11 rows=11 width=36) (actual time=35018.518..35091.842 rows=100 loops=1)
         Sort Key: (count(*)) DESC
         Sort Method: top-N heapsort  Memory: 38kB
         ->  GroupAggregate  (cost=1282424.59..1282424.89 rows=11 width=36) (actual time=34720.951..35053.196 rows=183837 loops=1)
               Group Key: n.id
               ->  Sort  (cost=1282424.59..1282424.62 rows=11 width=28) (actual time=34720.897..34932.701 rows=396348 loops=1)
                     Sort Key: n.id
                     Sort Method: external merge  Disk: 14312kB
                     ->  Gather  (cost=235442.20..1282424.40 rows=11 width=28) (actual time=10927.207..34280.016 rows=396348 loops=1)
                           Workers Planned: 2
                           Workers Launched: 2
                           ->  Nested Loop  (cost=234442.20..1281423.30 rows=5 width=28) (actual time=10903.738..34428.509 rows=132116 loops=3)
                                 ->  Nested Loop  (cost=234441.64..1281402.62 rows=5 width=20) (actual time=10902.378..22867.597 rows=132656 loops=3)
                                       ->  Parallel Hash Join  (cost=234441.08..1044969.50 rows=88763 width=30) (actual time=10900.875..11554.590 rows=149480 loops=3)
                                             Hash Cond: ((tp.title_id)::text = (t.id)::text)
                                             ->  Hash Join  (cost=1.16..781764.71 rows=1941667 width=20) (actual time=0.712..7251.435 rows=3185892 loops=3)
                                                   Hash Cond: (tp.category_id = c.id)
                                                   ->  Parallel Seq Scan on titleprincipals tp  (cost=0.00..699000.00 rows=23300000 width=24) (actual time=0.579..5256.267 rows=18639969 loops=3)
                                                   ->  Hash  (cost=1.15..1.15 rows=1 width=4) (actual time=0.065..0.067 rows=1 loops=3)
                                                         Buckets: 1024  Batches: 1  Memory Usage: 9kB
                                                         ->  Seq Scan on category c  (cost=0.00..1.15 rows=1 width=4) (actual time=0.059..0.060 rows=1 loops=3)
                                                               Filter: ((name)::text = 'actress'::text)
                                                               Rows Removed by Filter: 11
                                             ->  Parallel Hash  (cost=231186.24..231186.24 rows=187174 width=10) (actual time=2756.339..2756.340 rows=117416 loops=3)
                                                   Buckets: 131072  Batches: 8  Memory Usage: 3104kB
                                                   ->  Parallel Seq Scan on title t  (cost=0.00..231186.24 rows=187174 width=10) (actual time=226.191..2708.725 rows=117416 loops=3)
                                                         Filter: (((title_type)::text = ANY ('{movie,tvSeries,tvMiniSeries,tvMovie}'::text[])) AND (start_year >= ((date_part('year'::text, now()))::integer - 10)))
                                                         Rows Removed by Filter: 3156125
                                       ->  Index Only Scan using titleprincipalscharacters_pkey on titleprincipalscharacters tpc  (cost=0.56..2.65 rows=1 width=20) (actual time=0.075..0.075 rows=1 loops=448441)
                                             Index Cond: ((title_id = (tp.title_id)::text) AND (name_id = (tp.name_id)::text))
                                             Heap Fetches: 0
                                 ->  Index Scan using name_pkey on name n  (cost=0.56..4.14 rows=1 width=28) (actual time=0.086..0.086 rows=1 loops=397968)
                                       Index Cond: ((id)::text = (tp.name_id)::text)
                                       Filter: (death_year IS NULL)
                                       Rows Removed by Filter: 0
 Planning Time: 18.865 ms
 JIT:
   Functions: 104
   Options: Inlining true, Optimization true, Expressions true, Deforming true
   Timing: Generation 6.117 ms, Inlining 273.528 ms, Optimization 486.571 ms, Emission 368.221 ms, Total 1134.437 ms
 Execution Time: 35916.707 ms
(42 rows)

