explain analyze SELECT t.id, t.primary_title, tg.genres, te.season_number, count(*) AS views
FROM title t
JOIN titleEpisode te ON te.parent_title_id = t.id
JOIN userHistory uh ON uh.title_id = te.title_id
JOIN users u ON u.id = uh.user_id
JOIN (
    SELECT tg.title_id, array_agg(g.name) AS genres
    FROM titleGenre tg
    JOIN genre g ON g.id = tg.genre_id
    GROUP BY tg.title_id
) tg ON tg.title_id = t.id
WHERE t.title_type = 'tvSeries'
    AND uh.last_seen BETWEEN NOW() - INTERVAL '30 days' AND NOW()
    AND te.season_number IS NOT NULL
    AND u.country_code NOT IN ('US', 'GB')
GROUP BY t.id, t.primary_title, tg.genres, te.season_number
ORDER BY count(*) DESC, t.id
LIMIT 100;
                                                                                                   QUERY PLAN                                                                                                    
-----------------------------------------------------------------------------------------------------------------------------------------------------------------------------------------------------------------
 Limit  (cost=1165166.88..1165167.13 rows=100 width=74) (actual time=20960.241..20960.379 rows=100 loops=1)
   ->  Sort  (cost=1165166.88..1165214.00 rows=18847 width=74) (actual time=20452.617..20452.748 rows=100 loops=1)
         Sort Key: (count(*)) DESC, t.id
         Sort Method: top-N heapsort  Memory: 41kB
         ->  GroupAggregate  (cost=135877.12..1164446.56 rows=18847 width=74) (actual time=5083.672..20450.169 rows=6167 loops=1)
               Group Key: t.id, (array_agg(g.name)), te.season_number
               ->  Nested Loop  (cost=135877.12..1164069.62 rows=18847 width=66) (actual time=5083.214..20445.035 rows=7668 loops=1)
                     ->  Gather Merge  (cost=135876.82..1153249.53 rows=18998 width=70) (actual time=5082.576..20317.504 rows=7738 loops=1)
                           Workers Planned: 2
                           Workers Launched: 2
                           ->  Incremental Sort  (cost=134876.79..1150056.67 rows=7916 width=70) (actual time=5061.358..19630.909 rows=2579 loops=3)
                                 Sort Key: t.id, (array_agg(g.name)), te.season_number
                                 Presorted Key: t.id
                                 Full-sort Groups: 83  Sort Method: quicksort  Average Memory: 29kB  Peak Memory: 29kB
                                 Worker 0:  Full-sort Groups: 79  Sort Method: quicksort  Average Memory: 29kB  Peak Memory: 29kB
                                 Worker 1:  Full-sort Groups: 79  Sort Method: quicksort  Average Memory: 30kB  Peak Memory: 30kB
                                 ->  Merge Join  (cost=134748.57..1149700.45 rows=7916 width=70) (actual time=5039.285..19627.093 rows=2579 loops=3)
                                       Merge Cond: ((te.parent_title_id)::text = (tg.title_id)::text)
                                       ->  Sort  (cost=134747.86..134747.99 rows=52 width=48) (actual time=4971.075..4972.821 rows=2671 loops=3)
                                             Sort Key: t.id
                                             Sort Method: quicksort  Memory: 371kB
                                             Worker 0:  Sort Method: quicksort  Memory: 364kB
                                             Worker 1:  Sort Method: quicksort  Memory: 363kB
                                             ->  Nested Loop  (cost=0.87..134746.38 rows=52 width=48) (actual time=234.590..4964.867 rows=2671 loops=3)
                                                   ->  Nested Loop  (cost=0.43..133478.93 rows=2261 width=18) (actual time=233.441..3638.793 rows=2788 loops=3)
                                                         ->  Parallel Seq Scan on userhistory uh  (cost=0.00..111328.96 rows=2845 width=14) (actual time=232.214..1877.846 rows=3883 loops=3)
                                                               Filter: ((last_seen <= now()) AND (last_seen >= (now() - '30 days'::interval)))
                                                               Rows Removed by Filter: 1996747
                                                         ->  Index Scan using titleepisode_pkey on titleepisode te  (cost=0.43..7.79 rows=1 width=24) (actual time=0.451..0.451 rows=1 loops=11650)
                                                               Index Cond: ((title_id)::text = (uh.title_id)::text)
                                                               Filter: (season_number IS NOT NULL)
                                                               Rows Removed by Filter: 0
                                                   ->  Index Scan using title_pkey on title t  (cost=0.43..0.56 rows=1 width=30) (actual time=0.473..0.473 rows=1 loops=8363)
                                                         Index Cond: ((id)::text = (te.parent_title_id)::text)
                                                         Filter: ((title_type)::text = 'tvSeries'::text)
                                                         Rows Removed by Filter: 0
                                       ->  GroupAggregate  (cost=0.71..962662.22 rows=4176937 width=42) (actual time=0.896..13695.663 rows=9371848 loops=3)
                                             Group Key: tg.title_id
                                             ->  Nested Loop  (cost=0.71..834458.28 rows=15198444 width=17) (actual time=0.865..7371.020 rows=15188717 loops=3)
                                                   ->  Index Only Scan using titlegenre_pkey on titlegenre tg  (cost=0.56..462073.22 rows=15198444 width=14) (actual time=0.793..2635.386 rows=15188717 loops=3)
                                                         Heap Fetches: 0
                                                   ->  Memoize  (cost=0.15..0.17 rows=1 width=11) (actual time=0.000..0.000 rows=1 loops=45566150)
                                                         Cache Key: tg.genre_id
                                                         Cache Mode: logical
                                                         Hits: 15182261  Misses: 28  Evictions: 0  Overflows: 0  Memory Usage: 4kB
                                                         Worker 0:  Hits: 15186028  Misses: 28  Evictions: 0  Overflows: 0  Memory Usage: 4kB
                                                         Worker 1:  Hits: 15197777  Misses: 28  Evictions: 0  Overflows: 0  Memory Usage: 4kB
                                                         ->  Index Scan using genre_pkey on genre g  (cost=0.14..0.16 rows=1 width=11) (actual time=0.003..0.003 rows=1 loops=84)
                                                               Index Cond: (id = tg.genre_id)
                     ->  Memoize  (cost=0.30..1.61 rows=1 width=4) (actual time=0.016..0.016 rows=1 loops=7738)
                           Cache Key: uh.user_id
                           Cache Mode: logical
                           Hits: 276  Misses: 7462  Evictions: 0  Overflows: 0  Memory Usage: 756kB
                           ->  Index Scan using users_pkey on users u  (cost=0.29..1.60 rows=1 width=4) (actual time=0.016..0.016 rows=1 loops=7462)
                                 Index Cond: (id = uh.user_id)
                                 Filter: ((country_code)::text <> ALL ('{US,GB}'::text[]))
                                 Rows Removed by Filter: 0
 Planning Time: 12.839 ms
 JIT:
   Functions: 120
   Options: Inlining true, Optimization true, Expressions true, Deforming true
   Timing: Generation 7.141 ms, Inlining 270.823 ms, Optimization 537.624 ms, Emission 394.508 ms, Total 1210.096 ms
 Execution Time: 21307.726 ms
(63 rows)

