explain analyze SELECT n.id,
    n.primary_name,
    date_part('year', NOW())::int - n.birth_year AS age,
    count(*) AS roles
FROM name n
JOIN titlePrincipals tp ON tp.name_id = n.id
JOIN titlePrincipalsCharacters tpc ON tpc.title_id = tp.title_id
    AND tpc.name_id = tp.name_id
JOIN category c ON c.id = tp.category_id
JOIN title t ON t.id = tp.title_id
WHERE t.start_year >= date_part('year', NOW())::int - 10
    AND c.name = 'actress'
    AND n.death_year IS NULL
    AND t.title_type IN (
        'movie', 'tvSeries', 'tvMiniSeries', 'tvMovie'
    )
GROUP BY n.id
ORDER BY roles DESC
LIMIT 100;
                                                                                                        QUERY PLAN                                                                                                         
---------------------------------------------------------------------------------------------------------------------------------------------------------------------------------------------------------------------------
 Limit  (cost=1278449.17..1278449.20 rows=14 width=36) (actual time=33629.184..33720.802 rows=100 loops=1)
   ->  Sort  (cost=1278449.17..1278449.20 rows=14 width=36) (actual time=33139.639..33231.249 rows=100 loops=1)
         Sort Key: (count(*)) DESC
         Sort Method: top-N heapsort  Memory: 38kB
         ->  Finalize GroupAggregate  (cost=1278447.07..1278448.90 rows=14 width=36) (actual time=32866.047..33190.757 rows=183837 loops=1)
               Group Key: n.id
               ->  Gather Merge  (cost=1278447.07..1278448.56 rows=12 width=36) (actual time=32866.006..33096.190 rows=250440 loops=1)
                     Workers Planned: 2
                     Workers Launched: 2
                     ->  Partial GroupAggregate  (cost=1277447.05..1277447.15 rows=6 width=36) (actual time=32843.906..32918.816 rows=83480 loops=3)
                           Group Key: n.id
                           ->  Sort  (cost=1277447.05..1277447.06 rows=6 width=28) (actual time=32843.856..32878.938 rows=132116 loops=3)
                                 Sort Key: n.id
                                 Sort Method: external merge  Disk: 4760kB
                                 Worker 0:  Sort Method: external merge  Disk: 4768kB
                                 Worker 1:  Sort Method: external merge  Disk: 4792kB
                                 ->  Nested Loop  (cost=234378.97..1277446.97 rows=6 width=28) (actual time=10545.635..32639.839 rows=132116 loops=3)
                                       ->  Nested Loop  (cost=234378.41..1277422.15 rows=6 width=20) (actual time=10544.070..21743.040 rows=132656 loops=3)
                                             ->  Parallel Hash Join  (cost=234377.85..1044891.27 rows=87298 width=30) (actual time=10543.116..11174.860 rows=149480 loops=3)
                                                   Hash Cond: ((tp.title_id)::text = (t.id)::text)
                                                   ->  Hash Join  (cost=1.16..781764.71 rows=1941667 width=20) (actual time=0.613..7044.098 rows=3185892 loops=3)
                                                         Hash Cond: (tp.category_id = c.id)
                                                         ->  Parallel Seq Scan on titleprincipals tp  (cost=0.00..699000.00 rows=23300000 width=24) (actual time=0.479..5014.179 rows=18639969 loops=3)
                                                         ->  Hash  (cost=1.15..1.15 rows=1 width=4) (actual time=0.066..0.068 rows=1 loops=3)
                                                               Buckets: 1024  Batches: 1  Memory Usage: 9kB
                                                               ->  Seq Scan on category c  (cost=0.00..1.15 rows=1 width=4) (actual time=0.060..0.061 rows=1 loops=3)
                                                                     Filter: ((name)::text = 'actress'::text)
                                                                     Rows Removed by Filter: 11
                                                   ->  Parallel Hash  (cost=231176.83..231176.83 rows=184069 width=10) (actual time=2622.250..2622.252 rows=117416 loops=3)
                                                         Buckets: 131072  Batches: 8  Memory Usage: 3104kB
                                                         ->  Parallel Seq Scan on title t  (cost=0.00..231176.83 rows=184069 width=10) (actual time=258.317..2581.451 rows=117416 loops=3)
                                                               Filter: (((title_type)::text = ANY ('{movie,tvSeries,tvMiniSeries,tvMovie}'::text[])) AND (start_year >= ((date_part('year'::text, now()))::integer - 10)))
                                                               Rows Removed by Filter: 3156125
                                             ->  Index Only Scan using titleprincipalscharacters_pkey on titleprincipalscharacters tpc  (cost=0.56..2.65 rows=1 width=20) (actual time=0.070..0.070 rows=1 loops=448441)
                                                   Index Cond: ((title_id = (tp.title_id)::text) AND (name_id = (tp.name_id)::text))
                                                   Heap Fetches: 0
                                       ->  Index Scan using name_pkey on name n  (cost=0.56..4.14 rows=1 width=28) (actual time=0.081..0.081 rows=1 loops=397968)
                                             Index Cond: ((id)::text = (tp.name_id)::text)
                                             Filter: (death_year IS NULL)
                                             Rows Removed by Filter: 0
 Planning Time: 18.448 ms
 JIT:
   Functions: 115
   Options: Inlining true, Optimization true, Expressions true, Deforming true
   Timing: Generation 7.308 ms, Inlining 276.357 ms, Optimization 550.356 ms, Emission 427.614 ms, Total 1261.636 ms
 Execution Time: 34062.406 ms
(46 rows)

