explain analyze SELECT t.id, t.primary_title, tg.genres, te.season_number, count(*) AS views
FROM title t
JOIN titleEpisode te ON te.parent_title_id = t.id
JOIN title t2 ON t2.id = te.title_id
JOIN userHistory uh ON uh.title_id = t2.id
JOIN users u ON u.id = uh.user_id
JOIN (
    SELECT tg.title_id, array_agg(g.name) AS genres
    FROM titleGenre tg
    JOIN genre g ON g.id = tg.genre_id
    GROUP BY tg.title_id
) tg ON tg.title_id = t.id
WHERE t.title_type = 'tvSeries'
    AND uh.last_seen BETWEEN NOW() - INTERVAL '30 days' AND NOW()
    AND te.season_number IS NOT NULL
    AND u.country_code NOT IN ('US', 'GB')
GROUP BY t.id, t.primary_title, tg.genres, te.season_number
ORDER BY count(*) DESC, t.id
LIMIT 100;
                                                                                                   QUERY PLAN                                                                                                    
-----------------------------------------------------------------------------------------------------------------------------------------------------------------------------------------------------------------
 Limit  (cost=1148251.64..1148251.89 rows=100 width=74) (actual time=21587.703..21587.853 rows=100 loops=1)
   ->  Sort  (cost=1148251.64..1148286.42 rows=13911 width=74) (actual time=21062.249..21062.392 rows=100 loops=1)
         Sort Key: (count(*)) DESC, t.id
         Sort Method: top-N heapsort  Memory: 41kB
         ->  GroupAggregate  (cost=126507.27..1147719.97 rows=13911 width=74) (actual time=6332.449..21059.847 rows=6168 loops=1)
               Group Key: t.id, (array_agg(g.name)), te.season_number
               ->  Nested Loop  (cost=126507.27..1147441.75 rows=13911 width=66) (actual time=6332.020..21054.966 rows=7669 loops=1)
                     ->  Gather Merge  (cost=126506.97..1136754.98 rows=14052 width=70) (actual time=6331.409..20927.662 rows=7739 loops=1)
                           Workers Planned: 2
                           Workers Launched: 2
                           ->  Incremental Sort  (cost=125506.94..1134133.01 rows=5855 width=70) (actual time=6305.197..20408.276 rows=2580 loops=3)
                                 Sort Key: t.id, (array_agg(g.name)), te.season_number
                                 Presorted Key: t.id
                                 Full-sort Groups: 83  Sort Method: quicksort  Average Memory: 29kB  Peak Memory: 29kB
                                 Worker 0:  Full-sort Groups: 77  Sort Method: quicksort  Average Memory: 29kB  Peak Memory: 29kB
                                 Worker 1:  Full-sort Groups: 81  Sort Method: quicksort  Average Memory: 29kB  Peak Memory: 29kB
                                 ->  Merge Join  (cost=125334.68..1133869.53 rows=5855 width=70) (actual time=6285.863..20404.442 rows=2580 loops=3)
                                       Merge Cond: ((te.parent_title_id)::text = (tg.title_id)::text)
                                       ->  Sort  (cost=125333.97..125334.08 rows=42 width=48) (actual time=6215.151..6216.891 rows=2671 loops=3)
                                             Sort Key: t.id
                                             Sort Method: quicksort  Memory: 374kB
                                             Worker 0:  Sort Method: quicksort  Memory: 352kB
                                             Worker 1:  Sort Method: quicksort  Memory: 371kB
                                             ->  Nested Loop  (cost=1.30..125332.84 rows=42 width=48) (actual time=247.444..6208.036 rows=2671 loops=3)
                                                   ->  Nested Loop  (cost=0.87..124375.64 rows=1707 width=18) (actual time=246.170..4973.097 rows=2788 loops=3)
                                                         ->  Nested Loop  (cost=0.43..123006.44 rows=2832 width=24) (actual time=245.071..3159.753 rows=3884 loops=3)
                                                               ->  Parallel Seq Scan on userhistory uh  (cost=0.00..111330.13 rows=2832 width=14) (actual time=243.868..1913.607 rows=3884 loops=3)
                                                                     Filter: ((last_seen <= now()) AND (last_seen >= (now() - '30 days'::interval)))
                                                                     Rows Removed by Filter: 1996747
                                                               ->  Index Only Scan using title_pkey on title t2  (cost=0.43..4.12 rows=1 width=10) (actual time=0.318..0.318 rows=1 loops=11652)
                                                                     Index Cond: (id = (uh.title_id)::text)
                                                                     Heap Fetches: 0
                                                         ->  Index Scan using titleepisode_pkey on titleepisode te  (cost=0.43..0.48 rows=1 width=24) (actual time=0.465..0.465 rows=1 loops=11652)
                                                               Index Cond: ((title_id)::text = (t2.id)::text)
                                                               Filter: (season_number IS NOT NULL)
                                                               Rows Removed by Filter: 0
                                                   ->  Index Scan using title_pkey on title t  (cost=0.43..0.56 rows=1 width=30) (actual time=0.440..0.440 rows=1 loops=8364)
                                                         Index Cond: ((id)::text = (te.parent_title_id)::text)
                                                         Filter: ((title_type)::text = 'tvSeries'::text)
                                                         Rows Removed by Filter: 0
                                       ->  GroupAggregate  (cost=0.71..959463.42 rows=3921033 width=42) (actual time=1.260..13251.582 rows=9377274 loops=3)
                                             Group Key: tg.title_id
                                             ->  Nested Loop  (cost=0.71..834458.28 rows=15198444 width=17) (actual time=1.220..7077.559 rows=15197355 loops=3)
                                                   ->  Index Only Scan using titlegenre_pkey on titlegenre tg  (cost=0.56..462073.22 rows=15198444 width=14) (actual time=1.083..2432.325 rows=15197355 loops=3)
                                                         Heap Fetches: 0
                                                   ->  Memoize  (cost=0.15..0.17 rows=1 width=11) (actual time=0.000..0.000 rows=1 loops=45592064)
                                                         Cache Key: tg.genre_id
                                                         Cache Mode: logical
                                                         Hits: 15197699  Misses: 28  Evictions: 0  Overflows: 0  Memory Usage: 4kB
                                                         Worker 0:  Hits: 15197777  Misses: 28  Evictions: 0  Overflows: 0  Memory Usage: 4kB
                                                         Worker 1:  Hits: 15196504  Misses: 28  Evictions: 0  Overflows: 0  Memory Usage: 4kB
                                                         ->  Index Scan using genre_pkey on genre g  (cost=0.14..0.16 rows=1 width=11) (actual time=0.005..0.005 rows=1 loops=84)
                                                               Index Cond: (id = tg.genre_id)
                     ->  Memoize  (cost=0.30..1.62 rows=1 width=4) (actual time=0.016..0.016 rows=1 loops=7739)
                           Cache Key: uh.user_id
                           Cache Mode: logical
                           Hits: 276  Misses: 7463  Evictions: 0  Overflows: 0  Memory Usage: 756kB
                           ->  Index Scan using users_pkey on users u  (cost=0.29..1.61 rows=1 width=4) (actual time=0.016..0.016 rows=1 loops=7463)
                                 Index Cond: (id = uh.user_id)
                                 Filter: ((country_code)::text <> ALL ('{US,GB}'::text[]))
                                 Rows Removed by Filter: 0
 Planning Time: 14.451 ms
 JIT:
   Functions: 129
   Options: Inlining true, Optimization true, Expressions true, Deforming true
   Timing: Generation 7.145 ms, Inlining 274.237 ms, Optimization 566.943 ms, Emission 415.104 ms, Total 1263.429 ms
 Execution Time: 21926.781 ms
(67 rows)

