explain analyze SELECT n.id,
    n.primary_name,
    date_part('year', NOW())::int - n.birth_year AS age,
    count(*) AS roles
FROM name n
JOIN titlePrincipals tp ON tp.name_id = n.id
JOIN titlePrincipalsCharacters tpc ON tpc.title_id = tp.title_id
    AND tpc.name_id = tp.name_id
JOIN category c ON c.id = tp.category_id
JOIN title t ON t.id = tp.title_id
WHERE t.start_year >= date_part('year', NOW())::int - 10
    AND c.name = 'actress'
    AND n.death_year IS NULL
    AND t.title_type IN (
        'movie', 'tvSeries', 'tvMiniSeries', 'tvMovie'
    )
GROUP BY n.id
ORDER BY roles DESC
LIMIT 100;
                                                                                                     QUERY PLAN                                                                                                      
---------------------------------------------------------------------------------------------------------------------------------------------------------------------------------------------------------------------
 Limit  (cost=1292220.44..1292220.46 rows=11 width=36) (actual time=37343.049..37419.114 rows=100 loops=1)
   ->  Sort  (cost=1292220.44..1292220.46 rows=11 width=36) (actual time=36869.939..36945.994 rows=100 loops=1)
         Sort Key: (count(*)) DESC
         Sort Method: top-N heapsort  Memory: 38kB
         ->  GroupAggregate  (cost=1292219.94..1292220.25 rows=11 width=36) (actual time=36574.485..36907.304 rows=183837 loops=1)
               Group Key: n.id
               ->  Sort  (cost=1292219.94..1292219.97 rows=11 width=28) (actual time=36574.411..36787.390 rows=396348 loops=1)
                     Sort Key: n.id
                     Sort Method: external merge  Disk: 14320kB
                     ->  Gather  (cost=235565.15..1292219.75 rows=11 width=28) (actual time=11620.154..36127.581 rows=396348 loops=1)
                           Workers Planned: 2
                           Workers Launched: 2
                           ->  Nested Loop  (cost=234565.15..1291218.65 rows=5 width=28) (actual time=11605.307..36270.803 rows=132116 loops=3)
                                 ->  Nested Loop  (cost=234564.59..1291197.97 rows=5 width=20) (actual time=11603.479..23997.789 rows=132656 loops=3)
                                       ->  Parallel Hash Join  (cost=234564.03..1045130.45 rows=92380 width=30) (actual time=11601.647..12288.043 rows=149480 loops=3)
                                             Hash Cond: ((tp.title_id)::text = (t.id)::text)
                                             ->  Hash Join  (cost=1.16..781764.71 rows=1941667 width=20) (actual time=0.720..7869.384 rows=3185892 loops=3)
                                                   Hash Cond: (tp.category_id = c.id)
                                                   ->  Parallel Seq Scan on titleprincipals tp  (cost=0.00..699000.00 rows=23300000 width=24) (actual time=0.591..5904.266 rows=18639969 loops=3)
                                                   ->  Hash  (cost=1.15..1.15 rows=1 width=4) (actual time=0.064..0.066 rows=1 loops=3)
                                                         Buckets: 1024  Batches: 1  Memory Usage: 9kB
                                                         ->  Seq Scan on category c  (cost=0.00..1.15 rows=1 width=4) (actual time=0.057..0.058 rows=1 loops=3)
                                                               Filter: ((name)::text = 'actress'::text)
                                                               Rows Removed by Filter: 11
                                             ->  Parallel Hash  (cost=231176.09..231176.09 rows=194782 width=10) (actual time=2840.712..2840.713 rows=117416 loops=3)
                                                   Buckets: 131072  Batches: 8  Memory Usage: 3136kB
                                                   ->  Parallel Seq Scan on title t  (cost=0.00..231176.09 rows=194782 width=10) (actual time=226.782..2795.025 rows=117416 loops=3)
                                                         Filter: (((title_type)::text = ANY ('{movie,tvSeries,tvMiniSeries,tvMovie}'::text[])) AND (start_year >= ((date_part('year'::text, now()))::integer - 10)))
                                                         Rows Removed by Filter: 3156125
                                       ->  Index Only Scan using titleprincipalscharacters_pkey on titleprincipalscharacters tpc  (cost=0.56..2.65 rows=1 width=20) (actual time=0.077..0.078 rows=1 loops=448441)
                                             Index Cond: ((title_id = (tp.title_id)::text) AND (name_id = (tp.name_id)::text))
                                             Heap Fetches: 0
                                 ->  Index Scan using name_pkey on name n  (cost=0.56..4.14 rows=1 width=28) (actual time=0.092..0.092 rows=1 loops=397968)
                                       Index Cond: ((id)::text = (tp.name_id)::text)
                                       Filter: (death_year IS NULL)
                                       Rows Removed by Filter: 0
 Planning Time: 24.393 ms
 JIT:
   Functions: 104
   Options: Inlining true, Optimization true, Expressions true, Deforming true
   Timing: Generation 6.420 ms, Inlining 273.962 ms, Optimization 491.309 ms, Emission 373.857 ms, Total 1145.548 ms
 Execution Time: 37801.879 ms
(42 rows)

