explain analyze SELECT t.id, t.primary_title, tg.genres, te.season_number, count(*) AS views
FROM title t
JOIN titleEpisode te ON te.parent_title_id = t.id
JOIN userHistory uh ON uh.title_id = te.title_id
JOIN users u ON u.id = uh.user_id
JOIN (
    SELECT tg.title_id, array_agg(g.name) AS genres
    FROM titleGenre tg
    JOIN genre g ON g.id = tg.genre_id
    GROUP BY tg.title_id
) tg ON tg.title_id = t.id
WHERE t.title_type = 'tvSeries'
    AND uh.last_seen BETWEEN NOW() - INTERVAL '30 days' AND NOW()
    AND te.season_number IS NOT NULL
    AND u.country_code NOT IN ('US', 'GB')
GROUP BY t.id, t.primary_title, tg.genres, te.season_number
ORDER BY count(*) DESC, t.id
LIMIT 100;
                                                                                                   QUERY PLAN                                                                                                    
-----------------------------------------------------------------------------------------------------------------------------------------------------------------------------------------------------------------
 Limit  (cost=1145589.30..1145589.55 rows=100 width=74) (actual time=20452.583..20452.730 rows=100 loops=1)
   ->  Sort  (cost=1145589.30..1145629.86 rows=16225 width=74) (actual time=19934.704..19934.844 rows=100 loops=1)
         Sort Key: (count(*)) DESC, t.id
         Sort Method: top-N heapsort  Memory: 41kB
         ->  GroupAggregate  (cost=135976.51..1144969.19 rows=16225 width=74) (actual time=5198.899..19932.247 rows=6148 loops=1)
               Group Key: t.id, (array_agg(g.name)), te.season_number
               ->  Nested Loop  (cost=135976.51..1144644.69 rows=16225 width=66) (actual time=5198.382..19927.414 rows=7635 loops=1)
                     ->  Gather Merge  (cost=135976.20..1133881.48 rows=16345 width=70) (actual time=5197.655..19798.235 rows=7705 loops=1)
                           Workers Planned: 2
                           Workers Launched: 2
                           ->  Incremental Sort  (cost=134976.18..1130994.84 rows=6810 width=70) (actual time=5174.943..19412.574 rows=2568 loops=3)
                                 Sort Key: t.id, (array_agg(g.name)), te.season_number
                                 Presorted Key: t.id
                                 Full-sort Groups: 84  Sort Method: quicksort  Average Memory: 29kB  Peak Memory: 29kB
                                 Worker 0:  Full-sort Groups: 80  Sort Method: quicksort  Average Memory: 29kB  Peak Memory: 29kB
                                 Worker 1:  Full-sort Groups: 77  Sort Method: quicksort  Average Memory: 30kB  Peak Memory: 30kB
                                 ->  Merge Join  (cost=134829.93..1130688.39 rows=6810 width=70) (actual time=5154.815..19408.739 rows=2568 loops=3)
                                       Merge Cond: ((te.parent_title_id)::text = (tg.title_id)::text)
                                       ->  Sort  (cost=134829.23..134829.37 rows=57 width=48) (actual time=5086.674..5088.486 rows=2660 loops=3)
                                             Sort Key: t.id
                                             Sort Method: quicksort  Memory: 372kB
                                             Worker 0:  Sort Method: quicksort  Memory: 368kB
                                             Worker 1:  Sort Method: quicksort  Memory: 354kB
                                             ->  Nested Loop  (cost=0.87..134827.56 rows=57 width=48) (actual time=235.481..5080.730 rows=2660 loops=3)
                                                   ->  Nested Loop  (cost=0.43..133551.96 rows=2277 width=18) (actual time=234.444..3733.396 rows=2775 loops=3)
                                                         ->  Parallel Seq Scan on userhistory uh  (cost=0.00..111330.54 rows=2855 width=14) (actual time=232.093..1915.779 rows=3867 loops=3)
                                                               Filter: ((last_seen <= now()) AND (last_seen >= (now() - '30 days'::interval)))
                                                               Rows Removed by Filter: 1996763
                                                         ->  Index Scan using titleepisode_pkey on titleepisode te  (cost=0.43..7.78 rows=1 width=24) (actual time=0.468..0.468 rows=1 loops=11602)
                                                               Index Cond: ((title_id)::text = (uh.title_id)::text)
                                                               Filter: (season_number IS NOT NULL)
                                                               Rows Removed by Filter: 0
                                                   ->  Index Scan using title_pkey on title t  (cost=0.43..0.56 rows=1 width=30) (actual time=0.483..0.483 rows=1 loops=8326)
                                                         Index Cond: ((id)::text = (te.parent_title_id)::text)
                                                         Filter: ((title_type)::text = 'tvSeries'::text)
                                                         Rows Removed by Filter: 0
                                       ->  GroupAggregate  (cost=0.71..953129.70 rows=3412854 width=42) (actual time=1.183..13380.640 rows=9374750 loops=3)
                                             Group Key: tg.title_id
                                             ->  Nested Loop  (cost=0.71..834474.73 rows=15198860 width=17) (actual time=1.151..7137.595 rows=15193346 loops=3)
                                                   ->  Index Only Scan using titlegenre_pkey on titlegenre tg  (cost=0.56..462079.46 rows=15198860 width=14) (actual time=1.078..2409.163 rows=15193346 loops=3)
                                                         Heap Fetches: 0
                                                   ->  Memoize  (cost=0.15..0.17 rows=1 width=11) (actual time=0.000..0.000 rows=1 loops=45580039)
                                                         Cache Key: tg.genre_id
                                                         Cache Mode: logical
                                                         Hits: 15184479  Misses: 28  Evictions: 0  Overflows: 0  Memory Usage: 4kB
                                                         Worker 0:  Hits: 15197777  Misses: 28  Evictions: 0  Overflows: 0  Memory Usage: 4kB
                                                         Worker 1:  Hits: 15197699  Misses: 28  Evictions: 0  Overflows: 0  Memory Usage: 4kB
                                                         ->  Index Scan using genre_pkey on genre g  (cost=0.14..0.16 rows=1 width=11) (actual time=0.003..0.003 rows=1 loops=84)
                                                               Index Cond: (id = tg.genre_id)
                     ->  Memoize  (cost=0.30..1.61 rows=1 width=4) (actual time=0.016..0.016 rows=1 loops=7705)
                           Cache Key: uh.user_id
                           Cache Mode: logical
                           Hits: 274  Misses: 7431  Evictions: 0  Overflows: 0  Memory Usage: 753kB
                           ->  Index Scan using users_pkey on users u  (cost=0.29..1.60 rows=1 width=4) (actual time=0.016..0.016 rows=1 loops=7431)
                                 Index Cond: (id = uh.user_id)
                                 Filter: ((country_code)::text <> ALL ('{US,GB}'::text[]))
                                 Rows Removed by Filter: 0
 Planning Time: 14.224 ms
 JIT:
   Functions: 120
   Options: Inlining true, Optimization true, Expressions true, Deforming true
   Timing: Generation 6.843 ms, Inlining 280.095 ms, Optimization 536.154 ms, Emission 394.627 ms, Total 1217.717 ms
 Execution Time: 20795.984 ms
(63 rows)

