explain analyze SELECT t.id, t.primary_title, tg.genres, te.season_number, count(*) AS views
FROM title t
JOIN titleEpisode te ON te.parent_title_id = t.id
JOIN userHistory uh ON uh.title_id = te.title_id
JOIN users u ON u.id = uh.user_id
JOIN (
    SELECT tg.title_id, array_agg(g.name) AS genres
    FROM titleGenre tg
    JOIN genre g ON g.id = tg.genre_id
    GROUP BY tg.title_id
) tg ON tg.title_id = t.id
WHERE t.title_type = 'tvSeries'
    AND uh.last_seen BETWEEN NOW() - INTERVAL '30 days' AND NOW()
    AND te.season_number IS NOT NULL
    AND u.country_code NOT IN ('US', 'GB')
GROUP BY t.id, t.primary_title, tg.genres, te.season_number
ORDER BY count(*) DESC, t.id
LIMIT 100;
                                                                                                   QUERY PLAN                                                                                                    
-----------------------------------------------------------------------------------------------------------------------------------------------------------------------------------------------------------------
 Limit  (cost=1171263.60..1171263.85 rows=100 width=74) (actual time=20471.385..20471.524 rows=100 loops=1)
   ->  Sort  (cost=1171263.60..1171318.25 rows=21861 width=74) (actual time=19967.341..19967.473 rows=100 loops=1)
         Sort Key: (count(*)) DESC, t.id
         Sort Method: top-N heapsort  Memory: 41kB
         ->  GroupAggregate  (cost=136157.19..1170428.09 rows=21861 width=74) (actual time=5285.993..19964.969 rows=6145 loops=1)
               Group Key: t.id, (array_agg(g.name)), te.season_number
               ->  Nested Loop  (cost=136157.19..1169990.87 rows=21861 width=66) (actual time=5285.454..19959.952 rows=7631 loops=1)
                     ->  Gather Merge  (cost=136156.89..1159087.92 rows=22018 width=70) (actual time=5284.657..19822.610 rows=7701 loops=1)
                           Workers Planned: 2
                           Workers Launched: 2
                           ->  Incremental Sort  (cost=135156.86..1155546.47 rows=9174 width=70) (actual time=5259.771..19416.549 rows=2567 loops=3)
                                 Sort Key: t.id, (array_agg(g.name)), te.season_number
                                 Presorted Key: t.id
                                 Full-sort Groups: 83  Sort Method: quicksort  Average Memory: 30kB  Peak Memory: 30kB
                                 Worker 0:  Full-sort Groups: 79  Sort Method: quicksort  Average Memory: 29kB  Peak Memory: 29kB
                                 Worker 1:  Full-sort Groups: 78  Sort Method: quicksort  Average Memory: 29kB  Peak Memory: 29kB
                                 ->  Merge Join  (cost=135045.66..1155133.64 rows=9174 width=70) (actual time=5238.093..19412.858 rows=2567 loops=3)
                                       Merge Cond: ((te.parent_title_id)::text = (tg.title_id)::text)
                                       ->  Sort  (cost=135044.95..135045.10 rows=58 width=48) (actual time=5167.860..5169.647 rows=2658 loops=3)
                                             Sort Key: t.id
                                             Sort Method: quicksort  Memory: 372kB
                                             Worker 0:  Sort Method: quicksort  Memory: 364kB
                                             Worker 1:  Sort Method: quicksort  Memory: 357kB
                                             ->  Nested Loop  (cost=0.87..135043.25 rows=58 width=48) (actual time=230.388..5161.234 rows=2658 loops=3)
                                                   ->  Nested Loop  (cost=0.43..133760.64 rows=2287 width=18) (actual time=228.999..3783.405 rows=2774 loops=3)
                                                         ->  Parallel Seq Scan on userhistory uh  (cost=0.00..111331.01 rows=2884 width=14) (actual time=227.901..1966.424 rows=3865 loops=3)
                                                               Filter: ((last_seen <= now()) AND (last_seen >= (now() - '30 days'::interval)))
                                                               Rows Removed by Filter: 1996766
                                                         ->  Index Scan using titleepisode_pkey on titleepisode te  (cost=0.43..7.78 rows=1 width=24) (actual time=0.468..0.468 rows=1 loops=11595)
                                                               Index Cond: ((title_id)::text = (uh.title_id)::text)
                                                               Filter: (season_number IS NOT NULL)
                                                               Rows Removed by Filter: 0
                                                   ->  Index Scan using title_pkey on title t  (cost=0.43..0.56 rows=1 width=30) (actual time=0.494..0.494 rows=1 loops=8321)
                                                         Index Cond: ((id)::text = (te.parent_title_id)::text)
                                                         Filter: ((title_type)::text = 'tvSeries'::text)
                                                         Rows Removed by Filter: 0
                                       ->  GroupAggregate  (cost=0.71..965233.10 rows=4381126 width=42) (actual time=0.895..13245.726 rows=9375093 loops=3)
                                             Group Key: tg.title_id
                                             ->  Nested Loop  (cost=0.71..834474.73 rows=15198860 width=17) (actual time=0.859..7011.541 rows=15193863 loops=3)
                                                   ->  Index Only Scan using titlegenre_pkey on titlegenre tg  (cost=0.56..462079.46 rows=15198860 width=14) (actual time=0.767..2263.426 rows=15193863 loops=3)
                                                         Heap Fetches: 0
                                                   ->  Memoize  (cost=0.15..0.17 rows=1 width=11) (actual time=0.000..0.000 rows=1 loops=45581588)
                                                         Cache Key: tg.genre_id
                                                         Cache Mode: logical
                                                         Hits: 15197699  Misses: 28  Evictions: 0  Overflows: 0  Memory Usage: 4kB
                                                         Worker 0:  Hits: 15197777  Misses: 28  Evictions: 0  Overflows: 0  Memory Usage: 4kB
                                                         Worker 1:  Hits: 15186028  Misses: 28  Evictions: 0  Overflows: 0  Memory Usage: 4kB
                                                         ->  Index Scan using genre_pkey on genre g  (cost=0.14..0.16 rows=1 width=11) (actual time=0.004..0.004 rows=1 loops=84)
                                                               Index Cond: (id = tg.genre_id)
                     ->  Memoize  (cost=0.30..1.59 rows=1 width=4) (actual time=0.017..0.017 rows=1 loops=7701)
                           Cache Key: uh.user_id
                           Cache Mode: logical
                           Hits: 274  Misses: 7427  Evictions: 0  Overflows: 0  Memory Usage: 752kB
                           ->  Index Scan using users_pkey on users u  (cost=0.29..1.58 rows=1 width=4) (actual time=0.017..0.017 rows=1 loops=7427)
                                 Index Cond: (id = uh.user_id)
                                 Filter: ((country_code)::text <> ALL ('{US,GB}'::text[]))
                                 Rows Removed by Filter: 0
 Planning Time: 12.566 ms
 JIT:
   Functions: 120
   Options: Inlining true, Optimization true, Expressions true, Deforming true
   Timing: Generation 6.637 ms, Inlining 268.629 ms, Optimization 532.125 ms, Emission 386.556 ms, Total 1193.947 ms
 Execution Time: 20824.483 ms
(63 rows)

