explain analyze SELECT t.id, t.primary_title, tg.genres, te.season_number, count(*) AS views
FROM title t
JOIN titleEpisode te ON te.parent_title_id = t.id
JOIN userHistory uh ON uh.title_id = te.title_id
JOIN users u ON u.id = uh.user_id
JOIN (
    SELECT tg.title_id, array_agg(g.name) AS genres
    FROM titleGenre tg
    JOIN genre g ON g.id = tg.genre_id
    GROUP BY tg.title_id
) tg ON tg.title_id = t.id
WHERE t.title_type = 'tvSeries'
    AND uh.last_seen BETWEEN NOW() - INTERVAL '30 days' AND NOW()
    AND te.season_number IS NOT NULL
    AND u.country_code NOT IN ('US', 'GB')
GROUP BY t.id, t.primary_title, tg.genres, te.season_number
ORDER BY count(*) DESC, t.id
LIMIT 100;
                                                                                                   QUERY PLAN                                                                                                    
-----------------------------------------------------------------------------------------------------------------------------------------------------------------------------------------------------------------
 Limit  (cost=1167774.29..1167774.54 rows=100 width=74) (actual time=21514.591..21514.731 rows=100 loops=1)
   ->  Sort  (cost=1167774.29..1167826.96 rows=21069 width=74) (actual time=20986.524..20986.656 rows=100 loops=1)
         Sort Key: (count(*)) DESC, t.id
         Sort Method: top-N heapsort  Memory: 41kB
         ->  GroupAggregate  (cost=135987.34..1166969.05 rows=21069 width=74) (actual time=5507.737..20984.150 rows=6149 loops=1)
               Group Key: t.id, (array_agg(g.name)), te.season_number
               ->  Nested Loop  (cost=135987.34..1166547.67 rows=21069 width=66) (actual time=5507.211..20979.259 rows=7636 loops=1)
                     ->  Gather Merge  (cost=135987.04..1155665.09 rows=21222 width=70) (actual time=5506.034..20843.973 rows=7706 loops=1)
                           Workers Planned: 2
                           Workers Launched: 2
                           ->  Incremental Sort  (cost=134987.02..1152215.52 rows=8842 width=70) (actual time=5483.875..20174.175 rows=2569 loops=3)
                                 Sort Key: t.id, (array_agg(g.name)), te.season_number
                                 Presorted Key: t.id
                                 Full-sort Groups: 82  Sort Method: quicksort  Average Memory: 29kB  Peak Memory: 29kB
                                 Worker 0:  Full-sort Groups: 81  Sort Method: quicksort  Average Memory: 29kB  Peak Memory: 29kB
                                 Worker 1:  Full-sort Groups: 77  Sort Method: quicksort  Average Memory: 29kB  Peak Memory: 29kB
                                 ->  Merge Join  (cost=134871.99..1151817.63 rows=8842 width=70) (actual time=5461.979..20170.033 rows=2569 loops=3)
                                       Merge Cond: ((te.parent_title_id)::text = (tg.title_id)::text)
                                       ->  Sort  (cost=134871.28..134871.43 rows=58 width=48) (actual time=5396.545..5398.478 rows=2660 loops=3)
                                             Sort Key: t.id
                                             Sort Method: quicksort  Memory: 372kB
                                             Worker 0:  Sort Method: quicksort  Memory: 366kB
                                             Worker 1:  Sort Method: quicksort  Memory: 357kB
                                             ->  Nested Loop  (cost=0.87..134869.59 rows=58 width=48) (actual time=236.378..5390.089 rows=2660 loops=3)
                                                   ->  Nested Loop  (cost=0.43..133598.90 rows=2265 width=18) (actual time=235.312..3935.570 rows=2776 loops=3)
                                                         ->  Parallel Seq Scan on userhistory uh  (cost=0.00..111328.00 rows=2862 width=14) (actual time=234.289..2002.807 rows=3868 loops=3)
                                                               Filter: ((last_seen <= now()) AND (last_seen >= (now() - '30 days'::interval)))
                                                               Rows Removed by Filter: 1996762
                                                         ->  Index Scan using titleepisode_pkey on titleepisode te  (cost=0.43..7.78 rows=1 width=24) (actual time=0.497..0.497 rows=1 loops=11605)
                                                               Index Cond: ((title_id)::text = (uh.title_id)::text)
                                                               Filter: (season_number IS NOT NULL)
                                                               Rows Removed by Filter: 0
                                                   ->  Index Scan using title_pkey on title t  (cost=0.43..0.56 rows=1 width=30) (actual time=0.521..0.521 rows=1 loops=8328)
                                                         Index Cond: ((id)::text = (te.parent_title_id)::text)
                                                         Filter: ((title_type)::text = 'tvSeries'::text)
                                                         Rows Removed by Filter: 0
                                       ->  GroupAggregate  (cost=0.71..963654.00 rows=4256280 width=42) (actual time=1.278..13825.091 rows=9377470 loops=3)
                                             Group Key: tg.title_id
                                             ->  Nested Loop  (cost=0.71..834458.28 rows=15198444 width=17) (actual time=1.246..7174.141 rows=15197632 loops=3)
                                                   ->  Index Only Scan using titlegenre_pkey on titlegenre tg  (cost=0.56..462073.22 rows=15198444 width=14) (actual time=1.183..2490.914 rows=15197632 loops=3)
                                                         Heap Fetches: 0
                                                   ->  Memoize  (cost=0.15..0.17 rows=1 width=11) (actual time=0.000..0.000 rows=1 loops=45592895)
                                                         Cache Key: tg.genre_id
                                                         Cache Mode: logical
                                                         Hits: 15197335  Misses: 28  Evictions: 0  Overflows: 0  Memory Usage: 4kB
                                                         Worker 0:  Hits: 15197699  Misses: 28  Evictions: 0  Overflows: 0  Memory Usage: 4kB
                                                         Worker 1:  Hits: 15197777  Misses: 28  Evictions: 0  Overflows: 0  Memory Usage: 4kB
                                                         ->  Index Scan using genre_pkey on genre g  (cost=0.14..0.16 rows=1 width=11) (actual time=0.003..0.003 rows=1 loops=84)
                                                               Index Cond: (id = tg.genre_id)
                     ->  Memoize  (cost=0.30..1.60 rows=1 width=4) (actual time=0.017..0.017 rows=1 loops=7706)
                           Cache Key: uh.user_id
                           Cache Mode: logical
                           Hits: 274  Misses: 7432  Evictions: 0  Overflows: 0  Memory Usage: 753kB
                           ->  Index Scan using users_pkey on users u  (cost=0.29..1.59 rows=1 width=4) (actual time=0.017..0.017 rows=1 loops=7432)
                                 Index Cond: (id = uh.user_id)
                                 Filter: ((country_code)::text <> ALL ('{US,GB}'::text[]))
                                 Rows Removed by Filter: 0
 Planning Time: 13.622 ms
 JIT:
   Functions: 120
   Options: Inlining true, Optimization true, Expressions true, Deforming true
   Timing: Generation 7.187 ms, Inlining 281.041 ms, Optimization 544.722 ms, Emission 403.191 ms, Total 1236.140 ms
 Execution Time: 21896.592 ms
(63 rows)

