explain analyze SELECT t.id, t.primary_title, tg.genres, te.season_number, count(*) AS views
FROM title t
JOIN titleEpisode te ON te.parent_title_id = t.id
JOIN title t2 ON t2.id = te.title_id
JOIN userHistory uh ON uh.title_id = t2.id
JOIN users u ON u.id = uh.user_id
JOIN (
    SELECT tg.title_id, array_agg(g.name) AS genres
    FROM titleGenre tg
    JOIN genre g ON g.id = tg.genre_id
    GROUP BY tg.title_id
) tg ON tg.title_id = t.id
WHERE t.title_type = 'tvSeries'
    AND uh.last_seen BETWEEN NOW() - INTERVAL '30 days' AND NOW()
    AND te.season_number IS NOT NULL
    AND u.country_code NOT IN ('US', 'GB')
GROUP BY t.id, t.primary_title, tg.genres, te.season_number
ORDER BY count(*) DESC, t.id
LIMIT 100;
                                                                                                   QUERY PLAN                                                                                                    
-----------------------------------------------------------------------------------------------------------------------------------------------------------------------------------------------------------------
 Limit  (cost=1154063.50..1154063.75 rows=100 width=74) (actual time=22459.237..22459.387 rows=100 loops=1)
   ->  Sort  (cost=1154063.50..1154081.31 rows=7124 width=74) (actual time=21915.321..21915.464 rows=100 loops=1)
         Sort Key: (count(*)) DESC, t.id
         Sort Method: top-N heapsort  Memory: 41kB
         ->  GroupAggregate  (cost=118819.67..1153791.23 rows=7124 width=74) (actual time=6853.594..21912.785 rows=6149 loops=1)
               Group Key: t.id, (array_agg(g.name)), te.season_number
               ->  Nested Loop  (cost=118819.67..1153648.75 rows=7124 width=66) (actual time=6853.092..21907.515 rows=7637 loops=1)
                     ->  Gather Merge  (cost=118819.36..1145082.51 rows=7124 width=70) (actual time=6852.440..21763.874 rows=7707 loops=1)
                           Workers Planned: 2
                           Workers Launched: 2
                           ->  Incremental Sort  (cost=117819.34..1143260.20 rows=2968 width=70) (actual time=6828.919..21113.859 rows=2569 loops=3)
                                 Sort Key: t.id, (array_agg(g.name)), te.season_number
                                 Presorted Key: t.id
                                 Full-sort Groups: 81  Sort Method: quicksort  Average Memory: 29kB  Peak Memory: 29kB
                                 Worker 0:  Full-sort Groups: 80  Sort Method: quicksort  Average Memory: 29kB  Peak Memory: 29kB
                                 Worker 1:  Full-sort Groups: 79  Sort Method: quicksort  Average Memory: 29kB  Peak Memory: 29kB
                                 ->  Merge Join  (cost=117473.76..1143126.64 rows=2968 width=70) (actual time=6806.751..21109.718 rows=2569 loops=3)
                                       Merge Cond: ((te.parent_title_id)::text = (tg.title_id)::text)
                                       ->  Sort  (cost=117473.05..117473.10 rows=18 width=48) (actual time=6735.390..6737.519 rows=2660 loops=3)
                                             Sort Key: t.id
                                             Sort Method: quicksort  Memory: 365kB
                                             Worker 0:  Sort Method: quicksort  Memory: 365kB
                                             Worker 1:  Sort Method: quicksort  Memory: 365kB
                                             ->  Nested Loop  (cost=1.30..117472.68 rows=18 width=48) (actual time=253.790..6728.218 rows=2660 loops=3)
                                                   ->  Nested Loop  (cost=0.87..117068.29 rows=721 width=18) (actual time=252.672..5379.983 rows=2776 loops=3)
                                                         ->  Nested Loop  (cost=0.43..116489.09 rows=1198 width=24) (actual time=251.039..3396.115 rows=3869 loops=3)
                                                               ->  Parallel Seq Scan on userhistory uh  (cost=0.00..111330.01 rows=1198 width=14) (actual time=249.915..2027.060 rows=3869 loops=3)
                                                                     Filter: ((last_seen <= now()) AND (last_seen >= (now() - '30 days'::interval)))
                                                                     Rows Removed by Filter: 1996762
                                                               ->  Index Only Scan using title_pkey on title t2  (cost=0.43..4.31 rows=1 width=10) (actual time=0.351..0.351 rows=1 loops=11607)
                                                                     Index Cond: (id = (uh.title_id)::text)
                                                                     Heap Fetches: 0
                                                         ->  Index Scan using titleepisode_pkey on titleepisode te  (cost=0.43..0.48 rows=1 width=24) (actual time=0.510..0.510 rows=1 loops=11607)
                                                               Index Cond: ((title_id)::text = (t2.id)::text)
                                                               Filter: (season_number IS NOT NULL)
                                                               Rows Removed by Filter: 0
                                                   ->  Index Scan using title_pkey on title t  (cost=0.43..0.56 rows=1 width=30) (actual time=0.482..0.482 rows=1 loops=8329)
                                                         Index Cond: ((id)::text = (te.parent_title_id)::text)
                                                         Filter: ((title_type)::text = 'tvSeries'::text)
                                                         Rows Removed by Filter: 0
                                       ->  GroupAggregate  (cost=0.71..968046.35 rows=4606186 width=42) (actual time=1.484..13415.184 rows=9375093 loops=3)
                                             Group Key: tg.title_id
                                             ->  Nested Loop  (cost=0.71..834474.73 rows=15198860 width=17) (actual time=1.456..7116.416 rows=15193863 loops=3)
                                                   ->  Index Only Scan using titlegenre_pkey on titlegenre tg  (cost=0.56..462079.46 rows=15198860 width=14) (actual time=1.372..2353.759 rows=15193863 loops=3)
                                                         Heap Fetches: 0
                                                   ->  Memoize  (cost=0.15..0.17 rows=1 width=11) (actual time=0.000..0.000 rows=1 loops=45581588)
                                                         Cache Key: tg.genre_id
                                                         Cache Mode: logical
                                                         Hits: 15186028  Misses: 28  Evictions: 0  Overflows: 0  Memory Usage: 4kB
                                                         Worker 0:  Hits: 15197699  Misses: 28  Evictions: 0  Overflows: 0  Memory Usage: 4kB
                                                         Worker 1:  Hits: 15197777  Misses: 28  Evictions: 0  Overflows: 0  Memory Usage: 4kB
                                                         ->  Index Scan using genre_pkey on genre g  (cost=0.14..0.16 rows=1 width=11) (actual time=0.003..0.003 rows=1 loops=84)
                                                               Index Cond: (id = tg.genre_id)
                     ->  Memoize  (cost=0.30..3.00 rows=1 width=4) (actual time=0.018..0.018 rows=1 loops=7707)
                           Cache Key: uh.user_id
                           Cache Mode: logical
                           Hits: 274  Misses: 7433  Evictions: 0  Overflows: 0  Memory Usage: 753kB
                           ->  Index Scan using users_pkey on users u  (cost=0.29..2.99 rows=1 width=4) (actual time=0.018..0.018 rows=1 loops=7433)
                                 Index Cond: (id = uh.user_id)
                                 Filter: ((country_code)::text <> ALL ('{US,GB}'::text[]))
                                 Rows Removed by Filter: 0
 Planning Time: 15.856 ms
 JIT:
   Functions: 129
   Options: Inlining true, Optimization true, Expressions true, Deforming true
   Timing: Generation 7.609 ms, Inlining 286.514 ms, Optimization 575.264 ms, Emission 431.648 ms, Total 1301.035 ms
 Execution Time: 22822.473 ms
(67 rows)

