explain analyze SELECT n.id,
    n.primary_name,
    date_part('year', NOW())::int - n.birth_year AS age,
    count(*) AS roles
FROM name n
JOIN titlePrincipals tp ON tp.name_id = n.id
JOIN titlePrincipalsCharacters tpc ON tpc.title_id = tp.title_id
    AND tpc.name_id = tp.name_id
JOIN category c ON c.id = tp.category_id
JOIN title t ON t.id = tp.title_id
LEFT JOIN titleEpisode te ON te.title_id = tp.title_id
WHERE t.start_year >= date_part('year', NOW())::int - 10
    AND c.name = 'actress'
    AND n.death_year IS NULL
    AND t.title_type IN (
        'movie', 'tvSeries', 'tvMiniSeries', 'tvMovie'
    )
    AND te.title_id IS NULL
GROUP BY n.id
ORDER BY roles DESC
LIMIT 100;
                                                                                               QUERY PLAN                                                                                               
--------------------------------------------------------------------------------------------------------------------------------------------------------------------------------------------------------
 Limit  (cost=971347.82..971347.83 rows=1 width=36) (actual time=162116.672..162249.765 rows=100 loops=1)
   ->  Sort  (cost=971347.82..971347.83 rows=1 width=36) (actual time=161636.783..161769.869 rows=100 loops=1)
         Sort Key: (count(*)) DESC
         Sort Method: top-N heapsort  Memory: 38kB
         ->  GroupAggregate  (cost=971347.78..971347.81 rows=1 width=36) (actual time=161331.277..161731.523 rows=183837 loops=1)
               Group Key: n.id
               ->  Sort  (cost=971347.78..971347.79 rows=1 width=28) (actual time=161331.219..161611.249 rows=396348 loops=1)
                     Sort Key: n.id
                     Sort Method: external merge  Disk: 14328kB
                     ->  Nested Loop  (cost=139514.91..971347.77 rows=1 width=28) (actual time=11854.381..160827.329 rows=396348 loops=1)
                           ->  Nested Loop  (cost=139514.35..971345.02 rows=1 width=58) (actual time=11853.280..118572.858 rows=446348 loops=1)
                                 ->  Nested Loop  (cost=139513.91..971340.79 rows=1 width=48) (actual time=10326.640..72713.905 rows=2342630 loops=1)
                                       ->  Gather  (cost=139513.35..971336.42 rows=1 width=20) (actual time=10309.616..10945.725 rows=2627555 loops=1)
                                             Workers Planned: 2
                                             Workers Launched: 2
                                             ->  Parallel Hash Anti Join  (cost=138513.35..970336.32 rows=1 width=20) (actual time=10287.030..11246.707 rows=875852 loops=3)
                                                   Hash Cond: ((tp.title_id)::text = (te.title_id)::text)
                                                   ->  Hash Join  (cost=1.16..781764.71 rows=1941667 width=20) (actual time=0.874..7291.687 rows=3185892 loops=3)
                                                         Hash Cond: (tp.category_id = c.id)
                                                         ->  Parallel Seq Scan on titleprincipals tp  (cost=0.00..699000.00 rows=23300000 width=24) (actual time=0.734..5324.951 rows=18639969 loops=3)
                                                         ->  Hash  (cost=1.15..1.15 rows=1 width=4) (actual time=0.061..0.063 rows=1 loops=3)
                                                               Buckets: 1024  Batches: 1  Memory Usage: 9kB
                                                               ->  Seq Scan on category c  (cost=0.00..1.15 rows=1 width=4) (actual time=0.054..0.055 rows=1 loops=3)
                                                                     Filter: ((name)::text = 'actress'::text)
                                                                     Rows Removed by Filter: 11
                                                   ->  Parallel Hash  (cost=84508.75..84508.75 rows=3106675 width=10) (actual time=1966.150..1966.151 rows=2485475 loops=3)
                                                         Buckets: 131072  Batches: 128  Memory Usage: 3840kB
                                                         ->  Parallel Seq Scan on titleepisode te  (cost=0.00..84508.75 rows=3106675 width=10) (actual time=129.542..1372.746 rows=2485475 loops=3)
                                       ->  Index Scan using name_pkey on name n  (cost=0.56..4.37 rows=1 width=28) (actual time=0.023..0.023 rows=1 loops=2627555)
                                             Index Cond: ((id)::text = (tp.name_id)::text)
                                             Filter: (death_year IS NULL)
                                             Rows Removed by Filter: 0
                                 ->  Index Scan using title_pkey on title t  (cost=0.43..4.22 rows=1 width=10) (actual time=0.019..0.019 rows=0 loops=2342630)
                                       Index Cond: ((id)::text = (tp.title_id)::text)
                                       Filter: (((title_type)::text = ANY ('{movie,tvSeries,tvMiniSeries,tvMovie}'::text[])) AND (start_year >= ((date_part('year'::text, now()))::integer - 10)))
                                       Rows Removed by Filter: 1
                           ->  Index Only Scan using titleprincipalscharacters_pkey on titleprincipalscharacters tpc  (cost=0.56..2.74 rows=1 width=20) (actual time=0.094..0.094 rows=1 loops=446348)
                                 Index Cond: ((title_id = (tp.title_id)::text) AND (name_id = (tp.name_id)::text))
                                 Heap Fetches: 0
 Planning Time: 23.480 ms
 JIT:
   Functions: 80
   Options: Inlining true, Optimization true, Expressions true, Deforming true
   Timing: Generation 4.698 ms, Inlining 244.005 ms, Optimization 352.374 ms, Emission 271.479 ms, Total 872.556 ms
 Execution Time: 162601.906 ms
(45 rows)

