explain analyze SELECT n.id,
    n.primary_name,
    date_part('year', NOW())::int - n.birth_year AS age,
    count(*) AS roles
FROM name n
JOIN titlePrincipals tp ON tp.name_id = n.id
JOIN titlePrincipalsCharacters tpc ON tpc.title_id = tp.title_id
    AND tpc.name_id = tp.name_id
JOIN category c ON c.id = tp.category_id
JOIN title t ON t.id = tp.title_id
LEFT JOIN titleEpisode te ON te.title_id = tp.title_id
WHERE t.start_year >= date_part('year', NOW())::int - 10
    AND c.name = 'actress'
    AND n.death_year IS NULL
    AND t.title_type IN (
        'movie', 'tvSeries', 'tvMiniSeries', 'tvMovie'
    )
    AND te.title_id IS NULL
GROUP BY n.id
ORDER BY roles DESC
LIMIT 100;
                                                                                               QUERY PLAN                                                                                               
--------------------------------------------------------------------------------------------------------------------------------------------------------------------------------------------------------
 Limit  (cost=971346.33..971346.34 rows=1 width=36) (actual time=154156.886..154292.703 rows=100 loops=1)
   ->  Sort  (cost=971346.33..971346.34 rows=1 width=36) (actual time=153662.506..153798.315 rows=100 loops=1)
         Sort Key: (count(*)) DESC
         Sort Method: top-N heapsort  Memory: 38kB
         ->  GroupAggregate  (cost=971346.29..971346.32 rows=1 width=36) (actual time=153373.051..153759.887 rows=183837 loops=1)
               Group Key: n.id
               ->  Sort  (cost=971346.29..971346.30 rows=1 width=28) (actual time=153372.992..153638.526 rows=396348 loops=1)
                     Sort Key: n.id
                     Sort Method: external merge  Disk: 14328kB
                     ->  Nested Loop  (cost=139513.52..971346.28 rows=1 width=28) (actual time=12461.369..152951.897 rows=396348 loops=1)
                           ->  Nested Loop  (cost=139512.95..971343.62 rows=1 width=58) (actual time=11613.063..118613.868 rows=446348 loops=1)
                                 ->  Nested Loop  (cost=139512.52..971339.40 rows=1 width=48) (actual time=10802.524..73023.971 rows=2342630 loops=1)
                                       ->  Gather  (cost=139511.96..971335.02 rows=1 width=20) (actual time=10791.034..11412.447 rows=2627555 loops=1)
                                             Workers Planned: 2
                                             Workers Launched: 2
                                             ->  Parallel Hash Anti Join  (cost=138511.96..970334.92 rows=1 width=20) (actual time=10780.020..11773.781 rows=875852 loops=3)
                                                   Hash Cond: ((tp.title_id)::text = (te.title_id)::text)
                                                   ->  Hash Join  (cost=1.16..781764.71 rows=1941667 width=20) (actual time=1.018..7609.245 rows=3185892 loops=3)
                                                         Hash Cond: (tp.category_id = c.id)
                                                         ->  Parallel Seq Scan on titleprincipals tp  (cost=0.00..699000.00 rows=23300000 width=24) (actual time=0.861..5549.762 rows=18639969 loops=3)
                                                         ->  Hash  (cost=1.15..1.15 rows=1 width=4) (actual time=0.063..0.065 rows=1 loops=3)
                                                               Buckets: 1024  Batches: 1  Memory Usage: 9kB
                                                               ->  Seq Scan on category c  (cost=0.00..1.15 rows=1 width=4) (actual time=0.056..0.057 rows=1 loops=3)
                                                                     Filter: ((name)::text = 'actress'::text)
                                                                     Rows Removed by Filter: 11
                                                   ->  Parallel Hash  (cost=84508.13..84508.13 rows=3106613 width=10) (actual time=2016.828..2016.829 rows=2485475 loops=3)
                                                         Buckets: 131072  Batches: 128  Memory Usage: 3808kB
                                                         ->  Parallel Seq Scan on titleepisode te  (cost=0.00..84508.13 rows=3106613 width=10) (actual time=132.812..1407.015 rows=2485475 loops=3)
                                       ->  Index Scan using name_pkey on name n  (cost=0.56..4.37 rows=1 width=28) (actual time=0.023..0.023 rows=1 loops=2627555)
                                             Index Cond: ((id)::text = (tp.name_id)::text)
                                             Filter: (death_year IS NULL)
                                             Rows Removed by Filter: 0
                                 ->  Index Scan using title_pkey on title t  (cost=0.43..4.22 rows=1 width=10) (actual time=0.019..0.019 rows=0 loops=2342630)
                                       Index Cond: ((id)::text = (tp.title_id)::text)
                                       Filter: (((title_type)::text = ANY ('{movie,tvSeries,tvMiniSeries,tvMovie}'::text[])) AND (start_year >= ((date_part('year'::text, now()))::integer - 10)))
                                       Rows Removed by Filter: 1
                           ->  Index Only Scan using tpc_title_name on titleprincipalscharacters tpc  (cost=0.56..2.65 rows=1 width=20) (actual time=0.076..0.076 rows=1 loops=446348)
                                 Index Cond: ((title_id = (tp.title_id)::text) AND (name_id = (tp.name_id)::text))
                                 Heap Fetches: 0
 Planning Time: 24.556 ms
 JIT:
   Functions: 80
   Options: Inlining true, Optimization true, Expressions true, Deforming true
   Timing: Generation 4.852 ms, Inlining 252.599 ms, Optimization 360.702 ms, Emission 279.079 ms, Total 897.231 ms
 Execution Time: 154653.118 ms
(45 rows)

