explain analyze SELECT n.id,
    n.primary_name,
    date_part('year', NOW())::int - n.birth_year AS age,
    count(*) AS roles
FROM name n
JOIN titlePrincipals tp ON tp.name_id = n.id
JOIN titlePrincipalsCharacters tpc ON tpc.title_id = tp.title_id
    AND tpc.name_id = tp.name_id
JOIN category c ON c.id = tp.category_id
JOIN title t ON t.id = tp.title_id
WHERE t.start_year >= date_part('year', NOW())::int - 10
    AND c.name = 'actress'
    AND n.death_year IS NULL
    AND t.title_type IN (
        'movie', 'tvSeries', 'tvMiniSeries', 'tvMovie'
    )
GROUP BY n.id
ORDER BY roles DESC
LIMIT 100;
                                                                                                        QUERY PLAN                                                                                                         
---------------------------------------------------------------------------------------------------------------------------------------------------------------------------------------------------------------------------
 Limit  (cost=1275466.87..1275466.90 rows=13 width=36) (actual time=30913.466..30994.069 rows=100 loops=1)
   ->  Sort  (cost=1275466.87..1275466.90 rows=13 width=36) (actual time=30411.852..30492.448 rows=100 loops=1)
         Sort Key: (count(*)) DESC
         Sort Method: top-N heapsort  Memory: 38kB
         ->  Finalize GroupAggregate  (cost=1275465.08..1275466.63 rows=13 width=36) (actual time=30134.755..30452.475 rows=183837 loops=1)
               Group Key: n.id
               ->  Gather Merge  (cost=1275465.08..1275466.32 rows=10 width=36) (actual time=30134.708..30353.367 rows=250671 loops=1)
                     Workers Planned: 2
                     Workers Launched: 2
                     ->  Partial GroupAggregate  (cost=1274465.05..1274465.14 rows=5 width=36) (actual time=30113.202..30185.063 rows=83557 loops=3)
                           Group Key: n.id
                           ->  Sort  (cost=1274465.05..1274465.07 rows=5 width=28) (actual time=30113.147..30146.512 rows=132116 loops=3)
                                 Sort Key: n.id
                                 Sort Method: external merge  Disk: 4792kB
                                 Worker 0:  Sort Method: external merge  Disk: 4760kB
                                 Worker 1:  Sort Method: external merge  Disk: 4768kB
                                 ->  Nested Loop  (cost=234380.17..1274464.99 rows=5 width=28) (actual time=10713.706..29910.391 rows=132116 loops=3)
                                       ->  Nested Loop  (cost=234379.61..1274444.31 rows=5 width=20) (actual time=10712.497..19110.899 rows=132656 loops=3)
                                             ->  Parallel Hash Join  (cost=234379.04..1044915.46 rows=89573 width=30) (actual time=10709.800..11315.925 rows=149480 loops=3)
                                                   Hash Cond: ((tp.title_id)::text = (t.id)::text)
                                                   ->  Hash Join  (cost=1.16..781764.71 rows=1941667 width=20) (actual time=0.472..7176.276 rows=3185892 loops=3)
                                                         Hash Cond: (tp.category_id = c.id)
                                                         ->  Parallel Seq Scan on titleprincipals tp  (cost=0.00..699000.00 rows=23300000 width=24) (actual time=0.354..5256.177 rows=18639969 loops=3)
                                                         ->  Hash  (cost=1.15..1.15 rows=1 width=4) (actual time=0.054..0.056 rows=1 loops=3)
                                                               Buckets: 1024  Batches: 1  Memory Usage: 9kB
                                                               ->  Seq Scan on category c  (cost=0.00..1.15 rows=1 width=4) (actual time=0.048..0.049 rows=1 loops=3)
                                                                     Filter: ((name)::text = 'actress'::text)
                                                                     Rows Removed by Filter: 11
                                                   ->  Parallel Hash  (cost=231096.74..231096.74 rows=188731 width=10) (actual time=2663.035..2663.036 rows=117416 loops=3)
                                                         Buckets: 131072  Batches: 8  Memory Usage: 3136kB
                                                         ->  Parallel Seq Scan on title t  (cost=0.00..231096.74 rows=188731 width=10) (actual time=259.708..2619.288 rows=117416 loops=3)
                                                               Filter: (((title_type)::text = ANY ('{movie,tvSeries,tvMiniSeries,tvMovie}'::text[])) AND (start_year >= ((date_part('year'::text, now()))::integer - 10)))
                                                               Rows Removed by Filter: 3156125
                                             ->  Index Only Scan using tpc_title_name on titleprincipalscharacters tpc  (cost=0.56..2.55 rows=1 width=20) (actual time=0.051..0.051 rows=1 loops=448441)
                                                   Index Cond: ((title_id = (tp.title_id)::text) AND (name_id = (tp.name_id)::text))
                                                   Heap Fetches: 0
                                       ->  Index Scan using name_pkey on name n  (cost=0.56..4.14 rows=1 width=28) (actual time=0.081..0.081 rows=1 loops=397968)
                                             Index Cond: ((id)::text = (tp.name_id)::text)
                                             Filter: (death_year IS NULL)
                                             Rows Removed by Filter: 0
 Planning Time: 19.541 ms
 JIT:
   Functions: 115
   Options: Inlining true, Optimization true, Expressions true, Deforming true
   Timing: Generation 7.122 ms, Inlining 281.877 ms, Optimization 555.552 ms, Emission 426.071 ms, Total 1270.622 ms
 Execution Time: 31349.550 ms
(46 rows)

