explain analyze SELECT n.id,
    n.primary_name,
    date_part('year', NOW())::int - n.birth_year AS age,
    count(*) AS roles
FROM name n
JOIN titlePrincipals tp ON tp.name_id = n.id
JOIN titlePrincipalsCharacters tpc ON tpc.title_id = tp.title_id
    AND tpc.name_id = tp.name_id
JOIN category c ON c.id = tp.category_id
JOIN title t ON t.id = tp.title_id
WHERE t.start_year >= date_part('year', NOW())::int - 10
    AND c.name = 'actress'
    AND n.death_year IS NULL
    AND t.title_type IN (
        'movie', 'tvSeries', 'tvMiniSeries', 'tvMovie'
    )
GROUP BY n.id
ORDER BY roles DESC
LIMIT 100;
                                                                                                        QUERY PLAN                                                                                                         
---------------------------------------------------------------------------------------------------------------------------------------------------------------------------------------------------------------------------
 Limit  (cost=1281649.15..1281649.19 rows=13 width=36) (actual time=31308.236..31391.689 rows=100 loops=1)
   ->  Sort  (cost=1281649.15..1281649.19 rows=13 width=36) (actual time=30806.651..30890.096 rows=100 loops=1)
         Sort Key: (count(*)) DESC
         Sort Method: top-N heapsort  Memory: 38kB
         ->  Finalize GroupAggregate  (cost=1281647.36..1281648.91 rows=13 width=36) (actual time=30529.991..30850.024 rows=183837 loops=1)
               Group Key: n.id
               ->  Gather Merge  (cost=1281647.36..1281648.60 rows=10 width=36) (actual time=30529.965..30752.361 rows=250355 loops=1)
                     Workers Planned: 2
                     Workers Launched: 2
                     ->  Partial GroupAggregate  (cost=1280647.34..1280647.42 rows=5 width=36) (actual time=30508.148..30590.432 rows=83452 loops=3)
                           Group Key: n.id
                           ->  Sort  (cost=1280647.34..1280647.35 rows=5 width=28) (actual time=30508.099..30546.078 rows=132116 loops=3)
                                 Sort Key: n.id
                                 Sort Method: external merge  Disk: 4744kB
                                 Worker 0:  Sort Method: external merge  Disk: 4768kB
                                 Worker 1:  Sort Method: external merge  Disk: 4816kB
                                 ->  Nested Loop  (cost=234475.63..1280647.28 rows=5 width=28) (actual time=10894.729..30315.601 rows=132116 loops=3)
                                       ->  Nested Loop  (cost=234475.07..1280626.59 rows=5 width=20) (actual time=10893.364..19333.238 rows=132656 loops=3)
                                             ->  Parallel Hash Join  (cost=234474.50..1045034.92 rows=91939 width=30) (actual time=10890.475..11494.950 rows=149480 loops=3)
                                                   Hash Cond: ((tp.title_id)::text = (t.id)::text)
                                                   ->  Hash Join  (cost=1.16..781764.71 rows=1941667 width=20) (actual time=0.772..7336.972 rows=3185892 loops=3)
                                                         Hash Cond: (tp.category_id = c.id)
                                                         ->  Parallel Seq Scan on titleprincipals tp  (cost=0.00..699000.00 rows=23300000 width=24) (actual time=0.604..5395.510 rows=18639969 loops=3)
                                                         ->  Hash  (cost=1.15..1.15 rows=1 width=4) (actual time=0.090..0.092 rows=1 loops=3)
                                                               Buckets: 1024  Batches: 1  Memory Usage: 9kB
                                                               ->  Seq Scan on category c  (cost=0.00..1.15 rows=1 width=4) (actual time=0.082..0.083 rows=1 loops=3)
                                                                     Filter: ((name)::text = 'actress'::text)
                                                                     Rows Removed by Filter: 11
                                                   ->  Parallel Hash  (cost=231105.70..231105.70 rows=193731 width=10) (actual time=2698.231..2698.232 rows=117416 loops=3)
                                                         Buckets: 131072  Batches: 8  Memory Usage: 3136kB
                                                         ->  Parallel Seq Scan on title t  (cost=0.00..231105.70 rows=193731 width=10) (actual time=248.993..2655.521 rows=117416 loops=3)
                                                               Filter: (((title_type)::text = ANY ('{movie,tvSeries,tvMiniSeries,tvMovie}'::text[])) AND (start_year >= ((date_part('year'::text, now()))::integer - 10)))
                                                               Rows Removed by Filter: 3156125
                                             ->  Index Only Scan using tpc_title_name on titleprincipalscharacters tpc  (cost=0.56..2.55 rows=1 width=20) (actual time=0.052..0.052 rows=1 loops=448441)
                                                   Index Cond: ((title_id = (tp.title_id)::text) AND (name_id = (tp.name_id)::text))
                                                   Heap Fetches: 0
                                       ->  Index Scan using name_pkey on name n  (cost=0.56..4.14 rows=1 width=28) (actual time=0.082..0.082 rows=1 loops=397968)
                                             Index Cond: ((id)::text = (tp.name_id)::text)
                                             Filter: (death_year IS NULL)
                                             Rows Removed by Filter: 0
 Planning Time: 18.673 ms
 JIT:
   Functions: 115
   Options: Inlining true, Optimization true, Expressions true, Deforming true
   Timing: Generation 7.098 ms, Inlining 270.843 ms, Optimization 539.524 ms, Emission 420.373 ms, Total 1237.837 ms
 Execution Time: 31728.353 ms
(46 rows)

