explain analyze SELECT t.id, t.primary_title, tg.genres, te.season_number, count(*) AS views
FROM title t
JOIN titleEpisode te ON te.parent_title_id = t.id
JOIN title t2 ON t2.id = te.title_id
JOIN userHistory uh ON uh.title_id = t2.id
JOIN users u ON u.id = uh.user_id
JOIN (
    SELECT tg.title_id, array_agg(g.name) AS genres
    FROM titleGenre tg
    JOIN genre g ON g.id = tg.genre_id
    GROUP BY tg.title_id
) tg ON tg.title_id = t.id
WHERE t.title_type = 'tvSeries'
    AND uh.last_seen BETWEEN NOW() - INTERVAL '30 days' AND NOW()
    AND te.season_number IS NOT NULL
    AND u.country_code NOT IN ('US', 'GB')
GROUP BY t.id, t.primary_title, tg.genres, te.season_number
ORDER BY count(*) DESC, t.id
LIMIT 100;
                                                                                                   QUERY PLAN                                                                                                    
-----------------------------------------------------------------------------------------------------------------------------------------------------------------------------------------------------------------
 Limit  (cost=1148392.14..1148392.39 rows=100 width=74) (actual time=21299.950..21300.092 rows=100 loops=1)
   ->  Sort  (cost=1148392.14..1148426.89 rows=13899 width=74) (actual time=20768.260..20768.395 rows=100 loops=1)
         Sort Key: (count(*)) DESC, t.id
         Sort Method: top-N heapsort  Memory: 41kB
         ->  GroupAggregate  (cost=126606.21..1147860.93 rows=13899 width=74) (actual time=6169.964..20765.821 rows=6117 loops=1)
               Group Key: t.id, (array_agg(g.name)), te.season_number
               ->  Nested Loop  (cost=126606.21..1147582.95 rows=13899 width=66) (actual time=6169.546..20760.858 rows=7588 loops=1)
                     ->  Gather Merge  (cost=126605.91..1136870.60 rows=14041 width=70) (actual time=6168.857..20625.966 rows=7658 loops=1)
                           Workers Planned: 2
                           Workers Launched: 2
                           ->  Incremental Sort  (cost=125605.88..1134249.90 rows=5850 width=70) (actual time=6142.909..20346.311 rows=2553 loops=3)
                                 Sort Key: t.id, (array_agg(g.name)), te.season_number
                                 Presorted Key: t.id
                                 Full-sort Groups: 82  Sort Method: quicksort  Average Memory: 29kB  Peak Memory: 29kB
                                 Worker 0:  Full-sort Groups: 79  Sort Method: quicksort  Average Memory: 29kB  Peak Memory: 29kB
                                 Worker 1:  Full-sort Groups: 78  Sort Method: quicksort  Average Memory: 29kB  Peak Memory: 29kB
                                 ->  Merge Join  (cost=125433.47..1133986.65 rows=5850 width=70) (actual time=6122.728..20342.410 rows=2553 loops=3)
                                       Merge Cond: ((te.parent_title_id)::text = (tg.title_id)::text)
                                       ->  Sort  (cost=125432.76..125432.87 rows=41 width=48) (actual time=6052.764..6054.531 rows=2643 loops=3)
                                             Sort Key: t.id
                                             Sort Method: quicksort  Memory: 373kB
                                             Worker 0:  Sort Method: quicksort  Memory: 360kB
                                             Worker 1:  Sort Method: quicksort  Memory: 356kB
                                             ->  Nested Loop  (cost=1.30..125431.67 rows=41 width=48) (actual time=246.796..6046.506 rows=2643 loops=3)
                                                   ->  Nested Loop  (cost=0.87..124469.66 rows=1715 width=18) (actual time=245.778..4843.851 rows=2759 loops=3)
                                                         ->  Nested Loop  (cost=0.43..123089.89 rows=2854 width=24) (actual time=244.691..3106.746 rows=3844 loops=3)
                                                               ->  Parallel Seq Scan on userhistory uh  (cost=0.00..111329.20 rows=2854 width=14) (actual time=243.830..1904.379 rows=3844 loops=3)
                                                                     Filter: ((last_seen <= now()) AND (last_seen >= (now() - '30 days'::interval)))
                                                                     Rows Removed by Filter: 1996786
                                                               ->  Index Only Scan using title_pkey on title t2  (cost=0.43..4.12 rows=1 width=10) (actual time=0.310..0.310 rows=1 loops=11533)
                                                                     Index Cond: (id = (uh.title_id)::text)
                                                                     Heap Fetches: 0
                                                         ->  Index Scan using titleepisode_pkey on titleepisode te  (cost=0.43..0.48 rows=1 width=24) (actual time=0.450..0.450 rows=1 loops=11533)
                                                               Index Cond: ((title_id)::text = (t2.id)::text)
                                                               Filter: (season_number IS NOT NULL)
                                                               Rows Removed by Filter: 0
                                                   ->  Index Scan using title_pkey on title t  (cost=0.43..0.56 rows=1 width=30) (actual time=0.433..0.433 rows=1 loops=8276)
                                                         Index Cond: ((id)::text = (te.parent_title_id)::text)
                                                         Filter: ((title_type)::text = 'tvSeries'::text)
                                                         Rows Removed by Filter: 0
                                       ->  GroupAggregate  (cost=0.71..959482.28 rows=3921060 width=42) (actual time=0.993..13328.718 rows=9373934 loops=3)
                                             Group Key: tg.title_id
                                             ->  Nested Loop  (cost=0.71..834474.73 rows=15198860 width=17) (actual time=0.961..7114.608 rows=15192045 loops=3)
                                                   ->  Index Only Scan using titlegenre_pkey on titlegenre tg  (cost=0.56..462079.46 rows=15198860 width=14) (actual time=0.892..2345.119 rows=15192045 loops=3)
                                                         Heap Fetches: 0
                                                   ->  Memoize  (cost=0.15..0.17 rows=1 width=11) (actual time=0.000..0.000 rows=1 loops=45576135)
                                                         Cache Key: tg.genre_id
                                                         Cache Mode: logical
                                                         Hits: 15180575  Misses: 28  Evictions: 0  Overflows: 0  Memory Usage: 4kB
                                                         Worker 0:  Hits: 15197699  Misses: 28  Evictions: 0  Overflows: 0  Memory Usage: 4kB
                                                         Worker 1:  Hits: 15197777  Misses: 28  Evictions: 0  Overflows: 0  Memory Usage: 4kB
                                                         ->  Index Scan using genre_pkey on genre g  (cost=0.14..0.16 rows=1 width=11) (actual time=0.003..0.003 rows=1 loops=84)
                                                               Index Cond: (id = tg.genre_id)
                     ->  Memoize  (cost=0.30..1.61 rows=1 width=4) (actual time=0.017..0.017 rows=1 loops=7658)
                           Cache Key: uh.user_id
                           Cache Mode: logical
                           Hits: 271  Misses: 7387  Evictions: 0  Overflows: 0  Memory Usage: 748kB
                           ->  Index Scan using users_pkey on users u  (cost=0.29..1.60 rows=1 width=4) (actual time=0.017..0.017 rows=1 loops=7387)
                                 Index Cond: (id = uh.user_id)
                                 Filter: ((country_code)::text <> ALL ('{US,GB}'::text[]))
                                 Rows Removed by Filter: 0
 Planning Time: 17.886 ms
 JIT:
   Functions: 129
   Options: Inlining true, Optimization true, Expressions true, Deforming true
   Timing: Generation 7.382 ms, Inlining 275.460 ms, Optimization 568.426 ms, Emission 419.021 ms, Total 1270.289 ms
 Execution Time: 21659.272 ms
(67 rows)

