explain analyze SELECT t.id, t.primary_title, tg.genres, te.season_number, count(*) AS views
FROM title t
JOIN titleEpisode te ON te.parent_title_id = t.id
JOIN title t2 ON t2.id = te.title_id
JOIN userHistory uh ON uh.title_id = t2.id
JOIN users u ON u.id = uh.user_id
JOIN (
    SELECT tg.title_id, array_agg(g.name) AS genres
    FROM titleGenre tg
    JOIN genre g ON g.id = tg.genre_id
    GROUP BY tg.title_id
) tg ON tg.title_id = t.id
WHERE t.title_type = 'tvSeries'
    AND uh.last_seen BETWEEN NOW() - INTERVAL '30 days' AND NOW()
    AND te.season_number IS NOT NULL
    AND u.country_code NOT IN ('US', 'GB')
GROUP BY t.id, t.primary_title, tg.genres, te.season_number
ORDER BY count(*) DESC, t.id
LIMIT 100;
                                                                                                   QUERY PLAN                                                                                                    
-----------------------------------------------------------------------------------------------------------------------------------------------------------------------------------------------------------------
 Limit  (cost=1173831.03..1173831.28 rows=100 width=74) (actual time=21957.685..21957.825 rows=100 loops=1)
   ->  Sort  (cost=1173831.03..1173874.55 rows=17407 width=74) (actual time=21435.599..21435.732 rows=100 loops=1)
         Sort Key: (count(*)) DESC, t.id
         Sort Method: top-N heapsort  Memory: 41kB
         ->  GroupAggregate  (cost=126563.02..1173165.75 rows=17407 width=74) (actual time=6403.731..21433.216 rows=6111 loops=1)
               Group Key: t.id, (array_agg(g.name)), te.season_number
               ->  Nested Loop  (cost=126563.02..1172817.61 rows=17407 width=66) (actual time=6403.258..21428.355 rows=7579 loops=1)
                     ->  Gather Merge  (cost=126562.72..1162039.93 rows=17583 width=70) (actual time=6402.607..21298.029 rows=7649 loops=1)
                           Workers Planned: 2
                           Workers Launched: 2
                           ->  Incremental Sort  (cost=125562.70..1159010.40 rows=7326 width=70) (actual time=6378.909..20700.551 rows=2550 loops=3)
                                 Sort Key: t.id, (array_agg(g.name)), te.season_number
                                 Presorted Key: t.id
                                 Full-sort Groups: 81  Sort Method: quicksort  Average Memory: 29kB  Peak Memory: 29kB
                                 Worker 0:  Full-sort Groups: 80  Sort Method: quicksort  Average Memory: 29kB  Peak Memory: 29kB
                                 Worker 1:  Full-sort Groups: 78  Sort Method: quicksort  Average Memory: 29kB  Peak Memory: 29kB
                                 ->  Merge Join  (cost=125421.65..1158680.73 rows=7326 width=70) (actual time=6354.939..20696.733 rows=2550 loops=3)
                                       Merge Cond: ((te.parent_title_id)::text = (tg.title_id)::text)
                                       ->  Sort  (cost=125420.94..125421.04 rows=42 width=48) (actual time=6284.748..6286.459 rows=2640 loops=3)
                                             Sort Key: t.id
                                             Sort Method: quicksort  Memory: 366kB
                                             Worker 0:  Sort Method: quicksort  Memory: 362kB
                                             Worker 1:  Sort Method: quicksort  Memory: 359kB
                                             ->  Nested Loop  (cost=1.30..125419.81 rows=42 width=48) (actual time=243.057..6278.236 rows=2640 loops=3)
                                                   ->  Nested Loop  (cost=0.87..124450.10 rows=1732 width=18) (actual time=242.219..5029.281 rows=2755 loops=3)
                                                         ->  Nested Loop  (cost=0.43..123072.66 rows=2849 width=24) (actual time=240.980..3196.980 rows=3840 loops=3)
                                                               ->  Parallel Seq Scan on userhistory uh  (cost=0.00..111330.77 rows=2849 width=14) (actual time=240.200..1944.663 rows=3840 loops=3)
                                                                     Filter: ((last_seen <= now()) AND (last_seen >= (now() - '30 days'::interval)))
                                                                     Rows Removed by Filter: 1996790
                                                               ->  Index Only Scan using title_pkey on title t2  (cost=0.43..4.12 rows=1 width=10) (actual time=0.323..0.323 rows=1 loops=11521)
                                                                     Index Cond: (id = (uh.title_id)::text)
                                                                     Heap Fetches: 0
                                                         ->  Index Scan using titleepisode_pkey on titleepisode te  (cost=0.43..0.48 rows=1 width=24) (actual time=0.475..0.475 rows=1 loops=11521)
                                                               Index Cond: ((title_id)::text = (t2.id)::text)
                                                               Filter: (season_number IS NOT NULL)
                                                               Rows Removed by Filter: 0
                                                   ->  Index Scan using title_pkey on title t  (cost=0.43..0.56 rows=1 width=30) (actual time=0.450..0.450 rows=1 loops=8266)
                                                         Index Cond: ((id)::text = (te.parent_title_id)::text)
                                                         Filter: ((title_type)::text = 'tvSeries'::text)
                                                         Rows Removed by Filter: 0
                                       ->  GroupAggregate  (cost=0.71..971827.38 rows=4908668 width=42) (actual time=1.334..13414.997 rows=9375093 loops=3)
                                             Group Key: tg.title_id
                                             ->  Nested Loop  (cost=0.71..834474.73 rows=15198860 width=17) (actual time=1.305..7183.140 rows=15193863 loops=3)
                                                   ->  Index Only Scan using titlegenre_pkey on titlegenre tg  (cost=0.56..462079.46 rows=15198860 width=14) (actual time=1.215..2479.280 rows=15193863 loops=3)
                                                         Heap Fetches: 0
                                                   ->  Memoize  (cost=0.15..0.17 rows=1 width=11) (actual time=0.000..0.000 rows=1 loops=45581588)
                                                         Cache Key: tg.genre_id
                                                         Cache Mode: logical
                                                         Hits: 15186028  Misses: 28  Evictions: 0  Overflows: 0  Memory Usage: 4kB
                                                         Worker 0:  Hits: 15197777  Misses: 28  Evictions: 0  Overflows: 0  Memory Usage: 4kB
                                                         Worker 1:  Hits: 15197699  Misses: 28  Evictions: 0  Overflows: 0  Memory Usage: 4kB
                                                         ->  Index Scan using genre_pkey on genre g  (cost=0.14..0.16 rows=1 width=11) (actual time=0.004..0.004 rows=1 loops=84)
                                                               Index Cond: (id = tg.genre_id)
                     ->  Memoize  (cost=0.30..1.61 rows=1 width=4) (actual time=0.017..0.017 rows=1 loops=7649)
                           Cache Key: uh.user_id
                           Cache Mode: logical
                           Hits: 269  Misses: 7380  Evictions: 0  Overflows: 0  Memory Usage: 748kB
                           ->  Index Scan using users_pkey on users u  (cost=0.29..1.60 rows=1 width=4) (actual time=0.016..0.016 rows=1 loops=7380)
                                 Index Cond: (id = uh.user_id)
                                 Filter: ((country_code)::text <> ALL ('{US,GB}'::text[]))
                                 Rows Removed by Filter: 0
 Planning Time: 14.595 ms
 JIT:
   Functions: 129
   Options: Inlining true, Optimization true, Expressions true, Deforming true
   Timing: Generation 7.003 ms, Inlining 277.207 ms, Optimization 554.592 ms, Emission 410.163 ms, Total 1248.966 ms
 Execution Time: 22295.911 ms
(67 rows)

