explain analyze SELECT t.id, t.primary_title, tg.genres, te.season_number, count(*) AS views
FROM title t
JOIN titleEpisode te ON te.parent_title_id = t.id
JOIN userHistory uh ON uh.title_id = te.title_id
JOIN users u ON u.id = uh.user_id
JOIN (
    SELECT tg.title_id, array_agg(g.name) AS genres
    FROM titleGenre tg
    JOIN genre g ON g.id = tg.genre_id
    GROUP BY tg.title_id
) tg ON tg.title_id = t.id
WHERE t.title_type = 'tvSeries'
    AND uh.last_seen BETWEEN NOW() - INTERVAL '30 days' AND NOW()
    AND te.season_number IS NOT NULL
    AND u.country_code NOT IN ('US', 'GB')
GROUP BY t.id, t.primary_title, tg.genres, te.season_number
ORDER BY count(*) DESC, t.id
LIMIT 100;
                                                                                                   QUERY PLAN                                                                                                    
-----------------------------------------------------------------------------------------------------------------------------------------------------------------------------------------------------------------
 Limit  (cost=1167798.26..1167798.51 rows=100 width=74) (actual time=20385.736..20385.927 rows=100 loops=1)
   ->  Sort  (cost=1167798.26..1167851.58 rows=21327 width=74) (actual time=19877.471..19877.655 rows=100 loops=1)
         Sort Key: (count(*)) DESC, t.id
         Sort Method: top-N heapsort  Memory: 41kB
         ->  GroupAggregate  (cost=135931.71..1166983.16 rows=21327 width=74) (actual time=5192.443..19875.138 rows=6106 loops=1)
               Group Key: t.id, (array_agg(g.name)), te.season_number
               ->  Nested Loop  (cost=135931.71..1166556.62 rows=21327 width=66) (actual time=5191.993..19870.268 rows=7574 loops=1)
                     ->  Gather Merge  (cost=135931.40..1155666.05 rows=21479 width=70) (actual time=5191.454..19747.038 rows=7644 loops=1)
                           Workers Planned: 2
                           Workers Launched: 2
                           ->  Incremental Sort  (cost=134931.38..1152186.81 rows=8950 width=70) (actual time=5165.085..19271.130 rows=2548 loops=3)
                                 Sort Key: t.id, (array_agg(g.name)), te.season_number
                                 Presorted Key: t.id
                                 Full-sort Groups: 81  Sort Method: quicksort  Average Memory: 29kB  Peak Memory: 29kB
                                 Worker 0:  Full-sort Groups: 79  Sort Method: quicksort  Average Memory: 29kB  Peak Memory: 29kB
                                 Worker 1:  Full-sort Groups: 78  Sort Method: quicksort  Average Memory: 29kB  Peak Memory: 29kB
                                 ->  Merge Join  (cost=134817.74..1151784.06 rows=8950 width=70) (actual time=5144.899..19267.037 rows=2548 loops=3)
                                       Merge Cond: ((te.parent_title_id)::text = (tg.title_id)::text)
                                       ->  Sort  (cost=134817.03..134817.18 rows=59 width=48) (actual time=5077.481..5079.341 rows=2639 loops=3)
                                             Sort Key: t.id
                                             Sort Method: quicksort  Memory: 370kB
                                             Worker 0:  Sort Method: quicksort  Memory: 362kB
                                             Worker 1:  Sort Method: quicksort  Memory: 356kB
                                             ->  Nested Loop  (cost=0.87..134815.30 rows=59 width=48) (actual time=245.707..5070.635 rows=2639 loops=3)
                                                   ->  Nested Loop  (cost=0.43..133543.98 rows=2268 width=18) (actual time=244.234..3703.392 rows=2754 loops=3)
                                                         ->  Parallel Seq Scan on userhistory uh  (cost=0.00..111329.51 rows=2854 width=14) (actual time=243.009..1887.768 rows=3837 loops=3)
                                                               Filter: ((last_seen <= now()) AND (last_seen >= (now() - '30 days'::interval)))
                                                               Rows Removed by Filter: 1996794
                                                         ->  Index Scan using titleepisode_pkey on titleepisode te  (cost=0.43..7.78 rows=1 width=24) (actual time=0.470..0.470 rows=1 loops=11511)
                                                               Index Cond: ((title_id)::text = (uh.title_id)::text)
                                                               Filter: (season_number IS NOT NULL)
                                                               Rows Removed by Filter: 0
                                                   ->  Index Scan using title_pkey on title t  (cost=0.43..0.56 rows=1 width=30) (actual time=0.494..0.494 rows=1 loops=8261)
                                                         Index Cond: ((id)::text = (te.parent_title_id)::text)
                                                         Filter: ((title_type)::text = 'tvSeries'::text)
                                                         Rows Removed by Filter: 0
                                       ->  GroupAggregate  (cost=0.71..963672.94 rows=4256313 width=42) (actual time=1.484..13236.186 rows=9377470 loops=3)
                                             Group Key: tg.title_id
                                             ->  Nested Loop  (cost=0.71..834474.73 rows=15198860 width=17) (actual time=1.455..7030.285 rows=15197632 loops=3)
                                                   ->  Index Only Scan using titlegenre_pkey on titlegenre tg  (cost=0.56..462079.46 rows=15198860 width=14) (actual time=1.397..2383.492 rows=15197632 loops=3)
                                                         Heap Fetches: 0
                                                   ->  Memoize  (cost=0.15..0.17 rows=1 width=11) (actual time=0.000..0.000 rows=1 loops=45592895)
                                                         Cache Key: tg.genre_id
                                                         Cache Mode: logical
                                                         Hits: 15197335  Misses: 28  Evictions: 0  Overflows: 0  Memory Usage: 4kB
                                                         Worker 0:  Hits: 15197777  Misses: 28  Evictions: 0  Overflows: 0  Memory Usage: 4kB
                                                         Worker 1:  Hits: 15197699  Misses: 28  Evictions: 0  Overflows: 0  Memory Usage: 4kB
                                                         ->  Index Scan using genre_pkey on genre g  (cost=0.14..0.16 rows=1 width=11) (actual time=0.003..0.003 rows=1 loops=84)
                                                               Index Cond: (id = tg.genre_id)
                     ->  Memoize  (cost=0.30..1.61 rows=1 width=4) (actual time=0.016..0.016 rows=1 loops=7644)
                           Cache Key: uh.user_id
                           Cache Mode: logical
                           Hits: 269  Misses: 7375  Evictions: 0  Overflows: 0  Memory Usage: 747kB
                           ->  Index Scan using users_pkey on users u  (cost=0.29..1.60 rows=1 width=4) (actual time=0.015..0.015 rows=1 loops=7375)
                                 Index Cond: (id = uh.user_id)
                                 Filter: ((country_code)::text <> ALL ('{US,GB}'::text[]))
                                 Rows Removed by Filter: 0
 Planning Time: 13.510 ms
 JIT:
   Functions: 120
   Options: Inlining true, Optimization true, Expressions true, Deforming true
   Timing: Generation 7.573 ms, Inlining 287.457 ms, Optimization 553.516 ms, Emission 394.864 ms, Total 1243.410 ms
 Execution Time: 20735.858 ms
(63 rows)

