explain analyze SELECT t.id, t.primary_title, tg.genres, te.season_number, count(*) AS views
FROM title t
JOIN titleEpisode te ON te.parent_title_id = t.id
JOIN title t2 ON t2.id = te.title_id
JOIN userHistory uh ON uh.title_id = t2.id
JOIN users u ON u.id = uh.user_id
JOIN (
    SELECT tg.title_id, array_agg(g.name) AS genres
    FROM titleGenre tg
    JOIN genre g ON g.id = tg.genre_id
    GROUP BY tg.title_id
) tg ON tg.title_id = t.id
WHERE t.title_type = 'tvSeries'
    AND uh.last_seen BETWEEN NOW() - INTERVAL '30 days' AND NOW()
    AND te.season_number IS NOT NULL
    AND u.country_code NOT IN ('US', 'GB')
GROUP BY t.id, t.primary_title, tg.genres, te.season_number
ORDER BY count(*) DESC, t.id
LIMIT 100;
                                                                                                   QUERY PLAN                                                                                                    
-----------------------------------------------------------------------------------------------------------------------------------------------------------------------------------------------------------------
 Limit  (cost=1159171.27..1159171.52 rows=100 width=74) (actual time=21410.189..21410.332 rows=100 loops=1)
   ->  Sort  (cost=1159171.27..1159210.82 rows=15822 width=74) (actual time=20876.507..20876.643 rows=100 loops=1)
         Sort Key: (count(*)) DESC, t.id
         Sort Method: top-N heapsort  Memory: 41kB
         ->  GroupAggregate  (cost=126515.03..1158566.56 rows=15822 width=74) (actual time=6314.145..20874.208 rows=6110 loops=1)
               Group Key: t.id, (array_agg(g.name)), te.season_number
               ->  Nested Loop  (cost=126515.03..1158250.12 rows=15822 width=66) (actual time=6313.616..20869.248 rows=7578 loops=1)
                     ->  Gather Merge  (cost=126514.73..1147508.57 rows=15977 width=70) (actual time=6312.847..20738.424 rows=7648 loops=1)
                           Workers Planned: 2
                           Workers Launched: 2
                           ->  Incremental Sort  (cost=125514.71..1144664.40 rows=6657 width=70) (actual time=6289.761..20309.891 rows=2549 loops=3)
                                 Sort Key: t.id, (array_agg(g.name)), te.season_number
                                 Presorted Key: t.id
                                 Full-sort Groups: 80  Sort Method: quicksort  Average Memory: 29kB  Peak Memory: 29kB
                                 Worker 0:  Full-sort Groups: 79  Sort Method: quicksort  Average Memory: 29kB  Peak Memory: 29kB
                                 Worker 1:  Full-sort Groups: 80  Sort Method: quicksort  Average Memory: 29kB  Peak Memory: 29kB
                                 ->  Merge Join  (cost=125361.62..1144364.83 rows=6657 width=70) (actual time=6269.069..20305.997 rows=2549 loops=3)
                                       Merge Cond: ((te.parent_title_id)::text = (tg.title_id)::text)
                                       ->  Sort  (cost=125360.92..125361.02 rows=43 width=48) (actual time=6200.362..6202.093 rows=2640 loops=3)
                                             Sort Key: t.id
                                             Sort Method: quicksort  Memory: 366kB
                                             Worker 0:  Sort Method: quicksort  Memory: 358kB
                                             Worker 1:  Sort Method: quicksort  Memory: 365kB
                                             ->  Nested Loop  (cost=1.30..125359.75 rows=43 width=48) (actual time=244.204..6194.188 rows=2640 loops=3)
                                                   ->  Nested Loop  (cost=0.87..124401.15 rows=1709 width=18) (actual time=243.327..4963.538 rows=2755 loops=3)
                                                         ->  Nested Loop  (cost=0.43..123028.99 rows=2838 width=24) (actual time=242.291..3155.180 rows=3839 loops=3)
                                                               ->  Parallel Seq Scan on userhistory uh  (cost=0.00..111329.49 rows=2838 width=14) (actual time=241.365..1914.506 rows=3839 loops=3)
                                                                     Filter: ((last_seen <= now()) AND (last_seen >= (now() - '30 days'::interval)))
                                                                     Rows Removed by Filter: 1996791
                                                               ->  Index Only Scan using title_pkey on title t2  (cost=0.43..4.12 rows=1 width=10) (actual time=0.321..0.321 rows=1 loops=11518)
                                                                     Index Cond: (id = (uh.title_id)::text)
                                                                     Heap Fetches: 0
                                                         ->  Index Scan using titleepisode_pkey on titleepisode te  (cost=0.43..0.48 rows=1 width=24) (actual time=0.469..0.469 rows=1 loops=11518)
                                                               Index Cond: ((title_id)::text = (t2.id)::text)
                                                               Filter: (season_number IS NOT NULL)
                                                               Rows Removed by Filter: 0
                                                   ->  Index Scan using title_pkey on title t  (cost=0.43..0.56 rows=1 width=30) (actual time=0.444..0.444 rows=1 loops=8265)
                                                         Index Cond: ((id)::text = (te.parent_title_id)::text)
                                                         Filter: ((title_type)::text = 'tvSeries'::text)
                                                         Rows Removed by Filter: 0
                                       ->  GroupAggregate  (cost=0.71..964703.02 rows=4338719 width=42) (actual time=1.265..13140.373 rows=9377470 loops=3)
                                             Group Key: tg.title_id
                                             ->  Nested Loop  (cost=0.71..834474.73 rows=15198860 width=17) (actual time=1.226..6957.055 rows=15197632 loops=3)
                                                   ->  Index Only Scan using titlegenre_pkey on titlegenre tg  (cost=0.56..462079.46 rows=15198860 width=14) (actual time=1.086..2333.248 rows=15197632 loops=3)
                                                         Heap Fetches: 0
                                                   ->  Memoize  (cost=0.15..0.17 rows=1 width=11) (actual time=0.000..0.000 rows=1 loops=45592895)
                                                         Cache Key: tg.genre_id
                                                         Cache Mode: logical
                                                         Hits: 15197335  Misses: 28  Evictions: 0  Overflows: 0  Memory Usage: 4kB
                                                         Worker 0:  Hits: 15197777  Misses: 28  Evictions: 0  Overflows: 0  Memory Usage: 4kB
                                                         Worker 1:  Hits: 15197699  Misses: 28  Evictions: 0  Overflows: 0  Memory Usage: 4kB
                                                         ->  Index Scan using genre_pkey on genre g  (cost=0.14..0.16 rows=1 width=11) (actual time=0.006..0.006 rows=1 loops=84)
                                                               Index Cond: (id = tg.genre_id)
                     ->  Memoize  (cost=0.30..1.61 rows=1 width=4) (actual time=0.017..0.017 rows=1 loops=7648)
                           Cache Key: uh.user_id
                           Cache Mode: logical
                           Hits: 269  Misses: 7379  Evictions: 0  Overflows: 0  Memory Usage: 748kB
                           ->  Index Scan using users_pkey on users u  (cost=0.29..1.60 rows=1 width=4) (actual time=0.016..0.016 rows=1 loops=7379)
                                 Index Cond: (id = uh.user_id)
                                 Filter: ((country_code)::text <> ALL ('{US,GB}'::text[]))
                                 Rows Removed by Filter: 0
 Planning Time: 15.916 ms
 JIT:
   Functions: 129
   Options: Inlining true, Optimization true, Expressions true, Deforming true
   Timing: Generation 7.109 ms, Inlining 273.824 ms, Optimization 575.915 ms, Emission 407.708 ms, Total 1264.555 ms
 Execution Time: 21763.666 ms
(67 rows)

