explain analyze SELECT t.id, t.primary_title, tg.genres, te.season_number, count(*) AS views
FROM title t
JOIN titleEpisode te ON te.parent_title_id = t.id
JOIN userHistory uh ON uh.title_id = te.title_id
JOIN users u ON u.id = uh.user_id
JOIN (
    SELECT tg.title_id, array_agg(g.name) AS genres
    FROM titleGenre tg
    JOIN genre g ON g.id = tg.genre_id
    GROUP BY tg.title_id
) tg ON tg.title_id = t.id
WHERE t.title_type = 'tvSeries'
    AND uh.last_seen BETWEEN NOW() - INTERVAL '30 days' AND NOW()
    AND te.season_number IS NOT NULL
    AND u.country_code NOT IN ('US', 'GB')
GROUP BY t.id, t.primary_title, tg.genres, te.season_number
ORDER BY count(*) DESC, t.id
LIMIT 100;
                                                                                                   QUERY PLAN                                                                                                    
-----------------------------------------------------------------------------------------------------------------------------------------------------------------------------------------------------------------
 Limit  (cost=1149756.31..1149756.56 rows=100 width=74) (actual time=20853.025..20853.166 rows=100 loops=1)
   ->  Sort  (cost=1149756.31..1149778.08 rows=8709 width=74) (actual time=20341.634..20341.767 rows=100 loops=1)
         Sort Key: (count(*)) DESC, t.id
         Sort Method: top-N heapsort  Memory: 41kB
         ->  GroupAggregate  (cost=122877.96..1149423.45 rows=8709 width=74) (actual time=5150.993..20339.199 rows=6095 loops=1)
               Group Key: t.id, (array_agg(g.name)), te.season_number
               ->  Nested Loop  (cost=122877.96..1149249.27 rows=8709 width=66) (actual time=5150.527..20334.341 rows=7556 loops=1)
                     ->  Gather Merge  (cost=122877.66..1140658.66 rows=8709 width=70) (actual time=5149.541..20212.389 rows=7626 loops=1)
                           Workers Planned: 2
                           Workers Launched: 2
                           ->  Incremental Sort  (cost=121877.64..1138653.40 rows=3629 width=70) (actual time=5122.527..19681.418 rows=2542 loops=3)
                                 Sort Key: t.id, (array_agg(g.name)), te.season_number
                                 Presorted Key: t.id
                                 Full-sort Groups: 84  Sort Method: quicksort  Average Memory: 29kB  Peak Memory: 29kB
                                 Worker 0:  Full-sort Groups: 75  Sort Method: quicksort  Average Memory: 29kB  Peak Memory: 29kB
                                 Worker 1:  Full-sort Groups: 79  Sort Method: quicksort  Average Memory: 29kB  Peak Memory: 29kB
                                 ->  Merge Join  (cost=121597.41..1138490.09 rows=3629 width=70) (actual time=5101.430..19677.750 rows=2542 loops=3)
                                       Merge Cond: ((te.parent_title_id)::text = (tg.title_id)::text)
                                       ->  Sort  (cost=121596.71..121596.76 rows=23 width=48) (actual time=5026.729..5028.440 rows=2633 loops=3)
                                             Sort Key: t.id
                                             Sort Method: quicksort  Memory: 378kB
                                             Worker 0:  Sort Method: quicksort  Memory: 347kB
                                             Worker 1:  Sort Method: quicksort  Memory: 361kB
                                             ->  Nested Loop  (cost=0.87..121596.19 rows=23 width=48) (actual time=230.042..5020.726 rows=2633 loops=3)
                                                   ->  Nested Loop  (cost=0.43..121066.10 rows=945 width=18) (actual time=228.764..3627.710 rows=2747 loops=3)
                                                         ->  Parallel Seq Scan on userhistory uh  (cost=0.00..111326.88 rows=1194 width=14) (actual time=227.044..1795.401 rows=3829 loops=3)
                                                               Filter: ((last_seen <= now()) AND (last_seen >= (now() - '30 days'::interval)))
                                                               Rows Removed by Filter: 1996802
                                                         ->  Index Scan using titleepisode_pkey on titleepisode te  (cost=0.43..8.16 rows=1 width=24) (actual time=0.476..0.476 rows=1 loops=11486)
                                                               Index Cond: ((title_id)::text = (uh.title_id)::text)
                                                               Filter: (season_number IS NOT NULL)
                                                               Rows Removed by Filter: 0
                                                   ->  Index Scan using title_pkey on title t  (cost=0.43..0.56 rows=1 width=30) (actual time=0.505..0.505 rows=1 loops=8242)
                                                         Index Cond: ((id)::text = (te.parent_title_id)::text)
                                                         Filter: ((title_type)::text = 'tvSeries'::text)
                                                         Rows Removed by Filter: 0
                                       ->  GroupAggregate  (cost=0.71..963654.00 rows=4256280 width=42) (actual time=0.968..13633.711 rows=9373270 loops=3)
                                             Group Key: tg.title_id
                                             ->  Nested Loop  (cost=0.71..834458.28 rows=15198444 width=17) (actual time=0.935..7244.482 rows=15190960 loops=3)
                                                   ->  Index Only Scan using titlegenre_pkey on titlegenre tg  (cost=0.56..462073.22 rows=15198444 width=14) (actual time=0.871..2425.348 rows=15190960 loops=3)
                                                         Heap Fetches: 0
                                                   ->  Memoize  (cost=0.15..0.17 rows=1 width=11) (actual time=0.000..0.000 rows=1 loops=45572881)
                                                         Cache Key: tg.genre_id
                                                         Cache Mode: logical
                                                         Hits: 15197335  Misses: 28  Evictions: 0  Overflows: 0  Memory Usage: 4kB
                                                         Worker 0:  Hits: 15197777  Misses: 28  Evictions: 0  Overflows: 0  Memory Usage: 4kB
                                                         Worker 1:  Hits: 15177685  Misses: 28  Evictions: 0  Overflows: 0  Memory Usage: 4kB
                                                         ->  Index Scan using genre_pkey on genre g  (cost=0.14..0.16 rows=1 width=11) (actual time=0.003..0.003 rows=1 loops=84)
                                                               Index Cond: (id = tg.genre_id)
                     ->  Memoize  (cost=0.30..3.00 rows=1 width=4) (actual time=0.016..0.016 rows=1 loops=7626)
                           Cache Key: uh.user_id
                           Cache Mode: logical
                           Hits: 267  Misses: 7359  Evictions: 0  Overflows: 0  Memory Usage: 746kB
                           ->  Index Scan using users_pkey on users u  (cost=0.29..2.99 rows=1 width=4) (actual time=0.015..0.015 rows=1 loops=7359)
                                 Index Cond: (id = uh.user_id)
                                 Filter: ((country_code)::text <> ALL ('{US,GB}'::text[]))
                                 Rows Removed by Filter: 0
 Planning Time: 11.998 ms
 JIT:
   Functions: 120
   Options: Inlining true, Optimization true, Expressions true, Deforming true
   Timing: Generation 6.745 ms, Inlining 272.124 ms, Optimization 529.411 ms, Emission 390.637 ms, Total 1198.917 ms
 Execution Time: 21215.758 ms
(63 rows)

