explain analyze SELECT t.id, t.primary_title, tg.genres, te.season_number, count(*) AS views
FROM title t
JOIN titleEpisode te ON te.parent_title_id = t.id
JOIN userHistory uh ON uh.title_id = te.title_id
JOIN users u ON u.id = uh.user_id
JOIN (
    SELECT tg.title_id, array_agg(g.name) AS genres
    FROM titleGenre tg
    JOIN genre g ON g.id = tg.genre_id
    GROUP BY tg.title_id
) tg ON tg.title_id = t.id
WHERE t.title_type = 'tvSeries'
    AND uh.last_seen BETWEEN NOW() - INTERVAL '30 days' AND NOW()
    AND te.season_number IS NOT NULL
    AND u.country_code NOT IN ('US', 'GB')
GROUP BY t.id, t.primary_title, tg.genres, te.season_number
ORDER BY count(*) DESC, t.id
LIMIT 100;
                                                                                                   QUERY PLAN                                                                                                    
-----------------------------------------------------------------------------------------------------------------------------------------------------------------------------------------------------------------
 Limit  (cost=1152850.92..1152851.17 rows=100 width=74) (actual time=21296.933..21297.079 rows=100 loops=1)
   ->  Sort  (cost=1152850.92..1152872.18 rows=8503 width=74) (actual time=20775.989..20776.127 rows=100 loops=1)
         Sort Key: (count(*)) DESC, t.id
         Sort Method: top-N heapsort  Memory: 41kB
         ->  GroupAggregate  (cost=122884.29..1152525.95 rows=8503 width=74) (actual time=5812.636..20773.486 rows=6101 loops=1)
               Group Key: t.id, (array_agg(g.name)), te.season_number
               ->  Nested Loop  (cost=122884.29..1152355.89 rows=8503 width=66) (actual time=5812.151..20768.426 rows=7568 loops=1)
                     ->  Gather Merge  (cost=122883.99..1143769.11 rows=8503 width=70) (actual time=5811.462..20628.259 rows=7638 loops=1)
                           Workers Planned: 2
                           Workers Launched: 2
                           ->  Incremental Sort  (cost=121883.96..1141787.63 rows=3543 width=70) (actual time=5791.822..20266.118 rows=2546 loops=3)
                                 Sort Key: t.id, (array_agg(g.name)), te.season_number
                                 Presorted Key: t.id
                                 Full-sort Groups: 84  Sort Method: quicksort  Average Memory: 29kB  Peak Memory: 29kB
                                 Worker 0:  Full-sort Groups: 78  Sort Method: quicksort  Average Memory: 29kB  Peak Memory: 29kB
                                 Worker 1:  Full-sort Groups: 77  Sort Method: quicksort  Average Memory: 30kB  Peak Memory: 30kB
                                 ->  Merge Join  (cost=121596.05..1141628.20 rows=3543 width=70) (actual time=5768.643..20262.147 rows=2546 loops=3)
                                       Merge Cond: ((te.parent_title_id)::text = (tg.title_id)::text)
                                       ->  Sort  (cost=121595.35..121595.40 rows=23 width=48) (actual time=5697.612..5699.454 rows=2637 loops=3)
                                             Sort Key: t.id
                                             Sort Method: quicksort  Memory: 379kB
                                             Worker 0:  Sort Method: quicksort  Memory: 355kB
                                             Worker 1:  Sort Method: quicksort  Memory: 353kB
                                             ->  Nested Loop  (cost=0.87..121594.83 rows=23 width=48) (actual time=237.982..5691.367 rows=2637 loops=3)
                                                   ->  Nested Loop  (cost=0.43..121063.33 rows=948 width=18) (actual time=236.451..4139.678 rows=2752 loops=3)
                                                         ->  Parallel Seq Scan on userhistory uh  (cost=0.00..111330.83 rows=1193 width=14) (actual time=235.271..2060.318 rows=3834 loops=3)
                                                               Filter: ((last_seen <= now()) AND (last_seen >= (now() - '30 days'::interval)))
                                                               Rows Removed by Filter: 1996797
                                                         ->  Index Scan using titleepisode_pkey on titleepisode te  (cost=0.43..8.16 rows=1 width=24) (actual time=0.540..0.540 rows=1 loops=11502)
                                                               Index Cond: ((title_id)::text = (uh.title_id)::text)
                                                               Filter: (season_number IS NOT NULL)
                                                               Rows Removed by Filter: 0
                                                   ->  Index Scan using title_pkey on title t  (cost=0.43..0.56 rows=1 width=30) (actual time=0.561..0.561 rows=1 loops=8255)
                                                         Index Cond: ((id)::text = (te.parent_title_id)::text)
                                                         Filter: ((title_type)::text = 'tvSeries'::text)
                                                         Rows Removed by Filter: 0
                                       ->  GroupAggregate  (cost=0.71..965233.10 rows=4381126 width=42) (actual time=1.641..13544.914 rows=9377470 loops=3)
                                             Group Key: tg.title_id
                                             ->  Nested Loop  (cost=0.71..834474.73 rows=15198860 width=17) (actual time=1.613..7218.060 rows=15197632 loops=3)
                                                   ->  Index Only Scan using titlegenre_pkey on titlegenre tg  (cost=0.56..462079.46 rows=15198860 width=14) (actual time=1.536..2379.307 rows=15197632 loops=3)
                                                         Heap Fetches: 0
                                                   ->  Memoize  (cost=0.15..0.17 rows=1 width=11) (actual time=0.000..0.000 rows=1 loops=45592895)
                                                         Cache Key: tg.genre_id
                                                         Cache Mode: logical
                                                         Hits: 15197335  Misses: 28  Evictions: 0  Overflows: 0  Memory Usage: 4kB
                                                         Worker 0:  Hits: 15197699  Misses: 28  Evictions: 0  Overflows: 0  Memory Usage: 4kB
                                                         Worker 1:  Hits: 15197777  Misses: 28  Evictions: 0  Overflows: 0  Memory Usage: 4kB
                                                         ->  Index Scan using genre_pkey on genre g  (cost=0.14..0.16 rows=1 width=11) (actual time=0.004..0.004 rows=1 loops=84)
                                                               Index Cond: (id = tg.genre_id)
                     ->  Memoize  (cost=0.30..3.00 rows=1 width=4) (actual time=0.018..0.018 rows=1 loops=7638)
                           Cache Key: uh.user_id
                           Cache Mode: logical
                           Hits: 269  Misses: 7369  Evictions: 0  Overflows: 0  Memory Usage: 747kB
                           ->  Index Scan using users_pkey on users u  (cost=0.29..2.99 rows=1 width=4) (actual time=0.017..0.017 rows=1 loops=7369)
                                 Index Cond: (id = uh.user_id)
                                 Filter: ((country_code)::text <> ALL ('{US,GB}'::text[]))
                                 Rows Removed by Filter: 0
 Planning Time: 13.759 ms
 JIT:
   Functions: 120
   Options: Inlining true, Optimization true, Expressions true, Deforming true
   Timing: Generation 6.852 ms, Inlining 275.566 ms, Optimization 554.812 ms, Emission 396.080 ms, Total 1233.310 ms
 Execution Time: 21662.627 ms
(63 rows)

