explain analyze SELECT *
FROM (
    SELECT t.id,
        left(t.primary_title, 30),
        ((start_year / 10) * 10)::int AS decade,
        avg(uh.rating) AS rating,
        rank() over (
            PARTITION by ((start_year / 10) * 10) :: int
            ORDER BY avg(uh.rating) DESC, t.id
        ) AS rank
    FROM title t
    JOIN userHistory uh ON uh.title_id = t.id
    JOIN titleGenre TG ON tg.title_id = t.id AND tg.genre_id = 8
    WHERE t.title_type = 'movie'
        AND ((start_year / 10) * 10)::int >= 1980
        AND t.id IN (
            SELECT title_id
            FROM titleAkas
            WHERE region IN (
                'US', 'GB', 'ES', 'DE', 'FR', 'PT'
            )
        )
    GROUP BY t.id
    HAVING count(uh.rating) >= 3
    ORDER BY decade, rating DESC
) t_
WHERE rank <= 10;
                                                                                                      QUERY PLAN                                                                                                       
-----------------------------------------------------------------------------------------------------------------------------------------------------------------------------------------------------------------------
 Subquery Scan on t_  (cost=361272.45..361436.24 rows=1285 width=86) (actual time=8702.672..8720.180 rows=50 loops=1)
   Filter: (t_.rank <= 10)
   Rows Removed by Filter: 1953
   ->  WindowAgg  (cost=361272.45..361388.07 rows=3854 width=86) (actual time=8702.668..8720.053 rows=2003 loops=1)
         ->  Sort  (cost=361272.45..361282.08 rows=3854 width=66) (actual time=8702.613..8718.433 rows=2003 loops=1)
               Sort Key: (((t.start_year / 10) * 10)), (avg(uh.rating)) DESC, t.id
               Sort Method: quicksort  Memory: 228kB
               ->  Finalize GroupAggregate  (cost=359569.62..361042.90 rows=3854 width=66) (actual time=8636.096..8714.343 rows=2003 loops=1)
                     Group Key: t.id
                     Filter: (count(uh.rating) >= 3)
                     Rows Removed by Filter: 40986
                     ->  Gather Merge  (cost=359569.62..360777.96 rows=9634 width=74) (actual time=8636.053..8681.239 rows=53813 loops=1)
                           Workers Planned: 2
                           Workers Launched: 2
                           ->  Partial GroupAggregate  (cost=358569.59..358665.93 rows=4817 width=74) (actual time=8616.491..8631.086 rows=17938 loops=3)
                                 Group Key: t.id
                                 ->  Sort  (cost=358569.59..358581.63 rows=4817 width=38) (actual time=8616.432..8619.600 rows=20226 loops=3)
                                       Sort Key: t.id
                                       Sort Method: quicksort  Memory: 2398kB
                                       Worker 0:  Sort Method: quicksort  Memory: 2410kB
                                       Worker 1:  Sort Method: quicksort  Memory: 2422kB
                                       ->  Parallel Hash Join  (cost=268823.40..358274.94 rows=4817 width=38) (actual time=6680.988..8587.710 rows=20226 loops=3)
                                             Hash Cond: ((uh.title_id)::text = (t.id)::text)
                                             ->  Parallel Seq Scan on userhistory uh  (cost=0.00..80070.06 rows=2500806 width=14) (actual time=0.211..1403.696 rows=2000631 loops=3)
                                             ->  Parallel Hash  (cost=268806.40..268806.40 rows=1360 width=54) (actual time=6680.480..6680.486 rows=27522 loops=3)
                                                   Buckets: 131072 (originally 4096)  Batches: 1 (originally 1)  Memory Usage: 9056kB
                                                   ->  Nested Loop  (cost=1.12..268806.40 rows=1360 width=54) (actual time=69.493..6550.210 rows=27522 loops=3)
                                                         Join Filter: ((t.id)::text = (tg.title_id)::text)
                                                         ->  Nested Loop Semi Join  (cost=0.56..261190.44 rows=4856 width=44) (actual time=53.614..5145.027 rows=78788 loops=3)
                                                               ->  Parallel Seq Scan on title t  (cost=0.00..200432.99 rows=89162 width=34) (actual time=52.312..1911.488 rows=129726 loops=3)
                                                                     Filter: (((title_type)::text = 'movie'::text) AND (((start_year / 10) * 10) >= 1980))
                                                                     Rows Removed by Filter: 3143815
                                                               ->  Index Only Scan using akas_id_region_idx on titleakas  (cost=0.56..4.41 rows=35 width=10) (actual time=0.024..0.024 rows=1 loops=389178)
                                                                     Index Cond: (title_id = (t.id)::text)
                                                                     Filter: ((region)::text = ANY ('{US,GB,ES,DE,FR,PT}'::text[]))
                                                                     Rows Removed by Filter: 1
                                                                     Heap Fetches: 0
                                                         ->  Index Only Scan using idx_titlegenre_title_id_genre_id on titlegenre tg  (cost=0.56..1.56 rows=1 width=10) (actual time=0.017..0.017 rows=0 loops=236365)
                                                               Index Cond: ((title_id = (titleakas.title_id)::text) AND (genre_id = 8))
                                                               Heap Fetches: 0
 Planning Time: 12.985 ms
 JIT:
   Functions: 84
   Options: Inlining false, Optimization false, Expressions true, Deforming true
   Timing: Generation 6.631 ms, Inlining 0.000 ms, Optimization 5.722 ms, Emission 146.809 ms, Total 159.161 ms
 Execution Time: 9079.030 ms
(46 rows)

