explain analyze SELECT *
FROM (
    SELECT t.id,
        left(t.primary_title, 30),
        ((start_year / 10) * 10)::int AS decade,
        avg(uh.rating) AS rating,
        rank() over (
            PARTITION by ((start_year / 10) * 10) :: int
            ORDER BY avg(uh.rating) DESC, t.id
        ) AS rank
    FROM title t
    JOIN userHistory uh ON uh.title_id = t.id
    JOIN titleGenre TG ON tg.title_id = t.id AND tg.genre_id = 8
    WHERE t.title_type = 'movie'
        AND ((start_year / 10) * 10)::int >= 1980
        AND t.id IN (
            SELECT title_id
            FROM titleAkas
            WHERE region IN (
                'US', 'GB', 'ES', 'DE', 'FR', 'PT'
            )
        )
    GROUP BY t.id
    HAVING count(uh.rating) >= 3
    ORDER BY decade, rating DESC
) t_
WHERE rank <= 10;
                                                                                                      QUERY PLAN                                                                                                       
-----------------------------------------------------------------------------------------------------------------------------------------------------------------------------------------------------------------------
 Subquery Scan on t_  (cost=360817.70..361050.09 rows=1823 width=86) (actual time=9655.153..9672.379 rows=50 loops=1)
   Filter: (t_.rank <= 10)
   Rows Removed by Filter: 1953
   ->  WindowAgg  (cost=360817.70..360981.74 rows=5468 width=86) (actual time=9655.148..9672.273 rows=2003 loops=1)
         ->  Sort  (cost=360817.70..360831.37 rows=5468 width=66) (actual time=9655.098..9670.705 rows=2003 loops=1)
               Sort Key: (((t.start_year / 10) * 10)), (avg(uh.rating)) DESC, t.id
               Sort Method: quicksort  Memory: 228kB
               ->  Finalize GroupAggregate  (cost=358387.75..360478.22 rows=5468 width=66) (actual time=9589.783..9666.661 rows=2003 loops=1)
                     Group Key: t.id
                     Filter: (count(uh.rating) >= 3)
                     Rows Removed by Filter: 40986
                     ->  Gather Merge  (cost=358387.75..360102.31 rows=13670 width=74) (actual time=9589.739..9634.152 rows=53790 loops=1)
                           Workers Planned: 2
                           Workers Launched: 2
                           ->  Partial GroupAggregate  (cost=357387.73..357524.43 rows=6835 width=74) (actual time=9569.523..9583.955 rows=17930 loops=3)
                                 Group Key: t.id
                                 ->  Sort  (cost=357387.73..357404.82 rows=6835 width=38) (actual time=9569.476..9572.740 rows=20226 loops=3)
                                       Sort Key: t.id
                                       Sort Method: quicksort  Memory: 2414kB
                                       Worker 0:  Sort Method: quicksort  Memory: 2387kB
                                       Worker 1:  Sort Method: quicksort  Memory: 2429kB
                                       ->  Parallel Hash Join  (cost=267500.13..356952.38 rows=6835 width=38) (actual time=7585.543..9541.558 rows=20226 loops=3)
                                             Hash Cond: ((uh.title_id)::text = (t.id)::text)
                                             ->  Parallel Seq Scan on userhistory uh  (cost=0.00..80070.55 rows=2500855 width=14) (actual time=0.257..1433.396 rows=2000631 loops=3)
                                             ->  Parallel Hash  (cost=267482.98..267482.98 rows=1372 width=54) (actual time=7584.994..7584.999 rows=27522 loops=3)
                                                   Buckets: 131072 (originally 4096)  Batches: 1 (originally 1)  Memory Usage: 9056kB
                                                   ->  Nested Loop  (cost=1.12..267482.98 rows=1372 width=54) (actual time=71.410..7446.826 rows=27522 loops=3)
                                                         Join Filter: ((t.id)::text = (tg.title_id)::text)
                                                         ->  Nested Loop Semi Join  (cost=0.56..259951.06 rows=4810 width=44) (actual time=55.638..5868.062 rows=78788 loops=3)
                                                               ->  Parallel Seq Scan on title t  (cost=0.00..200388.82 rows=87388 width=34) (actual time=54.354..2194.388 rows=129726 loops=3)
                                                                     Filter: (((title_type)::text = 'movie'::text) AND (((start_year / 10) * 10) >= 1980))
                                                                     Rows Removed by Filter: 3143815
                                                               ->  Index Only Scan using akas_id_region_idx on titleakas  (cost=0.56..4.41 rows=35 width=10) (actual time=0.028..0.028 rows=1 loops=389178)
                                                                     Index Cond: (title_id = (t.id)::text)
                                                                     Filter: ((region)::text = ANY ('{US,GB,ES,DE,FR,PT}'::text[]))
                                                                     Rows Removed by Filter: 1
                                                                     Heap Fetches: 0
                                                         ->  Index Only Scan using idx_titlegenre_title_id_genre_id on titlegenre tg  (cost=0.56..1.55 rows=1 width=10) (actual time=0.019..0.019 rows=0 loops=236365)
                                                               Index Cond: ((title_id = (titleakas.title_id)::text) AND (genre_id = 8))
                                                               Heap Fetches: 0
 Planning Time: 16.816 ms
 JIT:
   Functions: 84
   Options: Inlining false, Optimization false, Expressions true, Deforming true
   Timing: Generation 6.621 ms, Inlining 0.000 ms, Optimization 5.492 ms, Emission 151.123 ms, Total 163.236 ms
 Execution Time: 10057.999 ms
(46 rows)

