explain analyze SELECT t.id, t.primary_title, tg.genres, te.season_number, count(*) AS views
FROM title t
JOIN titleEpisode te ON te.parent_title_id = t.id
JOIN userHistory uh ON uh.title_id = te.title_id
JOIN users u ON u.id = uh.user_id
JOIN (
    SELECT tg.title_id, array_agg(g.name) AS genres
    FROM titleGenre tg
    JOIN genre g ON g.id = tg.genre_id
    GROUP BY tg.title_id
) tg ON tg.title_id = t.id
WHERE t.title_type = 'tvSeries'
    AND uh.last_seen BETWEEN NOW() - INTERVAL '30 days' AND NOW()
    AND te.season_number IS NOT NULL
    AND u.country_code NOT IN ('US', 'GB')
GROUP BY t.id, t.primary_title, tg.genres, te.season_number
ORDER BY count(*) DESC, t.id
LIMIT 100;
                                                                                                   QUERY PLAN                                                                                                    
-----------------------------------------------------------------------------------------------------------------------------------------------------------------------------------------------------------------
 Limit  (cost=1136082.07..1136082.32 rows=100 width=74) (actual time=20731.986..20732.127 rows=100 loops=1)
   ->  Sort  (cost=1136082.07..1136095.11 rows=5215 width=74) (actual time=20220.232..20220.366 rows=100 loops=1)
         Sort Key: (count(*)) DESC, t.id
         Sort Method: top-N heapsort  Memory: 41kB
         ->  GroupAggregate  (cost=119107.52..1135882.76 rows=5215 width=74) (actual time=5337.111..20217.860 rows=6082 loops=1)
               Group Key: t.id, (array_agg(g.name)), te.season_number
               ->  Nested Loop  (cost=119107.52..1135778.46 rows=5215 width=66) (actual time=5336.606..20213.070 rows=7533 loops=1)
                     ->  Gather Merge  (cost=119107.21..1129142.12 rows=5215 width=70) (actual time=5335.954..20085.775 rows=7602 loops=1)
                           Workers Planned: 2
                           Workers Launched: 2
                           ->  Incremental Sort  (cost=118107.19..1127540.16 rows=2173 width=70) (actual time=5314.106..19649.448 rows=2534 loops=3)
                                 Sort Key: t.id, (array_agg(g.name)), te.season_number
                                 Presorted Key: t.id
                                 Full-sort Groups: 82  Sort Method: quicksort  Average Memory: 29kB  Peak Memory: 29kB
                                 Worker 0:  Full-sort Groups: 78  Sort Method: quicksort  Average Memory: 29kB  Peak Memory: 29kB
                                 Worker 1:  Full-sort Groups: 78  Sort Method: quicksort  Average Memory: 29kB  Peak Memory: 29kB
                                 ->  Merge Join  (cost=117642.48..1127442.37 rows=2173 width=70) (actual time=5292.468..19645.374 rows=2534 loops=3)
                                       Merge Cond: ((te.parent_title_id)::text = (tg.title_id)::text)
                                       ->  Sort  (cost=117641.77..117641.81 rows=15 width=48) (actual time=5224.610..5226.434 rows=2624 loops=3)
                                             Sort Key: t.id
                                             Sort Method: quicksort  Memory: 371kB
                                             Worker 0:  Sort Method: quicksort  Memory: 356kB
                                             Worker 1:  Sort Method: quicksort  Memory: 357kB
                                             ->  Nested Loop  (cost=0.43..117641.48 rows=15 width=48) (actual time=233.558..5218.411 rows=2624 loops=3)
                                                   ->  Nested Loop  (cost=0.43..117568.20 rows=598 width=18) (actual time=232.440..3734.733 rows=2739 loops=3)
                                                         ->  Parallel Seq Scan on userhistory uh  (cost=0.00..111330.11 rows=755 width=14) (actual time=231.237..1947.135 rows=3818 loops=3)
                                                               Filter: ((last_seen <= now()) AND (last_seen >= (now() - '30 days'::interval)))
                                                               Rows Removed by Filter: 1996813
                                                         ->  Index Scan using titleepisode_pkey on titleepisode te  (cost=0.43..8.26 rows=1 width=24) (actual time=0.466..0.466 rows=1 loops=11453)
                                                               Index Cond: ((title_id)::text = (uh.title_id)::text)
                                                               Filter: (season_number IS NOT NULL)
                                                               Rows Removed by Filter: 0
                                                   ->  Index Scan using title_hash on title t  (cost=0.00..0.12 rows=1 width=30) (actual time=0.539..0.539 rows=1 loops=8217)
                                                         Index Cond: ((id)::text = (te.parent_title_id)::text)
                                                         Rows Removed by Index Recheck: 0
                                                         Filter: ((title_type)::text = 'tvSeries'::text)
                                                         Rows Removed by Filter: 0
                                       ->  GroupAggregate  (cost=0.71..960114.57 rows=3973138 width=42) (actual time=1.253..13427.414 rows=9377195 loops=3)
                                             Group Key: tg.title_id
                                             ->  Nested Loop  (cost=0.71..834458.13 rows=15198444 width=17) (actual time=1.209..7121.446 rows=15197233 loops=3)
                                                   ->  Index Only Scan using titlegenre_pkey on titlegenre tg  (cost=0.56..462073.22 rows=15198444 width=14) (actual time=1.112..2427.778 rows=15197233 loops=3)
                                                         Heap Fetches: 0
                                                   ->  Memoize  (cost=0.15..0.17 rows=1 width=11) (actual time=0.000..0.000 rows=1 loops=45591700)
                                                         Cache Key: tg.genre_id
                                                         Cache Mode: logical
                                                         Hits: 15197777  Misses: 28  Evictions: 0  Overflows: 0  Memory Usage: 4kB
                                                         Worker 0:  Hits: 15197335  Misses: 28  Evictions: 0  Overflows: 0  Memory Usage: 4kB
                                                         Worker 1:  Hits: 15196504  Misses: 28  Evictions: 0  Overflows: 0  Memory Usage: 4kB
                                                         ->  Index Scan using genre_pkey on genre g  (cost=0.14..0.16 rows=1 width=11) (actual time=0.004..0.004 rows=1 loops=84)
                                                               Index Cond: (id = tg.genre_id)
                     ->  Memoize  (cost=0.30..3.65 rows=1 width=4) (actual time=0.016..0.016 rows=1 loops=7602)
                           Cache Key: uh.user_id
                           Cache Mode: logical
                           Hits: 266  Misses: 7336  Evictions: 0  Overflows: 0  Memory Usage: 743kB
                           ->  Index Scan using users_pkey on users u  (cost=0.29..3.64 rows=1 width=4) (actual time=0.016..0.016 rows=1 loops=7336)
                                 Index Cond: (id = uh.user_id)
                                 Filter: ((country_code)::text <> ALL ('{US,GB}'::text[]))
                                 Rows Removed by Filter: 0
 Planning Time: 14.552 ms
 JIT:
   Functions: 120
   Options: Inlining true, Optimization true, Expressions true, Deforming true
   Timing: Generation 6.720 ms, Inlining 270.718 ms, Optimization 539.400 ms, Emission 393.615 ms, Total 1210.453 ms
 Execution Time: 21079.759 ms
(64 rows)

