explain analyze SELECT n.id,
    n.primary_name,
    date_part('year', NOW())::int - n.birth_year AS age,
    count(*) AS roles
FROM name n
JOIN titlePrincipals tp ON tp.name_id = n.id
JOIN titlePrincipalsCharacters tpc ON tpc.title_id = tp.title_id
    AND tpc.name_id = tp.name_id
JOIN category c ON c.id = tp.category_id
JOIN title t ON t.id = tp.title_id
LEFT JOIN titleEpisode te ON te.title_id = tp.title_id
WHERE t.start_year >= date_part('year', NOW())::int - 10
    AND c.name = 'actress'
    AND n.death_year IS NULL
    AND t.title_type IN (
        'movie', 'tvSeries', 'tvMiniSeries', 'tvMovie'
    )
    AND te.title_id IS NULL
GROUP BY n.id
ORDER BY roles DESC
LIMIT 100;
                                                                                               QUERY PLAN                                                                                               
--------------------------------------------------------------------------------------------------------------------------------------------------------------------------------------------------------
 Limit  (cost=971339.98..971339.99 rows=1 width=36) (actual time=129915.173..130043.297 rows=100 loops=1)
   ->  Sort  (cost=971339.98..971339.99 rows=1 width=36) (actual time=129415.799..129543.914 rows=100 loops=1)
         Sort Key: (count(*)) DESC
         Sort Method: top-N heapsort  Memory: 38kB
         ->  GroupAggregate  (cost=971339.94..971339.97 rows=1 width=36) (actual time=129176.607..129505.620 rows=183837 loops=1)
               Group Key: n.id
               ->  Sort  (cost=971339.94..971339.95 rows=1 width=28) (actual time=129176.547..129385.952 rows=396348 loops=1)
                     Sort Key: n.id
                     Sort Method: external merge  Disk: 14272kB
                     ->  Nested Loop  (cost=139513.90..971339.93 rows=1 width=28) (actual time=14248.813..128522.208 rows=396348 loops=1)
                           ->  Nested Loop  (cost=139513.34..971338.72 rows=1 width=58) (actual time=14247.970..95202.304 rows=446348 loops=1)
                                 ->  Nested Loop  (cost=139512.90..971337.12 rows=1 width=48) (actual time=10667.574..62558.780 rows=2342630 loops=1)
                                       ->  Gather  (cost=139512.34..971335.41 rows=1 width=20) (actual time=10649.711..11241.639 rows=2627555 loops=1)
                                             Workers Planned: 2
                                             Workers Launched: 2
                                             ->  Parallel Hash Anti Join  (cost=138512.34..970335.31 rows=1 width=20) (actual time=10668.229..11789.366 rows=875852 loops=3)
                                                   Hash Cond: ((tp.title_id)::text = (te.title_id)::text)
                                                   ->  Hash Join  (cost=1.16..781764.71 rows=1941667 width=20) (actual time=0.703..7661.067 rows=3185892 loops=3)
                                                         Hash Cond: (tp.category_id = c.id)
                                                         ->  Parallel Seq Scan on titleprincipals tp  (cost=0.00..699000.00 rows=23300000 width=24) (actual time=0.572..5590.424 rows=18639969 loops=3)
                                                         ->  Hash  (cost=1.15..1.15 rows=1 width=4) (actual time=0.057..0.059 rows=1 loops=3)
                                                               Buckets: 1024  Batches: 1  Memory Usage: 9kB
                                                               ->  Seq Scan on category c  (cost=0.00..1.15 rows=1 width=4) (actual time=0.051..0.052 rows=1 loops=3)
                                                                     Filter: ((name)::text = 'actress'::text)
                                                                     Rows Removed by Filter: 11
                                                   ->  Parallel Hash  (cost=84508.30..84508.30 rows=3106630 width=10) (actual time=2051.477..2051.478 rows=2485475 loops=3)
                                                         Buckets: 524288  Batches: 32  Memory Usage: 15104kB
                                                         ->  Parallel Seq Scan on titleepisode te  (cost=0.00..84508.30 rows=3106630 width=10) (actual time=134.304..1475.804 rows=2485475 loops=3)
                                       ->  Index Scan using name_pkey on name n  (cost=0.56..1.72 rows=1 width=28) (actual time=0.019..0.019 rows=1 loops=2627555)
                                             Index Cond: ((id)::text = (tp.name_id)::text)
                                             Filter: (death_year IS NULL)
                                             Rows Removed by Filter: 0
                                 ->  Index Scan using title_pkey on title t  (cost=0.43..1.60 rows=1 width=10) (actual time=0.014..0.014 rows=0 loops=2342630)
                                       Index Cond: ((id)::text = (tp.title_id)::text)
                                       Filter: (((title_type)::text = ANY ('{movie,tvSeries,tvMiniSeries,tvMovie}'::text[])) AND (start_year >= ((date_part('year'::text, now()))::integer - 10)))
                                       Rows Removed by Filter: 1
                           ->  Index Only Scan using tpc_title_name on titleprincipalscharacters tpc  (cost=0.56..1.20 rows=1 width=20) (actual time=0.074..0.074 rows=1 loops=446348)
                                 Index Cond: ((title_id = (tp.title_id)::text) AND (name_id = (tp.name_id)::text))
                                 Heap Fetches: 0
 Planning Time: 27.170 ms
 JIT:
   Functions: 80
   Options: Inlining true, Optimization true, Expressions true, Deforming true
   Timing: Generation 5.138 ms, Inlining 258.736 ms, Optimization 363.445 ms, Emission 279.366 ms, Total 906.685 ms
 Execution Time: 130424.593 ms
(45 rows)

