explain analyze SELECT n.id,
    n.primary_name,
    date_part('year', NOW())::int - n.birth_year AS age,
    count(*) AS roles
FROM name n
JOIN titlePrincipals tp ON tp.name_id = n.id
JOIN titlePrincipalsCharacters tpc ON tpc.title_id = tp.title_id
    AND tpc.name_id = tp.name_id
JOIN category c ON c.id = tp.category_id
JOIN title t ON t.id = tp.title_id
WHERE t.start_year >= date_part('year', NOW())::int - 10
    AND c.name = 'actress'
    AND n.death_year IS NULL
    AND t.title_type IN (
        'movie', 'tvSeries', 'tvMiniSeries', 'tvMovie'
    )
GROUP BY n.id
ORDER BY roles DESC
LIMIT 100;
                                                                                               QUERY PLAN                                                                                                
---------------------------------------------------------------------------------------------------------------------------------------------------------------------------------------------------------
 Limit  (cost=1274628.11..1274628.14 rows=12 width=36) (actual time=40437.118..40521.836 rows=100 loops=1)
   ->  Sort  (cost=1274628.11..1274628.14 rows=12 width=36) (actual time=39913.054..39997.763 rows=100 loops=1)
         Sort Key: (count(*)) DESC
         Sort Method: top-N heapsort  Memory: 38kB
         ->  Finalize GroupAggregate  (cost=1274626.36..1274627.90 rows=12 width=36) (actual time=39632.026..39957.289 rows=183837 loops=1)
               Group Key: n.id
               ->  Gather Merge  (cost=1274626.36..1274627.61 rows=10 width=36) (actual time=39631.997..39857.024 rows=250521 loops=1)
                     Workers Planned: 2
                     Workers Launched: 2
                     ->  Partial GroupAggregate  (cost=1273626.34..1273626.43 rows=5 width=36) (actual time=39607.784..39681.706 rows=83507 loops=3)
                           Group Key: n.id
                           ->  Sort  (cost=1273626.34..1273626.35 rows=5 width=28) (actual time=39607.728..39642.498 rows=132116 loops=3)
                                 Sort Key: n.id
                                 Sort Method: external merge  Disk: 4896kB
                                 Worker 0:  Sort Method: external merge  Disk: 4704kB
                                 Worker 1:  Sort Method: external merge  Disk: 4728kB
                                 ->  Nested Loop  (cost=219424.14..1273626.28 rows=5 width=28) (actual time=19818.322..39392.164 rows=132116 loops=3)
                                       ->  Nested Loop  (cost=219423.58..1273605.60 rows=5 width=20) (actual time=19816.998..28297.950 rows=132656 loops=3)
                                             ->  Parallel Hash Join  (cost=219423.01..1030016.43 rows=95060 width=30) (actual time=19816.097..20453.907 rows=149480 loops=3)
                                                   Hash Cond: ((tp.title_id)::text = (t.id)::text)
                                                   ->  Hash Join  (cost=1.16..781764.71 rows=1941667 width=20) (actual time=0.768..7406.021 rows=3185892 loops=3)
                                                         Hash Cond: (tp.category_id = c.id)
                                                         ->  Parallel Seq Scan on titleprincipals tp  (cost=0.00..699000.00 rows=23300000 width=24) (actual time=0.546..5428.636 rows=18639969 loops=3)
                                                         ->  Hash  (cost=1.15..1.15 rows=1 width=4) (actual time=0.068..0.070 rows=1 loops=3)
                                                               Buckets: 1024  Batches: 1  Memory Usage: 9kB
                                                               ->  Seq Scan on category c  (cost=0.00..1.15 rows=1 width=4) (actual time=0.060..0.061 rows=1 loops=3)
                                                                     Filter: ((name)::text = 'actress'::text)
                                                                     Rows Removed by Filter: 11
                                                   ->  Parallel Hash  (cost=215939.16..215939.16 rows=200295 width=10) (actual time=11521.515..11521.517 rows=117416 loops=3)
                                                         Buckets: 131072  Batches: 8  Memory Usage: 3168kB
                                                         ->  Parallel Bitmap Heap Scan on title t  (cost=12331.79..215939.16 rows=200295 width=10) (actual time=346.979..11450.867 rows=117416 loops=3)
                                                               Recheck Cond: ((title_type)::text = ANY ('{movie,tvSeries,tvMiniSeries,tvMovie}'::text[]))
                                                               Rows Removed by Index Recheck: 1574173
                                                               Filter: (start_year >= ((date_part('year'::text, now()))::integer - 10))
                                                               Rows Removed by Filter: 241368
                                                               Heap Blocks: exact=14210 lossy=22662
                                                               ->  Bitmap Index Scan on title_type_idx  (cost=0.00..12211.61 rows=1135715 width=0) (actual time=80.204..80.205 rows=1076354 loops=1)
                                                                     Index Cond: ((title_type)::text = ANY ('{movie,tvSeries,tvMiniSeries,tvMovie}'::text[]))
                                             ->  Index Only Scan using tpc_title_name on titleprincipalscharacters tpc  (cost=0.56..2.55 rows=1 width=20) (actual time=0.051..0.052 rows=1 loops=448441)
                                                   Index Cond: ((title_id = (tp.title_id)::text) AND (name_id = (tp.name_id)::text))
                                                   Heap Fetches: 0
                                       ->  Index Scan using name_pkey on name n  (cost=0.56..4.14 rows=1 width=28) (actual time=0.083..0.083 rows=1 loops=397968)
                                             Index Cond: ((id)::text = (tp.name_id)::text)
                                             Filter: (death_year IS NULL)
                                             Rows Removed by Filter: 0
 Planning Time: 22.040 ms
 JIT:
   Functions: 121
   Options: Inlining true, Optimization true, Expressions true, Deforming true
   Timing: Generation 7.359 ms, Inlining 278.735 ms, Optimization 578.138 ms, Emission 434.769 ms, Total 1299.001 ms
 Execution Time: 40899.116 ms
(51 rows)

