explain analyze SELECT t.id, t.primary_title, tg.genres, te.season_number, count(*) AS views
FROM title t
JOIN titleEpisode te ON te.parent_title_id = t.id
JOIN userHistory uh ON uh.title_id = te.title_id
JOIN users u ON u.id = uh.user_id
JOIN (
    SELECT tg.title_id, array_agg(g.name) AS genres
    FROM titleGenre tg
    JOIN genre g ON g.id = tg.genre_id
    GROUP BY tg.title_id
) tg ON tg.title_id = t.id
WHERE t.title_type = 'tvSeries'
    AND uh.last_seen BETWEEN NOW() - INTERVAL '30 days' AND NOW()
    AND te.season_number IS NOT NULL
    AND u.country_code NOT IN ('US', 'GB')
GROUP BY t.id, t.primary_title, tg.genres, te.season_number
ORDER BY count(*) DESC, t.id
LIMIT 100;
                                                                                                   QUERY PLAN                                                                                                    
-----------------------------------------------------------------------------------------------------------------------------------------------------------------------------------------------------------------
 Limit  (cost=963585.49..963585.74 rows=100 width=74) (actual time=22155.444..22155.592 rows=100 loops=1)
   ->  Sort  (cost=963585.49..963603.99 rows=7402 width=74) (actual time=21629.663..21629.803 rows=100 loops=1)
         Sort Key: (count(*)) DESC, t.id
         Sort Method: top-N heapsort  Memory: 41kB
         ->  GroupAggregate  (cost=115952.01..963302.59 rows=7402 width=74) (actual time=6281.508..21627.164 rows=6074 loops=1)
               Group Key: t.id, (array_agg(g.name)), te.season_number
               ->  Nested Loop  (cost=115952.01..963154.55 rows=7402 width=66) (actual time=6280.943..21622.083 rows=7524 loops=1)
                     ->  Gather Merge  (cost=115951.71..954895.05 rows=7402 width=70) (actual time=6280.261..21478.131 rows=7593 loops=1)
                           Workers Planned: 2
                           Workers Launched: 2
                           ->  Incremental Sort  (cost=114951.69..953040.65 rows=3084 width=70) (actual time=6251.172..20857.768 rows=2531 loops=3)
                                 Sort Key: t.id, (array_agg(g.name)), te.season_number
                                 Presorted Key: t.id
                                 Full-sort Groups: 82  Sort Method: quicksort  Average Memory: 29kB  Peak Memory: 29kB
                                 Worker 0:  Full-sort Groups: 77  Sort Method: quicksort  Average Memory: 29kB  Peak Memory: 29kB
                                 Worker 1:  Full-sort Groups: 78  Sort Method: quicksort  Average Memory: 29kB  Peak Memory: 29kB
                                 ->  Merge Join  (cost=114679.88..952901.87 rows=3084 width=70) (actual time=6230.170..20853.361 rows=2531 loops=3)
                                       Merge Cond: ((te.parent_title_id)::text = (tg.title_id)::text)
                                       ->  Sort  (cost=114679.18..114679.23 rows=23 width=48) (actual time=6153.547..6155.790 rows=2621 loops=3)
                                             Sort Key: t.id
                                             Sort Method: quicksort  Memory: 369kB
                                             Worker 0:  Sort Method: quicksort  Memory: 356kB
                                             Worker 1:  Sort Method: quicksort  Memory: 357kB
                                             ->  Nested Loop  (cost=0.43..114678.66 rows=23 width=48) (actual time=238.891..6145.627 rows=2621 loops=3)
                                                   ->  Nested Loop  (cost=0.43..114630.57 rows=949 width=18) (actual time=237.581..4402.409 rows=2735 loops=3)
                                                         ->  Parallel Seq Scan on userhistory uh  (cost=0.00..111329.82 rows=1195 width=14) (actual time=236.450..2281.098 rows=3812 loops=3)
                                                               Filter: ((last_seen <= now()) AND (last_seen >= (now() - '30 days'::interval)))
                                                               Rows Removed by Filter: 1996819
                                                         ->  Index Scan using titleepisode_pkey on titleepisode te  (cost=0.43..2.76 rows=1 width=24) (actual time=0.553..0.553 rows=1 loops=11436)
                                                               Index Cond: ((title_id)::text = (uh.title_id)::text)
                                                               Filter: (season_number IS NOT NULL)
                                                               Rows Removed by Filter: 0
                                                   ->  Index Scan using title_hash on title t  (cost=0.00..0.05 rows=1 width=30) (actual time=0.634..0.634 rows=1 loops=8206)
                                                         Index Cond: ((id)::text = (te.parent_title_id)::text)
                                                         Rows Removed by Index Recheck: 0
                                                         Filter: ((title_type)::text = 'tvSeries'::text)
                                                         Rows Removed by Filter: 0
                                       ->  GroupAggregate  (cost=0.71..792387.47 rows=3664333 width=42) (actual time=1.261..13692.938 rows=9375093 loops=3)
                                             Group Key: tg.title_id
                                             ->  Nested Loop  (cost=0.71..670591.08 rows=15198444 width=17) (actual time=1.223..7455.028 rows=15193863 loops=3)
                                                   ->  Index Only Scan using titlegenre_pkey on titlegenre tg  (cost=0.56..298206.02 rows=15198444 width=14) (actual time=1.146..2720.642 rows=15193863 loops=3)
                                                         Heap Fetches: 0
                                                   ->  Memoize  (cost=0.15..0.17 rows=1 width=11) (actual time=0.000..0.000 rows=1 loops=45581588)
                                                         Cache Key: tg.genre_id
                                                         Cache Mode: logical
                                                         Hits: 15197777  Misses: 28  Evictions: 0  Overflows: 0  Memory Usage: 4kB
                                                         Worker 0:  Hits: 15186028  Misses: 28  Evictions: 0  Overflows: 0  Memory Usage: 4kB
                                                         Worker 1:  Hits: 15197699  Misses: 28  Evictions: 0  Overflows: 0  Memory Usage: 4kB
                                                         ->  Index Scan using genre_pkey on genre g  (cost=0.14..0.16 rows=1 width=11) (actual time=0.004..0.004 rows=1 loops=84)
                                                               Index Cond: (id = tg.genre_id)
                     ->  Index Scan using users_pkey on users u  (cost=0.29..1.12 rows=1 width=4) (actual time=0.018..0.018 rows=1 loops=7593)
                           Index Cond: (id = uh.user_id)
                           Filter: ((country_code)::text <> ALL ('{US,GB}'::text[]))
                           Rows Removed by Filter: 0
 Planning Time: 18.764 ms
 JIT:
   Functions: 115
   Options: Inlining true, Optimization true, Expressions true, Deforming true
   Timing: Generation 6.878 ms, Inlining 284.718 ms, Optimization 547.528 ms, Emission 403.031 ms, Total 1242.155 ms
 Execution Time: 22568.413 ms
(60 rows)

