explain analyze SELECT n.id,
    n.primary_name,
    date_part('year', NOW())::int - n.birth_year AS age,
    count(*) AS roles
FROM name n
JOIN titlePrincipals tp ON tp.name_id = n.id
JOIN titlePrincipalsCharacters tpc ON tpc.title_id = tp.title_id
    AND tpc.name_id = tp.name_id
JOIN category c ON c.id = tp.category_id
JOIN title t ON t.id = tp.title_id
WHERE t.start_year >= date_part('year', NOW())::int - 10
    AND c.name = 'actress'
    AND n.death_year IS NULL
    AND t.title_type IN (
        'movie', 'tvSeries', 'tvMiniSeries', 'tvMovie'
    )
GROUP BY n.id
ORDER BY roles DESC
LIMIT 100;
                                                                                               QUERY PLAN                                                                                                
---------------------------------------------------------------------------------------------------------------------------------------------------------------------------------------------------------
 Limit  (cost=1260587.26..1260587.29 rows=12 width=36) (actual time=41812.737..41897.173 rows=100 loops=1)
   ->  Sort  (cost=1260587.26..1260587.29 rows=12 width=36) (actual time=41275.324..41359.751 rows=100 loops=1)
         Sort Key: (count(*)) DESC
         Sort Method: top-N heapsort  Memory: 38kB
         ->  Finalize GroupAggregate  (cost=1260585.52..1260587.05 rows=12 width=36) (actual time=41004.384..41320.011 rows=183837 loops=1)
               Group Key: n.id
               ->  Gather Merge  (cost=1260585.52..1260586.76 rows=10 width=36) (actual time=41004.325..41223.763 rows=250255 loops=1)
                     Workers Planned: 2
                     Workers Launched: 2
                     ->  Partial GroupAggregate  (cost=1259585.49..1259585.58 rows=5 width=36) (actual time=40981.291..41056.909 rows=83418 loops=3)
                           Group Key: n.id
                           ->  Sort  (cost=1259585.49..1259585.50 rows=5 width=28) (actual time=40981.238..41017.349 rows=132116 loops=3)
                                 Sort Key: n.id
                                 Sort Method: external merge  Disk: 4720kB
                                 Worker 0:  Sort Method: external merge  Disk: 4808kB
                                 Worker 1:  Sort Method: external merge  Disk: 4800kB
                                 ->  Nested Loop  (cost=218283.55..1259585.43 rows=5 width=28) (actual time=20132.994..40779.570 rows=132116 loops=3)
                                       ->  Nested Loop  (cost=218282.99..1259564.75 rows=5 width=20) (actual time=20131.077..29185.712 rows=132656 loops=3)
                                             ->  Parallel Hash Join  (cost=218282.43..1028823.85 rows=90046 width=30) (actual time=20129.140..20751.492 rows=149480 loops=3)
                                                   Hash Cond: ((tp.title_id)::text = (t.id)::text)
                                                   ->  Hash Join  (cost=1.16..781764.71 rows=1941667 width=20) (actual time=0.835..7556.604 rows=3185892 loops=3)
                                                         Hash Cond: (tp.category_id = c.id)
                                                         ->  Parallel Seq Scan on titleprincipals tp  (cost=0.00..699000.00 rows=23300000 width=24) (actual time=0.582..5629.075 rows=18639969 loops=3)
                                                         ->  Hash  (cost=1.15..1.15 rows=1 width=4) (actual time=0.074..0.076 rows=1 loops=3)
                                                               Buckets: 1024  Batches: 1  Memory Usage: 9kB
                                                               ->  Seq Scan on category c  (cost=0.00..1.15 rows=1 width=4) (actual time=0.066..0.067 rows=1 loops=3)
                                                                     Filter: ((name)::text = 'actress'::text)
                                                                     Rows Removed by Filter: 11
                                                   ->  Parallel Hash  (cost=214982.82..214982.82 rows=189716 width=10) (actual time=11700.367..11700.368 rows=117416 loops=3)
                                                         Buckets: 131072  Batches: 8  Memory Usage: 3168kB
                                                         ->  Parallel Bitmap Heap Scan on title t  (cost=11598.18..214982.82 rows=189716 width=10) (actual time=362.025..11616.519 rows=117416 loops=3)
                                                               Recheck Cond: ((title_type)::text = ANY ('{movie,tvSeries,tvMiniSeries,tvMovie}'::text[]))
                                                               Rows Removed by Index Recheck: 1574173
                                                               Filter: (start_year >= ((date_part('year'::text, now()))::integer - 10))
                                                               Rows Removed by Filter: 241368
                                                               Heap Blocks: exact=14204 lossy=22331
                                                               ->  Bitmap Index Scan on title_type_idx  (cost=0.00..11484.35 rows=1067547 width=0) (actual time=81.510..81.511 rows=1076354 loops=1)
                                                                     Index Cond: ((title_type)::text = ANY ('{movie,tvSeries,tvMiniSeries,tvMovie}'::text[]))
                                             ->  Index Only Scan using tpc_title_name on titleprincipalscharacters tpc  (cost=0.56..2.55 rows=1 width=20) (actual time=0.055..0.056 rows=1 loops=448441)
                                                   Index Cond: ((title_id = (tp.title_id)::text) AND (name_id = (tp.name_id)::text))
                                                   Heap Fetches: 0
                                       ->  Index Scan using name_pkey on name n  (cost=0.56..4.14 rows=1 width=28) (actual time=0.087..0.087 rows=1 loops=397968)
                                             Index Cond: ((id)::text = (tp.name_id)::text)
                                             Filter: (death_year IS NULL)
                                             Rows Removed by Filter: 0
 Planning Time: 21.049 ms
 JIT:
   Functions: 121
   Options: Inlining true, Optimization true, Expressions true, Deforming true
   Timing: Generation 7.284 ms, Inlining 289.912 ms, Optimization 588.875 ms, Emission 446.459 ms, Total 1332.530 ms
 Execution Time: 42283.792 ms
(51 rows)

