explain analyze SELECT t.id, t.primary_title, tg.genres, te.season_number, count(*) AS views
FROM title t
JOIN titleEpisode te ON te.parent_title_id = t.id
JOIN title t2 ON t2.id = te.title_id
JOIN userHistory uh ON uh.title_id = t2.id
JOIN users u ON u.id = uh.user_id
JOIN (
    SELECT tg.title_id, array_agg(g.name) AS genres
    FROM titleGenre tg
    JOIN genre g ON g.id = tg.genre_id
    GROUP BY tg.title_id
) tg ON tg.title_id = t.id
WHERE t.title_type = 'tvSeries'
    AND uh.last_seen BETWEEN NOW() - INTERVAL '30 days' AND NOW()
    AND te.season_number IS NOT NULL
    AND u.country_code NOT IN ('US', 'GB')
GROUP BY t.id, t.primary_title, tg.genres, te.season_number
ORDER BY count(*) DESC, t.id
LIMIT 100;
                                                                                                   QUERY PLAN                                                                                                    
-----------------------------------------------------------------------------------------------------------------------------------------------------------------------------------------------------------------
 Limit  (cost=1116961.45..1116961.70 rows=100 width=74) (actual time=22806.756..22806.908 rows=100 loops=1)
   ->  Sort  (cost=1116961.45..1116974.39 rows=5177 width=74) (actual time=22238.541..22238.686 rows=100 loops=1)
         Sort Key: (count(*)) DESC, t.id
         Sort Method: top-N heapsort  Memory: 41kB
         ->  Finalize GroupAggregate  (cost=118683.06..1116763.59 rows=5177 width=74) (actual time=6883.532..22236.506 rows=6083 loops=1)
               Group Key: t.id, (array_agg(g.name)), te.season_number
               ->  Gather Merge  (cost=118683.06..1116668.68 rows=4314 width=74) (actual time=6883.486..22232.906 rows=6807 loops=1)
                     Workers Planned: 2
                     Workers Launched: 2
                     ->  Partial GroupAggregate  (cost=117683.03..1115170.71 rows=2157 width=74) (actual time=6856.031..21520.543 rows=2269 loops=3)
                           Group Key: t.id, (array_agg(g.name)), te.season_number
                           ->  Incremental Sort  (cost=117683.03..1115127.57 rows=2157 width=66) (actual time=6855.998..21518.907 rows=2512 loops=3)
                                 Sort Key: t.id, (array_agg(g.name)), te.season_number
                                 Presorted Key: t.id
                                 Full-sort Groups: 82  Sort Method: quicksort  Average Memory: 29kB  Peak Memory: 29kB
                                 Worker 0:  Full-sort Groups: 76  Sort Method: quicksort  Average Memory: 29kB  Peak Memory: 29kB
                                 Worker 1:  Full-sort Groups: 77  Sort Method: quicksort  Average Memory: 29kB  Peak Memory: 29kB
                                 ->  Merge Join  (cost=117220.43..1115030.51 rows=2157 width=66) (actual time=6835.095..21515.192 rows=2512 loops=3)
                                       Merge Cond: ((te.parent_title_id)::text = (tg.title_id)::text)
                                       ->  Sort  (cost=117219.72..117219.77 rows=18 width=44) (actual time=6766.381..6768.100 rows=2600 loops=3)
                                             Sort Key: t.id
                                             Sort Method: quicksort  Memory: 342kB
                                             Worker 0:  Sort Method: quicksort  Memory: 326kB
                                             Worker 1:  Sort Method: quicksort  Memory: 329kB
                                             ->  Nested Loop  (cost=1.16..117219.35 rows=18 width=44) (actual time=301.236..6760.325 rows=2600 loops=3)
                                                   ->  Nested Loop  (cost=0.87..117165.64 rows=18 width=48) (actual time=301.190..6729.796 rows=2625 loops=3)
                                                         ->  Nested Loop  (cost=0.87..117077.07 rows=727 width=18) (actual time=300.024..5212.909 rows=2740 loops=3)
                                                               ->  Nested Loop  (cost=0.43..116496.92 rows=1200 width=24) (actual time=298.782..3395.917 rows=3818 loops=3)
                                                                     ->  Parallel Seq Scan on userhistory uh  (cost=0.00..111328.86 rows=1200 width=14) (actual time=297.378..1996.061 rows=3818 loops=3)
                                                                           Filter: ((last_seen <= now()) AND (last_seen >= (now() - '30 days'::interval)))
                                                                           Rows Removed by Filter: 1996812
                                                                     ->  Index Only Scan using title_pkey on title t2  (cost=0.43..4.31 rows=1 width=10) (actual time=0.364..0.364 rows=1 loops=11455)
                                                                           Index Cond: (id = (uh.title_id)::text)
                                                                           Heap Fetches: 0
                                                               ->  Index Scan using titleepisode_pkey on titleepisode te  (cost=0.43..0.48 rows=1 width=24) (actual time=0.474..0.474 rows=1 loops=11455)
                                                                     Index Cond: ((title_id)::text = (t2.id)::text)
                                                                     Filter: (season_number IS NOT NULL)
                                                                     Rows Removed by Filter: 0
                                                         ->  Index Scan using title_hash on title t  (cost=0.00..0.12 rows=1 width=30) (actual time=0.551..0.551 rows=1 loops=8219)
                                                               Index Cond: ((id)::text = (te.parent_title_id)::text)
                                                               Rows Removed by Index Recheck: 0
                                                               Filter: ((title_type)::text = 'tvSeries'::text)
                                                               Rows Removed by Filter: 0
                                                   ->  Index Scan using users_pkey on users u  (cost=0.29..2.98 rows=1 width=4) (actual time=0.009..0.009 rows=1 loops=7875)
                                                         Index Cond: (id = uh.user_id)
                                                         Filter: ((country_code)::text <> ALL ('{US,GB}'::text[]))
                                                         Rows Removed by Filter: 0
                                       ->  GroupAggregate  (cost=0.71..954128.77 rows=3492779 width=42) (actual time=0.845..13753.248 rows=9375093 loops=3)
                                             Group Key: tg.title_id
                                             ->  Nested Loop  (cost=0.71..834474.73 rows=15198860 width=17) (actual time=0.806..7465.145 rows=15193863 loops=3)
                                                   ->  Index Only Scan using titlegenre_pkey on titlegenre tg  (cost=0.56..462079.46 rows=15198860 width=14) (actual time=0.736..2669.444 rows=15193863 loops=3)
                                                         Heap Fetches: 0
                                                   ->  Memoize  (cost=0.15..0.17 rows=1 width=11) (actual time=0.000..0.000 rows=1 loops=45581588)
                                                         Cache Key: tg.genre_id
                                                         Cache Mode: logical
                                                         Hits: 15197777  Misses: 28  Evictions: 0  Overflows: 0  Memory Usage: 4kB
                                                         Worker 0:  Hits: 15186028  Misses: 28  Evictions: 0  Overflows: 0  Memory Usage: 4kB
                                                         Worker 1:  Hits: 15197699  Misses: 28  Evictions: 0  Overflows: 0  Memory Usage: 4kB
                                                         ->  Index Scan using genre_pkey on genre g  (cost=0.14..0.16 rows=1 width=11) (actual time=0.004..0.004 rows=1 loops=84)
                                                               Index Cond: (id = tg.genre_id)
 Planning Time: 17.536 ms
 JIT:
   Functions: 148
   Options: Inlining true, Optimization true, Expressions true, Deforming true
   Timing: Generation 9.073 ms, Inlining 290.742 ms, Optimization 664.092 ms, Emission 504.846 ms, Total 1468.753 ms
 Execution Time: 23169.496 ms
(66 rows)

