explain analyze SELECT n.id,
    n.primary_name,
    date_part('year', NOW())::int - n.birth_year AS age,
    count(*) AS roles
FROM name n
JOIN titlePrincipals tp ON tp.name_id = n.id
JOIN titlePrincipalsCharacters tpc ON tpc.title_id = tp.title_id
    AND tpc.name_id = tp.name_id
JOIN category c ON c.id = tp.category_id
JOIN title t ON t.id = tp.title_id
LEFT JOIN titleEpisode te ON te.title_id = tp.title_id
WHERE t.start_year >= date_part('year', NOW())::int - 10
    AND c.name = 'actress'
    AND n.death_year IS NULL
    AND t.title_type IN (
        'movie', 'tvSeries', 'tvMiniSeries', 'tvMovie'
    )
    AND te.title_id IS NULL
GROUP BY n.id
ORDER BY roles DESC
LIMIT 100;
                                                                                               QUERY PLAN                                                                                               
--------------------------------------------------------------------------------------------------------------------------------------------------------------------------------------------------------
 Limit  (cost=971335.62..971335.62 rows=1 width=36) (actual time=129550.987..129674.622 rows=100 loops=1)
   ->  Sort  (cost=971335.62..971335.62 rows=1 width=36) (actual time=129049.893..129173.520 rows=100 loops=1)
         Sort Key: (count(*)) DESC
         Sort Method: top-N heapsort  Memory: 38kB
         ->  GroupAggregate  (cost=971335.58..971335.61 rows=1 width=36) (actual time=128811.607..129135.108 rows=183837 loops=1)
               Group Key: n.id
               ->  Sort  (cost=971335.58..971335.58 rows=1 width=28) (actual time=128811.551..129015.345 rows=396348 loops=1)
                     Sort Key: n.id
                     Sort Method: external merge  Disk: 14272kB
                     ->  Nested Loop  (cost=139510.53..971335.57 rows=1 width=28) (actual time=15457.412..128147.162 rows=396348 loops=1)
                           ->  Nested Loop  (cost=139509.97..971334.35 rows=1 width=58) (actual time=15456.222..94871.592 rows=446348 loops=1)
                                 ->  Nested Loop  (cost=139509.54..971332.76 rows=1 width=48) (actual time=11279.480..62684.598 rows=2342630 loops=1)
                                       ->  Gather  (cost=139508.98..971331.04 rows=1 width=20) (actual time=11278.055..11847.780 rows=2627555 loops=1)
                                             Workers Planned: 2
                                             Workers Launched: 2
                                             ->  Parallel Hash Anti Join  (cost=138508.98..970330.94 rows=1 width=20) (actual time=11298.890..12419.839 rows=875852 loops=3)
                                                   Hash Cond: ((tp.title_id)::text = (te.title_id)::text)
                                                   ->  Hash Join  (cost=1.16..781764.71 rows=1941667 width=20) (actual time=0.604..8291.084 rows=3185892 loops=3)
                                                         Hash Cond: (tp.category_id = c.id)
                                                         ->  Parallel Seq Scan on titleprincipals tp  (cost=0.00..699000.00 rows=23300000 width=24) (actual time=0.472..6344.696 rows=18639969 loops=3)
                                                         ->  Hash  (cost=1.15..1.15 rows=1 width=4) (actual time=0.059..0.062 rows=1 loops=3)
                                                               Buckets: 1024  Batches: 1  Memory Usage: 9kB
                                                               ->  Seq Scan on category c  (cost=0.00..1.15 rows=1 width=4) (actual time=0.052..0.053 rows=1 loops=3)
                                                                     Filter: ((name)::text = 'actress'::text)
                                                                     Rows Removed by Filter: 11
                                                   ->  Parallel Hash  (cost=84507.25..84507.25 rows=3106525 width=10) (actual time=2043.429..2043.430 rows=2485475 loops=3)
                                                         Buckets: 524288  Batches: 32  Memory Usage: 15104kB
                                                         ->  Parallel Seq Scan on titleepisode te  (cost=0.00..84507.25 rows=3106525 width=10) (actual time=130.010..1485.277 rows=2485475 loops=3)
                                       ->  Index Scan using name_pkey on name n  (cost=0.56..1.72 rows=1 width=28) (actual time=0.019..0.019 rows=1 loops=2627555)
                                             Index Cond: ((id)::text = (tp.name_id)::text)
                                             Filter: (death_year IS NULL)
                                             Rows Removed by Filter: 0
                                 ->  Index Scan using title_pkey on title t  (cost=0.43..1.60 rows=1 width=10) (actual time=0.013..0.013 rows=0 loops=2342630)
                                       Index Cond: ((id)::text = (tp.title_id)::text)
                                       Filter: (((title_type)::text = ANY ('{movie,tvSeries,tvMiniSeries,tvMovie}'::text[])) AND (start_year >= ((date_part('year'::text, now()))::integer - 10)))
                                       Rows Removed by Filter: 1
                           ->  Index Only Scan using tpc_title_name on titleprincipalscharacters tpc  (cost=0.56..1.20 rows=1 width=20) (actual time=0.074..0.074 rows=1 loops=446348)
                                 Index Cond: ((title_id = (tp.title_id)::text) AND (name_id = (tp.name_id)::text))
                                 Heap Fetches: 0
 Planning Time: 24.733 ms
 JIT:
   Functions: 80
   Options: Inlining true, Optimization true, Expressions true, Deforming true
   Timing: Generation 4.913 ms, Inlining 254.821 ms, Optimization 357.222 ms, Emission 278.758 ms, Total 895.714 ms
 Execution Time: 130044.560 ms
(45 rows)

