explain analyze SELECT *
FROM (
    SELECT t.id,
        left(t.primary_title, 30),
        ((start_year / 10) * 10)::int AS decade,
        avg(uh.rating) AS rating,
        rank() over (
            PARTITION by ((start_year / 10) * 10) :: int
            ORDER BY avg(uh.rating) DESC, t.id
        ) AS rank
    FROM title t
    JOIN userHistory uh ON uh.title_id = t.id
    WHERE t.title_type = 'movie'
        AND ((start_year / 10) * 10)::int >= 1980
        AND t.id IN (
            SELECT title_id
            FROM titleGenre tg
            JOIN genre g ON g.id = tg.genre_id
            WHERE g.name IN (
                'Drama'
            )
        )
        AND t.id IN (
            SELECT title_id
            FROM titleAkas
            WHERE region IN (
                'US', 'GB', 'ES', 'DE', 'FR', 'PT'
            )
        )
    GROUP BY t.id
    HAVING count(uh.rating) >= 3
    ORDER BY decade, rating DESC
) t_
WHERE rank <= 10;
                                                                                                   QUERY PLAN                                                                                                    
-----------------------------------------------------------------------------------------------------------------------------------------------------------------------------------------------------------------
 Subquery Scan on t_  (cost=334656.99..334672.21 rows=119 width=86) (actual time=20584.357..20664.325 rows=50 loops=1)
   Filter: (t_.rank <= 10)
   Rows Removed by Filter: 1953
   ->  WindowAgg  (cost=334656.99..334667.73 rows=358 width=86) (actual time=20584.353..20664.215 rows=2003 loops=1)
         ->  Sort  (cost=334656.99..334657.89 rows=358 width=66) (actual time=20584.298..20662.572 rows=2003 loops=1)
               Sort Key: (((t.start_year / 10) * 10)), (avg(uh.rating)) DESC, t.id
               Sort Method: quicksort  Memory: 228kB
               ->  Finalize GroupAggregate  (cost=334504.79..334641.81 rows=358 width=66) (actual time=20519.086..20658.657 rows=2003 loops=1)
                     Group Key: t.id
                     Filter: (count(uh.rating) >= 3)
                     Rows Removed by Filter: 40986
                     ->  Gather Merge  (cost=334504.79..334617.17 rows=896 width=74) (actual time=20519.041..20626.342 rows=53815 loops=1)
                           Workers Planned: 2
                           Workers Launched: 2
                           ->  Partial GroupAggregate  (cost=333504.77..333513.73 rows=448 width=74) (actual time=20499.360..20513.149 rows=17938 loops=3)
                                 Group Key: t.id
                                 ->  Sort  (cost=333504.77..333505.89 rows=448 width=38) (actual time=20499.308..20502.180 rows=20226 loops=3)
                                       Sort Key: t.id
                                       Sort Method: quicksort  Memory: 2390kB
                                       Worker 0:  Sort Method: quicksort  Memory: 2435kB
                                       Worker 1:  Sort Method: quicksort  Memory: 2405kB
                                       ->  Nested Loop Semi Join  (cost=201527.31..333485.04 rows=448 width=38) (actual time=2417.243..20463.720 rows=20226 loops=3)
                                             ->  Nested Loop Semi Join  (cost=201526.61..322625.21 rows=8104 width=58) (actual time=2415.393..14817.071 rows=58327 loops=3)
                                                   ->  Parallel Hash Join  (cost=201526.05..288160.55 rows=54490 width=48) (actual time=2413.928..4680.116 rows=96250 loops=3)
                                                         Hash Cond: ((uh.title_id)::text = (t.id)::text)
                                                         ->  Parallel Seq Scan on userhistory uh  (cost=0.00..80069.92 rows=2500792 width=14) (actual time=0.394..1371.547 rows=2000631 loops=3)
                                                         ->  Parallel Hash  (cost=200411.81..200411.81 rows=89139 width=34) (actual time=2412.618..2412.620 rows=129726 loops=3)
                                                               Buckets: 524288 (originally 262144)  Batches: 1 (originally 1)  Memory Usage: 32448kB
                                                               ->  Parallel Seq Scan on title t  (cost=0.00..200411.81 rows=89139 width=34) (actual time=53.827..2323.747 rows=129726 loops=3)
                                                                     Filter: (((title_type)::text = 'movie'::text) AND (((start_year / 10) * 10) >= 1980))
                                                                     Rows Removed by Filter: 3143815
                                                   ->  Index Only Scan using akas_id_region_idx on titleakas  (cost=0.56..2.60 rows=36 width=10) (actual time=0.105..0.105 rows=1 loops=288751)
                                                         Index Cond: (title_id = (uh.title_id)::text)
                                                         Filter: ((region)::text = ANY ('{US,GB,ES,DE,FR,PT}'::text[]))
                                                         Rows Removed by Filter: 1
                                                         Heap Fetches: 0
                                             ->  Nested Loop  (cost=0.70..1.33 rows=1 width=10) (actual time=0.096..0.096 rows=0 loops=174982)
                                                   ->  Index Only Scan using idx_titlegenre_title_id_genre_id on titlegenre tg  (cost=0.56..0.84 rows=3 width=14) (actual time=0.093..0.093 rows=1 loops=174982)
                                                         Index Cond: (title_id = (uh.title_id)::text)
                                                         Heap Fetches: 0
                                                   ->  Index Scan using genre_pkey on genre g  (cost=0.14..0.16 rows=1 width=4) (actual time=0.002..0.002 rows=0 loops=241884)
                                                         Index Cond: (id = tg.genre_id)
                                                         Filter: ((name)::text = 'Drama'::text)
                                                         Rows Removed by Filter: 1
 Planning Time: 15.035 ms
 JIT:
   Functions: 102
   Options: Inlining false, Optimization false, Expressions true, Deforming true
   Timing: Generation 6.948 ms, Inlining 0.000 ms, Optimization 5.479 ms, Emission 150.612 ms, Total 163.039 ms
 Execution Time: 21030.215 ms
(50 rows)

