explain analyze SELECT t.id, t.primary_title, tg.genres, te.season_number, count(*) AS views
FROM title t
JOIN titleEpisode te ON te.parent_title_id = t.id
JOIN userHistory uh ON uh.title_id = te.title_id
JOIN users u ON u.id = uh.user_id
JOIN (
    SELECT tg.title_id, array_agg(g.name) AS genres
    FROM titleGenre tg
    JOIN genre g ON g.id = tg.genre_id
    GROUP BY tg.title_id
) tg ON tg.title_id = t.id
WHERE t.title_type = 'tvSeries'
    AND uh.last_seen BETWEEN NOW() - INTERVAL '30 days' AND NOW()
    AND te.season_number IS NOT NULL
    AND u.country_code NOT IN ('US', 'GB')
GROUP BY t.id, t.primary_title, tg.genres, te.season_number
ORDER BY count(*) DESC, t.id
LIMIT 100;
                                                                                                   QUERY PLAN                                                                                                    
-----------------------------------------------------------------------------------------------------------------------------------------------------------------------------------------------------------------
 Limit  (cost=987736.04..987736.29 rows=100 width=74) (actual time=22046.190..22046.332 rows=100 loops=1)
   ->  Sort  (cost=987736.04..987791.13 rows=22034 width=74) (actual time=21509.480..21509.614 rows=100 loops=1)
         Sort Key: (count(*)) DESC, t.id
         Sort Method: top-N heapsort  Memory: 41kB
         ->  GroupAggregate  (cost=120089.36..986893.92 rows=22034 width=74) (actual time=6097.377..21506.951 rows=6075 loops=1)
               Group Key: t.id, (array_agg(g.name)), te.season_number
               ->  Nested Loop  (cost=120089.36..986453.24 rows=22034 width=66) (actual time=6096.822..21501.996 rows=7525 loops=1)
                     ->  Gather Merge  (cost=120089.06..981378.82 rows=22193 width=70) (actual time=6096.107..21352.465 rows=7594 loops=1)
                           Workers Planned: 2
                           Workers Launched: 2
                           ->  Incremental Sort  (cost=119089.03..977817.18 rows=9247 width=70) (actual time=6071.662..20829.139 rows=2531 loops=3)
                                 Sort Key: t.id, (array_agg(g.name)), te.season_number
                                 Presorted Key: t.id
                                 Full-sort Groups: 82  Sort Method: quicksort  Average Memory: 29kB  Peak Memory: 29kB
                                 Worker 0:  Full-sort Groups: 77  Sort Method: quicksort  Average Memory: 29kB  Peak Memory: 29kB
                                 Worker 1:  Full-sort Groups: 78  Sort Method: quicksort  Average Memory: 29kB  Peak Memory: 29kB
                                 ->  Merge Join  (cost=118996.19..977401.06 rows=9247 width=70) (actual time=6047.738..20824.581 rows=2531 loops=3)
                                       Merge Cond: ((te.parent_title_id)::text = (tg.title_id)::text)
                                       ->  Sort  (cost=118995.48..118995.63 rows=58 width=48) (actual time=5978.305..5980.535 rows=2621 loops=3)
                                             Sort Key: t.id
                                             Sort Method: quicksort  Memory: 370kB
                                             Worker 0:  Sort Method: quicksort  Memory: 354kB
                                             Worker 1:  Sort Method: quicksort  Memory: 359kB
                                             ->  Nested Loop  (cost=0.43..118993.79 rows=58 width=48) (actual time=243.275..5970.971 rows=2621 loops=3)
                                                   ->  Nested Loop  (cost=0.43..118879.18 rows=2260 width=18) (actual time=241.887..4270.577 rows=2736 loops=3)
                                                         ->  Parallel Seq Scan on userhistory uh  (cost=0.00..111328.50 rows=2849 width=14) (actual time=240.695..2180.892 rows=3813 loops=3)
                                                               Filter: ((last_seen <= now()) AND (last_seen >= (now() - '30 days'::interval)))
                                                               Rows Removed by Filter: 1996818
                                                         ->  Index Scan using titleepisode_pkey on titleepisode te  (cost=0.43..2.65 rows=1 width=24) (actual time=0.545..0.545 rows=1 loops=11439)
                                                               Index Cond: ((title_id)::text = (uh.title_id)::text)
                                                               Filter: (season_number IS NOT NULL)
                                                               Rows Removed by Filter: 0
                                                   ->  Index Scan using title_hash on title t  (cost=0.00..0.05 rows=1 width=30) (actual time=0.618..0.618 rows=1 loops=8207)
                                                         Index Cond: ((id)::text = (te.parent_title_id)::text)
                                                         Rows Removed by Index Recheck: 0
                                                         Filter: ((title_type)::text = 'tvSeries'::text)
                                                         Rows Removed by Filter: 0
                                       ->  GroupAggregate  (cost=0.71..802457.51 rows=4468467 width=42) (actual time=1.065..13796.181 rows=9374750 loops=3)
                                             Group Key: tg.title_id
                                             ->  Nested Loop  (cost=0.71..670607.37 rows=15198860 width=17) (actual time=1.036..7482.566 rows=15193346 loops=3)
                                                   ->  Index Only Scan using titlegenre_pkey on titlegenre tg  (cost=0.56..298212.26 rows=15198860 width=14) (actual time=0.953..2690.192 rows=15193346 loops=3)
                                                         Heap Fetches: 0
                                                   ->  Memoize  (cost=0.15..0.17 rows=1 width=11) (actual time=0.000..0.000 rows=1 loops=45580039)
                                                         Cache Key: tg.genre_id
                                                         Cache Mode: logical
                                                         Hits: 15184479  Misses: 28  Evictions: 0  Overflows: 0  Memory Usage: 4kB
                                                         Worker 0:  Hits: 15197699  Misses: 28  Evictions: 0  Overflows: 0  Memory Usage: 4kB
                                                         Worker 1:  Hits: 15197777  Misses: 28  Evictions: 0  Overflows: 0  Memory Usage: 4kB
                                                         ->  Index Scan using genre_pkey on genre g  (cost=0.14..0.16 rows=1 width=11) (actual time=0.004..0.004 rows=1 loops=84)
                                                               Index Cond: (id = tg.genre_id)
                     ->  Memoize  (cost=0.30..0.71 rows=1 width=4) (actual time=0.019..0.019 rows=1 loops=7594)
                           Cache Key: uh.user_id
                           Cache Mode: logical
                           Hits: 266  Misses: 7328  Evictions: 0  Overflows: 0  Memory Usage: 742kB
                           ->  Index Scan using users_pkey on users u  (cost=0.29..0.70 rows=1 width=4) (actual time=0.019..0.019 rows=1 loops=7328)
                                 Index Cond: (id = uh.user_id)
                                 Filter: ((country_code)::text <> ALL ('{US,GB}'::text[]))
                                 Rows Removed by Filter: 0
 Planning Time: 18.693 ms
 JIT:
   Functions: 120
   Options: Inlining true, Optimization true, Expressions true, Deforming true
   Timing: Generation 7.345 ms, Inlining 287.675 ms, Optimization 560.037 ms, Emission 409.542 ms, Total 1264.600 ms
 Execution Time: 22438.708 ms
(64 rows)

