explain analyze SELECT t.id, t.primary_title, tg.genres, te.season_number, count(*) AS views
FROM title t
JOIN titleEpisode te ON te.parent_title_id = t.id
JOIN userHistory uh ON uh.title_id = te.title_id
JOIN users u ON u.id = uh.user_id
JOIN (
    SELECT tg.title_id, array_agg(g.name) AS genres
    FROM titleGenre tg
    JOIN genre g ON g.id = tg.genre_id
    GROUP BY tg.title_id
) tg ON tg.title_id = t.id
WHERE t.title_type = 'tvSeries'
    AND uh.last_seen BETWEEN NOW() - INTERVAL '30 days' AND NOW()
    AND te.season_number IS NOT NULL
    AND u.country_code NOT IN ('US', 'GB')
GROUP BY t.id, t.primary_title, tg.genres, te.season_number
ORDER BY count(*) DESC, t.id
LIMIT 100;
                                                                                                   QUERY PLAN                                                                                                    
-----------------------------------------------------------------------------------------------------------------------------------------------------------------------------------------------------------------
 Limit  (cost=1139604.87..1139605.12 rows=100 width=74) (actual time=21717.550..21717.688 rows=100 loops=1)
   ->  Sort  (cost=1139604.87..1139625.66 rows=8313 width=74) (actual time=21191.514..21191.645 rows=100 loops=1)
         Sort Key: (count(*)) DESC, t.id
         Sort Method: top-N heapsort  Memory: 41kB
         ->  GroupAggregate  (cost=122476.79..1139287.16 rows=8313 width=74) (actual time=5869.508..21188.965 rows=6082 loops=1)
               Group Key: t.id, (array_agg(g.name)), te.season_number
               ->  Nested Loop  (cost=122476.79..1139120.90 rows=8313 width=66) (actual time=5869.069..21184.225 rows=7533 loops=1)
                     ->  Gather Merge  (cost=122476.49..1130539.85 rows=8313 width=70) (actual time=5868.410..21039.434 rows=7602 loops=1)
                           Workers Planned: 2
                           Workers Launched: 2
                           ->  Incremental Sort  (cost=121476.46..1128580.30 rows=3464 width=70) (actual time=5845.695..20423.835 rows=2534 loops=3)
                                 Sort Key: t.id, (array_agg(g.name)), te.season_number
                                 Presorted Key: t.id
                                 Full-sort Groups: 82  Sort Method: quicksort  Average Memory: 29kB  Peak Memory: 29kB
                                 Worker 0:  Full-sort Groups: 79  Sort Method: quicksort  Average Memory: 29kB  Peak Memory: 29kB
                                 Worker 1:  Full-sort Groups: 76  Sort Method: quicksort  Average Memory: 29kB  Peak Memory: 29kB
                                 ->  Merge Join  (cost=121185.68..1128424.42 rows=3464 width=70) (actual time=5823.303..20419.904 rows=2534 loops=3)
                                       Merge Cond: ((te.parent_title_id)::text = (tg.title_id)::text)
                                       ->  Sort  (cost=121184.97..121185.04 rows=25 width=48) (actual time=5753.468..5755.304 rows=2624 loops=3)
                                             Sort Key: t.id
                                             Sort Method: quicksort  Memory: 369kB
                                             Worker 0:  Sort Method: quicksort  Memory: 362kB
                                             Worker 1:  Sort Method: quicksort  Memory: 352kB
                                             ->  Nested Loop  (cost=0.43..121184.39 rows=25 width=48) (actual time=239.517..5746.336 rows=2624 loops=3)
                                                   ->  Nested Loop  (cost=0.43..121068.49 rows=948 width=18) (actual time=238.354..4066.911 rows=2739 loops=3)
                                                         ->  Parallel Seq Scan on userhistory uh  (cost=0.00..111329.14 rows=1194 width=14) (actual time=236.952..2062.431 rows=3818 loops=3)
                                                               Filter: ((last_seen <= now()) AND (last_seen >= (now() - '30 days'::interval)))
                                                               Rows Removed by Filter: 1996813
                                                         ->  Index Scan using titleepisode_pkey on titleepisode te  (cost=0.43..8.16 rows=1 width=24) (actual time=0.522..0.522 rows=1 loops=11453)
                                                               Index Cond: ((title_id)::text = (uh.title_id)::text)
                                                               Filter: (season_number IS NOT NULL)
                                                               Rows Removed by Filter: 0
                                                   ->  Index Scan using title_hash on title t  (cost=0.00..0.12 rows=1 width=30) (actual time=0.610..0.610 rows=1 loops=8217)
                                                         Index Cond: ((id)::text = (te.parent_title_id)::text)
                                                         Rows Removed by Index Recheck: 0
                                                         Filter: ((title_type)::text = 'tvSeries'::text)
                                                         Rows Removed by Filter: 0
                                       ->  GroupAggregate  (cost=0.71..958827.30 rows=3870144 width=42) (actual time=1.137..13626.259 rows=9372434 loops=3)
                                             Group Key: tg.title_id
                                             ->  Nested Loop  (cost=0.71..834458.28 rows=15198444 width=17) (actual time=1.109..7348.907 rows=15189637 loops=3)
                                                   ->  Index Only Scan using titlegenre_pkey on titlegenre tg  (cost=0.56..462073.22 rows=15198444 width=14) (actual time=1.049..2349.532 rows=15189637 loops=3)
                                                         Heap Fetches: 0
                                                   ->  Memoize  (cost=0.15..0.17 rows=1 width=11) (actual time=0.000..0.000 rows=1 loops=45568912)
                                                         Cache Key: tg.genre_id
                                                         Cache Mode: logical
                                                         Hits: 15196504  Misses: 28  Evictions: 0  Overflows: 0  Memory Usage: 4kB
                                                         Worker 0:  Hits: 15174547  Misses: 28  Evictions: 0  Overflows: 0  Memory Usage: 4kB
                                                         Worker 1:  Hits: 15197777  Misses: 28  Evictions: 0  Overflows: 0  Memory Usage: 4kB
                                                         ->  Index Scan using genre_pkey on genre g  (cost=0.14..0.16 rows=1 width=11) (actual time=0.003..0.003 rows=1 loops=84)
                                                               Index Cond: (id = tg.genre_id)
                     ->  Memoize  (cost=0.30..3.00 rows=1 width=4) (actual time=0.019..0.019 rows=1 loops=7602)
                           Cache Key: uh.user_id
                           Cache Mode: logical
                           Hits: 266  Misses: 7336  Evictions: 0  Overflows: 0  Memory Usage: 743kB
                           ->  Index Scan using users_pkey on users u  (cost=0.29..2.99 rows=1 width=4) (actual time=0.018..0.018 rows=1 loops=7336)
                                 Index Cond: (id = uh.user_id)
                                 Filter: ((country_code)::text <> ALL ('{US,GB}'::text[]))
                                 Rows Removed by Filter: 0
 Planning Time: 16.278 ms
 JIT:
   Functions: 120
   Options: Inlining true, Optimization true, Expressions true, Deforming true
   Timing: Generation 7.036 ms, Inlining 282.608 ms, Optimization 550.403 ms, Emission 403.758 ms, Total 1243.805 ms
 Execution Time: 22077.020 ms
(64 rows)

