explain analyze SELECT t.id, t.primary_title, tg.genres, te.season_number, count(*) AS views
FROM title t
JOIN titleEpisode te ON te.parent_title_id = t.id
JOIN userHistory uh ON uh.title_id = te.title_id
JOIN users u ON u.id = uh.user_id
JOIN (
    SELECT tg.title_id, array_agg(g.name) AS genres
    FROM titleGenre tg
    JOIN genre g ON g.id = tg.genre_id
    GROUP BY tg.title_id
) tg ON tg.title_id = t.id
WHERE t.title_type = 'tvSeries'
    AND uh.last_seen BETWEEN NOW() - INTERVAL '30 days' AND NOW()
    AND te.season_number IS NOT NULL
    AND u.country_code NOT IN ('US', 'GB')
GROUP BY t.id, t.primary_title, tg.genres, te.season_number
ORDER BY count(*) DESC, t.id
LIMIT 100;
                                                                                                   QUERY PLAN                                                                                                    
-----------------------------------------------------------------------------------------------------------------------------------------------------------------------------------------------------------------
 Limit  (cost=1152710.15..1152710.40 rows=100 width=74) (actual time=21485.567..21485.705 rows=100 loops=1)
   ->  Sort  (cost=1152710.15..1152721.65 rows=4598 width=74) (actual time=20951.174..20951.305 rows=100 loops=1)
         Sort Key: (count(*)) DESC, t.id
         Sort Method: top-N heapsort  Memory: 41kB
         ->  GroupAggregate  (cost=117528.49..1152534.42 rows=4598 width=74) (actual time=6100.757..20948.784 rows=6081 loops=1)
               Group Key: t.id, (array_agg(g.name)), te.season_number
               ->  Nested Loop  (cost=117528.49..1152442.46 rows=4598 width=66) (actual time=6100.379..20943.669 rows=7532 loops=1)
                     ->  Gather Merge  (cost=117528.18..1146910.70 rows=4598 width=70) (actual time=6099.755..20810.106 rows=7601 loops=1)
                           Workers Planned: 2
                           Workers Launched: 2
                           ->  Incremental Sort  (cost=116528.16..1145379.96 rows=1916 width=70) (actual time=6076.359..20304.420 rows=2534 loops=3)
                                 Sort Key: t.id, (array_agg(g.name)), te.season_number
                                 Presorted Key: t.id
                                 Full-sort Groups: 81  Sort Method: quicksort  Average Memory: 29kB  Peak Memory: 29kB
                                 Worker 0:  Full-sort Groups: 78  Sort Method: quicksort  Average Memory: 29kB  Peak Memory: 29kB
                                 Worker 1:  Full-sort Groups: 78  Sort Method: quicksort  Average Memory: 29kB  Peak Memory: 29kB
                                 ->  Merge Join  (cost=115990.94..1145293.74 rows=1916 width=70) (actual time=6054.867..20300.090 rows=2534 loops=3)
                                       Merge Cond: ((te.parent_title_id)::text = (tg.title_id)::text)
                                       ->  Sort  (cost=115990.23..115990.26 rows=11 width=48) (actual time=5987.607..5989.665 rows=2624 loops=3)
                                             Sort Key: t.id
                                             Sort Method: quicksort  Memory: 368kB
                                             Worker 0:  Sort Method: quicksort  Memory: 357kB
                                             Worker 1:  Sort Method: quicksort  Memory: 359kB
                                             ->  Nested Loop  (cost=0.43..115990.04 rows=11 width=48) (actual time=243.387..5980.059 rows=2624 loops=3)
                                                   ->  Nested Loop  (cost=0.43..115936.23 rows=440 width=18) (actual time=242.122..4243.711 rows=2738 loops=3)
                                                         ->  Parallel Seq Scan on userhistory uh  (cost=0.00..111331.57 rows=554 width=14) (actual time=240.772..2119.154 rows=3817 loops=3)
                                                               Filter: ((last_seen <= now()) AND (last_seen >= (now() - '30 days'::interval)))
                                                               Rows Removed by Filter: 1996814
                                                         ->  Index Scan using titleepisode_pkey on titleepisode te  (cost=0.43..8.31 rows=1 width=24) (actual time=0.553..0.553 rows=1 loops=11451)
                                                               Index Cond: ((title_id)::text = (uh.title_id)::text)
                                                               Filter: (season_number IS NOT NULL)
                                                               Rows Removed by Filter: 0
                                                   ->  Index Scan using title_hash on title t  (cost=0.00..0.12 rows=1 width=30) (actual time=0.630..0.630 rows=1 loops=8215)
                                                         Index Cond: ((id)::text = (te.parent_title_id)::text)
                                                         Rows Removed by Index Recheck: 0
                                                         Filter: ((title_type)::text = 'tvSeries'::text)
                                                         Rows Removed by Filter: 0
                                       ->  GroupAggregate  (cost=0.71..969876.80 rows=4752634 width=42) (actual time=1.254..13343.619 rows=9377470 loops=3)
                                             Group Key: tg.title_id
                                             ->  Nested Loop  (cost=0.71..834474.57 rows=15198860 width=17) (actual time=1.225..7115.957 rows=15197632 loops=3)
                                                   ->  Index Only Scan using titlegenre_pkey on titlegenre tg  (cost=0.56..462079.46 rows=15198860 width=14) (actual time=1.115..2351.932 rows=15197632 loops=3)
                                                         Heap Fetches: 0
                                                   ->  Memoize  (cost=0.15..0.17 rows=1 width=11) (actual time=0.000..0.000 rows=1 loops=45592895)
                                                         Cache Key: tg.genre_id
                                                         Cache Mode: logical
                                                         Hits: 15197699  Misses: 28  Evictions: 0  Overflows: 0  Memory Usage: 4kB
                                                         Worker 0:  Hits: 15197335  Misses: 28  Evictions: 0  Overflows: 0  Memory Usage: 4kB
                                                         Worker 1:  Hits: 15197777  Misses: 28  Evictions: 0  Overflows: 0  Memory Usage: 4kB
                                                         ->  Index Scan using genre_pkey on genre g  (cost=0.14..0.16 rows=1 width=11) (actual time=0.005..0.005 rows=1 loops=84)
                                                               Index Cond: (id = tg.genre_id)
                     ->  Memoize  (cost=0.30..4.13 rows=1 width=4) (actual time=0.017..0.017 rows=1 loops=7601)
                           Cache Key: uh.user_id
                           Cache Mode: logical
                           Hits: 266  Misses: 7335  Evictions: 0  Overflows: 0  Memory Usage: 743kB
                           ->  Index Scan using users_pkey on users u  (cost=0.29..4.12 rows=1 width=4) (actual time=0.017..0.017 rows=1 loops=7335)
                                 Index Cond: (id = uh.user_id)
                                 Filter: ((country_code)::text <> ALL ('{US,GB}'::text[]))
                                 Rows Removed by Filter: 0
 Planning Time: 18.082 ms
 JIT:
   Functions: 120
   Options: Inlining true, Optimization true, Expressions true, Deforming true
   Timing: Generation 7.548 ms, Inlining 288.046 ms, Optimization 553.360 ms, Emission 415.529 ms, Total 1264.483 ms
 Execution Time: 21864.990 ms
(64 rows)

