explain analyze SELECT n.id,
    n.primary_name,
    date_part('year', NOW())::int - n.birth_year AS age,
    count(*) AS roles
FROM name n
JOIN titlePrincipals tp ON tp.name_id = n.id
JOIN titlePrincipalsCharacters tpc ON tpc.title_id = tp.title_id
    AND tpc.name_id = tp.name_id
JOIN category c ON c.id = tp.category_id
JOIN title t ON t.id = tp.title_id
LEFT JOIN titleEpisode te ON te.title_id = tp.title_id
WHERE t.start_year >= date_part('year', NOW())::int - 10
    AND c.name = 'actress'
    AND n.death_year IS NULL
    AND t.title_type IN (
        'movie', 'tvSeries', 'tvMiniSeries', 'tvMovie'
    )
    AND te.title_id IS NULL
GROUP BY n.id
ORDER BY roles DESC
LIMIT 100;
                                                                                               QUERY PLAN                                                                                               
--------------------------------------------------------------------------------------------------------------------------------------------------------------------------------------------------------
 Limit  (cost=971346.67..971346.68 rows=1 width=36) (actual time=144158.378..144280.748 rows=100 loops=1)
   ->  Sort  (cost=971346.67..971346.68 rows=1 width=36) (actual time=143676.725..143799.087 rows=100 loops=1)
         Sort Key: (count(*)) DESC
         Sort Method: top-N heapsort  Memory: 38kB
         ->  GroupAggregate  (cost=971346.63..971346.66 rows=1 width=36) (actual time=143437.765..143761.006 rows=183837 loops=1)
               Group Key: n.id
               ->  Sort  (cost=971346.63..971346.64 rows=1 width=28) (actual time=143437.705..143642.509 rows=396348 loops=1)
                     Sort Key: n.id
                     Sort Method: external merge  Disk: 14272kB
                     ->  Nested Loop  (cost=139513.76..971346.62 rows=1 width=28) (actual time=12632.408..142762.214 rows=396348 loops=1)
                           ->  Nested Loop  (cost=139513.20..971343.87 rows=1 width=58) (actual time=12630.930..103474.395 rows=446348 loops=1)
                                 ->  Nested Loop  (cost=139512.76..971339.64 rows=1 width=48) (actual time=10025.102..69493.189 rows=2342630 loops=1)
                                       ->  Gather  (cost=139512.20..971335.27 rows=1 width=20) (actual time=10016.604..10623.366 rows=2627555 loops=1)
                                             Workers Planned: 2
                                             Workers Launched: 2
                                             ->  Parallel Hash Anti Join  (cost=138512.20..970335.17 rows=1 width=20) (actual time=10031.466..11156.118 rows=875852 loops=3)
                                                   Hash Cond: ((tp.title_id)::text = (te.title_id)::text)
                                                   ->  Hash Join  (cost=1.16..781764.71 rows=1941667 width=20) (actual time=0.780..7284.381 rows=3185892 loops=3)
                                                         Hash Cond: (tp.category_id = c.id)
                                                         ->  Parallel Seq Scan on titleprincipals tp  (cost=0.00..699000.00 rows=23300000 width=24) (actual time=0.645..5349.650 rows=18639969 loops=3)
                                                         ->  Hash  (cost=1.15..1.15 rows=1 width=4) (actual time=0.061..0.063 rows=1 loops=3)
                                                               Buckets: 1024  Batches: 1  Memory Usage: 9kB
                                                               ->  Seq Scan on category c  (cost=0.00..1.15 rows=1 width=4) (actual time=0.055..0.056 rows=1 loops=3)
                                                                     Filter: ((name)::text = 'actress'::text)
                                                                     Rows Removed by Filter: 11
                                                   ->  Parallel Hash  (cost=84508.24..84508.24 rows=3106624 width=10) (actual time=1813.235..1813.236 rows=2485475 loops=3)
                                                         Buckets: 524288  Batches: 32  Memory Usage: 15104kB
                                                         ->  Parallel Seq Scan on titleepisode te  (cost=0.00..84508.24 rows=3106624 width=10) (actual time=130.302..1252.738 rows=2485475 loops=3)
                                       ->  Index Scan using name_pkey on name n  (cost=0.56..4.37 rows=1 width=28) (actual time=0.022..0.022 rows=1 loops=2627555)
                                             Index Cond: ((id)::text = (tp.name_id)::text)
                                             Filter: (death_year IS NULL)
                                             Rows Removed by Filter: 0
                                 ->  Index Scan using title_pkey on title t  (cost=0.43..4.22 rows=1 width=10) (actual time=0.014..0.014 rows=0 loops=2342630)
                                       Index Cond: ((id)::text = (tp.title_id)::text)
                                       Filter: (((title_type)::text = ANY ('{movie,tvSeries,tvMiniSeries,tvMovie}'::text[])) AND (start_year >= ((date_part('year'::text, now()))::integer - 10)))
                                       Rows Removed by Filter: 1
                           ->  Index Only Scan using titleprincipalscharacters_pkey on titleprincipalscharacters tpc  (cost=0.56..2.74 rows=1 width=20) (actual time=0.087..0.087 rows=1 loops=446348)
                                 Index Cond: ((title_id = (tp.title_id)::text) AND (name_id = (tp.name_id)::text))
                                 Heap Fetches: 0
 Planning Time: 23.311 ms
 JIT:
   Functions: 80
   Options: Inlining true, Optimization true, Expressions true, Deforming true
   Timing: Generation 5.006 ms, Inlining 245.372 ms, Optimization 352.314 ms, Emission 274.250 ms, Total 876.942 ms
 Execution Time: 144641.646 ms
(45 rows)

