explain analyze SELECT n.id,
    n.primary_name,
    date_part('year', NOW())::int - n.birth_year AS age,
    count(*) AS roles
FROM name n
JOIN titlePrincipals tp ON tp.name_id = n.id
JOIN titlePrincipalsCharacters tpc ON tpc.title_id = tp.title_id
    AND tpc.name_id = tp.name_id
JOIN category c ON c.id = tp.category_id
JOIN title t ON t.id = tp.title_id
WHERE t.start_year >= date_part('year', NOW())::int - 10
    AND c.name = 'actress'
    AND n.death_year IS NULL
    AND t.title_type IN (
        'movie', 'tvSeries', 'tvMiniSeries', 'tvMovie'
    )
GROUP BY n.id
ORDER BY roles DESC
LIMIT 100;
                                                                                                        QUERY PLAN                                                                                                         
---------------------------------------------------------------------------------------------------------------------------------------------------------------------------------------------------------------------------
 Limit  (cost=1238019.63..1238019.65 rows=11 width=36) (actual time=25997.253..26000.308 rows=100 loops=1)
   ->  Sort  (cost=1238019.63..1238019.65 rows=11 width=36) (actual time=25559.948..25562.996 rows=100 loops=1)
         Sort Key: (count(*)) DESC
         Sort Method: top-N heapsort  Memory: 38kB
         ->  GroupAggregate  (cost=1238019.13..1238019.44 rows=11 width=36) (actual time=25321.185..25524.386 rows=183837 loops=1)
               Group Key: n.id
               ->  Sort  (cost=1238019.13..1238019.16 rows=11 width=28) (actual time=25321.111..25405.406 rows=396348 loops=1)
                     Sort Key: n.id
                     Sort Method: external merge  Disk: 14272kB
                     ->  Gather  (cost=234501.50..1238018.94 rows=11 width=28) (actual time=2822.535..24629.641 rows=396348 loops=1)
                           Workers Planned: 2
                           Workers Launched: 2
                           ->  Nested Loop  (cost=233501.50..1237017.84 rows=5 width=28) (actual time=2874.187..24702.073 rows=132116 loops=3)
                                 ->  Nested Loop  (cost=233500.94..1236997.16 rows=5 width=20) (actual time=2851.012..14449.596 rows=132656 loops=3)
                                       ->  Hash Join  (cost=233500.38..997495.52 rows=89915 width=30) (actual time=2849.631..10434.462 rows=149480 loops=3)
                                             Hash Cond: (tp.category_id = c.id)
                                             ->  Parallel Hash Join  (cost=233499.21..993661.73 rows=1078980 width=34) (actual time=2625.495..10137.971 rows=766313 loops=3)
                                                   Hash Cond: ((tp.title_id)::text = (t.id)::text)
                                                   ->  Parallel Seq Scan on titleprincipals tp  (cost=0.00..699000.00 rows=23300000 width=24) (actual time=0.596..4694.556 rows=18639969 loops=3)
                                                   ->  Parallel Hash  (cost=231130.35..231130.35 rows=189509 width=10) (actual time=2525.722..2525.723 rows=117416 loops=3)
                                                         Buckets: 524288  Batches: 1  Memory Usage: 20672kB
                                                         ->  Parallel Seq Scan on title t  (cost=0.00..231130.35 rows=189509 width=10) (actual time=24.172..2467.538 rows=117416 loops=3)
                                                               Filter: (((title_type)::text = ANY ('{movie,tvSeries,tvMiniSeries,tvMovie}'::text[])) AND (start_year >= ((date_part('year'::text, now()))::integer - 10)))
                                                               Rows Removed by Filter: 3156125
                                             ->  Hash  (cost=1.15..1.15 rows=1 width=4) (actual time=193.842..193.843 rows=1 loops=3)
                                                   Buckets: 1024  Batches: 1  Memory Usage: 9kB
                                                   ->  Seq Scan on category c  (cost=0.00..1.15 rows=1 width=4) (actual time=193.826..193.828 rows=1 loops=3)
                                                         Filter: ((name)::text = 'actress'::text)
                                                         Rows Removed by Filter: 11
                                       ->  Index Only Scan using titleprincipalscharacters_pkey on titleprincipalscharacters tpc  (cost=0.56..2.65 rows=1 width=20) (actual time=0.026..0.026 rows=1 loops=448441)
                                             Index Cond: ((title_id = (tp.title_id)::text) AND (name_id = (tp.name_id)::text))
                                             Heap Fetches: 0
                                 ->  Index Scan using name_pkey on name n  (cost=0.56..4.14 rows=1 width=28) (actual time=0.077..0.077 rows=1 loops=397968)
                                       Index Cond: ((id)::text = (tp.name_id)::text)
                                       Filter: (death_year IS NULL)
                                       Rows Removed by Filter: 0
 Planning Time: 19.922 ms
 JIT:
   Functions: 104
   Options: Inlining true, Optimization true, Expressions true, Deforming true
   Timing: Generation 6.023 ms, Inlining 268.984 ms, Optimization 433.490 ms, Emission 316.746 ms, Total 1025.244 ms
 Execution Time: 26377.866 ms
(42 rows)

