explain analyze SELECT t.id, t.primary_title, tg.genres, te.season_number, count(*) AS views
FROM title t
JOIN titleEpisode te ON te.parent_title_id = t.id
JOIN title t2 ON t2.id = te.title_id
JOIN userHistory uh ON uh.title_id = t2.id
JOIN users u ON u.id = uh.user_id
JOIN (
    SELECT tg.title_id, array_agg(g.name) AS genres
    FROM titleGenre tg
    JOIN genre g ON g.id = tg.genre_id
    GROUP BY tg.title_id
) tg ON tg.title_id = t.id
WHERE t.title_type = 'tvSeries'
    AND uh.last_seen BETWEEN NOW() - INTERVAL '30 days' AND NOW()
    AND te.season_number IS NOT NULL
    AND u.country_code NOT IN ('US', 'GB')
GROUP BY t.id, t.primary_title, tg.genres, te.season_number
ORDER BY count(*) DESC, t.id
LIMIT 100;
                                                                                                   QUERY PLAN                                                                                                    
-----------------------------------------------------------------------------------------------------------------------------------------------------------------------------------------------------------------
 Limit  (cost=1141518.32..1141518.57 rows=100 width=74) (actual time=21442.384..21442.550 rows=100 loops=1)
   ->  Sort  (cost=1141518.32..1141528.88 rows=4225 width=74) (actual time=20861.199..20861.357 rows=100 loops=1)
         Sort Key: (count(*)) DESC, t.id
         Sort Method: top-N heapsort  Memory: 41kB
         ->  Finalize GroupAggregate  (cost=116870.82..1141356.84 rows=4225 width=74) (actual time=6124.237..20859.195 rows=6042 loops=1)
               Group Key: t.id, (array_agg(g.name)), te.season_number
               ->  Gather Merge  (cost=116870.82..1141279.39 rows=3520 width=74) (actual time=6124.198..20855.619 rows=6764 loops=1)
                     Workers Planned: 2
                     Workers Launched: 2
                     ->  Partial GroupAggregate  (cost=115870.80..1139873.07 rows=1760 width=74) (actual time=6100.051..20240.164 rows=2255 loops=3)
                           Group Key: t.id, (array_agg(g.name)), te.season_number
                           ->  Incremental Sort  (cost=115870.80..1139837.87 rows=1760 width=66) (actual time=6100.009..20238.544 rows=2492 loops=3)
                                 Sort Key: t.id, (array_agg(g.name)), te.season_number
                                 Presorted Key: t.id
                                 Full-sort Groups: 79  Sort Method: quicksort  Average Memory: 29kB  Peak Memory: 29kB
                                 Worker 0:  Full-sort Groups: 79  Sort Method: quicksort  Average Memory: 29kB  Peak Memory: 29kB
                                 Worker 1:  Full-sort Groups: 76  Sort Method: quicksort  Average Memory: 29kB  Peak Memory: 29kB
                                 ->  Merge Join  (cost=115288.70..1139758.67 rows=1760 width=66) (actual time=6077.013..20234.617 rows=2492 loops=3)
                                       Merge Cond: ((te.parent_title_id)::text = (tg.title_id)::text)
                                       ->  Sort  (cost=115287.99..115288.02 rows=11 width=44) (actual time=6005.936..6007.715 rows=2579 loops=3)
                                             Sort Key: t.id
                                             Sort Method: quicksort  Memory: 334kB
                                             Worker 0:  Sort Method: quicksort  Memory: 334kB
                                             Worker 1:  Sort Method: quicksort  Memory: 324kB
                                             ->  Nested Loop  (cost=1.59..115287.80 rows=11 width=44) (actual time=299.177..6000.259 rows=2579 loops=3)
                                                   ->  Nested Loop  (cost=1.30..115247.76 rows=11 width=48) (actual time=299.134..5970.678 rows=2604 loops=3)
                                                         ->  Nested Loop  (cost=0.87..114992.13 rows=456 width=18) (actual time=298.193..4771.779 rows=2717 loops=3)
                                                               ->  Nested Loop  (cost=0.43..114626.63 rows=756 width=24) (actual time=297.029..3071.854 rows=3786 loops=3)
                                                                     ->  Parallel Seq Scan on userhistory uh  (cost=0.00..111330.52 rows=756 width=14) (actual time=296.183..1864.693 rows=3786 loops=3)
                                                                           Filter: ((last_seen <= now()) AND (last_seen >= (now() - '30 days'::interval)))
                                                                           Rows Removed by Filter: 1996844
                                                                     ->  Index Only Scan using title_pkey on title t2  (cost=0.43..4.36 rows=1 width=10) (actual time=0.317..0.317 rows=1 loops=11359)
                                                                           Index Cond: (id = (uh.title_id)::text)
                                                                           Heap Fetches: 0
                                                               ->  Index Scan using titleepisode_pkey on titleepisode te  (cost=0.43..0.48 rows=1 width=24) (actual time=0.447..0.447 rows=1 loops=11359)
                                                                     Index Cond: ((title_id)::text = (t2.id)::text)
                                                                     Filter: (season_number IS NOT NULL)
                                                                     Rows Removed by Filter: 0
                                                         ->  Index Scan using title_pkey on title t  (cost=0.43..0.56 rows=1 width=30) (actual time=0.439..0.439 rows=1 loops=8151)
                                                               Index Cond: ((id)::text = (te.parent_title_id)::text)
                                                               Filter: ((title_type)::text = 'tvSeries'::text)
                                                               Rows Removed by Filter: 0
                                                   ->  Index Scan using users_pkey on users u  (cost=0.29..3.64 rows=1 width=4) (actual time=0.009..0.009 rows=1 loops=7811)
                                                         Index Cond: (id = uh.user_id)
                                                         Filter: ((country_code)::text <> ALL ('{US,GB}'::text[]))
                                                         Rows Removed by Filter: 0
                                       ->  GroupAggregate  (cost=0.71..967460.89 rows=4559349 width=42) (actual time=1.577..13297.351 rows=9377274 loops=3)
                                             Group Key: tg.title_id
                                             ->  Nested Loop  (cost=0.71..834474.73 rows=15198860 width=17) (actual time=1.547..7166.828 rows=15197355 loops=3)
                                                   ->  Index Only Scan using titlegenre_pkey on titlegenre tg  (cost=0.56..462079.46 rows=15198860 width=14) (actual time=1.474..2517.841 rows=15197355 loops=3)
                                                         Heap Fetches: 0
                                                   ->  Memoize  (cost=0.15..0.17 rows=1 width=11) (actual time=0.000..0.000 rows=1 loops=45592064)
                                                         Cache Key: tg.genre_id
                                                         Cache Mode: logical
                                                         Hits: 15197777  Misses: 28  Evictions: 0  Overflows: 0  Memory Usage: 4kB
                                                         Worker 0:  Hits: 15196504  Misses: 28  Evictions: 0  Overflows: 0  Memory Usage: 4kB
                                                         Worker 1:  Hits: 15197699  Misses: 28  Evictions: 0  Overflows: 0  Memory Usage: 4kB
                                                         ->  Index Scan using genre_pkey on genre g  (cost=0.14..0.16 rows=1 width=11) (actual time=0.004..0.004 rows=1 loops=84)
                                                               Index Cond: (id = tg.genre_id)
 Planning Time: 15.395 ms
 JIT:
   Functions: 148
   Options: Inlining true, Optimization true, Expressions true, Deforming true
   Timing: Generation 8.555 ms, Inlining 285.833 ms, Optimization 676.619 ms, Emission 506.993 ms, Total 1478.000 ms
 Execution Time: 21806.560 ms
(65 rows)

