explain analyze SELECT t.id, t.primary_title, tg.genres, te.season_number, count(*) AS views
FROM title t
JOIN titleEpisode te ON te.parent_title_id = t.id
JOIN userHistory uh ON uh.title_id = te.title_id
JOIN users u ON u.id = uh.user_id
JOIN (
    SELECT tg.title_id, array_agg(g.name) AS genres
    FROM titleGenre tg
    JOIN genre g ON g.id = tg.genre_id
    GROUP BY tg.title_id
) tg ON tg.title_id = t.id
WHERE t.title_type = 'tvSeries'
    AND uh.last_seen BETWEEN NOW() - INTERVAL '30 days' AND NOW()
    AND te.season_number IS NOT NULL
    AND u.country_code NOT IN ('US', 'GB')
GROUP BY t.id, t.primary_title, tg.genres, te.season_number
ORDER BY count(*) DESC, t.id
LIMIT 100;
                                                                                                   QUERY PLAN                                                                                                    
-----------------------------------------------------------------------------------------------------------------------------------------------------------------------------------------------------------------
 Limit  (cost=1157329.04..1157329.29 rows=100 width=74) (actual time=20173.619..20173.760 rows=100 loops=1)
   ->  Sort  (cost=1157329.04..1157375.89 rows=18740 width=74) (actual time=19664.750..19664.884 rows=100 loops=1)
         Sort Key: (count(*)) DESC, t.id
         Sort Method: top-N heapsort  Memory: 41kB
         ->  GroupAggregate  (cost=136106.87..1156612.81 rows=18740 width=74) (actual time=4852.483..19662.382 rows=6042 loops=1)
               Group Key: t.id, (array_agg(g.name)), te.season_number
               ->  Nested Loop  (cost=136106.87..1156238.01 rows=18740 width=66) (actual time=4851.845..19657.517 rows=7477 loops=1)
                     ->  Gather Merge  (cost=136106.57..1145398.26 rows=18878 width=70) (actual time=4851.137..19533.046 rows=7545 loops=1)
                           Workers Planned: 2
                           Workers Launched: 2
                           ->  Incremental Sort  (cost=135106.55..1142219.25 rows=7866 width=70) (actual time=4827.654..19073.481 rows=2515 loops=3)
                                 Sort Key: t.id, (array_agg(g.name)), te.season_number
                                 Presorted Key: t.id
                                 Full-sort Groups: 81  Sort Method: quicksort  Average Memory: 29kB  Peak Memory: 29kB
                                 Worker 0:  Full-sort Groups: 76  Sort Method: quicksort  Average Memory: 29kB  Peak Memory: 29kB
                                 Worker 1:  Full-sort Groups: 78  Sort Method: quicksort  Average Memory: 29kB  Peak Memory: 29kB
                                 ->  Merge Join  (cost=134978.53..1141865.28 rows=7866 width=70) (actual time=4804.927..19069.580 rows=2515 loops=3)
                                       Merge Cond: ((te.parent_title_id)::text = (tg.title_id)::text)
                                       ->  Sort  (cost=134977.82..134977.97 rows=57 width=48) (actual time=4739.759..4741.618 rows=2604 loops=3)
                                             Sort Key: t.id
                                             Sort Method: quicksort  Memory: 364kB
                                             Worker 0:  Sort Method: quicksort  Memory: 351kB
                                             Worker 1:  Sort Method: quicksort  Memory: 362kB
                                             ->  Nested Loop  (cost=0.87..134976.16 rows=57 width=48) (actual time=234.283..4733.584 rows=2604 loops=3)
                                                   ->  Nested Loop  (cost=0.43..133693.95 rows=2288 width=18) (actual time=233.172..3446.350 rows=2717 loops=3)
                                                         ->  Parallel Seq Scan on userhistory uh  (cost=0.00..111328.81 rows=2875 width=14) (actual time=231.976..1764.149 rows=3786 loops=3)
                                                               Filter: ((last_seen <= now()) AND (last_seen >= (now() - '30 days'::interval)))
                                                               Rows Removed by Filter: 1996844
                                                         ->  Index Scan using titleepisode_pkey on titleepisode te  (cost=0.43..7.78 rows=1 width=24) (actual time=0.442..0.442 rows=1 loops=11359)
                                                               Index Cond: ((title_id)::text = (uh.title_id)::text)
                                                               Filter: (season_number IS NOT NULL)
                                                               Rows Removed by Filter: 0
                                                   ->  Index Scan using title_pkey on title t  (cost=0.43..0.56 rows=1 width=30) (actual time=0.471..0.471 rows=1 loops=8151)
                                                         Index Cond: ((id)::text = (te.parent_title_id)::text)
                                                         Filter: ((title_type)::text = 'tvSeries'::text)
                                                         Rows Removed by Filter: 0
                                       ->  GroupAggregate  (cost=0.71..958638.83 rows=3853584 width=42) (actual time=1.351..13360.314 rows=9373934 loops=3)
                                             Group Key: tg.title_id
                                             ->  Nested Loop  (cost=0.71..834474.73 rows=15198860 width=17) (actual time=1.319..7112.674 rows=15192045 loops=3)
                                                   ->  Index Only Scan using titlegenre_pkey on titlegenre tg  (cost=0.56..462079.46 rows=15198860 width=14) (actual time=1.200..2413.803 rows=15192045 loops=3)
                                                         Heap Fetches: 0
                                                   ->  Memoize  (cost=0.15..0.17 rows=1 width=11) (actual time=0.000..0.000 rows=1 loops=45576135)
                                                         Cache Key: tg.genre_id
                                                         Cache Mode: logical
                                                         Hits: 15197699  Misses: 28  Evictions: 0  Overflows: 0  Memory Usage: 4kB
                                                         Worker 0:  Hits: 15197777  Misses: 28  Evictions: 0  Overflows: 0  Memory Usage: 4kB
                                                         Worker 1:  Hits: 15180575  Misses: 28  Evictions: 0  Overflows: 0  Memory Usage: 4kB
                                                         ->  Index Scan using genre_pkey on genre g  (cost=0.14..0.16 rows=1 width=11) (actual time=0.005..0.005 rows=1 loops=84)
                                                               Index Cond: (id = tg.genre_id)
                     ->  Memoize  (cost=0.30..1.60 rows=1 width=4) (actual time=0.016..0.016 rows=1 loops=7545)
                           Cache Key: uh.user_id
                           Cache Mode: logical
                           Hits: 263  Misses: 7282  Evictions: 0  Overflows: 0  Memory Usage: 738kB
                           ->  Index Scan using users_pkey on users u  (cost=0.29..1.59 rows=1 width=4) (actual time=0.016..0.016 rows=1 loops=7282)
                                 Index Cond: (id = uh.user_id)
                                 Filter: ((country_code)::text <> ALL ('{US,GB}'::text[]))
                                 Rows Removed by Filter: 0
 Planning Time: 12.647 ms
 JIT:
   Functions: 120
   Options: Inlining true, Optimization true, Expressions true, Deforming true
   Timing: Generation 6.971 ms, Inlining 274.382 ms, Optimization 539.715 ms, Emission 389.290 ms, Total 1210.358 ms
 Execution Time: 20515.434 ms
(63 rows)

