explain analyze SELECT n.id,
    n.primary_name,
    date_part('year', NOW())::int - n.birth_year AS age,
    count(*) AS roles
FROM name n
JOIN titlePrincipals tp ON tp.name_id = n.id
JOIN titlePrincipalsCharacters tpc ON tpc.title_id = tp.title_id
    AND tpc.name_id = tp.name_id
JOIN category c ON c.id = tp.category_id
JOIN title t ON t.id = tp.title_id
LEFT JOIN titleEpisode te ON te.title_id = tp.title_id
WHERE t.start_year >= date_part('year', NOW())::int - 10
    AND c.name = 'actress'
    AND n.death_year IS NULL
    AND t.title_type IN (
        'movie', 'tvSeries', 'tvMiniSeries', 'tvMovie'
    )
    AND te.title_id IS NULL
GROUP BY n.id
ORDER BY roles DESC
LIMIT 100;
                                                                                               QUERY PLAN                                                                                               
--------------------------------------------------------------------------------------------------------------------------------------------------------------------------------------------------------
 Limit  (cost=971346.56..971346.56 rows=1 width=36) (actual time=137532.587..137671.748 rows=100 loops=1)
   ->  Sort  (cost=971346.56..971346.56 rows=1 width=36) (actual time=137048.374..137187.526 rows=100 loops=1)
         Sort Key: (count(*)) DESC
         Sort Method: top-N heapsort  Memory: 38kB
         ->  GroupAggregate  (cost=971346.52..971346.55 rows=1 width=36) (actual time=136799.719..137148.795 rows=183837 loops=1)
               Group Key: n.id
               ->  Sort  (cost=971346.52..971346.52 rows=1 width=28) (actual time=136799.647..137010.395 rows=396348 loops=1)
                     Sort Key: n.id
                     Sort Method: quicksort  Memory: 40392kB
                     ->  Nested Loop  (cost=139513.65..971346.51 rows=1 width=28) (actual time=11986.039..136084.109 rows=396348 loops=1)
                           ->  Nested Loop  (cost=139513.09..971343.75 rows=1 width=58) (actual time=11984.806..93251.818 rows=446348 loops=1)
                                 ->  Nested Loop  (cost=139512.65..971339.53 rows=1 width=48) (actual time=10663.561..63903.139 rows=2342630 loops=1)
                                       ->  Gather  (cost=139512.09..971335.16 rows=1 width=20) (actual time=10660.501..11240.871 rows=2627555 loops=1)
                                             Workers Planned: 2
                                             Workers Launched: 2
                                             ->  Parallel Hash Anti Join  (cost=138512.09..970335.06 rows=1 width=20) (actual time=10723.622..12100.955 rows=875852 loops=3)
                                                   Hash Cond: ((tp.title_id)::text = (te.title_id)::text)
                                                   ->  Hash Join  (cost=1.16..781764.71 rows=1941667 width=20) (actual time=0.647..7492.760 rows=3185892 loops=3)
                                                         Hash Cond: (tp.category_id = c.id)
                                                         ->  Parallel Seq Scan on titleprincipals tp  (cost=0.00..699000.00 rows=23300000 width=24) (actual time=0.489..5464.170 rows=18639969 loops=3)
                                                         ->  Hash  (cost=1.15..1.15 rows=1 width=4) (actual time=0.079..0.081 rows=1 loops=3)
                                                               Buckets: 1024  Batches: 1  Memory Usage: 9kB
                                                               ->  Seq Scan on category c  (cost=0.00..1.15 rows=1 width=4) (actual time=0.064..0.065 rows=1 loops=3)
                                                                     Filter: ((name)::text = 'actress'::text)
                                                                     Rows Removed by Filter: 11
                                                   ->  Parallel Hash  (cost=84508.19..84508.19 rows=3106619 width=10) (actual time=2244.239..2244.245 rows=2485475 loops=3)
                                                         Buckets: 1048576  Batches: 16  Memory Usage: 30176kB
                                                         ->  Parallel Seq Scan on titleepisode te  (cost=0.00..84508.19 rows=3106619 width=10) (actual time=131.856..1631.938 rows=2485475 loops=3)
                                       ->  Index Scan using name_pkey on name n  (cost=0.56..4.37 rows=1 width=28) (actual time=0.020..0.020 rows=1 loops=2627555)
                                             Index Cond: ((id)::text = (tp.name_id)::text)
                                             Filter: (death_year IS NULL)
                                             Rows Removed by Filter: 0
                                 ->  Index Scan using title_pkey on title t  (cost=0.43..4.22 rows=1 width=10) (actual time=0.012..0.012 rows=0 loops=2342630)
                                       Index Cond: ((id)::text = (tp.title_id)::text)
                                       Filter: (((title_type)::text = ANY ('{movie,tvSeries,tvMiniSeries,tvMovie}'::text[])) AND (start_year >= ((date_part('year'::text, now()))::integer - 10)))
                                       Rows Removed by Filter: 1
                           ->  Index Only Scan using titleprincipalscharacters_pkey on titleprincipalscharacters tpc  (cost=0.56..2.74 rows=1 width=20) (actual time=0.095..0.095 rows=1 loops=446348)
                                 Index Cond: ((title_id = (tp.title_id)::text) AND (name_id = (tp.name_id)::text))
                                 Heap Fetches: 0
 Planning Time: 26.517 ms
 JIT:
   Functions: 80
   Options: Inlining true, Optimization true, Expressions true, Deforming true
   Timing: Generation 4.796 ms, Inlining 251.701 ms, Optimization 353.138 ms, Emission 274.452 ms, Total 884.087 ms
 Execution Time: 138036.252 ms
(45 rows)

