explain analyze SELECT n.id,
    n.primary_name,
    date_part('year', NOW())::int - n.birth_year AS age,
    count(*) AS roles
FROM name n
JOIN titlePrincipals tp ON tp.name_id = n.id
JOIN titlePrincipalsCharacters tpc ON tpc.title_id = tp.title_id
    AND tpc.name_id = tp.name_id
JOIN category c ON c.id = tp.category_id
JOIN title t ON t.id = tp.title_id
WHERE t.start_year >= date_part('year', NOW())::int - 10
    AND c.name = 'actress'
    AND n.death_year IS NULL
    AND t.title_type IN (
        'movie', 'tvSeries', 'tvMiniSeries', 'tvMovie'
    )
GROUP BY n.id
ORDER BY roles DESC
LIMIT 100;
                                                                                                        QUERY PLAN                                                                                                         
---------------------------------------------------------------------------------------------------------------------------------------------------------------------------------------------------------------------------
 Limit  (cost=1236465.29..1236465.32 rows=11 width=36) (actual time=27082.979..27086.077 rows=100 loops=1)
   ->  Sort  (cost=1236465.29..1236465.32 rows=11 width=36) (actual time=26640.131..26643.221 rows=100 loops=1)
         Sort Key: (count(*)) DESC
         Sort Method: top-N heapsort  Memory: 38kB
         ->  GroupAggregate  (cost=1236464.80..1236465.10 rows=11 width=36) (actual time=26388.294..26605.230 rows=183837 loops=1)
               Group Key: n.id
               ->  Sort  (cost=1236464.80..1236464.83 rows=11 width=28) (actual time=26388.225..26467.449 rows=396348 loops=1)
                     Sort Key: n.id
                     Sort Method: quicksort  Memory: 40392kB
                     ->  Gather  (cost=234446.44..1236464.61 rows=11 width=28) (actual time=2850.509..25676.822 rows=396348 loops=1)
                           Workers Planned: 2
                           Workers Launched: 2
                           ->  Nested Loop  (cost=233446.44..1235463.51 rows=5 width=28) (actual time=2867.144..25664.709 rows=132116 loops=3)
                                 ->  Nested Loop  (cost=233445.88..1235442.82 rows=5 width=20) (actual time=2840.975..14970.017 rows=132656 loops=3)
                                       ->  Hash Join  (cost=233445.32..997416.85 rows=89361 width=30) (actual time=2829.629..10611.229 rows=149480 loops=3)
                                             Hash Cond: (tp.category_id = c.id)
                                             ->  Parallel Hash Join  (cost=233444.15..993606.68 rows=1072331 width=34) (actual time=2601.163..10308.493 rows=766313 loops=3)
                                                   Hash Cond: ((tp.title_id)::text = (t.id)::text)
                                                   ->  Parallel Seq Scan on titleprincipals tp  (cost=0.00..699000.00 rows=23300000 width=24) (actual time=0.376..4677.628 rows=18639969 loops=3)
                                                   ->  Parallel Hash  (cost=231090.72..231090.72 rows=188275 width=10) (actual time=2544.718..2544.719 rows=117416 loops=3)
                                                         Buckets: 524288  Batches: 1  Memory Usage: 20672kB
                                                         ->  Parallel Seq Scan on title t  (cost=0.00..231090.72 rows=188275 width=10) (actual time=28.839..2481.684 rows=117416 loops=3)
                                                               Filter: (((title_type)::text = ANY ('{movie,tvSeries,tvMiniSeries,tvMovie}'::text[])) AND (start_year >= ((date_part('year'::text, now()))::integer - 10)))
                                                               Rows Removed by Filter: 3156125
                                             ->  Hash  (cost=1.15..1.15 rows=1 width=4) (actual time=195.275..195.276 rows=1 loops=3)
                                                   Buckets: 1024  Batches: 1  Memory Usage: 9kB
                                                   ->  Seq Scan on category c  (cost=0.00..1.15 rows=1 width=4) (actual time=195.258..195.260 rows=1 loops=3)
                                                         Filter: ((name)::text = 'actress'::text)
                                                         Rows Removed by Filter: 11
                                       ->  Index Only Scan using titleprincipalscharacters_pkey on titleprincipalscharacters tpc  (cost=0.56..2.65 rows=1 width=20) (actual time=0.028..0.028 rows=1 loops=448441)
                                             Index Cond: ((title_id = (tp.title_id)::text) AND (name_id = (tp.name_id)::text))
                                             Heap Fetches: 0
                                 ->  Index Scan using name_pkey on name n  (cost=0.56..4.14 rows=1 width=28) (actual time=0.080..0.080 rows=1 loops=397968)
                                       Index Cond: ((id)::text = (tp.name_id)::text)
                                       Filter: (death_year IS NULL)
                                       Rows Removed by Filter: 0
 Planning Time: 18.253 ms
 JIT:
   Functions: 104
   Options: Inlining true, Optimization true, Expressions true, Deforming true
   Timing: Generation 6.106 ms, Inlining 270.926 ms, Optimization 438.323 ms, Emission 319.818 ms, Total 1035.173 ms
 Execution Time: 27441.923 ms
(42 rows)

