explain analyze SELECT n.id,
    n.primary_name,
    date_part('year', NOW())::int - n.birth_year AS age,
    count(*) AS roles
FROM name n
JOIN titlePrincipals tp ON tp.name_id = n.id
JOIN titlePrincipalsCharacters tpc ON tpc.title_id = tp.title_id
    AND tpc.name_id = tp.name_id
JOIN category c ON c.id = tp.category_id
JOIN title t ON t.id = tp.title_id
LEFT JOIN titleEpisode te ON te.title_id = tp.title_id
WHERE t.start_year >= date_part('year', NOW())::int - 10
    AND c.name = 'actress'
    AND n.death_year IS NULL
    AND t.title_type IN (
        'movie', 'tvSeries', 'tvMiniSeries', 'tvMovie'
    )
    AND te.title_id IS NULL
GROUP BY n.id
ORDER BY roles DESC
LIMIT 100;
                                                                                               QUERY PLAN                                                                                               
--------------------------------------------------------------------------------------------------------------------------------------------------------------------------------------------------------
 Limit  (cost=971368.04..971368.04 rows=1 width=36) (actual time=125693.624..125834.309 rows=100 loops=1)
   ->  Sort  (cost=971368.04..971368.04 rows=1 width=36) (actual time=125191.045..125331.721 rows=100 loops=1)
         Sort Key: (count(*)) DESC
         Sort Method: top-N heapsort  Memory: 38kB
         ->  GroupAggregate  (cost=971368.00..971368.03 rows=1 width=36) (actual time=124940.985..125293.259 rows=183837 loops=1)
               Group Key: n.id
               ->  Sort  (cost=971368.00..971368.00 rows=1 width=28) (actual time=124940.896..125155.462 rows=396348 loops=1)
                     Sort Key: n.id
                     Sort Method: quicksort  Memory: 40392kB
                     ->  Nested Loop  (cost=139532.13..971367.99 rows=1 width=28) (actual time=11634.122..124258.314 rows=396348 loops=1)
                           ->  Nested Loop  (cost=139531.57..971365.23 rows=1 width=58) (actual time=11633.214..84984.276 rows=446348 loops=1)
                                 ->  Nested Loop  (cost=139531.13..971361.01 rows=1 width=48) (actual time=10397.825..59780.299 rows=2342630 loops=1)
                                       ->  Gather  (cost=139530.57..971356.63 rows=1 width=20) (actual time=10366.473..10944.884 rows=2627555 loops=1)
                                             Workers Planned: 2
                                             Workers Launched: 2
                                             ->  Parallel Hash Anti Join  (cost=138530.57..970356.53 rows=1 width=20) (actual time=10425.457..11684.608 rows=875852 loops=3)
                                                   Hash Cond: ((tp.title_id)::text = (te.title_id)::text)
                                                   ->  Hash Join  (cost=1.16..781764.71 rows=1941667 width=20) (actual time=0.715..7256.362 rows=3185892 loops=3)
                                                         Hash Cond: (tp.category_id = c.id)
                                                         ->  Parallel Seq Scan on titleprincipals tp  (cost=0.00..699000.00 rows=23300000 width=24) (actual time=0.580..5284.496 rows=18639969 loops=3)
                                                         ->  Hash  (cost=1.15..1.15 rows=1 width=4) (actual time=0.065..0.067 rows=1 loops=3)
                                                               Buckets: 1024  Batches: 1  Memory Usage: 9kB
                                                               ->  Seq Scan on category c  (cost=0.00..1.15 rows=1 width=4) (actual time=0.053..0.054 rows=1 loops=3)
                                                                     Filter: ((name)::text = 'actress'::text)
                                                                     Rows Removed by Filter: 11
                                                   ->  Parallel Hash  (cost=84515.07..84515.07 rows=3107307 width=10) (actual time=2195.481..2195.482 rows=2485475 loops=3)
                                                         Buckets: 1048576  Batches: 16  Memory Usage: 30176kB
                                                         ->  Parallel Seq Scan on titleepisode te  (cost=0.00..84515.07 rows=3107307 width=10) (actual time=136.763..1605.630 rows=2485475 loops=3)
                                       ->  Index Scan using name_pkey on name n  (cost=0.56..4.37 rows=1 width=28) (actual time=0.018..0.018 rows=1 loops=2627555)
                                             Index Cond: ((id)::text = (tp.name_id)::text)
                                             Filter: (death_year IS NULL)
                                             Rows Removed by Filter: 0
                                 ->  Index Scan using title_pkey on title t  (cost=0.43..4.22 rows=1 width=10) (actual time=0.010..0.010 rows=0 loops=2342630)
                                       Index Cond: ((id)::text = (tp.title_id)::text)
                                       Filter: (((title_type)::text = ANY ('{movie,tvSeries,tvMiniSeries,tvMovie}'::text[])) AND (start_year >= ((date_part('year'::text, now()))::integer - 10)))
                                       Rows Removed by Filter: 1
                           ->  Index Only Scan using titleprincipalscharacters_pkey on titleprincipalscharacters tpc  (cost=0.56..2.74 rows=1 width=20) (actual time=0.087..0.087 rows=1 loops=446348)
                                 Index Cond: ((title_id = (tp.title_id)::text) AND (name_id = (tp.name_id)::text))
                                 Heap Fetches: 0
 Planning Time: 23.268 ms
 JIT:
   Functions: 80
   Options: Inlining true, Optimization true, Expressions true, Deforming true
   Timing: Generation 5.290 ms, Inlining 257.203 ms, Optimization 372.867 ms, Emission 282.598 ms, Total 917.957 ms
 Execution Time: 126198.055 ms
(45 rows)

