explain analyze SELECT n.id,
    n.primary_name,
    date_part('year', NOW())::int - n.birth_year AS age,
    count(*) AS roles
FROM name n
JOIN titlePrincipals tp ON tp.name_id = n.id
JOIN titlePrincipalsCharacters tpc ON tpc.title_id = tp.title_id
    AND tpc.name_id = tp.name_id
JOIN category c ON c.id = tp.category_id
JOIN title t ON t.id = tp.title_id
LEFT JOIN titleEpisode te ON te.title_id = tp.title_id
WHERE t.start_year >= date_part('year', NOW())::int - 10
    AND c.name = 'actress'
    AND n.death_year IS NULL
    AND t.title_type IN (
        'movie', 'tvSeries', 'tvMiniSeries', 'tvMovie'
    )
    AND te.title_id IS NULL
GROUP BY n.id
ORDER BY roles DESC
LIMIT 100;
                                                                                               QUERY PLAN                                                                                               
--------------------------------------------------------------------------------------------------------------------------------------------------------------------------------------------------------
 Limit  (cost=971346.96..971346.97 rows=1 width=36) (actual time=125891.299..126027.643 rows=100 loops=1)
   ->  Sort  (cost=971346.96..971346.97 rows=1 width=36) (actual time=125385.144..125521.479 rows=100 loops=1)
         Sort Key: (count(*)) DESC
         Sort Method: top-N heapsort  Memory: 38kB
         ->  GroupAggregate  (cost=971346.92..971346.95 rows=1 width=36) (actual time=125131.589..125482.738 rows=183837 loops=1)
               Group Key: n.id
               ->  Sort  (cost=971346.92..971346.93 rows=1 width=28) (actual time=125131.500..125343.800 rows=396348 loops=1)
                     Sort Key: n.id
                     Sort Method: quicksort  Memory: 40392kB
                     ->  Nested Loop  (cost=139514.05..971346.91 rows=1 width=28) (actual time=12678.446..124466.576 rows=396348 loops=1)
                           ->  Nested Loop  (cost=139513.49..971344.16 rows=1 width=58) (actual time=12677.478..85137.387 rows=446348 loops=1)
                                 ->  Nested Loop  (cost=139513.06..971339.93 rows=1 width=48) (actual time=10495.345..59825.288 rows=2342630 loops=1)
                                       ->  Gather  (cost=139512.50..971335.56 rows=1 width=20) (actual time=10492.671..11064.621 rows=2627555 loops=1)
                                             Workers Planned: 2
                                             Workers Launched: 2
                                             ->  Parallel Hash Anti Join  (cost=138512.50..970335.46 rows=1 width=20) (actual time=10552.573..11841.645 rows=875852 loops=3)
                                                   Hash Cond: ((tp.title_id)::text = (te.title_id)::text)
                                                   ->  Hash Join  (cost=1.16..781764.71 rows=1941667 width=20) (actual time=0.741..7353.270 rows=3185892 loops=3)
                                                         Hash Cond: (tp.category_id = c.id)
                                                         ->  Parallel Seq Scan on titleprincipals tp  (cost=0.00..699000.00 rows=23300000 width=24) (actual time=0.599..5336.201 rows=18639969 loops=3)
                                                         ->  Hash  (cost=1.15..1.15 rows=1 width=4) (actual time=0.069..0.071 rows=1 loops=3)
                                                               Buckets: 1024  Batches: 1  Memory Usage: 9kB
                                                               ->  Seq Scan on category c  (cost=0.00..1.15 rows=1 width=4) (actual time=0.056..0.057 rows=1 loops=3)
                                                                     Filter: ((name)::text = 'actress'::text)
                                                                     Rows Removed by Filter: 11
                                                   ->  Parallel Hash  (cost=84508.37..84508.37 rows=3106637 width=10) (actual time=2223.056..2223.057 rows=2485475 loops=3)
                                                         Buckets: 1048576  Batches: 16  Memory Usage: 30176kB
                                                         ->  Parallel Seq Scan on titleepisode te  (cost=0.00..84508.37 rows=3106637 width=10) (actual time=139.924..1638.042 rows=2485475 loops=3)
                                       ->  Index Scan using name_pkey on name n  (cost=0.56..4.37 rows=1 width=28) (actual time=0.018..0.018 rows=1 loops=2627555)
                                             Index Cond: ((id)::text = (tp.name_id)::text)
                                             Filter: (death_year IS NULL)
                                             Rows Removed by Filter: 0
                                 ->  Index Scan using title_pkey on title t  (cost=0.43..4.22 rows=1 width=10) (actual time=0.010..0.010 rows=0 loops=2342630)
                                       Index Cond: ((id)::text = (tp.title_id)::text)
                                       Filter: (((title_type)::text = ANY ('{movie,tvSeries,tvMiniSeries,tvMovie}'::text[])) AND (start_year >= ((date_part('year'::text, now()))::integer - 10)))
                                       Rows Removed by Filter: 1
                           ->  Index Only Scan using titleprincipalscharacters_pkey on titleprincipalscharacters tpc  (cost=0.56..2.74 rows=1 width=20) (actual time=0.087..0.087 rows=1 loops=446348)
                                 Index Cond: ((title_id = (tp.title_id)::text) AND (name_id = (tp.name_id)::text))
                                 Heap Fetches: 0
 Planning Time: 23.793 ms
 JIT:
   Functions: 80
   Options: Inlining true, Optimization true, Expressions true, Deforming true
   Timing: Generation 4.951 ms, Inlining 264.040 ms, Optimization 367.048 ms, Emission 294.414 ms, Total 930.453 ms
 Execution Time: 126400.097 ms
(45 rows)

