explain analyze SELECT *
FROM (
    SELECT t.id,
        left(t.primary_title, 30),
        ((start_year / 10) * 10)::int AS decade,
        avg(uh.rating) AS rating,
        rank() over (
            PARTITION by ((start_year / 10) * 10) :: int
            ORDER BY avg(uh.rating) DESC, t.id
        ) AS rank
    FROM title t
    JOIN userHistory uh ON uh.title_id = t.id
    JOIN titleGenre TG ON tg.title_id = t.id AND tg.genre_id = 8
    WHERE t.title_type = 'movie'
        AND ((start_year / 10) * 10)::int >= 1980
        AND t.id IN (
            SELECT title_id
            FROM titleAkas
            WHERE region IN (
                'US', 'GB', 'ES', 'DE', 'FR', 'PT'
            )
        )
    GROUP BY t.id
    HAVING count(uh.rating) >= 3
    ORDER BY decade, rating DESC
) t_
WHERE rank <= 10;
                                                                                                 QUERY PLAN                                                                                                 
------------------------------------------------------------------------------------------------------------------------------------------------------------------------------------------------------------
 Subquery Scan on t_  (cost=361560.50..361791.87 rows=1815 width=86) (actual time=10523.904..10548.107 rows=50 loops=1)
   Filter: (t_.rank <= 10)
   Rows Removed by Filter: 1953
   ->  WindowAgg  (cost=361560.50..361723.82 rows=5444 width=86) (actual time=10523.899..10547.999 rows=2003 loops=1)
         ->  Sort  (cost=361560.50..361574.11 rows=5444 width=66) (actual time=10523.840..10546.413 rows=2003 loops=1)
               Sort Key: (((t.start_year / 10) * 10)), (avg(uh.rating)) DESC, t.id
               Sort Method: quicksort  Memory: 228kB
               ->  Finalize GroupAggregate  (cost=359141.38..361222.69 rows=5444 width=66) (actual time=10457.599..10542.592 rows=2003 loops=1)
                     Group Key: t.id
                     Filter: (count(uh.rating) >= 3)
                     Rows Removed by Filter: 40986
                     ->  Gather Merge  (cost=359141.38..360848.41 rows=13610 width=74) (actual time=10457.557..10510.145 rows=53785 loops=1)
                           Workers Planned: 2
                           Workers Launched: 2
                           ->  Partial GroupAggregate  (cost=358141.36..358277.46 rows=6805 width=74) (actual time=10437.123..10451.601 rows=17928 loops=3)
                                 Group Key: t.id
                                 ->  Sort  (cost=358141.36..358158.37 rows=6805 width=38) (actual time=10437.069..10440.252 rows=20226 loops=3)
                                       Sort Key: t.id
                                       Sort Method: quicksort  Memory: 2443kB
                                       Worker 0:  Sort Method: quicksort  Memory: 2404kB
                                       Worker 1:  Sort Method: quicksort  Memory: 2384kB
                                       ->  Parallel Hash Join  (cost=268257.67..357708.14 rows=6805 width=38) (actual time=7852.135..10408.376 rows=20226 loops=3)
                                             Hash Cond: ((uh.title_id)::text = (t.id)::text)
                                             ->  Parallel Seq Scan on userhistory uh  (cost=0.00..80069.20 rows=2500720 width=14) (actual time=0.289..1942.564 rows=2000631 loops=3)
                                             ->  Parallel Hash  (cost=268240.20..268240.20 rows=1398 width=54) (actual time=7851.524..7851.529 rows=27522 loops=3)
                                                   Buckets: 131072 (originally 4096)  Batches: 1 (originally 1)  Memory Usage: 9024kB
                                                   ->  Nested Loop  (cost=1.12..268240.20 rows=1398 width=54) (actual time=85.748..7723.212 rows=27522 loops=3)
                                                         Join Filter: ((t.id)::text = (tg.title_id)::text)
                                                         ->  Nested Loop Semi Join  (cost=0.56..260446.59 rows=5010 width=44) (actual time=65.488..6132.376 rows=78788 loops=3)
                                                               ->  Parallel Seq Scan on title t  (cost=0.00..200456.84 rows=87278 width=34) (actual time=63.984..2586.853 rows=129726 loops=3)
                                                                     Filter: (((title_type)::text = 'movie'::text) AND (((start_year / 10) * 10) >= 1980))
                                                                     Rows Removed by Filter: 3143815
                                                               ->  Index Only Scan using akas_id_region_idx on titleakas  (cost=0.56..4.36 rows=33 width=10) (actual time=0.027..0.027 rows=1 loops=389178)
                                                                     Index Cond: (title_id = (t.id)::text)
                                                                     Filter: ((region)::text = ANY ('{US,GB,ES,DE,FR,PT}'::text[]))
                                                                     Rows Removed by Filter: 1
                                                                     Heap Fetches: 0
                                                         ->  Index Only Scan using titlegenre_pkey on titlegenre tg  (cost=0.56..1.54 rows=1 width=10) (actual time=0.020..0.020 rows=0 loops=236365)
                                                               Index Cond: ((title_id = (titleakas.title_id)::text) AND (genre_id = 8))
                                                               Heap Fetches: 0
 Planning Time: 15.366 ms
 JIT:
   Functions: 84
   Options: Inlining false, Optimization false, Expressions true, Deforming true
   Timing: Generation 6.920 ms, Inlining 0.000 ms, Optimization 6.426 ms, Emission 176.364 ms, Total 189.710 ms
 Execution Time: 10990.000 ms
(46 rows)

