explain analyze SELECT *
FROM (
    SELECT t.id,
        left(t.primary_title, 30),
        ((start_year / 10) * 10)::int AS decade,
        avg(uh.rating) AS rating,
        rank() over (
            PARTITION by ((start_year / 10) * 10) :: int
            ORDER BY avg(uh.rating) DESC, t.id
        ) AS rank
    FROM title t
    JOIN userHistory uh ON uh.title_id = t.id
    WHERE t.title_type = 'movie'
        AND ((start_year / 10) * 10)::int >= 1980
        AND t.id IN (
            SELECT title_id
            FROM titleGenre tg
            JOIN genre g ON g.id = tg.genre_id
            WHERE g.name IN (
                'Drama'
            )
        )
        AND t.id IN (
            SELECT title_id
            FROM titleAkas
            WHERE region IN (
                'US', 'GB', 'ES', 'DE', 'FR', 'PT'
            )
        )
    GROUP BY t.id
    HAVING count(uh.rating) >= 3
    ORDER BY decade, rating DESC
) t_
WHERE rank <= 10;
                                                                                                 QUERY PLAN                                                                                                 
------------------------------------------------------------------------------------------------------------------------------------------------------------------------------------------------------------
 Subquery Scan on t_  (cost=360674.50..360690.14 rows=123 width=86) (actual time=10662.879..10688.075 rows=50 loops=1)
   Filter: (t_.rank <= 10)
   Rows Removed by Filter: 1953
   ->  WindowAgg  (cost=360674.50..360685.54 rows=368 width=86) (actual time=10662.875..10687.970 rows=2003 loops=1)
         ->  Sort  (cost=360674.50..360675.42 rows=368 width=66) (actual time=10662.816..10686.398 rows=2003 loops=1)
               Sort Key: (((t.start_year / 10) * 10)), (avg(uh.rating)) DESC, t.id
               Sort Method: quicksort  Memory: 228kB
               ->  Finalize GroupAggregate  (cost=360518.11..360658.82 rows=368 width=66) (actual time=10597.664..10682.590 rows=2003 loops=1)
                     Group Key: t.id
                     Filter: (count(uh.rating) >= 3)
                     Rows Removed by Filter: 40986
                     ->  Gather Merge  (cost=360518.11..360633.50 rows=920 width=74) (actual time=10597.623..10650.362 rows=53754 loops=1)
                           Workers Planned: 2
                           Workers Launched: 2
                           ->  Partial GroupAggregate  (cost=359518.09..359527.29 rows=460 width=74) (actual time=10576.358..10590.775 rows=17918 loops=3)
                                 Group Key: t.id
                                 ->  Sort  (cost=359518.09..359519.24 rows=460 width=38) (actual time=10576.301..10579.556 rows=20226 loops=3)
                                       Sort Key: t.id
                                       Sort Method: quicksort  Memory: 2404kB
                                       Worker 0:  Sort Method: quicksort  Memory: 2398kB
                                       Worker 1:  Sort Method: quicksort  Memory: 2429kB
                                       ->  Parallel Hash Join  (cost=270050.05..359497.74 rows=460 width=38) (actual time=7999.820..10547.369 rows=20226 loops=3)
                                             Hash Cond: ((uh.title_id)::text = (t.id)::text)
                                             ->  Parallel Seq Scan on userhistory uh  (cost=0.00..80069.30 rows=2500730 width=14) (actual time=0.220..1950.405 rows=2000631 loops=3)
                                             ->  Parallel Hash  (cost=270046.80..270046.80 rows=260 width=54) (actual time=7999.316..7999.321 rows=27522 loops=3)
                                                   Buckets: 131072 (originally 1024)  Batches: 1 (originally 1)  Memory Usage: 9048kB
                                                   ->  Nested Loop Semi Join  (cost=1.26..270046.80 rows=260 width=54) (actual time=88.072..7863.254 rows=27522 loops=3)
                                                         Join Filter: ((t.id)::text = (tg.title_id)::text)
                                                         ->  Nested Loop Semi Join  (cost=0.56..259384.96 rows=4700 width=44) (actual time=68.788..6105.976 rows=78788 loops=3)
                                                               ->  Parallel Seq Scan on title t  (cost=0.00..200440.83 rows=86352 width=34) (actual time=66.957..2554.523 rows=129726 loops=3)
                                                                     Filter: (((title_type)::text = 'movie'::text) AND (((start_year / 10) * 10) >= 1980))
                                                                     Rows Removed by Filter: 3143815
                                                               ->  Index Only Scan using akas_id_region_idx on titleakas  (cost=0.56..4.45 rows=35 width=10) (actual time=0.027..0.027 rows=1 loops=389178)
                                                                     Index Cond: (title_id = (t.id)::text)
                                                                     Filter: ((region)::text = ANY ('{US,GB,ES,DE,FR,PT}'::text[]))
                                                                     Rows Removed by Filter: 1
                                                                     Heap Fetches: 0
                                                         ->  Nested Loop  (cost=0.70..2.26 rows=1 width=10) (actual time=0.022..0.022 rows=0 loops=236365)
                                                               ->  Index Only Scan using titlegenre_pkey on titlegenre tg  (cost=0.56..1.61 rows=4 width=14) (actual time=0.019..0.019 rows=1 loops=236365)
                                                                     Index Cond: (title_id = (titleakas.title_id)::text)
                                                                     Heap Fetches: 0
                                                               ->  Index Scan using genre_pkey on genre g  (cost=0.14..0.16 rows=1 width=4) (actual time=0.001..0.001 rows=0 loops=327381)
                                                                     Index Cond: (id = tg.genre_id)
                                                                     Filter: ((name)::text = 'Drama'::text)
                                                                     Rows Removed by Filter: 1
 Planning Time: 16.267 ms
 JIT:
   Functions: 102
   Options: Inlining false, Optimization false, Expressions true, Deforming true
   Timing: Generation 7.432 ms, Inlining 0.000 ms, Optimization 7.169 ms, Emission 186.426 ms, Total 201.027 ms
 Execution Time: 11119.568 ms
(51 rows)

