explain analyze SELECT n.id,
    n.primary_name,
    date_part('year', NOW())::int - n.birth_year AS age,
    count(*) AS roles
FROM name n
JOIN titlePrincipals tp ON tp.name_id = n.id
JOIN titlePrincipalsCharacters tpc ON tpc.title_id = tp.title_id
    AND tpc.name_id = tp.name_id
JOIN category c ON c.id = tp.category_id
JOIN title t ON t.id = tp.title_id
WHERE t.start_year >= date_part('year', NOW())::int - 10
    AND c.name = 'actress'
    AND n.death_year IS NULL
    AND t.title_type IN (
        'movie', 'tvSeries', 'tvMiniSeries', 'tvMovie'
    )
GROUP BY n.id
ORDER BY roles DESC
LIMIT 100;
                                                                                                        QUERY PLAN                                                                                                         
---------------------------------------------------------------------------------------------------------------------------------------------------------------------------------------------------------------------------
 Limit  (cost=1287629.61..1287629.64 rows=12 width=36) (actual time=43545.465..43643.530 rows=100 loops=1)
   ->  Sort  (cost=1287629.61..1287629.64 rows=12 width=36) (actual time=43014.166..43112.222 rows=100 loops=1)
         Sort Key: (count(*)) DESC
         Sort Method: top-N heapsort  Memory: 38kB
         ->  Finalize GroupAggregate  (cost=1287627.86..1287629.39 rows=12 width=36) (actual time=42737.309..43073.520 rows=183837 loops=1)
               Group Key: n.id
               ->  Gather Merge  (cost=1287627.86..1287629.10 rows=10 width=36) (actual time=42737.264..42976.753 rows=250441 loops=1)
                     Workers Planned: 2
                     Workers Launched: 2
                     ->  Partial GroupAggregate  (cost=1286627.84..1286627.92 rows=5 width=36) (actual time=42712.183..42785.856 rows=83480 loops=3)
                           Group Key: n.id
                           ->  Sort  (cost=1286627.84..1286627.85 rows=5 width=28) (actual time=42712.126..42747.077 rows=132116 loops=3)
                                 Sort Key: n.id
                                 Sort Method: external merge  Disk: 4704kB
                                 Worker 0:  Sort Method: external merge  Disk: 4864kB
                                 Worker 1:  Sort Method: external merge  Disk: 4752kB
                                 ->  Nested Loop  (cost=234544.45..1286627.78 rows=5 width=28) (actual time=13183.897..42484.834 rows=132116 loops=3)
                                       ->  Nested Loop  (cost=234543.89..1286607.09 rows=5 width=20) (actual time=13182.397..26914.638 rows=132656 loops=3)
                                             ->  Parallel Hash Join  (cost=234543.32..1045091.75 rows=90671 width=30) (actual time=13181.088..13872.103 rows=149480 loops=3)
                                                   Hash Cond: ((tp.title_id)::text = (t.id)::text)
                                                   ->  Hash Join  (cost=1.16..781764.71 rows=1941667 width=20) (actual time=0.861..8686.853 rows=3185892 loops=3)
                                                         Hash Cond: (tp.category_id = c.id)
                                                         ->  Parallel Seq Scan on titleprincipals tp  (cost=0.00..699000.00 rows=23300000 width=24) (actual time=0.727..6691.237 rows=18639969 loops=3)
                                                         ->  Hash  (cost=1.15..1.15 rows=1 width=4) (actual time=0.066..0.068 rows=1 loops=3)
                                                               Buckets: 1024  Batches: 1  Memory Usage: 9kB
                                                               ->  Seq Scan on category c  (cost=0.00..1.15 rows=1 width=4) (actual time=0.055..0.056 rows=1 loops=3)
                                                                     Filter: ((name)::text = 'actress'::text)
                                                                     Rows Removed by Filter: 11
                                                   ->  Parallel Hash  (cost=231217.54..231217.54 rows=191250 width=10) (actual time=3500.968..3500.969 rows=117416 loops=3)
                                                         Buckets: 131072  Batches: 8  Memory Usage: 3136kB
                                                         ->  Parallel Seq Scan on title t  (cost=0.00..231217.54 rows=191250 width=10) (actual time=273.707..3453.197 rows=117416 loops=3)
                                                               Filter: (((title_type)::text = ANY ('{movie,tvSeries,tvMiniSeries,tvMovie}'::text[])) AND (start_year >= ((date_part('year'::text, now()))::integer - 10)))
                                                               Rows Removed by Filter: 3156125
                                             ->  Index Only Scan using titleprincipalscharacters_pkey on titleprincipalscharacters tpc  (cost=0.56..2.65 rows=1 width=20) (actual time=0.086..0.087 rows=1 loops=448441)
                                                   Index Cond: ((title_id = (tp.title_id)::text) AND (name_id = (tp.name_id)::text))
                                                   Heap Fetches: 0
                                       ->  Index Scan using name_pkey on name n  (cost=0.56..4.14 rows=1 width=28) (actual time=0.117..0.117 rows=1 loops=397968)
                                             Index Cond: ((id)::text = (tp.name_id)::text)
                                             Filter: (death_year IS NULL)
                                             Rows Removed by Filter: 0
 Planning Time: 24.833 ms
 JIT:
   Functions: 115
   Options: Inlining true, Optimization true, Expressions true, Deforming true
   Timing: Generation 7.577 ms, Inlining 291.629 ms, Optimization 561.722 ms, Emission 431.032 ms, Total 1291.961 ms
 Execution Time: 44086.488 ms
(46 rows)

