explain analyze SELECT n.id,
    n.primary_name,
    date_part('year', NOW())::int - n.birth_year AS age,
    count(*) AS roles
FROM name n
JOIN titlePrincipals tp ON tp.name_id = n.id
JOIN titlePrincipalsCharacters tpc ON tpc.title_id = tp.title_id
    AND tpc.name_id = tp.name_id
JOIN category c ON c.id = tp.category_id
JOIN title t ON t.id = tp.title_id
WHERE t.start_year >= date_part('year', NOW())::int - 10
    AND c.name = 'actress'
    AND n.death_year IS NULL
    AND t.title_type IN (
        'movie', 'tvSeries', 'tvMiniSeries', 'tvMovie'
    )
GROUP BY n.id
ORDER BY roles DESC
LIMIT 100;
                                                                                                     QUERY PLAN                                                                                                      
---------------------------------------------------------------------------------------------------------------------------------------------------------------------------------------------------------------------
 Limit  (cost=1278374.64..1278374.67 rows=11 width=36) (actual time=42638.085..42733.566 rows=100 loops=1)
   ->  Sort  (cost=1278374.64..1278374.67 rows=11 width=36) (actual time=42139.813..42235.286 rows=100 loops=1)
         Sort Key: (count(*)) DESC
         Sort Method: top-N heapsort  Memory: 38kB
         ->  GroupAggregate  (cost=1278374.15..1278374.45 rows=11 width=36) (actual time=41836.730..42196.787 rows=183837 loops=1)
               Group Key: n.id
               ->  Sort  (cost=1278374.15..1278374.17 rows=11 width=28) (actual time=41836.655..42076.260 rows=396348 loops=1)
                     Sort Key: n.id
                     Sort Method: external merge  Disk: 14328kB
                     ->  Gather  (cost=235306.33..1278373.96 rows=11 width=28) (actual time=12932.087..41344.746 rows=396348 loops=1)
                           Workers Planned: 2
                           Workers Launched: 2
                           ->  Nested Loop  (cost=234306.33..1277372.86 rows=5 width=28) (actual time=12904.976..41522.154 rows=132116 loops=3)
                                 ->  Nested Loop  (cost=234305.77..1277352.17 rows=5 width=20) (actual time=12903.006..26164.777 rows=132656 loops=3)
                                       ->  Parallel Hash Join  (cost=234305.21..1044818.63 rows=87299 width=30) (actual time=12900.146..13606.306 rows=149480 loops=3)
                                             Hash Cond: ((tp.title_id)::text = (t.id)::text)
                                             ->  Hash Join  (cost=1.16..781764.71 rows=1941667 width=20) (actual time=0.607..8514.778 rows=3185892 loops=3)
                                                   Hash Cond: (tp.category_id = c.id)
                                                   ->  Parallel Seq Scan on titleprincipals tp  (cost=0.00..699000.00 rows=23300000 width=24) (actual time=0.475..6534.228 rows=18639969 loops=3)
                                                   ->  Hash  (cost=1.15..1.15 rows=1 width=4) (actual time=0.065..0.066 rows=1 loops=3)
                                                         Buckets: 1024  Batches: 1  Memory Usage: 9kB
                                                         ->  Seq Scan on category c  (cost=0.00..1.15 rows=1 width=4) (actual time=0.052..0.054 rows=1 loops=3)
                                                               Filter: ((name)::text = 'actress'::text)
                                                               Rows Removed by Filter: 11
                                             ->  Parallel Hash  (cost=231105.61..231105.61 rows=183955 width=10) (actual time=3405.321..3405.322 rows=117416 loops=3)
                                                   Buckets: 131072  Batches: 8  Memory Usage: 3104kB
                                                   ->  Parallel Seq Scan on title t  (cost=0.00..231105.61 rows=183955 width=10) (actual time=241.164..3358.405 rows=117416 loops=3)
                                                         Filter: (((title_type)::text = ANY ('{movie,tvSeries,tvMiniSeries,tvMovie}'::text[])) AND (start_year >= ((date_part('year'::text, now()))::integer - 10)))
                                                         Rows Removed by Filter: 3156125
                                       ->  Index Only Scan using titleprincipalscharacters_pkey on titleprincipalscharacters tpc  (cost=0.56..2.65 rows=1 width=20) (actual time=0.083..0.083 rows=1 loops=448441)
                                             Index Cond: ((title_id = (tp.title_id)::text) AND (name_id = (tp.name_id)::text))
                                             Heap Fetches: 0
                                 ->  Index Scan using name_pkey on name n  (cost=0.56..4.14 rows=1 width=28) (actual time=0.115..0.115 rows=1 loops=397968)
                                       Index Cond: ((id)::text = (tp.name_id)::text)
                                       Filter: (death_year IS NULL)
                                       Rows Removed by Filter: 0
 Planning Time: 23.457 ms
 JIT:
   Functions: 104
   Options: Inlining true, Optimization true, Expressions true, Deforming true
   Timing: Generation 6.554 ms, Inlining 288.525 ms, Optimization 494.202 ms, Emission 378.699 ms, Total 1167.979 ms
 Execution Time: 43154.468 ms
(42 rows)

