explain analyze SELECT n.id,
    n.primary_name,
    date_part('year', NOW())::int - n.birth_year AS age,
    count(*) AS roles
FROM name n
JOIN titlePrincipals tp ON tp.name_id = n.id
JOIN titlePrincipalsCharacters tpc ON tpc.title_id = tp.title_id
    AND tpc.name_id = tp.name_id
JOIN category c ON c.id = tp.category_id
JOIN title t ON t.id = tp.title_id
WHERE t.start_year >= date_part('year', NOW())::int - 10
    AND c.name = 'actress'
    AND n.death_year IS NULL
    AND t.title_type IN (
        'movie', 'tvSeries', 'tvMiniSeries', 'tvMovie'
    )
GROUP BY n.id
ORDER BY roles DESC
LIMIT 100;
                                                                                                        QUERY PLAN                                                                                                         
---------------------------------------------------------------------------------------------------------------------------------------------------------------------------------------------------------------------------
 Limit  (cost=1285931.99..1285932.01 rows=9 width=36) (actual time=43384.842..43484.350 rows=100 loops=1)
   ->  Sort  (cost=1285931.99..1285932.01 rows=9 width=36) (actual time=42836.218..42935.718 rows=100 loops=1)
         Sort Key: (count(*)) DESC
         Sort Method: top-N heapsort  Memory: 38kB
         ->  Finalize GroupAggregate  (cost=1285930.64..1285931.85 rows=9 width=36) (actual time=42561.481..42896.899 rows=183837 loops=1)
               Group Key: n.id
               ->  Gather Merge  (cost=1285930.64..1285931.63 rows=8 width=36) (actual time=42561.430..42800.573 rows=250618 loops=1)
                     Workers Planned: 2
                     Workers Launched: 2
                     ->  Partial GroupAggregate  (cost=1284930.61..1284930.68 rows=4 width=36) (actual time=42534.442..42607.337 rows=83539 loops=3)
                           Group Key: n.id
                           ->  Sort  (cost=1284930.61..1284930.62 rows=4 width=28) (actual time=42534.392..42568.350 rows=132116 loops=3)
                                 Sort Key: n.id
                                 Sort Method: external merge  Disk: 4736kB
                                 Worker 0:  Sort Method: external merge  Disk: 4856kB
                                 Worker 1:  Sort Method: external merge  Disk: 4736kB
                                 ->  Nested Loop  (cost=234382.28..1284930.57 rows=4 width=28) (actual time=13012.901..42316.759 rows=132116 loops=3)
                                       ->  Nested Loop  (cost=234381.72..1284914.02 rows=4 width=20) (actual time=13011.082..26560.445 rows=132656 loops=3)
                                             ->  Parallel Hash Join  (cost=234381.16..1044914.28 rows=90102 width=30) (actual time=13009.630..13693.469 rows=149480 loops=3)
                                                   Hash Cond: ((tp.title_id)::text = (t.id)::text)
                                                   ->  Hash Join  (cost=1.16..781756.54 rows=1941617 width=20) (actual time=0.944..8614.401 rows=3185892 loops=3)
                                                         Hash Cond: (tp.category_id = c.id)
                                                         ->  Parallel Seq Scan on titleprincipals tp  (cost=0.00..698993.98 rows=23299398 width=24) (actual time=0.792..6683.131 rows=18639969 loops=3)
                                                         ->  Hash  (cost=1.15..1.15 rows=1 width=4) (actual time=0.068..0.070 rows=1 loops=3)
                                                               Buckets: 1024  Batches: 1  Memory Usage: 9kB
                                                               ->  Seq Scan on category c  (cost=0.00..1.15 rows=1 width=4) (actual time=0.060..0.061 rows=1 loops=3)
                                                                     Filter: ((name)::text = 'actress'::text)
                                                                     Rows Removed by Filter: 11
                                                   ->  Parallel Hash  (cost=231080.21..231080.21 rows=189823 width=10) (actual time=3419.871..3419.872 rows=117416 loops=3)
                                                         Buckets: 131072  Batches: 8  Memory Usage: 3136kB
                                                         ->  Parallel Seq Scan on title t  (cost=0.00..231080.21 rows=189823 width=10) (actual time=275.425..3373.106 rows=117416 loops=3)
                                                               Filter: (((title_type)::text = ANY ('{movie,tvSeries,tvMiniSeries,tvMovie}'::text[])) AND (start_year >= ((date_part('year'::text, now()))::integer - 10)))
                                                               Rows Removed by Filter: 3156125
                                             ->  Index Only Scan using titleprincipalscharacters_pkey on titleprincipalscharacters tpc  (cost=0.56..2.65 rows=1 width=20) (actual time=0.085..0.085 rows=1 loops=448441)
                                                   Index Cond: ((title_id = (tp.title_id)::text) AND (name_id = (tp.name_id)::text))
                                                   Heap Fetches: 0
                                       ->  Index Scan using name_pkey on name n  (cost=0.56..4.14 rows=1 width=28) (actual time=0.118..0.118 rows=1 loops=397968)
                                             Index Cond: ((id)::text = (tp.name_id)::text)
                                             Filter: (death_year IS NULL)
                                             Rows Removed by Filter: 0
 Planning Time: 21.934 ms
 JIT:
   Functions: 115
   Options: Inlining true, Optimization true, Expressions true, Deforming true
   Timing: Generation 7.627 ms, Inlining 300.372 ms, Optimization 581.115 ms, Emission 445.408 ms, Total 1334.522 ms
 Execution Time: 43933.116 ms
(46 rows)

