explain analyze SELECT t.id, t.primary_title, tg.genres, te.season_number, count(*) AS views
FROM title t
JOIN titleEpisode te ON te.parent_title_id = t.id
JOIN title t2 ON t2.id = te.title_id
JOIN userHistory uh ON uh.title_id = t2.id
JOIN users u ON u.id = uh.user_id
JOIN (
    SELECT tg.title_id, array_agg(g.name) AS genres
    FROM titleGenre tg
    JOIN genre g ON g.id = tg.genre_id
    GROUP BY tg.title_id
) tg ON tg.title_id = t.id
WHERE t.title_type = 'tvSeries'
    AND uh.last_seen BETWEEN NOW() - INTERVAL '30 days' AND NOW()
    AND te.season_number IS NOT NULL
    AND u.country_code NOT IN ('US', 'GB')
GROUP BY t.id, t.primary_title, tg.genres, te.season_number
ORDER BY count(*) DESC, t.id
LIMIT 100;
                                                                                                   QUERY PLAN                                                                                                    
-----------------------------------------------------------------------------------------------------------------------------------------------------------------------------------------------------------------
 Limit  (cost=1146512.30..1146512.55 rows=100 width=74) (actual time=32237.993..32238.173 rows=100 loops=1)
   ->  Sort  (cost=1146512.30..1146521.85 rows=3821 width=74) (actual time=31633.230..31633.402 rows=100 loops=1)
         Sort Key: (count(*)) DESC, t.id
         Sort Method: top-N heapsort  Memory: 40kB
         ->  Finalize GroupAggregate  (cost=115900.21..1146366.26 rows=3821 width=74) (actual time=16407.638..31626.744 rows=21538 loops=1)
               Group Key: t.id, (array_agg(g.name)), te.season_number
               ->  Gather Merge  (cost=115900.21..1146296.21 rows=3184 width=74) (actual time=16407.622..31614.092 rows=26223 loops=1)
                     Workers Planned: 2
                     Workers Launched: 2
                     ->  Partial GroupAggregate  (cost=114900.18..1144928.68 rows=1592 width=74) (actual time=16385.085..31050.298 rows=8741 loops=3)
                           Group Key: t.id, (array_agg(g.name)), te.season_number
                           ->  Incremental Sort  (cost=114900.18..1144896.84 rows=1592 width=66) (actual time=16385.058..31043.709 rows=11452 loops=3)
                                 Sort Key: t.id, (array_agg(g.name)), te.season_number
                                 Presorted Key: t.id
                                 Full-sort Groups: 346  Sort Method: quicksort  Average Memory: 29kB  Peak Memory: 29kB
                                 Worker 0:  Full-sort Groups: 349  Sort Method: quicksort  Average Memory: 29kB  Peak Memory: 29kB
                                 Worker 1:  Full-sort Groups: 349  Sort Method: quicksort  Average Memory: 29kB  Peak Memory: 29kB
                                 ->  Merge Join  (cost=114252.83..1144825.20 rows=1592 width=66) (actual time=16377.768..31029.890 rows=11452 loops=3)
                                       Merge Cond: ((te.parent_title_id)::text = (tg.title_id)::text)
                                       ->  Sort  (cost=114252.12..114252.14 rows=9 width=44) (actual time=16308.734..16315.171 rows=11842 loops=3)
                                             Sort Key: t.id
                                             Sort Method: quicksort  Memory: 1474kB
                                             Worker 0:  Sort Method: quicksort  Memory: 1464kB
                                             Worker 1:  Sort Method: quicksort  Memory: 1467kB
                                             ->  Nested Loop  (cost=1.59..114251.98 rows=9 width=44) (actual time=302.118..16286.524 rows=11842 loops=3)
                                                   ->  Nested Loop  (cost=1.30..114214.93 rows=9 width=48) (actual time=302.072..16219.525 rows=11940 loops=3)
                                                         ->  Nested Loop  (cost=0.87..114027.21 rows=335 width=18) (actual time=300.428..12086.280 rows=12512 loops=3)
                                                               ->  Nested Loop  (cost=0.43..113759.37 rows=554 width=24) (actual time=298.995..6030.457 rows=17448 loops=3)
                                                                     ->  Parallel Seq Scan on userhistory uh  (cost=0.00..111329.37 rows=554 width=14) (actual time=297.374..2366.726 rows=17448 loops=3)
                                                                           Filter: ((last_seen <= now()) AND (last_seen >= (now() - '30 days'::interval)))
                                                                           Rows Removed by Filter: 1983183
                                                                     ->  Index Only Scan using title_pkey on title t2  (cost=0.43..4.39 rows=1 width=10) (actual time=0.209..0.209 rows=1 loops=52344)
                                                                           Index Cond: (id = (uh.title_id)::text)
                                                                           Heap Fetches: 0
                                                               ->  Index Scan using titleepisode_pkey on titleepisode te  (cost=0.43..0.48 rows=1 width=24) (actual time=0.346..0.346 rows=1 loops=52344)
                                                                     Index Cond: ((title_id)::text = (t2.id)::text)
                                                                     Filter: (season_number IS NOT NULL)
                                                                     Rows Removed by Filter: 0
                                                         ->  Index Scan using title_pkey on title t  (cost=0.43..0.56 rows=1 width=30) (actual time=0.329..0.329 rows=1 loops=37535)
                                                               Index Cond: ((id)::text = (te.parent_title_id)::text)
                                                               Filter: ((title_type)::text = 'tvSeries'::text)
                                                               Rows Removed by Filter: 0
                                                   ->  Index Scan using users_pkey on users u  (cost=0.29..4.12 rows=1 width=4) (actual time=0.004..0.004 rows=1 loops=35819)
                                                         Index Cond: (id = uh.user_id)
                                                         Filter: ((country_code)::text <> ALL ('{US,GB}'::text[]))
                                                         Rows Removed by Filter: 0
                                       ->  GroupAggregate  (cost=0.71..970513.22 rows=4803535 width=42) (actual time=1.275..13720.135 rows=9377679 loops=3)
                                             Group Key: tg.title_id
                                             ->  Nested Loop  (cost=0.71..834474.73 rows=15198860 width=17) (actual time=1.244..7526.026 rows=15197988 loops=3)
                                                   ->  Index Only Scan using titlegenre_pkey on titlegenre tg  (cost=0.56..462079.46 rows=15198860 width=14) (actual time=1.146..2756.336 rows=15197988 loops=3)
                                                         Heap Fetches: 0
                                                   ->  Memoize  (cost=0.15..0.17 rows=1 width=11) (actual time=0.000..0.000 rows=1 loops=45593965)
                                                         Cache Key: tg.genre_id
                                                         Cache Mode: logical
                                                         Hits: 15198088  Misses: 28  Evictions: 0  Overflows: 0  Memory Usage: 4kB
                                                         Worker 0:  Hits: 15198094  Misses: 28  Evictions: 0  Overflows: 0  Memory Usage: 4kB
                                                         Worker 1:  Hits: 15197699  Misses: 28  Evictions: 0  Overflows: 0  Memory Usage: 4kB
                                                         ->  Index Scan using genre_pkey on genre g  (cost=0.14..0.16 rows=1 width=11) (actual time=0.004..0.004 rows=1 loops=84)
                                                               Index Cond: (id = tg.genre_id)
 Planning Time: 18.412 ms
 JIT:
   Functions: 148
   Options: Inlining true, Optimization true, Expressions true, Deforming true
   Timing: Generation 8.810 ms, Inlining 298.799 ms, Optimization 674.591 ms, Emission 523.121 ms, Total 1505.320 ms
 Execution Time: 32670.596 ms
(65 rows)

