explain analyze SELECT n.id,
    n.primary_name,
    date_part('year', NOW())::int - n.birth_year AS age,
    count(*) AS roles
FROM name n
JOIN titlePrincipals tp ON tp.name_id = n.id
JOIN titlePrincipalsCharacters tpc ON tpc.title_id = tp.title_id
    AND tpc.name_id = tp.name_id
JOIN category c ON c.id = tp.category_id
JOIN title t ON t.id = tp.title_id
WHERE t.start_year >= date_part('year', NOW())::int - 10
    AND c.name = 'actress'
    AND n.death_year IS NULL
    AND t.title_type IN (
        'movie', 'tvSeries', 'tvMiniSeries', 'tvMovie'
    )
GROUP BY n.id
ORDER BY roles DESC
LIMIT 100;
                                                                                                        QUERY PLAN                                                                                                         
---------------------------------------------------------------------------------------------------------------------------------------------------------------------------------------------------------------------------
 Limit  (cost=1286655.67..1286655.71 rows=13 width=36) (actual time=42622.913..42718.857 rows=100 loops=1)
   ->  Sort  (cost=1286655.67..1286655.71 rows=13 width=36) (actual time=42080.457..42176.392 rows=100 loops=1)
         Sort Key: (count(*)) DESC
         Sort Method: top-N heapsort  Memory: 38kB
         ->  Finalize GroupAggregate  (cost=1286653.88..1286655.43 rows=13 width=36) (actual time=41790.001..42136.825 rows=183837 loops=1)
               Group Key: n.id
               ->  Gather Merge  (cost=1286653.88..1286655.12 rows=10 width=36) (actual time=41789.965..42033.605 rows=250576 loops=1)
                     Workers Planned: 2
                     Workers Launched: 2
                     ->  Partial GroupAggregate  (cost=1285653.86..1285653.94 rows=5 width=36) (actual time=41765.682..41839.717 rows=83525 loops=3)
                           Group Key: n.id
                           ->  Sort  (cost=1285653.86..1285653.87 rows=5 width=28) (actual time=41765.625..41800.540 rows=132116 loops=3)
                                 Sort Key: n.id
                                 Sort Method: external merge  Disk: 4792kB
                                 Worker 0:  Sort Method: external merge  Disk: 4728kB
                                 Worker 1:  Sort Method: external merge  Disk: 4792kB
                                 ->  Nested Loop  (cost=234429.50..1285653.80 rows=5 width=28) (actual time=13055.370..41559.884 rows=132116 loops=3)
                                       ->  Nested Loop  (cost=234428.94..1285633.11 rows=5 width=20) (actual time=13053.403..26252.794 rows=132656 loops=3)
                                             ->  Parallel Hash Join  (cost=234428.37..1044972.80 rows=90350 width=30) (actual time=13050.598..13732.414 rows=149480 loops=3)
                                                   Hash Cond: ((tp.title_id)::text = (t.id)::text)
                                                   ->  Hash Join  (cost=1.16..781764.71 rows=1941667 width=20) (actual time=0.952..8555.787 rows=3185892 loops=3)
                                                         Hash Cond: (tp.category_id = c.id)
                                                         ->  Parallel Seq Scan on titleprincipals tp  (cost=0.00..699000.00 rows=23300000 width=24) (actual time=0.785..6598.148 rows=18639969 loops=3)
                                                         ->  Hash  (cost=1.15..1.15 rows=1 width=4) (actual time=0.076..0.083 rows=1 loops=3)
                                                               Buckets: 1024  Batches: 1  Memory Usage: 9kB
                                                               ->  Seq Scan on category c  (cost=0.00..1.15 rows=1 width=4) (actual time=0.069..0.070 rows=1 loops=3)
                                                                     Filter: ((name)::text = 'actress'::text)
                                                                     Rows Removed by Filter: 11
                                                   ->  Parallel Hash  (cost=231117.16..231117.16 rows=190404 width=10) (actual time=3513.105..3513.106 rows=117416 loops=3)
                                                         Buckets: 131072  Batches: 8  Memory Usage: 3136kB
                                                         ->  Parallel Seq Scan on title t  (cost=0.00..231117.16 rows=190404 width=10) (actual time=272.784..3466.175 rows=117416 loops=3)
                                                               Filter: (((title_type)::text = ANY ('{movie,tvSeries,tvMiniSeries,tvMovie}'::text[])) AND (start_year >= ((date_part('year'::text, now()))::integer - 10)))
                                                               Rows Removed by Filter: 3156125
                                             ->  Index Only Scan using titleprincipalscharacters_pkey on titleprincipalscharacters tpc  (cost=0.56..2.65 rows=1 width=20) (actual time=0.083..0.083 rows=1 loops=448441)
                                                   Index Cond: ((title_id = (tp.title_id)::text) AND (name_id = (tp.name_id)::text))
                                                   Heap Fetches: 0
                                       ->  Index Scan using name_pkey on name n  (cost=0.56..4.14 rows=1 width=28) (actual time=0.115..0.115 rows=1 loops=397968)
                                             Index Cond: ((id)::text = (tp.name_id)::text)
                                             Filter: (death_year IS NULL)
                                             Rows Removed by Filter: 0
 Planning Time: 23.758 ms
 JIT:
   Functions: 115
   Options: Inlining true, Optimization true, Expressions true, Deforming true
   Timing: Generation 7.590 ms, Inlining 303.692 ms, Optimization 592.723 ms, Emission 446.477 ms, Total 1350.483 ms
 Execution Time: 43173.766 ms
(46 rows)

