explain analyze SELECT n.id,
    n.primary_name,
    date_part('year', NOW())::int - n.birth_year AS age,
    count(*) AS roles
FROM name n
JOIN titlePrincipals tp ON tp.name_id = n.id
JOIN titlePrincipalsCharacters tpc ON tpc.title_id = tp.title_id
    AND tpc.name_id = tp.name_id
JOIN category c ON c.id = tp.category_id
JOIN title t ON t.id = tp.title_id
WHERE t.start_year >= date_part('year', NOW())::int - 10
    AND c.name = 'actress'
    AND n.death_year IS NULL
    AND t.title_type IN (
        'movie', 'tvSeries', 'tvMiniSeries', 'tvMovie'
    )
GROUP BY n.id
ORDER BY roles DESC
LIMIT 100;
                                                                                                     QUERY PLAN                                                                                                      
---------------------------------------------------------------------------------------------------------------------------------------------------------------------------------------------------------------------
 Limit  (cost=1285636.01..1285636.04 rows=11 width=36) (actual time=42585.151..42683.903 rows=100 loops=1)
   ->  Sort  (cost=1285636.01..1285636.04 rows=11 width=36) (actual time=42067.144..42165.888 rows=100 loops=1)
         Sort Key: (count(*)) DESC
         Sort Method: top-N heapsort  Memory: 38kB
         ->  GroupAggregate  (cost=1285635.52..1285635.82 rows=11 width=36) (actual time=41764.040..42127.338 rows=183837 loops=1)
               Group Key: n.id
               ->  Sort  (cost=1285635.52..1285635.54 rows=11 width=28) (actual time=41763.977..42006.592 rows=396348 loops=1)
                     Sort Key: n.id
                     Sort Method: external merge  Disk: 14312kB
                     ->  Gather  (cost=235407.76..1285635.33 rows=11 width=28) (actual time=12909.646..41318.301 rows=396348 loops=1)
                           Workers Planned: 2
                           Workers Launched: 2
                           ->  Nested Loop  (cost=234407.76..1284634.23 rows=5 width=28) (actual time=12883.936..41456.902 rows=132116 loops=3)
                                 ->  Nested Loop  (cost=234407.20..1284613.54 rows=5 width=20) (actual time=12882.358..26209.953 rows=132656 loops=3)
                                       ->  Parallel Hash Join  (cost=234406.64..1044938.77 rows=89980 width=30) (actual time=12880.365..13542.589 rows=149480 loops=3)
                                             Hash Cond: ((tp.title_id)::text = (t.id)::text)
                                             ->  Hash Join  (cost=1.16..781756.54 rows=1941617 width=20) (actual time=0.615..8546.662 rows=3185892 loops=3)
                                                   Hash Cond: (tp.category_id = c.id)
                                                   ->  Parallel Seq Scan on titleprincipals tp  (cost=0.00..698993.98 rows=23299398 width=24) (actual time=0.487..6562.415 rows=18639969 loops=3)
                                                   ->  Hash  (cost=1.15..1.15 rows=1 width=4) (actual time=0.060..0.066 rows=1 loops=3)
                                                         Buckets: 1024  Batches: 1  Memory Usage: 9kB
                                                         ->  Seq Scan on category c  (cost=0.00..1.15 rows=1 width=4) (actual time=0.049..0.050 rows=1 loops=3)
                                                               Filter: ((name)::text = 'actress'::text)
                                                               Rows Removed by Filter: 11
                                             ->  Parallel Hash  (cost=231109.29..231109.29 rows=189615 width=10) (actual time=3362.053..3362.054 rows=117416 loops=3)
                                                   Buckets: 131072  Batches: 8  Memory Usage: 3136kB
                                                   ->  Parallel Seq Scan on title t  (cost=0.00..231109.29 rows=189615 width=10) (actual time=249.035..3319.262 rows=117416 loops=3)
                                                         Filter: (((title_type)::text = ANY ('{movie,tvSeries,tvMiniSeries,tvMovie}'::text[])) AND (start_year >= ((date_part('year'::text, now()))::integer - 10)))
                                                         Rows Removed by Filter: 3156125
                                       ->  Index Only Scan using titleprincipalscharacters_pkey on titleprincipalscharacters tpc  (cost=0.56..2.65 rows=1 width=20) (actual time=0.084..0.084 rows=1 loops=448441)
                                             Index Cond: ((title_id = (tp.title_id)::text) AND (name_id = (tp.name_id)::text))
                                             Heap Fetches: 0
                                 ->  Index Scan using name_pkey on name n  (cost=0.56..4.14 rows=1 width=28) (actual time=0.114..0.114 rows=1 loops=397968)
                                       Index Cond: ((id)::text = (tp.name_id)::text)
                                       Filter: (death_year IS NULL)
                                       Rows Removed by Filter: 0
 Planning Time: 22.944 ms
 JIT:
   Functions: 104
   Options: Inlining true, Optimization true, Expressions true, Deforming true
   Timing: Generation 7.123 ms, Inlining 301.676 ms, Optimization 515.398 ms, Emission 389.384 ms, Total 1213.581 ms
 Execution Time: 43121.713 ms
(42 rows)

