explain analyze SELECT n.id,
    n.primary_name,
    date_part('year', NOW())::int - n.birth_year AS age,
    count(*) AS roles
FROM name n
JOIN titlePrincipals tp ON tp.name_id = n.id
JOIN titlePrincipalsCharacters tpc ON tpc.title_id = tp.title_id
    AND tpc.name_id = tp.name_id
JOIN category c ON c.id = tp.category_id
JOIN title t ON t.id = tp.title_id
WHERE t.start_year >= date_part('year', NOW())::int - 10
    AND c.name = 'actress'
    AND n.death_year IS NULL
    AND t.title_type IN (
        'movie', 'tvSeries', 'tvMiniSeries', 'tvMovie'
    )
GROUP BY n.id
ORDER BY roles DESC
LIMIT 100;
                                                                                                        QUERY PLAN                                                                                                         
---------------------------------------------------------------------------------------------------------------------------------------------------------------------------------------------------------------------------
 Limit  (cost=1286167.23..1286167.26 rows=12 width=36) (actual time=43148.837..43295.858 rows=100 loops=1)
   ->  Sort  (cost=1286167.23..1286167.26 rows=12 width=36) (actual time=42594.731..42741.744 rows=100 loops=1)
         Sort Key: (count(*)) DESC
         Sort Method: top-N heapsort  Memory: 38kB
         ->  Finalize GroupAggregate  (cost=1286165.48..1286167.01 rows=12 width=36) (actual time=42320.254..42703.164 rows=183837 loops=1)
               Group Key: n.id
               ->  Gather Merge  (cost=1286165.48..1286166.72 rows=10 width=36) (actual time=42320.211..42607.375 rows=250722 loops=1)
                     Workers Planned: 2
                     Workers Launched: 2
                     ->  Partial GroupAggregate  (cost=1285165.45..1285165.54 rows=5 width=36) (actual time=42295.486..42368.560 rows=83574 loops=3)
                           Group Key: n.id
                           ->  Sort  (cost=1285165.45..1285165.47 rows=5 width=28) (actual time=42295.430..42329.578 rows=132116 loops=3)
                                 Sort Key: n.id
                                 Sort Method: external merge  Disk: 4744kB
                                 Worker 0:  Sort Method: external merge  Disk: 4808kB
                                 Worker 1:  Sort Method: external merge  Disk: 4776kB
                                 ->  Nested Loop  (cost=234422.55..1285165.40 rows=5 width=28) (actual time=13108.021..42089.692 rows=132116 loops=3)
                                       ->  Nested Loop  (cost=234421.99..1285144.71 rows=5 width=20) (actual time=13106.348..26622.862 rows=132656 loops=3)
                                             ->  Parallel Hash Join  (cost=234421.43..1044963.85 rows=90170 width=30) (actual time=13104.966..13774.742 rows=149480 loops=3)
                                                   Hash Cond: ((tp.title_id)::text = (t.id)::text)
                                                   ->  Hash Join  (cost=1.16..781764.71 rows=1941667 width=20) (actual time=0.916..8664.083 rows=3185892 loops=3)
                                                         Hash Cond: (tp.category_id = c.id)
                                                         ->  Parallel Seq Scan on titleprincipals tp  (cost=0.00..699000.00 rows=23300000 width=24) (actual time=0.770..6671.102 rows=18639969 loops=3)
                                                         ->  Hash  (cost=1.15..1.15 rows=1 width=4) (actual time=0.067..0.069 rows=1 loops=3)
                                                               Buckets: 1024  Batches: 1  Memory Usage: 9kB
                                                               ->  Seq Scan on category c  (cost=0.00..1.15 rows=1 width=4) (actual time=0.060..0.061 rows=1 loops=3)
                                                                     Filter: ((name)::text = 'actress'::text)
                                                                     Rows Removed by Filter: 11
                                                   ->  Parallel Hash  (cost=231116.99..231116.99 rows=190022 width=10) (actual time=3437.931..3437.932 rows=117416 loops=3)
                                                         Buckets: 131072  Batches: 8  Memory Usage: 3136kB
                                                         ->  Parallel Seq Scan on title t  (cost=0.00..231116.99 rows=190022 width=10) (actual time=267.741..3391.508 rows=117416 loops=3)
                                                               Filter: (((title_type)::text = ANY ('{movie,tvSeries,tvMiniSeries,tvMovie}'::text[])) AND (start_year >= ((date_part('year'::text, now()))::integer - 10)))
                                                               Rows Removed by Filter: 3156125
                                             ->  Index Only Scan using titleprincipalscharacters_pkey on titleprincipalscharacters tpc  (cost=0.56..2.65 rows=1 width=20) (actual time=0.085..0.085 rows=1 loops=448441)
                                                   Index Cond: ((title_id = (tp.title_id)::text) AND (name_id = (tp.name_id)::text))
                                                   Heap Fetches: 0
                                       ->  Index Scan using name_pkey on name n  (cost=0.56..4.14 rows=1 width=28) (actual time=0.116..0.116 rows=1 loops=397968)
                                             Index Cond: ((id)::text = (tp.name_id)::text)
                                             Filter: (death_year IS NULL)
                                             Rows Removed by Filter: 0
 Planning Time: 23.530 ms
 JIT:
   Functions: 115
   Options: Inlining true, Optimization true, Expressions true, Deforming true
   Timing: Generation 7.431 ms, Inlining 302.404 ms, Optimization 575.865 ms, Emission 446.576 ms, Total 1332.276 ms
 Execution Time: 43737.659 ms
(46 rows)

