explain analyze SELECT n.id,
    n.primary_name,
    date_part('year', NOW())::int - n.birth_year AS age,
    count(*) AS roles
FROM name n
JOIN titlePrincipals tp ON tp.name_id = n.id
JOIN titlePrincipalsCharacters tpc ON tpc.title_id = tp.title_id
    AND tpc.name_id = tp.name_id
JOIN category c ON c.id = tp.category_id
JOIN title t ON t.id = tp.title_id
LEFT JOIN titleEpisode te ON te.title_id = tp.title_id
WHERE t.start_year >= date_part('year', NOW())::int - 10
    AND c.name = 'actress'
    AND n.death_year IS NULL
    AND t.title_type IN (
        'movie', 'tvSeries', 'tvMiniSeries', 'tvMovie'
    )
    AND te.title_id IS NULL
GROUP BY n.id
ORDER BY roles DESC
LIMIT 100;
                                                                                               QUERY PLAN                                                                                               
--------------------------------------------------------------------------------------------------------------------------------------------------------------------------------------------------------
 Limit  (cost=971361.29..971361.30 rows=1 width=36) (actual time=178271.289..178431.745 rows=100 loops=1)
   ->  Sort  (cost=971361.29..971361.30 rows=1 width=36) (actual time=177736.626..177897.075 rows=100 loops=1)
         Sort Key: (count(*)) DESC
         Sort Method: top-N heapsort  Memory: 38kB
         ->  GroupAggregate  (cost=971361.25..971361.28 rows=1 width=36) (actual time=177490.639..177856.546 rows=183837 loops=1)
               Group Key: n.id
               ->  Sort  (cost=971361.25..971361.26 rows=1 width=28) (actual time=177490.579..177733.303 rows=396348 loops=1)
                     Sort Key: n.id
                     Sort Method: external merge  Disk: 14272kB
                     ->  Nested Loop  (cost=139526.38..971361.24 rows=1 width=28) (actual time=16330.265..176803.427 rows=396348 loops=1)
                           ->  Nested Loop  (cost=139525.82..971358.49 rows=1 width=58) (actual time=16328.781..124755.840 rows=446348 loops=1)
                                 ->  Nested Loop  (cost=139525.39..971354.26 rows=1 width=48) (actual time=12302.773..86985.772 rows=2342630 loops=1)
                                       ->  Gather  (cost=139524.83..971349.89 rows=1 width=20) (actual time=12299.330..12964.582 rows=2627555 loops=1)
                                             Workers Planned: 2
                                             Workers Launched: 2
                                             ->  Parallel Hash Anti Join  (cost=138524.83..970349.79 rows=1 width=20) (actual time=12258.904..13557.542 rows=875852 loops=3)
                                                   Hash Cond: ((tp.title_id)::text = (te.title_id)::text)
                                                   ->  Hash Join  (cost=1.16..781764.71 rows=1941667 width=20) (actual time=0.669..8603.928 rows=3185892 loops=3)
                                                         Hash Cond: (tp.category_id = c.id)
                                                         ->  Parallel Seq Scan on titleprincipals tp  (cost=0.00..699000.00 rows=23300000 width=24) (actual time=0.527..6506.344 rows=18639969 loops=3)
                                                         ->  Hash  (cost=1.15..1.15 rows=1 width=4) (actual time=0.067..0.069 rows=1 loops=3)
                                                               Buckets: 1024  Batches: 1  Memory Usage: 9kB
                                                               ->  Seq Scan on category c  (cost=0.00..1.15 rows=1 width=4) (actual time=0.060..0.061 rows=1 loops=3)
                                                                     Filter: ((name)::text = 'actress'::text)
                                                                     Rows Removed by Filter: 11
                                                   ->  Parallel Hash  (cost=84512.96..84512.96 rows=3107096 width=10) (actual time=2557.092..2557.093 rows=2485475 loops=3)
                                                         Buckets: 524288  Batches: 32  Memory Usage: 15104kB
                                                         ->  Parallel Seq Scan on titleepisode te  (cost=0.00..84512.96 rows=3107096 width=10) (actual time=135.769..1920.921 rows=2485475 loops=3)
                                       ->  Index Scan using name_pkey on name n  (cost=0.56..4.37 rows=1 width=28) (actual time=0.028..0.028 rows=1 loops=2627555)
                                             Index Cond: ((id)::text = (tp.name_id)::text)
                                             Filter: (death_year IS NULL)
                                             Rows Removed by Filter: 0
                                 ->  Index Scan using title_pkey on title t  (cost=0.43..4.22 rows=1 width=10) (actual time=0.016..0.016 rows=0 loops=2342630)
                                       Index Cond: ((id)::text = (tp.title_id)::text)
                                       Filter: (((title_type)::text = ANY ('{movie,tvSeries,tvMiniSeries,tvMovie}'::text[])) AND (start_year >= ((date_part('year'::text, now()))::integer - 10)))
                                       Rows Removed by Filter: 1
                           ->  Index Only Scan using titleprincipalscharacters_pkey on titleprincipalscharacters tpc  (cost=0.56..2.74 rows=1 width=20) (actual time=0.116..0.116 rows=1 loops=446348)
                                 Index Cond: ((title_id = (tp.title_id)::text) AND (name_id = (tp.name_id)::text))
                                 Heap Fetches: 0
 Planning Time: 27.344 ms
 JIT:
   Functions: 80
   Options: Inlining true, Optimization true, Expressions true, Deforming true
   Timing: Generation 5.252 ms, Inlining 275.883 ms, Optimization 379.125 ms, Emission 287.214 ms, Total 947.473 ms
 Execution Time: 178891.814 ms
(45 rows)

