explain analyze SELECT *
FROM (
    SELECT t.id,
        left(t.primary_title, 30),
        ((start_year / 10) * 10)::int AS decade,
        avg(uh.rating) AS rating,
        rank() over (
            PARTITION by ((start_year / 10) * 10) :: int
            ORDER BY avg(uh.rating) DESC, t.id
        ) AS rank
    FROM title t
    JOIN userHistory uh ON uh.title_id = t.id
    WHERE t.title_type = 'movie'
        AND ((start_year / 10) * 10)::int >= 1980
        AND t.id IN (
            SELECT title_id
            FROM titleGenre tg
            JOIN genre g ON g.id = tg.genre_id
            WHERE g.name IN (
                'Drama'
            )
        )
        AND t.id IN (
            SELECT title_id
            FROM titleAkas
            WHERE region IN (
                'US', 'GB', 'ES', 'DE', 'FR', 'PT'
            )
        )
    GROUP BY t.id
    HAVING count(uh.rating) >= 3
    ORDER BY decade, rating DESC
) t_
WHERE rank <= 10;
                                                                                                   QUERY PLAN                                                                                                    
-----------------------------------------------------------------------------------------------------------------------------------------------------------------------------------------------------------------
 Subquery Scan on t_  (cost=212783.55..212799.70 rows=127 width=86) (actual time=6193.609..6217.178 rows=50 loops=1)
   Filter: (t_.rank <= 10)
   Rows Removed by Filter: 1953
   ->  WindowAgg  (cost=212783.55..212794.95 rows=380 width=86) (actual time=6193.603..6217.024 rows=2003 loops=1)
         ->  Sort  (cost=212783.55..212784.50 rows=380 width=66) (actual time=6193.512..6214.550 rows=2003 loops=1)
               Sort Key: (((t.start_year / 10) * 10)), (avg(uh.rating)) DESC, t.id
               Sort Method: quicksort  Memory: 228kB
               ->  GroupAggregate  (cost=212603.36..212767.26 rows=380 width=66) (actual time=6140.369..6209.810 rows=2003 loops=1)
                     Group Key: t.id
                     Filter: (count(uh.rating) >= 3)
                     Rows Removed by Filter: 40986
                     ->  Gather Merge  (cost=212603.36..212739.73 rows=1139 width=38) (actual time=6140.279..6178.502 rows=60678 loops=1)
                           Workers Planned: 4
                           Workers Launched: 4
                           ->  Sort  (cost=211603.30..211604.01 rows=285 width=38) (actual time=6114.480..6115.308 rows=12136 loops=5)
                                 Sort Key: t.id
                                 Sort Method: quicksort  Memory: 1364kB
                                 Worker 0:  Sort Method: quicksort  Memory: 1372kB
                                 Worker 1:  Sort Method: quicksort  Memory: 1359kB
                                 Worker 2:  Sort Method: quicksort  Memory: 1384kB
                                 Worker 3:  Sort Method: quicksort  Memory: 1368kB
                                 ->  Nested Loop  (cost=1.69..211591.68 rows=285 width=38) (actual time=66.014..6096.369 rows=12136 loops=5)
                                       Join Filter: ((t.id)::text = (uh.title_id)::text)
                                       ->  Nested Loop Semi Join  (cost=1.26..211233.42 rows=172 width=54) (actual time=61.897..4353.984 rows=16513 loops=5)
                                             Join Filter: ((t.id)::text = (tg.title_id)::text)
                                             ->  Nested Loop Semi Join  (cost=0.56..204753.05 rows=3116 width=44) (actual time=49.596..3280.398 rows=47273 loops=5)
                                                   ->  Parallel Seq Scan on title t  (cost=0.00..167694.08 rows=54068 width=34) (actual time=48.041..1265.009 rows=77836 loops=5)
                                                         Filter: (((title_type)::text = 'movie'::text) AND (((start_year / 10) * 10) >= 1980))
                                                         Rows Removed by Filter: 1886289
                                                   ->  Index Only Scan using akas_id_region_idx on titleakas  (cost=0.56..4.30 rows=33 width=10) (actual time=0.025..0.025 rows=1 loops=389178)
                                                         Index Cond: (title_id = (t.id)::text)
                                                         Filter: ((region)::text = ANY ('{US,GB,ES,DE,FR,PT}'::text[]))
                                                         Rows Removed by Filter: 1
                                                         Heap Fetches: 0
                                             ->  Nested Loop  (cost=0.70..2.07 rows=1 width=10) (actual time=0.022..0.022 rows=0 loops=236365)
                                                   ->  Index Only Scan using idx_titlegenre_title_id_genre_id on titlegenre tg  (cost=0.56..1.57 rows=3 width=14) (actual time=0.019..0.019 rows=1 loops=236365)
                                                         Index Cond: (title_id = (titleakas.title_id)::text)
                                                         Heap Fetches: 0
                                                   ->  Index Scan using genre_pkey on genre g  (cost=0.14..0.16 rows=1 width=4) (actual time=0.001..0.001 rows=0 loops=327381)
                                                         Index Cond: (id = tg.genre_id)
                                                         Filter: ((name)::text = 'Drama'::text)
                                                         Rows Removed by Filter: 1
                                       ->  Index Scan using userhistory_title_id on userhistory uh  (cost=0.43..2.06 rows=2 width=14) (actual time=0.082..0.104 rows=1 loops=82566)
                                             Index Cond: ((title_id)::text = (tg.title_id)::text)
 Planning Time: 17.724 ms
 JIT:
   Functions: 129
   Options: Inlining false, Optimization false, Expressions true, Deforming true
   Timing: Generation 8.545 ms, Inlining 0.000 ms, Optimization 6.698 ms, Emission 215.917 ms, Total 231.159 ms
 Execution Time: 6582.139 ms
(50 rows)

