explain analyze SELECT n.id,
    n.primary_name,
    date_part('year', NOW())::int - n.birth_year AS age,
    count(*) AS roles
FROM name n
JOIN titlePrincipals tp ON tp.name_id = n.id
JOIN titlePrincipalsCharacters tpc ON tpc.title_id = tp.title_id
    AND tpc.name_id = tp.name_id
JOIN category c ON c.id = tp.category_id
JOIN title t ON t.id = tp.title_id
LEFT JOIN titleEpisode te ON te.title_id = tp.title_id
WHERE t.start_year >= date_part('year', NOW())::int - 10
    AND c.name = 'actress'
    AND n.death_year IS NULL
    AND t.title_type IN (
        'movie', 'tvSeries', 'tvMiniSeries', 'tvMovie'
    )
    AND te.title_id IS NULL
GROUP BY n.id
ORDER BY roles DESC
LIMIT 100;
                                                                                               QUERY PLAN                                                                                               
--------------------------------------------------------------------------------------------------------------------------------------------------------------------------------------------------------
 Limit  (cost=789536.98..789536.99 rows=1 width=36) (actual time=121985.666..122117.226 rows=100 loops=1)
   ->  Sort  (cost=789536.98..789536.99 rows=1 width=36) (actual time=121507.106..121638.657 rows=100 loops=1)
         Sort Key: (count(*)) DESC
         Sort Method: top-N heapsort  Memory: 38kB
         ->  GroupAggregate  (cost=789536.94..789536.97 rows=1 width=36) (actual time=121270.092..121600.655 rows=183837 loops=1)
               Group Key: n.id
               ->  Sort  (cost=789536.94..789536.95 rows=1 width=28) (actual time=121270.035..121481.923 rows=396348 loops=1)
                     Sort Key: n.id
                     Sort Method: external merge  Disk: 14272kB
                     ->  Nested Loop  (cost=105488.00..789536.93 rows=1 width=28) (actual time=11119.260..120603.865 rows=396348 loops=1)
                           ->  Nested Loop  (cost=105487.44..789534.27 rows=1 width=58) (actual time=11118.338..88098.186 rows=446348 loops=1)
                                 ->  Nested Loop  (cost=105487.01..789530.04 rows=1 width=48) (actual time=8635.957..57191.910 rows=2342630 loops=1)
                                       ->  Gather  (cost=105486.45..789525.67 rows=1 width=20) (actual time=8634.327..9186.471 rows=2627555 loops=1)
                                             Workers Planned: 4
                                             Workers Launched: 4
                                             ->  Parallel Hash Anti Join  (cost=104486.45..788525.57 rows=1 width=20) (actual time=8668.002..9343.499 rows=525511 loops=5)
                                                   Hash Cond: ((tp.title_id)::text = (te.title_id)::text)
                                                   ->  Hash Join  (cost=1.16..655459.29 rows=1165000 width=20) (actual time=0.586..6463.697 rows=1911535 loops=5)
                                                         Hash Cond: (tp.category_id = c.id)
                                                         ->  Parallel Seq Scan on titleprincipals tp  (cost=0.00..605800.00 rows=13980000 width=24) (actual time=0.439..5032.066 rows=11183981 loops=5)
                                                         ->  Hash  (cost=1.15..1.15 rows=1 width=4) (actual time=0.063..0.065 rows=1 loops=5)
                                                               Buckets: 1024  Batches: 1  Memory Usage: 9kB
                                                               ->  Seq Scan on category c  (cost=0.00..1.15 rows=1 width=4) (actual time=0.051..0.053 rows=1 loops=5)
                                                                     Filter: ((name)::text = 'actress'::text)
                                                                     Rows Removed by Filter: 11
                                                   ->  Parallel Hash  (cost=72082.57..72082.57 rows=1864057 width=10) (actual time=1519.363..1519.364 rows=1491285 loops=5)
                                                         Buckets: 524288  Batches: 32  Memory Usage: 15104kB
                                                         ->  Parallel Seq Scan on titleepisode te  (cost=0.00..72082.57 rows=1864057 width=10) (actual time=175.936..1125.405 rows=1491285 loops=5)
                                       ->  Index Scan using name_pkey on name n  (cost=0.56..4.37 rows=1 width=28) (actual time=0.018..0.018 rows=1 loops=2627555)
                                             Index Cond: ((id)::text = (tp.name_id)::text)
                                             Filter: (death_year IS NULL)
                                             Rows Removed by Filter: 0
                                 ->  Index Scan using title_pkey on title t  (cost=0.43..4.22 rows=1 width=10) (actual time=0.013..0.013 rows=0 loops=2342630)
                                       Index Cond: ((id)::text = (tp.title_id)::text)
                                       Filter: (((title_type)::text = ANY ('{movie,tvSeries,tvMiniSeries,tvMovie}'::text[])) AND (start_year >= ((date_part('year'::text, now()))::integer - 10)))
                                       Rows Removed by Filter: 1
                           ->  Index Only Scan using tpc_title_name on titleprincipalscharacters tpc  (cost=0.56..2.65 rows=1 width=20) (actual time=0.072..0.072 rows=1 loops=446348)
                                 Index Cond: ((title_id = (tp.title_id)::text) AND (name_id = (tp.name_id)::text))
                                 Heap Fetches: 0
 Planning Time: 26.281 ms
 JIT:
   Functions: 118
   Options: Inlining true, Optimization true, Expressions true, Deforming true
   Timing: Generation 7.909 ms, Inlining 445.670 ms, Optimization 528.036 ms, Emission 383.062 ms, Total 1364.676 ms
 Execution Time: 122472.478 ms
(45 rows)

